[1.382s] Invoking command in '/home/hungatec/rob499_ws/src/hw7_py': DEBUGINFOD_URLS=https://debuginfod.ubuntu.com PYTHONPATH=/home/hungatec/rob499_ws/build/hw7_py/prefix_override:/usr/lib/python3/dist-packages/colcon_core/task/python/colcon_distutils_commands:/home/hungatec/rob499_ws/install/hw7_py/lib/python3.12/site-packages:${PYTHONPATH} /usr/bin/python3 -W ignore:setup.py install is deprecated -W ignore:easy_install command is deprecated setup.py egg_info --egg-base ../../build/hw7_py build --build-base /home/hungatec/rob499_ws/build/hw7_py/build install --record /home/hungatec/rob499_ws/build/hw7_py/install.log --single-version-externally-managed install_data
[1.934s] running egg_info
[1.966s] writing ../../build/hw7_py/hw7_py.egg-info/PKG-INFO
[1.967s] writing dependency_links to ../../build/hw7_py/hw7_py.egg-info/dependency_links.txt
[1.968s] writing entry points to ../../build/hw7_py/hw7_py.egg-info/entry_points.txt
[1.968s] writing requirements to ../../build/hw7_py/hw7_py.egg-info/requires.txt
[1.970s] writing top-level names to ../../build/hw7_py/hw7_py.egg-info/top_level.txt
[2.082s] reading manifest file '../../build/hw7_py/hw7_py.egg-info/SOURCES.txt'
[2.082s] adding license file 'LICENSE'
[2.084s] writing manifest file '../../build/hw7_py/hw7_py.egg-info/SOURCES.txt'
[2.085s] running build
[2.085s] running build_py
[2.087s] running install
[2.098s] running install_lib
[2.142s] running install_data
[2.144s] running install_egg_info
[2.191s] removing '/home/hungatec/rob499_ws/install/hw7_py/lib/python3.12/site-packages/hw7_py-0.0.0-py3.12.egg-info' (and everything under it)
[2.192s] Copying ../../build/hw7_py/hw7_py.egg-info to /home/hungatec/rob499_ws/install/hw7_py/lib/python3.12/site-packages/hw7_py-0.0.0-py3.12.egg-info
[2.194s] running install_scripts
[2.489s] Installing object_detector script to /home/hungatec/rob499_ws/install/hw7_py/lib/hw7_py
[2.490s] writing list of installed files to '/home/hungatec/rob499_ws/build/hw7_py/install.log'
[2.562s] Invoked command in '/home/hungatec/rob499_ws/src/hw7_py' returned '0': DEBUGINFOD_URLS=https://debuginfod.ubuntu.com PYTHONPATH=/home/hungatec/rob499_ws/build/hw7_py/prefix_override:/usr/lib/python3/dist-packages/colcon_core/task/python/colcon_distutils_commands:/home/hungatec/rob499_ws/install/hw7_py/lib/python3.12/site-packages:${PYTHONPATH} /usr/bin/python3 -W ignore:setup.py install is deprecated -W ignore:easy_install command is deprecated setup.py egg_info --egg-base ../../build/hw7_py build --build-base /home/hungatec/rob499_ws/build/hw7_py/build install --record /home/hungatec/rob499_ws/build/hw7_py/install.log --single-version-externally-managed install_data
