[ 12%] [32mBuilding CXX object CMakeFiles/data_sender.dir/src/data_sender.cpp.o[0m
[ 37%] Built target oscope
[ 62%] Built target limiter
[ 87%] Built target data_receiver
[100%] [32m[1mLinking CXX executable data_sender[0m
[100%] Built target data_sender
-- Install configuration: ""
-- Up-to-date: /home/hungatec/rob499_ws/install/hw6/lib/hw6/oscope
-- Up-to-date: /home/hungatec/rob499_ws/install/hw6/lib/hw6/limiter
-- Installing: /home/hungatec/rob499_ws/install/hw6/lib/hw6/data_sender
-- Set non-toolchain portion of runtime path of "/home/hungatec/rob499_ws/install/hw6/lib/hw6/data_sender" to ""
-- Up-to-date: /home/hungatec/rob499_ws/install/hw6/lib/hw6/data_receiver
-- Up-to-date: /home/hungatec/rob499_ws/install/hw6/share/hw6/launch
-- Up-to-date: /home/hungatec/rob499_ws/install/hw6/share/hw6/launch/limited_oscope.py
-- Up-to-date: /home/hungatec/rob499_ws/install/hw6/share/hw6/launch/comparison_launch.py
-- Up-to-date: /home/hungatec/rob499_ws/install/hw6/share/ament_index/resource_index/package_run_dependencies/hw6
-- Up-to-date: /home/hungatec/rob499_ws/install/hw6/share/ament_index/resource_index/parent_prefix_path/hw6
-- Up-to-date: /home/hungatec/rob499_ws/install/hw6/share/hw6/environment/ament_prefix_path.sh
-- Up-to-date: /home/hungatec/rob499_ws/install/hw6/share/hw6/environment/ament_prefix_path.dsv
-- Up-to-date: /home/hungatec/rob499_ws/install/hw6/share/hw6/environment/path.sh
-- Up-to-date: /home/hungatec/rob499_ws/install/hw6/share/hw6/environment/path.dsv
-- Up-to-date: /home/hungatec/rob499_ws/install/hw6/share/hw6/local_setup.bash
-- Up-to-date: /home/hungatec/rob499_ws/install/hw6/share/hw6/local_setup.sh
-- Up-to-date: /home/hungatec/rob499_ws/install/hw6/share/hw6/local_setup.zsh
-- Up-to-date: /home/hungatec/rob499_ws/install/hw6/share/hw6/local_setup.dsv
-- Installing: /home/hungatec/rob499_ws/install/hw6/share/hw6/package.dsv
-- Up-to-date: /home/hungatec/rob499_ws/install/hw6/share/ament_index/resource_index/packages/hw6
-- Up-to-date: /home/hungatec/rob499_ws/install/hw6/share/hw6/cmake/hw6Config.cmake
-- Up-to-date: /home/hungatec/rob499_ws/install/hw6/share/hw6/cmake/hw6Config-version.cmake
-- Up-to-date: /home/hungatec/rob499_ws/install/hw6/share/hw6/package.xml
