[2.347s] Invoking command in '/home/hungatec/rob499_ws/src/hw4': DEBUGINFOD_URLS=https://debuginfod.ubuntu.com PYTHONPATH=/home/hungatec/rob499_ws/build/hw4/prefix_override:/usr/lib/python3/dist-packages/colcon_core/task/python/colcon_distutils_commands:/home/hungatec/rob499_ws/install/hw4/lib/python3.12/site-packages:${PYTHONPATH} /usr/bin/python3 -W ignore:setup.py install is deprecated -W ignore:easy_install command is deprecated setup.py egg_info --egg-base ../../build/hw4 build --build-base /home/hungatec/rob499_ws/build/hw4/build install --record /home/hungatec/rob499_ws/build/hw4/install.log --single-version-externally-managed install_data
[2.877s] running egg_info
[2.903s] writing ../../build/hw4/hw4.egg-info/PKG-INFO
[2.910s] writing dependency_links to ../../build/hw4/hw4.egg-info/dependency_links.txt
[2.910s] writing entry points to ../../build/hw4/hw4.egg-info/entry_points.txt
[2.910s] writing requirements to ../../build/hw4/hw4.egg-info/requires.txt
[2.910s] writing top-level names to ../../build/hw4/hw4.egg-info/top_level.txt
[2.972s] reading manifest file '../../build/hw4/hw4.egg-info/SOURCES.txt'
[2.972s] adding license file 'LICENSE'
[2.977s] writing manifest file '../../build/hw4/hw4.egg-info/SOURCES.txt'
[2.977s] running build
[2.977s] running build_py
[2.977s] running install
[2.986s] running install_lib
[3.026s] running install_data
[3.026s] running install_egg_info
[3.054s] removing '/home/hungatec/rob499_ws/install/hw4/lib/python3.12/site-packages/hw4-0.0.0-py3.12.egg-info' (and everything under it)
[3.055s] Copying ../../build/hw4/hw4.egg-info to /home/hungatec/rob499_ws/install/hw4/lib/python3.12/site-packages/hw4-0.0.0-py3.12.egg-info
[3.057s] running install_scripts
[3.302s] Installing canceled_listener script to /home/hungatec/rob499_ws/install/hw4/lib/hw4
[3.303s] Installing launcher script to /home/hungatec/rob499_ws/install/hw4/lib/hw4
[3.306s] Installing listener script to /home/hungatec/rob499_ws/install/hw4/lib/hw4
[3.307s] Installing oscope script to /home/hungatec/rob499_ws/install/hw4/lib/hw4
[3.308s] writing list of installed files to '/home/hungatec/rob499_ws/build/hw4/install.log'
[3.502s] Invoked command in '/home/hungatec/rob499_ws/src/hw4' returned '0': DEBUGINFOD_URLS=https://debuginfod.ubuntu.com PYTHONPATH=/home/hungatec/rob499_ws/build/hw4/prefix_override:/usr/lib/python3/dist-packages/colcon_core/task/python/colcon_distutils_commands:/home/hungatec/rob499_ws/install/hw4/lib/python3.12/site-packages:${PYTHONPATH} /usr/bin/python3 -W ignore:setup.py install is deprecated -W ignore:easy_install command is deprecated setup.py egg_info --egg-base ../../build/hw4 build --build-base /home/hungatec/rob499_ws/build/hw4/build install --record /home/hungatec/rob499_ws/build/hw4/install.log --single-version-externally-managed install_data
