[4.311s] Invoking command in '/home/hungatec/rob499_ws/src/rob599/rob599_basic': DEBUGINFOD_URLS=https://debuginfod.ubuntu.com PYTHONPATH=/home/hungatec/rob499_ws/build/rob599_basic/prefix_override:/usr/lib/python3/dist-packages/colcon_core/task/python/colcon_distutils_commands:/home/hungatec/rob499_ws/install/rob599_basic/lib/python3.12/site-packages:${PYTHONPATH} /usr/bin/python3 -W ignore:setup.py install is deprecated -W ignore:easy_install command is deprecated setup.py egg_info --egg-base ../../../build/rob599_basic build --build-base /home/hungatec/rob499_ws/build/rob599_basic/build install --record /home/hungatec/rob499_ws/build/rob599_basic/install.log --single-version-externally-managed install_data
[6.053s] running egg_info
[6.061s] creating ../../../build/rob599_basic/rob599_basic.egg-info
[6.133s] writing ../../../build/rob599_basic/rob599_basic.egg-info/PKG-INFO
[6.133s] writing dependency_links to ../../../build/rob599_basic/rob599_basic.egg-info/dependency_links.txt
[6.135s] writing entry points to ../../../build/rob599_basic/rob599_basic.egg-info/entry_points.txt
[6.136s] writing requirements to ../../../build/rob599_basic/rob599_basic.egg-info/requires.txt
[6.136s] writing top-level names to ../../../build/rob599_basic/rob599_basic.egg-info/top_level.txt
[6.136s] writing manifest file '../../../build/rob599_basic/rob599_basic.egg-info/SOURCES.txt'
[6.363s] reading manifest file '../../../build/rob599_basic/rob599_basic.egg-info/SOURCES.txt'
[6.363s] adding license file 'LICENSE'
[6.364s] writing manifest file '../../../build/rob599_basic/rob599_basic.egg-info/SOURCES.txt'
[6.364s] running build
[6.364s] running build_py
[6.365s] creating /home/hungatec/rob499_ws/build/rob599_basic/build
[6.366s] creating /home/hungatec/rob499_ws/build/rob599_basic/build/lib
[6.366s] creating /home/hungatec/rob499_ws/build/rob599_basic/build/lib/rob599_basic
[6.372s] copying rob599_basic/subscriber.py -> /home/hungatec/rob499_ws/build/rob599_basic/build/lib/rob599_basic
[6.374s] copying rob599_basic/params.py -> /home/hungatec/rob499_ws/build/rob599_basic/build/lib/rob599_basic
[6.374s] copying rob599_basic/action_server.py -> /home/hungatec/rob499_ws/build/rob599_basic/build/lib/rob599_basic
[6.374s] copying rob599_basic/messages.py -> /home/hungatec/rob499_ws/build/rob599_basic/build/lib/rob599_basic
[6.374s] copying rob599_basic/bag_writer.py -> /home/hungatec/rob499_ws/build/rob599_basic/build/lib/rob599_basic
[6.374s] copying rob599_basic/__init__.py -> /home/hungatec/rob499_ws/build/rob599_basic/build/lib/rob599_basic
[6.374s] copying rob599_basic/value_manipulator.py -> /home/hungatec/rob499_ws/build/rob599_basic/build/lib/rob599_basic
[6.374s] copying rob599_basic/action_client.py -> /home/hungatec/rob499_ws/build/rob599_basic/build/lib/rob599_basic
[6.375s] copying rob599_basic/service_server.py -> /home/hungatec/rob499_ws/build/rob599_basic/build/lib/rob599_basic
[6.375s] copying rob599_basic/marker.py -> /home/hungatec/rob499_ws/build/rob599_basic/build/lib/rob599_basic
[6.375s] copying rob599_basic/node.py -> /home/hungatec/rob499_ws/build/rob599_basic/build/lib/rob599_basic
[6.375s] copying rob599_basic/publisher.py -> /home/hungatec/rob499_ws/build/rob599_basic/build/lib/rob599_basic
[6.375s] copying rob599_basic/service_client.py -> /home/hungatec/rob499_ws/build/rob599_basic/build/lib/rob599_basic
[6.375s] copying rob599_basic/twice.py -> /home/hungatec/rob499_ws/build/rob599_basic/build/lib/rob599_basic
[6.375s] running install
[6.388s] running install_lib
[6.444s] creating /home/hungatec/rob499_ws/install/rob599_basic/lib/python3.12/site-packages/rob599_basic
[6.444s] copying /home/hungatec/rob499_ws/build/rob599_basic/build/lib/rob599_basic/subscriber.py -> /home/hungatec/rob499_ws/install/rob599_basic/lib/python3.12/site-packages/rob599_basic
[6.444s] copying /home/hungatec/rob499_ws/build/rob599_basic/build/lib/rob599_basic/params.py -> /home/hungatec/rob499_ws/install/rob599_basic/lib/python3.12/site-packages/rob599_basic
[6.444s] copying /home/hungatec/rob499_ws/build/rob599_basic/build/lib/rob599_basic/action_server.py -> /home/hungatec/rob499_ws/install/rob599_basic/lib/python3.12/site-packages/rob599_basic
[6.445s] copying /home/hungatec/rob499_ws/build/rob599_basic/build/lib/rob599_basic/messages.py -> /home/hungatec/rob499_ws/install/rob599_basic/lib/python3.12/site-packages/rob599_basic
[6.446s] copying /home/hungatec/rob499_ws/build/rob599_basic/build/lib/rob599_basic/bag_writer.py -> /home/hungatec/rob499_ws/install/rob599_basic/lib/python3.12/site-packages/rob599_basic
[6.448s] copying /home/hungatec/rob499_ws/build/rob599_basic/build/lib/rob599_basic/__init__.py -> /home/hungatec/rob499_ws/install/rob599_basic/lib/python3.12/site-packages/rob599_basic
[6.448s] copying /home/hungatec/rob499_ws/build/rob599_basic/build/lib/rob599_basic/value_manipulator.py -> /home/hungatec/rob499_ws/install/rob599_basic/lib/python3.12/site-packages/rob599_basic
[6.448s] copying /home/hungatec/rob499_ws/build/rob599_basic/build/lib/rob599_basic/action_client.py -> /home/hungatec/rob499_ws/install/rob599_basic/lib/python3.12/site-packages/rob599_basic
[6.449s] copying /home/hungatec/rob499_ws/build/rob599_basic/build/lib/rob599_basic/service_server.py -> /home/hungatec/rob499_ws/install/rob599_basic/lib/python3.12/site-packages/rob599_basic
[6.453s] copying /home/hungatec/rob499_ws/build/rob599_basic/build/lib/rob599_basic/marker.py -> /home/hungatec/rob499_ws/install/rob599_basic/lib/python3.12/site-packages/rob599_basic
[6.453s] copying /home/hungatec/rob499_ws/build/rob599_basic/build/lib/rob599_basic/node.py -> /home/hungatec/rob499_ws/install/rob599_basic/lib/python3.12/site-packages/rob599_basic
[6.453s] copying /home/hungatec/rob499_ws/build/rob599_basic/build/lib/rob599_basic/publisher.py -> /home/hungatec/rob499_ws/install/rob599_basic/lib/python3.12/site-packages/rob599_basic
[6.453s] copying /home/hungatec/rob499_ws/build/rob599_basic/build/lib/rob599_basic/service_client.py -> /home/hungatec/rob499_ws/install/rob599_basic/lib/python3.12/site-packages/rob599_basic
[6.454s] copying /home/hungatec/rob499_ws/build/rob599_basic/build/lib/rob599_basic/twice.py -> /home/hungatec/rob499_ws/install/rob599_basic/lib/python3.12/site-packages/rob599_basic
[6.454s] byte-compiling /home/hungatec/rob499_ws/install/rob599_basic/lib/python3.12/site-packages/rob599_basic/subscriber.py to subscriber.cpython-312.pyc
[6.455s] byte-compiling /home/hungatec/rob499_ws/install/rob599_basic/lib/python3.12/site-packages/rob599_basic/params.py to params.cpython-312.pyc
[6.455s] byte-compiling /home/hungatec/rob499_ws/install/rob599_basic/lib/python3.12/site-packages/rob599_basic/action_server.py to action_server.cpython-312.pyc
[6.463s] byte-compiling /home/hungatec/rob499_ws/install/rob599_basic/lib/python3.12/site-packages/rob599_basic/messages.py to messages.cpython-312.pyc
[6.463s] byte-compiling /home/hungatec/rob499_ws/install/rob599_basic/lib/python3.12/site-packages/rob599_basic/bag_writer.py to bag_writer.cpython-312.pyc
[6.463s] byte-compiling /home/hungatec/rob499_ws/install/rob599_basic/lib/python3.12/site-packages/rob599_basic/__init__.py to __init__.cpython-312.pyc
[6.463s] byte-compiling /home/hungatec/rob499_ws/install/rob599_basic/lib/python3.12/site-packages/rob599_basic/value_manipulator.py to value_manipulator.cpython-312.pyc
[6.463s] byte-compiling /home/hungatec/rob499_ws/install/rob599_basic/lib/python3.12/site-packages/rob599_basic/action_client.py to action_client.cpython-312.pyc
[6.464s] byte-compiling /home/hungatec/rob499_ws/install/rob599_basic/lib/python3.12/site-packages/rob599_basic/service_server.py to service_server.cpython-312.pyc
[6.464s] byte-compiling /home/hungatec/rob499_ws/install/rob599_basic/lib/python3.12/site-packages/rob599_basic/marker.py to marker.cpython-312.pyc
[6.465s] byte-compiling /home/hungatec/rob499_ws/install/rob599_basic/lib/python3.12/site-packages/rob599_basic/node.py to node.cpython-312.pyc
[6.466s] byte-compiling /home/hungatec/rob499_ws/install/rob599_basic/lib/python3.12/site-packages/rob599_basic/publisher.py to publisher.cpython-312.pyc
[6.467s] byte-compiling /home/hungatec/rob499_ws/install/rob599_basic/lib/python3.12/site-packages/rob599_basic/service_client.py to service_client.cpython-312.pyc
[6.478s] byte-compiling /home/hungatec/rob499_ws/install/rob599_basic/lib/python3.12/site-packages/rob599_basic/twice.py to twice.cpython-312.pyc
[6.478s] running install_data
[6.478s] creating /home/hungatec/rob499_ws/install/rob599_basic/share/ament_index
[6.478s] creating /home/hungatec/rob499_ws/install/rob599_basic/share/ament_index/resource_index
[6.478s] creating /home/hungatec/rob499_ws/install/rob599_basic/share/ament_index/resource_index/packages
[6.478s] copying resource/rob599_basic -> /home/hungatec/rob499_ws/install/rob599_basic/share/ament_index/resource_index/packages
[6.478s] copying package.xml -> /home/hungatec/rob499_ws/install/rob599_basic/share/rob599_basic
[6.478s] creating /home/hungatec/rob499_ws/install/rob599_basic/share/rob599_basic/launch
[6.478s] copying launch/doubler_launch.py -> /home/hungatec/rob499_ws/install/rob599_basic/share/rob599_basic/launch
[6.478s] copying launch/cascade_launch.py -> /home/hungatec/rob499_ws/install/rob599_basic/share/rob599_basic/launch
[6.479s] copying launch/doubler_launch.xml -> /home/hungatec/rob499_ws/install/rob599_basic/share/rob599_basic/launch
[6.479s] running install_egg_info
[6.528s] Copying ../../../build/rob599_basic/rob599_basic.egg-info to /home/hungatec/rob499_ws/install/rob599_basic/lib/python3.12/site-packages/rob599_basic-0.1.0-py3.12.egg-info
[6.531s] running install_scripts
[6.958s] Installing action_client script to /home/hungatec/rob499_ws/install/rob599_basic/lib/rob599_basic
[6.958s] Installing action_client_with_cancel script to /home/hungatec/rob499_ws/install/rob599_basic/lib/rob599_basic
[6.958s] Installing action_server script to /home/hungatec/rob499_ws/install/rob599_basic/lib/rob599_basic
[6.961s] Installing bag_writer script to /home/hungatec/rob499_ws/install/rob599_basic/lib/rob599_basic
[6.961s] Installing custom_publisher script to /home/hungatec/rob499_ws/install/rob599_basic/lib/rob599_basic
[6.962s] Installing custom_subscriber script to /home/hungatec/rob499_ws/install/rob599_basic/lib/rob599_basic
[6.964s] Installing doubler script to /home/hungatec/rob499_ws/install/rob599_basic/lib/rob599_basic
[6.972s] Installing marker script to /home/hungatec/rob499_ws/install/rob599_basic/lib/rob599_basic
[6.972s] Installing noiser script to /home/hungatec/rob499_ws/install/rob599_basic/lib/rob599_basic
[6.972s] Installing param_demo script to /home/hungatec/rob499_ws/install/rob599_basic/lib/rob599_basic
[6.975s] Installing publisher script to /home/hungatec/rob499_ws/install/rob599_basic/lib/rob599_basic
[6.975s] Installing service_client script to /home/hungatec/rob499_ws/install/rob599_basic/lib/rob599_basic
[6.975s] Installing service_server script to /home/hungatec/rob499_ws/install/rob599_basic/lib/rob599_basic
[6.976s] Installing subscriber script to /home/hungatec/rob499_ws/install/rob599_basic/lib/rob599_basic
[6.986s] Installing twice script to /home/hungatec/rob499_ws/install/rob599_basic/lib/rob599_basic
[6.986s] Installing useless script to /home/hungatec/rob499_ws/install/rob599_basic/lib/rob599_basic
[6.986s] writing list of installed files to '/home/hungatec/rob499_ws/build/rob599_basic/install.log'
[7.118s] Invoked command in '/home/hungatec/rob499_ws/src/rob599/rob599_basic' returned '0': DEBUGINFOD_URLS=https://debuginfod.ubuntu.com PYTHONPATH=/home/hungatec/rob499_ws/build/rob599_basic/prefix_override:/usr/lib/python3/dist-packages/colcon_core/task/python/colcon_distutils_commands:/home/hungatec/rob499_ws/install/rob599_basic/lib/python3.12/site-packages:${PYTHONPATH} /usr/bin/python3 -W ignore:setup.py install is deprecated -W ignore:easy_install command is deprecated setup.py egg_info --egg-base ../../../build/rob599_basic build --build-base /home/hungatec/rob499_ws/build/rob599_basic/build install --record /home/hungatec/rob499_ws/build/rob599_basic/install.log --single-version-externally-managed install_data
