[1.298s] Invoking command in '/home/hungatec/rob499_ws/src/rob499_project': DEBUGINFOD_URLS=https://debuginfod.ubuntu.com PYTHONPATH=/home/hungatec/rob499_ws/build/rob499_project/prefix_override:/usr/lib/python3/dist-packages/colcon_core/task/python/colcon_distutils_commands:/home/hungatec/rob499_ws/install/rob499_project/lib/python3.12/site-packages:${PYTHONPATH} /usr/bin/python3 -W ignore:setup.py install is deprecated -W ignore:easy_install command is deprecated setup.py egg_info --egg-base ../../build/rob499_project build --build-base /home/hungatec/rob499_ws/build/rob499_project/build install --record /home/hungatec/rob499_ws/build/rob499_project/install.log --single-version-externally-managed install_data
[1.722s] running egg_info
[1.747s] writing ../../build/rob499_project/rob499_project.egg-info/PKG-INFO
[1.748s] writing dependency_links to ../../build/rob499_project/rob499_project.egg-info/dependency_links.txt
[1.749s] writing entry points to ../../build/rob499_project/rob499_project.egg-info/entry_points.txt
[1.750s] writing requirements to ../../build/rob499_project/rob499_project.egg-info/requires.txt
[1.750s] writing top-level names to ../../build/rob499_project/rob499_project.egg-info/top_level.txt
[1.797s] reading manifest file '../../build/rob499_project/rob499_project.egg-info/SOURCES.txt'
[1.798s] adding license file 'LICENSE'
[1.799s] writing manifest file '../../build/rob499_project/rob499_project.egg-info/SOURCES.txt'
[1.800s] running build
[1.801s] running build_py
[1.802s] copying rob499_project/x_vel_node.py -> /home/hungatec/rob499_ws/build/rob499_project/build/lib/rob499_project
[1.803s] running install
[1.815s] running install_lib
[1.836s] copying /home/hungatec/rob499_ws/build/rob499_project/build/lib/rob499_project/x_vel_node.py -> /home/hungatec/rob499_ws/install/rob499_project/lib/python3.12/site-packages/rob499_project
[1.837s] byte-compiling /home/hungatec/rob499_ws/install/rob499_project/lib/python3.12/site-packages/rob499_project/x_vel_node.py to x_vel_node.cpython-312.pyc
[1.839s] running install_data
[1.839s] running install_egg_info
[1.870s] removing '/home/hungatec/rob499_ws/install/rob499_project/lib/python3.12/site-packages/rob499_project-0.0.0-py3.12.egg-info' (and everything under it)
[1.870s] Copying ../../build/rob499_project/rob499_project.egg-info to /home/hungatec/rob499_ws/install/rob499_project/lib/python3.12/site-packages/rob499_project-0.0.0-py3.12.egg-info
[1.873s] running install_scripts
[2.061s] Installing dummy_parameter script to /home/hungatec/rob499_ws/install/rob499_project/lib/rob499_project
[2.065s] Installing serial_data script to /home/hungatec/rob499_ws/install/rob499_project/lib/rob499_project
[2.065s] Installing virtual_serial_data script to /home/hungatec/rob499_ws/install/rob499_project/lib/rob499_project
[2.067s] Installing x_vel script to /home/hungatec/rob499_ws/install/rob499_project/lib/rob499_project
[2.067s] writing list of installed files to '/home/hungatec/rob499_ws/build/rob499_project/install.log'
[2.111s] Invoked command in '/home/hungatec/rob499_ws/src/rob499_project' returned '0': DEBUGINFOD_URLS=https://debuginfod.ubuntu.com PYTHONPATH=/home/hungatec/rob499_ws/build/rob499_project/prefix_override:/usr/lib/python3/dist-packages/colcon_core/task/python/colcon_distutils_commands:/home/hungatec/rob499_ws/install/rob499_project/lib/python3.12/site-packages:${PYTHONPATH} /usr/bin/python3 -W ignore:setup.py install is deprecated -W ignore:easy_install command is deprecated setup.py egg_info --egg-base ../../build/rob499_project build --build-base /home/hungatec/rob499_ws/build/rob499_project/build install --record /home/hungatec/rob499_ws/build/rob499_project/install.log --single-version-externally-managed install_data
