[  1%] [34m[1mGenerating type hashes for ROS interfaces[0m
[  1%] Built target ament_cmake_python_copy_rob599_msgs
running egg_info
creating rob599_msgs.egg-info
writing rob599_msgs.egg-info/PKG-INFO
writing dependency_links to rob599_msgs.egg-info/dependency_links.txt
writing top-level names to rob599_msgs.egg-info/top_level.txt
writing manifest file 'rob599_msgs.egg-info/SOURCES.txt'
[  1%] Built target rob599_msgs__rosidl_generator_type_description
[  3%] [34m[1mGenerating C code for ROS interfaces[0m
[  4%] [34m[1mGenerating C++ code for ROS interfaces[0m
reading manifest file 'rob599_msgs.egg-info/SOURCES.txt'
writing manifest file 'rob599_msgs.egg-info/SOURCES.txt'
[  4%] Built target ament_cmake_python_build_rob599_msgs_egg
[  4%] Built target rob599_msgs__cpp
[  9%] [32mBuilding C object CMakeFiles/rob599_msgs__rosidl_generator_c.dir/rosidl_generator_c/rob599_msgs/msg/detail/object__type_support.c.o[0m
[  9%] [32mBuilding C object CMakeFiles/rob599_msgs__rosidl_generator_c.dir/rosidl_generator_c/rob599_msgs/msg/detail/object__description.c.o[0m
[  9%] [32mBuilding C object CMakeFiles/rob599_msgs__rosidl_generator_c.dir/rosidl_generator_c/rob599_msgs/srv/detail/doubler__description.c.o[0m
[ 10%] [32mBuilding C object CMakeFiles/rob599_msgs__rosidl_generator_c.dir/rosidl_generator_c/rob599_msgs/msg/detail/object__functions.c.o[0m
[ 12%] [32mBuilding C object CMakeFiles/rob599_msgs__rosidl_generator_c.dir/rosidl_generator_c/rob599_msgs/srv/detail/doubler__functions.c.o[0m
[ 14%] [32mBuilding C object CMakeFiles/rob599_msgs__rosidl_generator_c.dir/rosidl_generator_c/rob599_msgs/srv/detail/doubler__type_support.c.o[0m
[ 15%] [32mBuilding C object CMakeFiles/rob599_msgs__rosidl_generator_c.dir/rosidl_generator_c/rob599_msgs/srv/detail/fib_service__description.c.o[0m
[ 17%] [32mBuilding C object CMakeFiles/rob599_msgs__rosidl_generator_c.dir/rosidl_generator_c/rob599_msgs/srv/detail/fib_service__functions.c.o[0m
[ 18%] [32mBuilding C object CMakeFiles/rob599_msgs__rosidl_generator_c.dir/rosidl_generator_c/rob599_msgs/srv/detail/fib_service__type_support.c.o[0m
[ 20%] [32mBuilding C object CMakeFiles/rob599_msgs__rosidl_generator_c.dir/rosidl_generator_c/rob599_msgs/action/detail/fibonacci__description.c.o[0m
[ 21%] [32mBuilding C object CMakeFiles/rob599_msgs__rosidl_generator_c.dir/rosidl_generator_c/rob599_msgs/action/detail/fibonacci__functions.c.o[0m
[ 23%] [32mBuilding C object CMakeFiles/rob599_msgs__rosidl_generator_c.dir/rosidl_generator_c/rob599_msgs/action/detail/fibonacci__type_support.c.o[0m
[ 25%] [32m[1mLinking C shared library librob599_msgs__rosidl_generator_c.so[0m
[ 25%] Built target rob599_msgs__rosidl_generator_c
[ 28%] [34m[1mGenerating C type support dispatch for ROS interfaces[0m
[ 28%] [34m[1mGenerating C introspection for ROS interfaces[0m
[ 29%] [34m[1mGenerating C type support for eProsima Fast-RTPS[0m
[ 31%] [34m[1mGenerating C++ type support dispatch for ROS interfaces[0m
[ 32%] [32mBuilding CXX object CMakeFiles/rob599_msgs__rosidl_typesupport_c.dir/rosidl_typesupport_c/rob599_msgs/msg/object__type_support.cpp.o[0m
[ 34%] [32mBuilding CXX object CMakeFiles/rob599_msgs__rosidl_typesupport_c.dir/rosidl_typesupport_c/rob599_msgs/srv/doubler__type_support.cpp.o[0m
[ 35%] [32mBuilding CXX object CMakeFiles/rob599_msgs__rosidl_typesupport_cpp.dir/rosidl_typesupport_cpp/rob599_msgs/msg/object__type_support.cpp.o[0m
[ 37%] [32mBuilding CXX object CMakeFiles/rob599_msgs__rosidl_typesupport_c.dir/rosidl_typesupport_c/rob599_msgs/srv/fib_service__type_support.cpp.o[0m
[ 39%] [32mBuilding CXX object CMakeFiles/rob599_msgs__rosidl_typesupport_c.dir/rosidl_typesupport_c/rob599_msgs/action/fibonacci__type_support.cpp.o[0m
[ 40%] [32mBuilding C object CMakeFiles/rob599_msgs__rosidl_typesupport_introspection_c.dir/rosidl_typesupport_introspection_c/rob599_msgs/msg/detail/object__type_support.c.o[0m
[ 42%] [32m[1mLinking CXX shared library librob599_msgs__rosidl_typesupport_c.so[0m
[ 43%] [32mBuilding C object CMakeFiles/rob599_msgs__rosidl_typesupport_introspection_c.dir/rosidl_typesupport_introspection_c/rob599_msgs/srv/detail/doubler__type_support.c.o[0m
[ 45%] [32mBuilding C object CMakeFiles/rob599_msgs__rosidl_typesupport_introspection_c.dir/rosidl_typesupport_introspection_c/rob599_msgs/srv/detail/fib_service__type_support.c.o[0m
[ 45%] Built target rob599_msgs__rosidl_typesupport_c
[ 46%] [34m[1mGenerating C++ type support for eProsima Fast-RTPS[0m
[ 48%] [32mBuilding CXX object CMakeFiles/rob599_msgs__rosidl_typesupport_fastrtps_c.dir/rosidl_typesupport_fastrtps_c/rob599_msgs/msg/detail/object__type_support_c.cpp.o[0m
[ 50%] [32mBuilding C object CMakeFiles/rob599_msgs__rosidl_typesupport_introspection_c.dir/rosidl_typesupport_introspection_c/rob599_msgs/action/detail/fibonacci__type_support.c.o[0m
[ 51%] [32mBuilding CXX object CMakeFiles/rob599_msgs__rosidl_typesupport_cpp.dir/rosidl_typesupport_cpp/rob599_msgs/srv/doubler__type_support.cpp.o[0m
[ 53%] [32m[1mLinking C shared library librob599_msgs__rosidl_typesupport_introspection_c.so[0m
[ 53%] Built target rob599_msgs__rosidl_typesupport_introspection_c
[ 54%] [34m[1mGenerating C++ introspection for ROS interfaces[0m
[ 56%] [32mBuilding CXX object CMakeFiles/rob599_msgs__rosidl_typesupport_fastrtps_c.dir/rosidl_typesupport_fastrtps_c/rob599_msgs/srv/detail/doubler__type_support_c.cpp.o[0m
[ 57%] [32mBuilding CXX object CMakeFiles/rob599_msgs__rosidl_typesupport_cpp.dir/rosidl_typesupport_cpp/rob599_msgs/srv/fib_service__type_support.cpp.o[0m
[ 59%] [32mBuilding CXX object CMakeFiles/rob599_msgs__rosidl_typesupport_fastrtps_cpp.dir/rosidl_typesupport_fastrtps_cpp/rob599_msgs/msg/detail/dds_fastrtps/object__type_support.cpp.o[0m
[ 60%] [32mBuilding CXX object CMakeFiles/rob599_msgs__rosidl_typesupport_introspection_cpp.dir/rosidl_typesupport_introspection_cpp/rob599_msgs/msg/detail/object__type_support.cpp.o[0m
[ 62%] [32mBuilding CXX object CMakeFiles/rob599_msgs__rosidl_typesupport_cpp.dir/rosidl_typesupport_cpp/rob599_msgs/action/fibonacci__type_support.cpp.o[0m
[ 64%] [32mBuilding CXX object CMakeFiles/rob599_msgs__rosidl_typesupport_fastrtps_c.dir/rosidl_typesupport_fastrtps_c/rob599_msgs/srv/detail/fib_service__type_support_c.cpp.o[0m
[ 65%] [32mBuilding CXX object CMakeFiles/rob599_msgs__rosidl_typesupport_fastrtps_cpp.dir/rosidl_typesupport_fastrtps_cpp/rob599_msgs/srv/detail/dds_fastrtps/doubler__type_support.cpp.o[0m
[ 67%] [32mBuilding CXX object CMakeFiles/rob599_msgs__rosidl_typesupport_introspection_cpp.dir/rosidl_typesupport_introspection_cpp/rob599_msgs/srv/detail/doubler__type_support.cpp.o[0m
[ 68%] [32mBuilding CXX object CMakeFiles/rob599_msgs__rosidl_typesupport_introspection_cpp.dir/rosidl_typesupport_introspection_cpp/rob599_msgs/srv/detail/fib_service__type_support.cpp.o[0m
[ 70%] [32m[1mLinking CXX shared library librob599_msgs__rosidl_typesupport_cpp.so[0m
[ 71%] [32mBuilding CXX object CMakeFiles/rob599_msgs__rosidl_typesupport_fastrtps_c.dir/rosidl_typesupport_fastrtps_c/rob599_msgs/action/detail/fibonacci__type_support_c.cpp.o[0m
[ 71%] Built target rob599_msgs__rosidl_typesupport_cpp
[ 73%] [32mBuilding CXX object CMakeFiles/rob599_msgs__rosidl_typesupport_fastrtps_cpp.dir/rosidl_typesupport_fastrtps_cpp/rob599_msgs/srv/detail/dds_fastrtps/fib_service__type_support.cpp.o[0m
[ 75%] [32mBuilding CXX object CMakeFiles/rob599_msgs__rosidl_typesupport_fastrtps_cpp.dir/rosidl_typesupport_fastrtps_cpp/rob599_msgs/action/detail/dds_fastrtps/fibonacci__type_support.cpp.o[0m
[ 76%] [32mBuilding CXX object CMakeFiles/rob599_msgs__rosidl_typesupport_introspection_cpp.dir/rosidl_typesupport_introspection_cpp/rob599_msgs/action/detail/fibonacci__type_support.cpp.o[0m
[ 78%] [32m[1mLinking CXX shared library librob599_msgs__rosidl_typesupport_fastrtps_c.so[0m
[ 78%] Built target rob599_msgs__rosidl_typesupport_fastrtps_c
[ 79%] [32m[1mLinking CXX shared library librob599_msgs__rosidl_typesupport_fastrtps_cpp.so[0m
[ 81%] [32m[1mLinking CXX shared library librob599_msgs__rosidl_typesupport_introspection_cpp.so[0m
[ 81%] Built target rob599_msgs__rosidl_typesupport_fastrtps_cpp
[ 81%] Built target rob599_msgs__rosidl_typesupport_introspection_cpp
[ 81%] Built target rob599_msgs
[ 82%] [34m[1mGenerating Python code for ROS interfaces[0m
[ 82%] Built target rob599_msgs__py
[ 84%] [32mBuilding C object CMakeFiles/rob599_msgs__rosidl_generator_py.dir/rosidl_generator_py/rob599_msgs/srv/_doubler_s.c.o[0m
[ 85%] [32mBuilding C object CMakeFiles/rob599_msgs__rosidl_generator_py.dir/rosidl_generator_py/rob599_msgs/msg/_object_s.c.o[0m
[ 87%] [32mBuilding C object CMakeFiles/rob599_msgs__rosidl_generator_py.dir/rosidl_generator_py/rob599_msgs/action/_fibonacci_s.c.o[0m
[ 89%] [32mBuilding C object CMakeFiles/rob599_msgs__rosidl_generator_py.dir/rosidl_generator_py/rob599_msgs/srv/_fib_service_s.c.o[0m
[ 90%] [32m[1mLinking C shared library librob599_msgs__rosidl_generator_py.so[0m
[ 90%] Built target rob599_msgs__rosidl_generator_py
[ 93%] [32mBuilding C object CMakeFiles/rob599_msgs_s__rosidl_typesupport_introspection_c.dir/rosidl_generator_py/rob599_msgs/_rob599_msgs_s.ep.rosidl_typesupport_introspection_c.c.o[0m
[ 93%] [32mBuilding C object CMakeFiles/rob599_msgs_s__rosidl_typesupport_fastrtps_c.dir/rosidl_generator_py/rob599_msgs/_rob599_msgs_s.ep.rosidl_typesupport_fastrtps_c.c.o[0m
[ 95%] [32mBuilding C object CMakeFiles/rob599_msgs_s__rosidl_typesupport_c.dir/rosidl_generator_py/rob599_msgs/_rob599_msgs_s.ep.rosidl_typesupport_c.c.o[0m
[ 96%] [32m[1mLinking C shared module rosidl_generator_py/rob599_msgs/rob599_msgs_s__rosidl_typesupport_fastrtps_c.so[0m
[ 98%] [32m[1mLinking C shared module rosidl_generator_py/rob599_msgs/rob599_msgs_s__rosidl_typesupport_c.so[0m
[100%] [32m[1mLinking C shared module rosidl_generator_py/rob599_msgs/rob599_msgs_s__rosidl_typesupport_introspection_c.so[0m
[100%] Built target rob599_msgs_s__rosidl_typesupport_fastrtps_c
[100%] Built target rob599_msgs_s__rosidl_typesupport_c
[100%] Built target rob599_msgs_s__rosidl_typesupport_introspection_c
-- Install configuration: ""
-- Installing: /home/hungatec/rob499_ws/install/rob599_msgs/share/ament_index/resource_index/rosidl_interfaces/rob599_msgs
-- Installing: /home/hungatec/rob499_ws/install/rob599_msgs/share/rob599_msgs/msg/Object.json
-- Installing: /home/hungatec/rob499_ws/install/rob599_msgs/share/rob599_msgs/srv/Doubler.json
-- Installing: /home/hungatec/rob499_ws/install/rob599_msgs/share/rob599_msgs/srv/FibService.json
-- Installing: /home/hungatec/rob499_ws/install/rob599_msgs/share/rob599_msgs/action/Fibonacci.json
-- Installing: /home/hungatec/rob499_ws/install/rob599_msgs/include/rob599_msgs/rob599_msgs
-- Installing: /home/hungatec/rob499_ws/install/rob599_msgs/include/rob599_msgs/rob599_msgs/msg
-- Installing: /home/hungatec/rob499_ws/install/rob599_msgs/include/rob599_msgs/rob599_msgs/msg/object.h
-- Installing: /home/hungatec/rob499_ws/install/rob599_msgs/include/rob599_msgs/rob599_msgs/msg/detail
-- Installing: /home/hungatec/rob499_ws/install/rob599_msgs/include/rob599_msgs/rob599_msgs/msg/detail/object__functions.c
-- Installing: /home/hungatec/rob499_ws/install/rob599_msgs/include/rob599_msgs/rob599_msgs/msg/detail/object__type_support.c
-- Installing: /home/hungatec/rob499_ws/install/rob599_msgs/include/rob599_msgs/rob599_msgs/msg/detail/object__type_support.h
-- Installing: /home/hungatec/rob499_ws/install/rob599_msgs/include/rob599_msgs/rob599_msgs/msg/detail/object__description.c
-- Installing: /home/hungatec/rob499_ws/install/rob599_msgs/include/rob599_msgs/rob599_msgs/msg/detail/object__struct.h
-- Installing: /home/hungatec/rob499_ws/install/rob599_msgs/include/rob599_msgs/rob599_msgs/msg/detail/object__functions.h
-- Installing: /home/hungatec/rob499_ws/install/rob599_msgs/include/rob599_msgs/rob599_msgs/msg/rosidl_generator_c__visibility_control.h
-- Installing: /home/hungatec/rob499_ws/install/rob599_msgs/include/rob599_msgs/rob599_msgs/srv
-- Installing: /home/hungatec/rob499_ws/install/rob599_msgs/include/rob599_msgs/rob599_msgs/srv/fib_service.h
-- Installing: /home/hungatec/rob499_ws/install/rob599_msgs/include/rob599_msgs/rob599_msgs/srv/detail
-- Installing: /home/hungatec/rob499_ws/install/rob599_msgs/include/rob599_msgs/rob599_msgs/srv/detail/doubler__struct.h
-- Installing: /home/hungatec/rob499_ws/install/rob599_msgs/include/rob599_msgs/rob599_msgs/srv/detail/fib_service__type_support.h
-- Installing: /home/hungatec/rob499_ws/install/rob599_msgs/include/rob599_msgs/rob599_msgs/srv/detail/doubler__functions.h
-- Installing: /home/hungatec/rob499_ws/install/rob599_msgs/include/rob599_msgs/rob599_msgs/srv/detail/doubler__type_support.c
-- Installing: /home/hungatec/rob499_ws/install/rob599_msgs/include/rob599_msgs/rob599_msgs/srv/detail/fib_service__functions.h
-- Installing: /home/hungatec/rob499_ws/install/rob599_msgs/include/rob599_msgs/rob599_msgs/srv/detail/fib_service__struct.h
-- Installing: /home/hungatec/rob499_ws/install/rob599_msgs/include/rob599_msgs/rob599_msgs/srv/detail/fib_service__description.c
-- Installing: /home/hungatec/rob499_ws/install/rob599_msgs/include/rob599_msgs/rob599_msgs/srv/detail/fib_service__functions.c
-- Installing: /home/hungatec/rob499_ws/install/rob599_msgs/include/rob599_msgs/rob599_msgs/srv/detail/doubler__functions.c
-- Installing: /home/hungatec/rob499_ws/install/rob599_msgs/include/rob599_msgs/rob599_msgs/srv/detail/doubler__type_support.h
-- Installing: /home/hungatec/rob499_ws/install/rob599_msgs/include/rob599_msgs/rob599_msgs/srv/detail/fib_service__type_support.c
-- Installing: /home/hungatec/rob499_ws/install/rob599_msgs/include/rob599_msgs/rob599_msgs/srv/detail/doubler__description.c
-- Installing: /home/hungatec/rob499_ws/install/rob599_msgs/include/rob599_msgs/rob599_msgs/srv/doubler.h
-- Installing: /home/hungatec/rob499_ws/install/rob599_msgs/include/rob599_msgs/rob599_msgs/action
-- Installing: /home/hungatec/rob499_ws/install/rob599_msgs/include/rob599_msgs/rob599_msgs/action/detail
-- Installing: /home/hungatec/rob499_ws/install/rob599_msgs/include/rob599_msgs/rob599_msgs/action/detail/fibonacci__functions.c
-- Installing: /home/hungatec/rob499_ws/install/rob599_msgs/include/rob599_msgs/rob599_msgs/action/detail/fibonacci__type_support.c
-- Installing: /home/hungatec/rob499_ws/install/rob599_msgs/include/rob599_msgs/rob599_msgs/action/detail/fibonacci__struct.h
-- Installing: /home/hungatec/rob499_ws/install/rob599_msgs/include/rob599_msgs/rob599_msgs/action/detail/fibonacci__type_support.h
-- Installing: /home/hungatec/rob499_ws/install/rob599_msgs/include/rob599_msgs/rob599_msgs/action/detail/fibonacci__functions.h
-- Installing: /home/hungatec/rob499_ws/install/rob599_msgs/include/rob599_msgs/rob599_msgs/action/detail/fibonacci__description.c
-- Installing: /home/hungatec/rob499_ws/install/rob599_msgs/include/rob599_msgs/rob599_msgs/action/fibonacci.h
-- Installing: /home/hungatec/rob499_ws/install/rob599_msgs/share/rob599_msgs/environment/library_path.sh
-- Installing: /home/hungatec/rob499_ws/install/rob599_msgs/share/rob599_msgs/environment/library_path.dsv
-- Installing: /home/hungatec/rob499_ws/install/rob599_msgs/lib/librob599_msgs__rosidl_generator_c.so
-- Set non-toolchain portion of runtime path of "/home/hungatec/rob499_ws/install/rob599_msgs/lib/librob599_msgs__rosidl_generator_c.so" to ""
-- Up-to-date: /home/hungatec/rob499_ws/install/rob599_msgs/include/rob599_msgs/rob599_msgs
-- Up-to-date: /home/hungatec/rob499_ws/install/rob599_msgs/include/rob599_msgs/rob599_msgs/msg
-- Up-to-date: /home/hungatec/rob499_ws/install/rob599_msgs/include/rob599_msgs/rob599_msgs/msg/detail
-- Installing: /home/hungatec/rob499_ws/install/rob599_msgs/include/rob599_msgs/rob599_msgs/msg/detail/object__rosidl_typesupport_fastrtps_c.h
-- Installing: /home/hungatec/rob499_ws/install/rob599_msgs/include/rob599_msgs/rob599_msgs/msg/rosidl_typesupport_fastrtps_c__visibility_control.h
-- Up-to-date: /home/hungatec/rob499_ws/install/rob599_msgs/include/rob599_msgs/rob599_msgs/srv
-- Up-to-date: /home/hungatec/rob499_ws/install/rob599_msgs/include/rob599_msgs/rob599_msgs/srv/detail
-- Installing: /home/hungatec/rob499_ws/install/rob599_msgs/include/rob599_msgs/rob599_msgs/srv/detail/fib_service__rosidl_typesupport_fastrtps_c.h
-- Installing: /home/hungatec/rob499_ws/install/rob599_msgs/include/rob599_msgs/rob599_msgs/srv/detail/doubler__rosidl_typesupport_fastrtps_c.h
-- Up-to-date: /home/hungatec/rob499_ws/install/rob599_msgs/include/rob599_msgs/rob599_msgs/action
-- Up-to-date: /home/hungatec/rob499_ws/install/rob599_msgs/include/rob599_msgs/rob599_msgs/action/detail
-- Installing: /home/hungatec/rob499_ws/install/rob599_msgs/include/rob599_msgs/rob599_msgs/action/detail/fibonacci__rosidl_typesupport_fastrtps_c.h
-- Installing: /home/hungatec/rob499_ws/install/rob599_msgs/lib/librob599_msgs__rosidl_typesupport_fastrtps_c.so
-- Set non-toolchain portion of runtime path of "/home/hungatec/rob499_ws/install/rob599_msgs/lib/librob599_msgs__rosidl_typesupport_fastrtps_c.so" to ""
-- Up-to-date: /home/hungatec/rob499_ws/install/rob599_msgs/include/rob599_msgs/rob599_msgs
-- Up-to-date: /home/hungatec/rob499_ws/install/rob599_msgs/include/rob599_msgs/rob599_msgs/msg
-- Up-to-date: /home/hungatec/rob499_ws/install/rob599_msgs/include/rob599_msgs/rob599_msgs/msg/detail
-- Installing: /home/hungatec/rob499_ws/install/rob599_msgs/include/rob599_msgs/rob599_msgs/msg/detail/object__type_support.c
-- Installing: /home/hungatec/rob499_ws/install/rob599_msgs/include/rob599_msgs/rob599_msgs/msg/detail/object__rosidl_typesupport_introspection_c.h
-- Installing: /home/hungatec/rob499_ws/install/rob599_msgs/include/rob599_msgs/rob599_msgs/msg/rosidl_typesupport_introspection_c__visibility_control.h
-- Up-to-date: /home/hungatec/rob499_ws/install/rob599_msgs/include/rob599_msgs/rob599_msgs/srv
-- Up-to-date: /home/hungatec/rob499_ws/install/rob599_msgs/include/rob599_msgs/rob599_msgs/srv/detail
-- Installing: /home/hungatec/rob499_ws/install/rob599_msgs/include/rob599_msgs/rob599_msgs/srv/detail/doubler__type_support.c
-- Installing: /home/hungatec/rob499_ws/install/rob599_msgs/include/rob599_msgs/rob599_msgs/srv/detail/fib_service__rosidl_typesupport_introspection_c.h
-- Installing: /home/hungatec/rob499_ws/install/rob599_msgs/include/rob599_msgs/rob599_msgs/srv/detail/fib_service__type_support.c
-- Installing: /home/hungatec/rob499_ws/install/rob599_msgs/include/rob599_msgs/rob599_msgs/srv/detail/doubler__rosidl_typesupport_introspection_c.h
-- Up-to-date: /home/hungatec/rob499_ws/install/rob599_msgs/include/rob599_msgs/rob599_msgs/action
-- Up-to-date: /home/hungatec/rob499_ws/install/rob599_msgs/include/rob599_msgs/rob599_msgs/action/detail
-- Installing: /home/hungatec/rob499_ws/install/rob599_msgs/include/rob599_msgs/rob599_msgs/action/detail/fibonacci__type_support.c
-- Installing: /home/hungatec/rob499_ws/install/rob599_msgs/include/rob599_msgs/rob599_msgs/action/detail/fibonacci__rosidl_typesupport_introspection_c.h
-- Installing: /home/hungatec/rob499_ws/install/rob599_msgs/lib/librob599_msgs__rosidl_typesupport_introspection_c.so
-- Set non-toolchain portion of runtime path of "/home/hungatec/rob499_ws/install/rob599_msgs/lib/librob599_msgs__rosidl_typesupport_introspection_c.so" to ""
-- Installing: /home/hungatec/rob499_ws/install/rob599_msgs/lib/librob599_msgs__rosidl_typesupport_c.so
-- Set non-toolchain portion of runtime path of "/home/hungatec/rob499_ws/install/rob599_msgs/lib/librob599_msgs__rosidl_typesupport_c.so" to ""
-- Up-to-date: /home/hungatec/rob499_ws/install/rob599_msgs/include/rob599_msgs/rob599_msgs
-- Up-to-date: /home/hungatec/rob499_ws/install/rob599_msgs/include/rob599_msgs/rob599_msgs/msg
-- Installing: /home/hungatec/rob499_ws/install/rob599_msgs/include/rob599_msgs/rob599_msgs/msg/object.hpp
-- Installing: /home/hungatec/rob499_ws/install/rob599_msgs/include/rob599_msgs/rob599_msgs/msg/rosidl_generator_cpp__visibility_control.hpp
-- Up-to-date: /home/hungatec/rob499_ws/install/rob599_msgs/include/rob599_msgs/rob599_msgs/msg/detail
-- Installing: /home/hungatec/rob499_ws/install/rob599_msgs/include/rob599_msgs/rob599_msgs/msg/detail/object__struct.hpp
-- Installing: /home/hungatec/rob499_ws/install/rob599_msgs/include/rob599_msgs/rob599_msgs/msg/detail/object__traits.hpp
-- Installing: /home/hungatec/rob499_ws/install/rob599_msgs/include/rob599_msgs/rob599_msgs/msg/detail/object__type_support.hpp
-- Installing: /home/hungatec/rob499_ws/install/rob599_msgs/include/rob599_msgs/rob599_msgs/msg/detail/object__builder.hpp
-- Up-to-date: /home/hungatec/rob499_ws/install/rob599_msgs/include/rob599_msgs/rob599_msgs/srv
-- Installing: /home/hungatec/rob499_ws/install/rob599_msgs/include/rob599_msgs/rob599_msgs/srv/fib_service.hpp
-- Up-to-date: /home/hungatec/rob499_ws/install/rob599_msgs/include/rob599_msgs/rob599_msgs/srv/detail
-- Installing: /home/hungatec/rob499_ws/install/rob599_msgs/include/rob599_msgs/rob599_msgs/srv/detail/doubler__builder.hpp
-- Installing: /home/hungatec/rob499_ws/install/rob599_msgs/include/rob599_msgs/rob599_msgs/srv/detail/doubler__struct.hpp
-- Installing: /home/hungatec/rob499_ws/install/rob599_msgs/include/rob599_msgs/rob599_msgs/srv/detail/doubler__type_support.hpp
-- Installing: /home/hungatec/rob499_ws/install/rob599_msgs/include/rob599_msgs/rob599_msgs/srv/detail/fib_service__struct.hpp
-- Installing: /home/hungatec/rob499_ws/install/rob599_msgs/include/rob599_msgs/rob599_msgs/srv/detail/fib_service__builder.hpp
-- Installing: /home/hungatec/rob499_ws/install/rob599_msgs/include/rob599_msgs/rob599_msgs/srv/detail/fib_service__type_support.hpp
-- Installing: /home/hungatec/rob499_ws/install/rob599_msgs/include/rob599_msgs/rob599_msgs/srv/detail/doubler__traits.hpp
-- Installing: /home/hungatec/rob499_ws/install/rob599_msgs/include/rob599_msgs/rob599_msgs/srv/detail/fib_service__traits.hpp
-- Installing: /home/hungatec/rob499_ws/install/rob599_msgs/include/rob599_msgs/rob599_msgs/srv/doubler.hpp
-- Up-to-date: /home/hungatec/rob499_ws/install/rob599_msgs/include/rob599_msgs/rob599_msgs/action
-- Installing: /home/hungatec/rob499_ws/install/rob599_msgs/include/rob599_msgs/rob599_msgs/action/fibonacci.hpp
-- Up-to-date: /home/hungatec/rob499_ws/install/rob599_msgs/include/rob599_msgs/rob599_msgs/action/detail
-- Installing: /home/hungatec/rob499_ws/install/rob599_msgs/include/rob599_msgs/rob599_msgs/action/detail/fibonacci__type_support.hpp
-- Installing: /home/hungatec/rob499_ws/install/rob599_msgs/include/rob599_msgs/rob599_msgs/action/detail/fibonacci__struct.hpp
-- Installing: /home/hungatec/rob499_ws/install/rob599_msgs/include/rob599_msgs/rob599_msgs/action/detail/fibonacci__traits.hpp
-- Installing: /home/hungatec/rob499_ws/install/rob599_msgs/include/rob599_msgs/rob599_msgs/action/detail/fibonacci__builder.hpp
-- Up-to-date: /home/hungatec/rob499_ws/install/rob599_msgs/include/rob599_msgs/rob599_msgs
-- Up-to-date: /home/hungatec/rob499_ws/install/rob599_msgs/include/rob599_msgs/rob599_msgs/msg
-- Up-to-date: /home/hungatec/rob499_ws/install/rob599_msgs/include/rob599_msgs/rob599_msgs/msg/detail
-- Installing: /home/hungatec/rob499_ws/install/rob599_msgs/include/rob599_msgs/rob599_msgs/msg/detail/dds_fastrtps
-- Installing: /home/hungatec/rob499_ws/install/rob599_msgs/include/rob599_msgs/rob599_msgs/msg/detail/object__rosidl_typesupport_fastrtps_cpp.hpp
-- Installing: /home/hungatec/rob499_ws/install/rob599_msgs/include/rob599_msgs/rob599_msgs/msg/rosidl_typesupport_fastrtps_cpp__visibility_control.h
-- Up-to-date: /home/hungatec/rob499_ws/install/rob599_msgs/include/rob599_msgs/rob599_msgs/srv
-- Up-to-date: /home/hungatec/rob499_ws/install/rob599_msgs/include/rob599_msgs/rob599_msgs/srv/detail
-- Installing: /home/hungatec/rob499_ws/install/rob599_msgs/include/rob599_msgs/rob599_msgs/srv/detail/dds_fastrtps
-- Installing: /home/hungatec/rob499_ws/install/rob599_msgs/include/rob599_msgs/rob599_msgs/srv/detail/doubler__rosidl_typesupport_fastrtps_cpp.hpp
-- Installing: /home/hungatec/rob499_ws/install/rob599_msgs/include/rob599_msgs/rob599_msgs/srv/detail/fib_service__rosidl_typesupport_fastrtps_cpp.hpp
-- Up-to-date: /home/hungatec/rob499_ws/install/rob599_msgs/include/rob599_msgs/rob599_msgs/action
-- Up-to-date: /home/hungatec/rob499_ws/install/rob599_msgs/include/rob599_msgs/rob599_msgs/action/detail
-- Installing: /home/hungatec/rob499_ws/install/rob599_msgs/include/rob599_msgs/rob599_msgs/action/detail/dds_fastrtps
-- Installing: /home/hungatec/rob499_ws/install/rob599_msgs/include/rob599_msgs/rob599_msgs/action/detail/fibonacci__rosidl_typesupport_fastrtps_cpp.hpp
-- Installing: /home/hungatec/rob499_ws/install/rob599_msgs/lib/librob599_msgs__rosidl_typesupport_fastrtps_cpp.so
-- Set non-toolchain portion of runtime path of "/home/hungatec/rob499_ws/install/rob599_msgs/lib/librob599_msgs__rosidl_typesupport_fastrtps_cpp.so" to ""
-- Up-to-date: /home/hungatec/rob499_ws/install/rob599_msgs/include/rob599_msgs/rob599_msgs
-- Up-to-date: /home/hungatec/rob499_ws/install/rob599_msgs/include/rob599_msgs/rob599_msgs/msg
-- Up-to-date: /home/hungatec/rob499_ws/install/rob599_msgs/include/rob599_msgs/rob599_msgs/msg/detail
-- Installing: /home/hungatec/rob499_ws/install/rob599_msgs/include/rob599_msgs/rob599_msgs/msg/detail/object__type_support.cpp
-- Installing: /home/hungatec/rob499_ws/install/rob599_msgs/include/rob599_msgs/rob599_msgs/msg/detail/object__rosidl_typesupport_introspection_cpp.hpp
-- Up-to-date: /home/hungatec/rob499_ws/install/rob599_msgs/include/rob599_msgs/rob599_msgs/srv
-- Up-to-date: /home/hungatec/rob499_ws/install/rob599_msgs/include/rob599_msgs/rob599_msgs/srv/detail
-- Installing: /home/hungatec/rob499_ws/install/rob599_msgs/include/rob599_msgs/rob599_msgs/srv/detail/fib_service__type_support.cpp
-- Installing: /home/hungatec/rob499_ws/install/rob599_msgs/include/rob599_msgs/rob599_msgs/srv/detail/doubler__rosidl_typesupport_introspection_cpp.hpp
-- Installing: /home/hungatec/rob499_ws/install/rob599_msgs/include/rob599_msgs/rob599_msgs/srv/detail/doubler__type_support.cpp
-- Installing: /home/hungatec/rob499_ws/install/rob599_msgs/include/rob599_msgs/rob599_msgs/srv/detail/fib_service__rosidl_typesupport_introspection_cpp.hpp
-- Up-to-date: /home/hungatec/rob499_ws/install/rob599_msgs/include/rob599_msgs/rob599_msgs/action
-- Up-to-date: /home/hungatec/rob499_ws/install/rob599_msgs/include/rob599_msgs/rob599_msgs/action/detail
-- Installing: /home/hungatec/rob499_ws/install/rob599_msgs/include/rob599_msgs/rob599_msgs/action/detail/fibonacci__type_support.cpp
-- Installing: /home/hungatec/rob499_ws/install/rob599_msgs/include/rob599_msgs/rob599_msgs/action/detail/fibonacci__rosidl_typesupport_introspection_cpp.hpp
-- Installing: /home/hungatec/rob499_ws/install/rob599_msgs/lib/librob599_msgs__rosidl_typesupport_introspection_cpp.so
-- Set non-toolchain portion of runtime path of "/home/hungatec/rob499_ws/install/rob599_msgs/lib/librob599_msgs__rosidl_typesupport_introspection_cpp.so" to ""
-- Installing: /home/hungatec/rob499_ws/install/rob599_msgs/lib/librob599_msgs__rosidl_typesupport_cpp.so
-- Set non-toolchain portion of runtime path of "/home/hungatec/rob499_ws/install/rob599_msgs/lib/librob599_msgs__rosidl_typesupport_cpp.so" to ""
-- Installing: /home/hungatec/rob499_ws/install/rob599_msgs/share/rob599_msgs/environment/pythonpath.sh
-- Installing: /home/hungatec/rob499_ws/install/rob599_msgs/share/rob599_msgs/environment/pythonpath.dsv
-- Installing: /home/hungatec/rob499_ws/install/rob599_msgs/lib/python3.12/site-packages/rob599_msgs-0.1.0-py3.12.egg-info
-- Installing: /home/hungatec/rob499_ws/install/rob599_msgs/lib/python3.12/site-packages/rob599_msgs-0.1.0-py3.12.egg-info/top_level.txt
-- Installing: /home/hungatec/rob499_ws/install/rob599_msgs/lib/python3.12/site-packages/rob599_msgs-0.1.0-py3.12.egg-info/dependency_links.txt
-- Installing: /home/hungatec/rob499_ws/install/rob599_msgs/lib/python3.12/site-packages/rob599_msgs-0.1.0-py3.12.egg-info/PKG-INFO
-- Installing: /home/hungatec/rob499_ws/install/rob599_msgs/lib/python3.12/site-packages/rob599_msgs-0.1.0-py3.12.egg-info/SOURCES.txt
-- Installing: /home/hungatec/rob499_ws/install/rob599_msgs/lib/python3.12/site-packages/rob599_msgs
-- Installing: /home/hungatec/rob499_ws/install/rob599_msgs/lib/python3.12/site-packages/rob599_msgs/rob599_msgs_s__rosidl_typesupport_c.so
-- Installing: /home/hungatec/rob499_ws/install/rob599_msgs/lib/python3.12/site-packages/rob599_msgs/_rob599_msgs_s.ep.rosidl_typesupport_introspection_c.c
-- Installing: /home/hungatec/rob499_ws/install/rob599_msgs/lib/python3.12/site-packages/rob599_msgs/rob599_msgs_s__rosidl_typesupport_fastrtps_c.so
-- Installing: /home/hungatec/rob499_ws/install/rob599_msgs/lib/python3.12/site-packages/rob599_msgs/__init__.py
-- Installing: /home/hungatec/rob499_ws/install/rob599_msgs/lib/python3.12/site-packages/rob599_msgs/_rob599_msgs_s.ep.rosidl_typesupport_fastrtps_c.c
-- Installing: /home/hungatec/rob499_ws/install/rob599_msgs/lib/python3.12/site-packages/rob599_msgs/msg
-- Installing: /home/hungatec/rob499_ws/install/rob599_msgs/lib/python3.12/site-packages/rob599_msgs/msg/_object_s.c
-- Installing: /home/hungatec/rob499_ws/install/rob599_msgs/lib/python3.12/site-packages/rob599_msgs/msg/_object.py
-- Installing: /home/hungatec/rob499_ws/install/rob599_msgs/lib/python3.12/site-packages/rob599_msgs/msg/__init__.py
-- Installing: /home/hungatec/rob499_ws/install/rob599_msgs/lib/python3.12/site-packages/rob599_msgs/srv
-- Installing: /home/hungatec/rob499_ws/install/rob599_msgs/lib/python3.12/site-packages/rob599_msgs/srv/_doubler_s.c
-- Installing: /home/hungatec/rob499_ws/install/rob599_msgs/lib/python3.12/site-packages/rob599_msgs/srv/__init__.py
-- Installing: /home/hungatec/rob499_ws/install/rob599_msgs/lib/python3.12/site-packages/rob599_msgs/srv/_doubler.py
-- Installing: /home/hungatec/rob499_ws/install/rob599_msgs/lib/python3.12/site-packages/rob599_msgs/srv/_fib_service.py
-- Installing: /home/hungatec/rob499_ws/install/rob599_msgs/lib/python3.12/site-packages/rob599_msgs/srv/_fib_service_s.c
-- Installing: /home/hungatec/rob499_ws/install/rob599_msgs/lib/python3.12/site-packages/rob599_msgs/rob599_msgs_s__rosidl_typesupport_introspection_c.so
-- Installing: /home/hungatec/rob499_ws/install/rob599_msgs/lib/python3.12/site-packages/rob599_msgs/action
-- Installing: /home/hungatec/rob499_ws/install/rob599_msgs/lib/python3.12/site-packages/rob599_msgs/action/__init__.py
-- Installing: /home/hungatec/rob499_ws/install/rob599_msgs/lib/python3.12/site-packages/rob599_msgs/action/_fibonacci_s.c
-- Installing: /home/hungatec/rob499_ws/install/rob599_msgs/lib/python3.12/site-packages/rob599_msgs/action/_fibonacci.py
-- Installing: /home/hungatec/rob499_ws/install/rob599_msgs/lib/python3.12/site-packages/rob599_msgs/_rob599_msgs_s.ep.rosidl_typesupport_c.c
Listing '/home/hungatec/rob499_ws/install/rob599_msgs/lib/python3.12/site-packages/rob599_msgs'...
Compiling '/home/hungatec/rob499_ws/install/rob599_msgs/lib/python3.12/site-packages/rob599_msgs/__init__.py'...
Listing '/home/hungatec/rob499_ws/install/rob599_msgs/lib/python3.12/site-packages/rob599_msgs/action'...
Compiling '/home/hungatec/rob499_ws/install/rob599_msgs/lib/python3.12/site-packages/rob599_msgs/action/__init__.py'...
Compiling '/home/hungatec/rob499_ws/install/rob599_msgs/lib/python3.12/site-packages/rob599_msgs/action/_fibonacci.py'...
Listing '/home/hungatec/rob499_ws/install/rob599_msgs/lib/python3.12/site-packages/rob599_msgs/msg'...
Compiling '/home/hungatec/rob499_ws/install/rob599_msgs/lib/python3.12/site-packages/rob599_msgs/msg/__init__.py'...
Compiling '/home/hungatec/rob499_ws/install/rob599_msgs/lib/python3.12/site-packages/rob599_msgs/msg/_object.py'...
Listing '/home/hungatec/rob499_ws/install/rob599_msgs/lib/python3.12/site-packages/rob599_msgs/srv'...
Compiling '/home/hungatec/rob499_ws/install/rob599_msgs/lib/python3.12/site-packages/rob599_msgs/srv/__init__.py'...
Compiling '/home/hungatec/rob499_ws/install/rob599_msgs/lib/python3.12/site-packages/rob599_msgs/srv/_doubler.py'...
Compiling '/home/hungatec/rob499_ws/install/rob599_msgs/lib/python3.12/site-packages/rob599_msgs/srv/_fib_service.py'...
-- Installing: /home/hungatec/rob499_ws/install/rob599_msgs/lib/python3.12/site-packages/rob599_msgs/rob599_msgs_s__rosidl_typesupport_fastrtps_c.so
-- Set non-toolchain portion of runtime path of "/home/hungatec/rob499_ws/install/rob599_msgs/lib/python3.12/site-packages/rob599_msgs/rob599_msgs_s__rosidl_typesupport_fastrtps_c.so" to ""
-- Installing: /home/hungatec/rob499_ws/install/rob599_msgs/lib/python3.12/site-packages/rob599_msgs/rob599_msgs_s__rosidl_typesupport_introspection_c.so
-- Set non-toolchain portion of runtime path of "/home/hungatec/rob499_ws/install/rob599_msgs/lib/python3.12/site-packages/rob599_msgs/rob599_msgs_s__rosidl_typesupport_introspection_c.so" to ""
-- Installing: /home/hungatec/rob499_ws/install/rob599_msgs/lib/python3.12/site-packages/rob599_msgs/rob599_msgs_s__rosidl_typesupport_c.so
-- Set non-toolchain portion of runtime path of "/home/hungatec/rob499_ws/install/rob599_msgs/lib/python3.12/site-packages/rob599_msgs/rob599_msgs_s__rosidl_typesupport_c.so" to ""
-- Installing: /home/hungatec/rob499_ws/install/rob599_msgs/lib/librob599_msgs__rosidl_generator_py.so
-- Set non-toolchain portion of runtime path of "/home/hungatec/rob499_ws/install/rob599_msgs/lib/librob599_msgs__rosidl_generator_py.so" to ""
-- Installing: /home/hungatec/rob499_ws/install/rob599_msgs/share/rob599_msgs/msg/Object.idl
-- Installing: /home/hungatec/rob499_ws/install/rob599_msgs/share/rob599_msgs/srv/Doubler.idl
-- Installing: /home/hungatec/rob499_ws/install/rob599_msgs/share/rob599_msgs/srv/FibService.idl
-- Installing: /home/hungatec/rob499_ws/install/rob599_msgs/share/rob599_msgs/action/Fibonacci.idl
-- Installing: /home/hungatec/rob499_ws/install/rob599_msgs/share/rob599_msgs/msg/Object.msg
-- Installing: /home/hungatec/rob499_ws/install/rob599_msgs/share/rob599_msgs/srv/Doubler.srv
-- Installing: /home/hungatec/rob499_ws/install/rob599_msgs/share/rob599_msgs/srv/FibService.srv
-- Installing: /home/hungatec/rob499_ws/install/rob599_msgs/share/rob599_msgs/action/Fibonacci.action
-- Installing: /home/hungatec/rob499_ws/install/rob599_msgs/share/ament_index/resource_index/package_run_dependencies/rob599_msgs
-- Installing: /home/hungatec/rob499_ws/install/rob599_msgs/share/ament_index/resource_index/parent_prefix_path/rob599_msgs
-- Installing: /home/hungatec/rob499_ws/install/rob599_msgs/share/rob599_msgs/environment/ament_prefix_path.sh
-- Installing: /home/hungatec/rob499_ws/install/rob599_msgs/share/rob599_msgs/environment/ament_prefix_path.dsv
-- Installing: /home/hungatec/rob499_ws/install/rob599_msgs/share/rob599_msgs/environment/path.sh
-- Installing: /home/hungatec/rob499_ws/install/rob599_msgs/share/rob599_msgs/environment/path.dsv
-- Installing: /home/hungatec/rob499_ws/install/rob599_msgs/share/rob599_msgs/local_setup.bash
-- Installing: /home/hungatec/rob499_ws/install/rob599_msgs/share/rob599_msgs/local_setup.sh
-- Installing: /home/hungatec/rob499_ws/install/rob599_msgs/share/rob599_msgs/local_setup.zsh
-- Installing: /home/hungatec/rob499_ws/install/rob599_msgs/share/rob599_msgs/local_setup.dsv
-- Installing: /home/hungatec/rob499_ws/install/rob599_msgs/share/rob599_msgs/package.dsv
-- Installing: /home/hungatec/rob499_ws/install/rob599_msgs/share/ament_index/resource_index/packages/rob599_msgs
-- Installing: /home/hungatec/rob499_ws/install/rob599_msgs/share/rob599_msgs/cmake/export_rob599_msgs__rosidl_generator_cExport.cmake
-- Installing: /home/hungatec/rob499_ws/install/rob599_msgs/share/rob599_msgs/cmake/export_rob599_msgs__rosidl_generator_cExport-noconfig.cmake
-- Installing: /home/hungatec/rob499_ws/install/rob599_msgs/share/rob599_msgs/cmake/export_rob599_msgs__rosidl_typesupport_fastrtps_cExport.cmake
-- Installing: /home/hungatec/rob499_ws/install/rob599_msgs/share/rob599_msgs/cmake/export_rob599_msgs__rosidl_typesupport_fastrtps_cExport-noconfig.cmake
-- Installing: /home/hungatec/rob499_ws/install/rob599_msgs/share/rob599_msgs/cmake/rob599_msgs__rosidl_typesupport_introspection_cExport.cmake
-- Installing: /home/hungatec/rob499_ws/install/rob599_msgs/share/rob599_msgs/cmake/rob599_msgs__rosidl_typesupport_introspection_cExport-noconfig.cmake
-- Installing: /home/hungatec/rob499_ws/install/rob599_msgs/share/rob599_msgs/cmake/rob599_msgs__rosidl_typesupport_cExport.cmake
-- Installing: /home/hungatec/rob499_ws/install/rob599_msgs/share/rob599_msgs/cmake/rob599_msgs__rosidl_typesupport_cExport-noconfig.cmake
-- Installing: /home/hungatec/rob499_ws/install/rob599_msgs/share/rob599_msgs/cmake/export_rob599_msgs__rosidl_generator_cppExport.cmake
-- Installing: /home/hungatec/rob499_ws/install/rob599_msgs/share/rob599_msgs/cmake/export_rob599_msgs__rosidl_typesupport_fastrtps_cppExport.cmake
-- Installing: /home/hungatec/rob499_ws/install/rob599_msgs/share/rob599_msgs/cmake/export_rob599_msgs__rosidl_typesupport_fastrtps_cppExport-noconfig.cmake
-- Installing: /home/hungatec/rob499_ws/install/rob599_msgs/share/rob599_msgs/cmake/rob599_msgs__rosidl_typesupport_introspection_cppExport.cmake
-- Installing: /home/hungatec/rob499_ws/install/rob599_msgs/share/rob599_msgs/cmake/rob599_msgs__rosidl_typesupport_introspection_cppExport-noconfig.cmake
-- Installing: /home/hungatec/rob499_ws/install/rob599_msgs/share/rob599_msgs/cmake/rob599_msgs__rosidl_typesupport_cppExport.cmake
-- Installing: /home/hungatec/rob499_ws/install/rob599_msgs/share/rob599_msgs/cmake/rob599_msgs__rosidl_typesupport_cppExport-noconfig.cmake
-- Installing: /home/hungatec/rob499_ws/install/rob599_msgs/share/rob599_msgs/cmake/export_rob599_msgs__rosidl_generator_pyExport.cmake
-- Installing: /home/hungatec/rob499_ws/install/rob599_msgs/share/rob599_msgs/cmake/export_rob599_msgs__rosidl_generator_pyExport-noconfig.cmake
-- Installing: /home/hungatec/rob499_ws/install/rob599_msgs/share/rob599_msgs/cmake/rosidl_cmake-extras.cmake
-- Installing: /home/hungatec/rob499_ws/install/rob599_msgs/share/rob599_msgs/cmake/ament_cmake_export_dependencies-extras.cmake
-- Installing: /home/hungatec/rob499_ws/install/rob599_msgs/share/rob599_msgs/cmake/ament_cmake_export_include_directories-extras.cmake
-- Installing: /home/hungatec/rob499_ws/install/rob599_msgs/share/rob599_msgs/cmake/ament_cmake_export_libraries-extras.cmake
-- Installing: /home/hungatec/rob499_ws/install/rob599_msgs/share/rob599_msgs/cmake/ament_cmake_export_targets-extras.cmake
-- Installing: /home/hungatec/rob499_ws/install/rob599_msgs/share/rob599_msgs/cmake/rosidl_cmake_export_typesupport_targets-extras.cmake
-- Installing: /home/hungatec/rob499_ws/install/rob599_msgs/share/rob599_msgs/cmake/rosidl_cmake_export_typesupport_libraries-extras.cmake
-- Installing: /home/hungatec/rob499_ws/install/rob599_msgs/share/rob599_msgs/cmake/rob599_msgsConfig.cmake
-- Installing: /home/hungatec/rob499_ws/install/rob599_msgs/share/rob599_msgs/cmake/rob599_msgsConfig-version.cmake
-- Installing: /home/hungatec/rob499_ws/install/rob599_msgs/share/rob599_msgs/package.xml
