[0.039s] Invoking command in '/home/hungatec/rob499_ws/build/rob599_msgs': CMAKE_PREFIX_PATH=${CMAKE_PREFIX_PATH}:/home/hungatec/rob499_ws/install/rob599_more:/home/hungatec/rob499_ws/install/rob599_basic:/home/hungatec/rob499_ws/install/hw5:/home/hungatec/rob499_ws/install/hw4:/home/hungatec/rob499_ws/install/hw3:/home/hungatec/rob499_ws/install/hw2:/opt/ros/jazzy DEBUGINFOD_URLS=https://debuginfod.ubuntu.com /usr/bin/cmake --build /home/hungatec/rob499_ws/build/rob599_msgs -- -j4 -l4
[0.141s] [  1%] [34m[1mGenerating type hashes for ROS interfaces[0m
[0.155s] [  1%] Built target ament_cmake_python_copy_rob599_msgs
[0.513s] running egg_info
[0.514s] creating rob599_msgs.egg-info
[0.535s] writing rob599_msgs.egg-info/PKG-INFO
[0.536s] writing dependency_links to rob599_msgs.egg-info/dependency_links.txt
[0.536s] writing top-level names to rob599_msgs.egg-info/top_level.txt
[0.536s] writing manifest file 'rob599_msgs.egg-info/SOURCES.txt'
[0.578s] [  1%] Built target rob599_msgs__rosidl_generator_type_description
[0.601s] [  3%] [34m[1mGenerating C code for ROS interfaces[0m
[0.628s] [  4%] [34m[1mGenerating C++ code for ROS interfaces[0m
[0.644s] reading manifest file 'rob599_msgs.egg-info/SOURCES.txt'
[0.644s] writing manifest file 'rob599_msgs.egg-info/SOURCES.txt'
[0.710s] [  4%] Built target ament_cmake_python_build_rob599_msgs_egg
[1.603s] [  4%] Built target rob599_msgs__cpp
[1.764s] [  9%] [32mBuilding C object CMakeFiles/rob599_msgs__rosidl_generator_c.dir/rosidl_generator_c/rob599_msgs/msg/detail/object__type_support.c.o[0m
[1.765s] [  9%] [32mBuilding C object CMakeFiles/rob599_msgs__rosidl_generator_c.dir/rosidl_generator_c/rob599_msgs/msg/detail/object__description.c.o[0m
[1.766s] [  9%] [32mBuilding C object CMakeFiles/rob599_msgs__rosidl_generator_c.dir/rosidl_generator_c/rob599_msgs/srv/detail/doubler__description.c.o[0m
[1.766s] [ 10%] [32mBuilding C object CMakeFiles/rob599_msgs__rosidl_generator_c.dir/rosidl_generator_c/rob599_msgs/msg/detail/object__functions.c.o[0m
[1.821s] [ 12%] [32mBuilding C object CMakeFiles/rob599_msgs__rosidl_generator_c.dir/rosidl_generator_c/rob599_msgs/srv/detail/doubler__functions.c.o[0m
[1.840s] [ 14%] [32mBuilding C object CMakeFiles/rob599_msgs__rosidl_generator_c.dir/rosidl_generator_c/rob599_msgs/srv/detail/doubler__type_support.c.o[0m
[1.865s] [ 15%] [32mBuilding C object CMakeFiles/rob599_msgs__rosidl_generator_c.dir/rosidl_generator_c/rob599_msgs/srv/detail/fib_service__description.c.o[0m
[1.878s] [ 17%] [32mBuilding C object CMakeFiles/rob599_msgs__rosidl_generator_c.dir/rosidl_generator_c/rob599_msgs/srv/detail/fib_service__functions.c.o[0m
[1.920s] [ 18%] [32mBuilding C object CMakeFiles/rob599_msgs__rosidl_generator_c.dir/rosidl_generator_c/rob599_msgs/srv/detail/fib_service__type_support.c.o[0m
[1.966s] [ 20%] [32mBuilding C object CMakeFiles/rob599_msgs__rosidl_generator_c.dir/rosidl_generator_c/rob599_msgs/action/detail/fibonacci__description.c.o[0m
[1.974s] [ 21%] [32mBuilding C object CMakeFiles/rob599_msgs__rosidl_generator_c.dir/rosidl_generator_c/rob599_msgs/action/detail/fibonacci__functions.c.o[0m
[2.005s] [ 23%] [32mBuilding C object CMakeFiles/rob599_msgs__rosidl_generator_c.dir/rosidl_generator_c/rob599_msgs/action/detail/fibonacci__type_support.c.o[0m
[2.247s] [ 25%] [32m[1mLinking C shared library librob599_msgs__rosidl_generator_c.so[0m
[2.313s] [ 25%] Built target rob599_msgs__rosidl_generator_c
[2.336s] [ 28%] [34m[1mGenerating C type support dispatch for ROS interfaces[0m
[2.337s] [ 28%] [34m[1mGenerating C introspection for ROS interfaces[0m
[2.337s] [ 29%] [34m[1mGenerating C type support for eProsima Fast-RTPS[0m
[2.337s] [ 31%] [34m[1mGenerating C++ type support dispatch for ROS interfaces[0m
[2.959s] [ 32%] [32mBuilding CXX object CMakeFiles/rob599_msgs__rosidl_typesupport_c.dir/rosidl_typesupport_c/rob599_msgs/msg/object__type_support.cpp.o[0m
[3.047s] [ 34%] [32mBuilding CXX object CMakeFiles/rob599_msgs__rosidl_typesupport_c.dir/rosidl_typesupport_c/rob599_msgs/srv/doubler__type_support.cpp.o[0m
[3.097s] [ 35%] [32mBuilding CXX object CMakeFiles/rob599_msgs__rosidl_typesupport_cpp.dir/rosidl_typesupport_cpp/rob599_msgs/msg/object__type_support.cpp.o[0m
[3.182s] [ 37%] [32mBuilding CXX object CMakeFiles/rob599_msgs__rosidl_typesupport_c.dir/rosidl_typesupport_c/rob599_msgs/srv/fib_service__type_support.cpp.o[0m
[3.277s] [ 39%] [32mBuilding CXX object CMakeFiles/rob599_msgs__rosidl_typesupport_c.dir/rosidl_typesupport_c/rob599_msgs/action/fibonacci__type_support.cpp.o[0m
[3.463s] [ 40%] [32mBuilding C object CMakeFiles/rob599_msgs__rosidl_typesupport_introspection_c.dir/rosidl_typesupport_introspection_c/rob599_msgs/msg/detail/object__type_support.c.o[0m
[3.466s] [ 42%] [32m[1mLinking CXX shared library librob599_msgs__rosidl_typesupport_c.so[0m
[3.553s] [ 43%] [32mBuilding C object CMakeFiles/rob599_msgs__rosidl_typesupport_introspection_c.dir/rosidl_typesupport_introspection_c/rob599_msgs/srv/detail/doubler__type_support.c.o[0m
[3.656s] [ 45%] [32mBuilding C object CMakeFiles/rob599_msgs__rosidl_typesupport_introspection_c.dir/rosidl_typesupport_introspection_c/rob599_msgs/srv/detail/fib_service__type_support.c.o[0m
[3.665s] [ 45%] Built target rob599_msgs__rosidl_typesupport_c
[3.726s] [ 46%] [34m[1mGenerating C++ type support for eProsima Fast-RTPS[0m
[3.755s] [ 48%] [32mBuilding CXX object CMakeFiles/rob599_msgs__rosidl_typesupport_fastrtps_c.dir/rosidl_typesupport_fastrtps_c/rob599_msgs/msg/detail/object__type_support_c.cpp.o[0m
[3.778s] [ 50%] [32mBuilding C object CMakeFiles/rob599_msgs__rosidl_typesupport_introspection_c.dir/rosidl_typesupport_introspection_c/rob599_msgs/action/detail/fibonacci__type_support.c.o[0m
[3.836s] [ 51%] [32mBuilding CXX object CMakeFiles/rob599_msgs__rosidl_typesupport_cpp.dir/rosidl_typesupport_cpp/rob599_msgs/srv/doubler__type_support.cpp.o[0m
[4.008s] [ 53%] [32m[1mLinking C shared library librob599_msgs__rosidl_typesupport_introspection_c.so[0m
[4.187s] [ 53%] Built target rob599_msgs__rosidl_typesupport_introspection_c
[4.218s] [ 54%] [34m[1mGenerating C++ introspection for ROS interfaces[0m
[4.886s] [ 56%] [32mBuilding CXX object CMakeFiles/rob599_msgs__rosidl_typesupport_fastrtps_c.dir/rosidl_typesupport_fastrtps_c/rob599_msgs/srv/detail/doubler__type_support_c.cpp.o[0m
[5.056s] [ 57%] [32mBuilding CXX object CMakeFiles/rob599_msgs__rosidl_typesupport_cpp.dir/rosidl_typesupport_cpp/rob599_msgs/srv/fib_service__type_support.cpp.o[0m
[5.273s] [ 59%] [32mBuilding CXX object CMakeFiles/rob599_msgs__rosidl_typesupport_fastrtps_cpp.dir/rosidl_typesupport_fastrtps_cpp/rob599_msgs/msg/detail/dds_fastrtps/object__type_support.cpp.o[0m
[5.602s] [ 60%] [32mBuilding CXX object CMakeFiles/rob599_msgs__rosidl_typesupport_introspection_cpp.dir/rosidl_typesupport_introspection_cpp/rob599_msgs/msg/detail/object__type_support.cpp.o[0m
[5.834s] [ 62%] [32mBuilding CXX object CMakeFiles/rob599_msgs__rosidl_typesupport_cpp.dir/rosidl_typesupport_cpp/rob599_msgs/action/fibonacci__type_support.cpp.o[0m
[6.133s] [ 64%] [32mBuilding CXX object CMakeFiles/rob599_msgs__rosidl_typesupport_fastrtps_c.dir/rosidl_typesupport_fastrtps_c/rob599_msgs/srv/detail/fib_service__type_support_c.cpp.o[0m
[6.271s] [ 65%] [32mBuilding CXX object CMakeFiles/rob599_msgs__rosidl_typesupport_fastrtps_cpp.dir/rosidl_typesupport_fastrtps_cpp/rob599_msgs/srv/detail/dds_fastrtps/doubler__type_support.cpp.o[0m
[6.288s] [ 67%] [32mBuilding CXX object CMakeFiles/rob599_msgs__rosidl_typesupport_introspection_cpp.dir/rosidl_typesupport_introspection_cpp/rob599_msgs/srv/detail/doubler__type_support.cpp.o[0m
[7.177s] [ 68%] [32mBuilding CXX object CMakeFiles/rob599_msgs__rosidl_typesupport_introspection_cpp.dir/rosidl_typesupport_introspection_cpp/rob599_msgs/srv/detail/fib_service__type_support.cpp.o[0m
[7.178s] [ 70%] [32m[1mLinking CXX shared library librob599_msgs__rosidl_typesupport_cpp.so[0m
[7.340s] [ 71%] [32mBuilding CXX object CMakeFiles/rob599_msgs__rosidl_typesupport_fastrtps_c.dir/rosidl_typesupport_fastrtps_c/rob599_msgs/action/detail/fibonacci__type_support_c.cpp.o[0m
[7.435s] [ 71%] Built target rob599_msgs__rosidl_typesupport_cpp
[7.461s] [ 73%] [32mBuilding CXX object CMakeFiles/rob599_msgs__rosidl_typesupport_fastrtps_cpp.dir/rosidl_typesupport_fastrtps_cpp/rob599_msgs/srv/detail/dds_fastrtps/fib_service__type_support.cpp.o[0m
[7.525s] [ 75%] [32mBuilding CXX object CMakeFiles/rob599_msgs__rosidl_typesupport_fastrtps_cpp.dir/rosidl_typesupport_fastrtps_cpp/rob599_msgs/action/detail/dds_fastrtps/fibonacci__type_support.cpp.o[0m
[8.024s] [ 76%] [32mBuilding CXX object CMakeFiles/rob599_msgs__rosidl_typesupport_introspection_cpp.dir/rosidl_typesupport_introspection_cpp/rob599_msgs/action/detail/fibonacci__type_support.cpp.o[0m
[8.675s] [ 78%] [32m[1mLinking CXX shared library librob599_msgs__rosidl_typesupport_fastrtps_c.so[0m
[8.842s] [ 78%] Built target rob599_msgs__rosidl_typesupport_fastrtps_c
[9.714s] [ 79%] [32m[1mLinking CXX shared library librob599_msgs__rosidl_typesupport_fastrtps_cpp.so[0m
[9.745s] [ 81%] [32m[1mLinking CXX shared library librob599_msgs__rosidl_typesupport_introspection_cpp.so[0m
[9.894s] [ 81%] Built target rob599_msgs__rosidl_typesupport_fastrtps_cpp
[9.913s] [ 81%] Built target rob599_msgs__rosidl_typesupport_introspection_cpp
[9.962s] [ 81%] Built target rob599_msgs
[10.012s] [ 82%] [34m[1mGenerating Python code for ROS interfaces[0m
[11.651s] [ 82%] Built target rob599_msgs__py
[11.700s] [ 84%] [32mBuilding C object CMakeFiles/rob599_msgs__rosidl_generator_py.dir/rosidl_generator_py/rob599_msgs/srv/_doubler_s.c.o[0m
[11.706s] [ 85%] [32mBuilding C object CMakeFiles/rob599_msgs__rosidl_generator_py.dir/rosidl_generator_py/rob599_msgs/msg/_object_s.c.o[0m
[11.712s] [ 87%] [32mBuilding C object CMakeFiles/rob599_msgs__rosidl_generator_py.dir/rosidl_generator_py/rob599_msgs/action/_fibonacci_s.c.o[0m
[11.722s] [ 89%] [32mBuilding C object CMakeFiles/rob599_msgs__rosidl_generator_py.dir/rosidl_generator_py/rob599_msgs/srv/_fib_service_s.c.o[0m
[12.125s] [ 90%] [32m[1mLinking C shared library librob599_msgs__rosidl_generator_py.so[0m
[12.223s] [ 90%] Built target rob599_msgs__rosidl_generator_py
[12.267s] [ 93%] [32mBuilding C object CMakeFiles/rob599_msgs_s__rosidl_typesupport_introspection_c.dir/rosidl_generator_py/rob599_msgs/_rob599_msgs_s.ep.rosidl_typesupport_introspection_c.c.o[0m
[12.267s] [ 93%] [32mBuilding C object CMakeFiles/rob599_msgs_s__rosidl_typesupport_fastrtps_c.dir/rosidl_generator_py/rob599_msgs/_rob599_msgs_s.ep.rosidl_typesupport_fastrtps_c.c.o[0m
[12.279s] [ 95%] [32mBuilding C object CMakeFiles/rob599_msgs_s__rosidl_typesupport_c.dir/rosidl_generator_py/rob599_msgs/_rob599_msgs_s.ep.rosidl_typesupport_c.c.o[0m
[12.529s] [ 96%] [32m[1mLinking C shared module rosidl_generator_py/rob599_msgs/rob599_msgs_s__rosidl_typesupport_fastrtps_c.so[0m
[12.535s] [ 98%] [32m[1mLinking C shared module rosidl_generator_py/rob599_msgs/rob599_msgs_s__rosidl_typesupport_c.so[0m
[12.545s] [100%] [32m[1mLinking C shared module rosidl_generator_py/rob599_msgs/rob599_msgs_s__rosidl_typesupport_introspection_c.so[0m
[12.612s] [100%] Built target rob599_msgs_s__rosidl_typesupport_fastrtps_c
[12.613s] [100%] Built target rob599_msgs_s__rosidl_typesupport_c
[12.628s] [100%] Built target rob599_msgs_s__rosidl_typesupport_introspection_c
[12.662s] Invoked command in '/home/hungatec/rob499_ws/build/rob599_msgs' returned '0': CMAKE_PREFIX_PATH=${CMAKE_PREFIX_PATH}:/home/hungatec/rob499_ws/install/rob599_more:/home/hungatec/rob499_ws/install/rob599_basic:/home/hungatec/rob499_ws/install/hw5:/home/hungatec/rob499_ws/install/hw4:/home/hungatec/rob499_ws/install/hw3:/home/hungatec/rob499_ws/install/hw2:/opt/ros/jazzy DEBUGINFOD_URLS=https://debuginfod.ubuntu.com /usr/bin/cmake --build /home/hungatec/rob499_ws/build/rob599_msgs -- -j4 -l4
[12.689s] Invoking command in '/home/hungatec/rob499_ws/build/rob599_msgs': CMAKE_PREFIX_PATH=${CMAKE_PREFIX_PATH}:/home/hungatec/rob499_ws/install/rob599_more:/home/hungatec/rob499_ws/install/rob599_basic:/home/hungatec/rob499_ws/install/hw5:/home/hungatec/rob499_ws/install/hw4:/home/hungatec/rob499_ws/install/hw3:/home/hungatec/rob499_ws/install/hw2:/opt/ros/jazzy DEBUGINFOD_URLS=https://debuginfod.ubuntu.com /usr/bin/cmake --install /home/hungatec/rob499_ws/build/rob599_msgs
[12.694s] -- Install configuration: ""
[12.695s] -- Installing: /home/hungatec/rob499_ws/install/rob599_msgs/share/ament_index/resource_index/rosidl_interfaces/rob599_msgs
[12.697s] -- Installing: /home/hungatec/rob499_ws/install/rob599_msgs/share/rob599_msgs/msg/Object.json
[12.698s] -- Installing: /home/hungatec/rob499_ws/install/rob599_msgs/share/rob599_msgs/srv/Doubler.json
[12.700s] -- Installing: /home/hungatec/rob499_ws/install/rob599_msgs/share/rob599_msgs/srv/FibService.json
[12.700s] -- Installing: /home/hungatec/rob499_ws/install/rob599_msgs/share/rob599_msgs/action/Fibonacci.json
[12.700s] -- Installing: /home/hungatec/rob499_ws/install/rob599_msgs/include/rob599_msgs/rob599_msgs
[12.701s] -- Installing: /home/hungatec/rob499_ws/install/rob599_msgs/include/rob599_msgs/rob599_msgs/msg
[12.701s] -- Installing: /home/hungatec/rob499_ws/install/rob599_msgs/include/rob599_msgs/rob599_msgs/msg/object.h
[12.701s] -- Installing: /home/hungatec/rob499_ws/install/rob599_msgs/include/rob599_msgs/rob599_msgs/msg/detail
[12.704s] -- Installing: /home/hungatec/rob499_ws/install/rob599_msgs/include/rob599_msgs/rob599_msgs/msg/detail/object__functions.c
[12.705s] -- Installing: /home/hungatec/rob499_ws/install/rob599_msgs/include/rob599_msgs/rob599_msgs/msg/detail/object__type_support.c
[12.705s] -- Installing: /home/hungatec/rob499_ws/install/rob599_msgs/include/rob599_msgs/rob599_msgs/msg/detail/object__type_support.h
[12.705s] -- Installing: /home/hungatec/rob499_ws/install/rob599_msgs/include/rob599_msgs/rob599_msgs/msg/detail/object__description.c
[12.705s] -- Installing: /home/hungatec/rob499_ws/install/rob599_msgs/include/rob599_msgs/rob599_msgs/msg/detail/object__struct.h
[12.705s] -- Installing: /home/hungatec/rob499_ws/install/rob599_msgs/include/rob599_msgs/rob599_msgs/msg/detail/object__functions.h
[12.705s] -- Installing: /home/hungatec/rob499_ws/install/rob599_msgs/include/rob599_msgs/rob599_msgs/msg/rosidl_generator_c__visibility_control.h
[12.705s] -- Installing: /home/hungatec/rob499_ws/install/rob599_msgs/include/rob599_msgs/rob599_msgs/srv
[12.705s] -- Installing: /home/hungatec/rob499_ws/install/rob599_msgs/include/rob599_msgs/rob599_msgs/srv/fib_service.h
[12.705s] -- Installing: /home/hungatec/rob499_ws/install/rob599_msgs/include/rob599_msgs/rob599_msgs/srv/detail
[12.709s] -- Installing: /home/hungatec/rob499_ws/install/rob599_msgs/include/rob599_msgs/rob599_msgs/srv/detail/doubler__struct.h
[12.709s] -- Installing: /home/hungatec/rob499_ws/install/rob599_msgs/include/rob599_msgs/rob599_msgs/srv/detail/fib_service__type_support.h
[12.709s] -- Installing: /home/hungatec/rob499_ws/install/rob599_msgs/include/rob599_msgs/rob599_msgs/srv/detail/doubler__functions.h
[12.709s] -- Installing: /home/hungatec/rob499_ws/install/rob599_msgs/include/rob599_msgs/rob599_msgs/srv/detail/doubler__type_support.c
[12.710s] -- Installing: /home/hungatec/rob499_ws/install/rob599_msgs/include/rob599_msgs/rob599_msgs/srv/detail/fib_service__functions.h
[12.710s] -- Installing: /home/hungatec/rob499_ws/install/rob599_msgs/include/rob599_msgs/rob599_msgs/srv/detail/fib_service__struct.h
[12.710s] -- Installing: /home/hungatec/rob499_ws/install/rob599_msgs/include/rob599_msgs/rob599_msgs/srv/detail/fib_service__description.c
[12.710s] -- Installing: /home/hungatec/rob499_ws/install/rob599_msgs/include/rob599_msgs/rob599_msgs/srv/detail/fib_service__functions.c
[12.710s] -- Installing: /home/hungatec/rob499_ws/install/rob599_msgs/include/rob599_msgs/rob599_msgs/srv/detail/doubler__functions.c
[12.710s] -- Installing: /home/hungatec/rob499_ws/install/rob599_msgs/include/rob599_msgs/rob599_msgs/srv/detail/doubler__type_support.h
[12.710s] -- Installing: /home/hungatec/rob499_ws/install/rob599_msgs/include/rob599_msgs/rob599_msgs/srv/detail/fib_service__type_support.c
[12.710s] -- Installing: /home/hungatec/rob499_ws/install/rob599_msgs/include/rob599_msgs/rob599_msgs/srv/detail/doubler__description.c
[12.710s] -- Installing: /home/hungatec/rob499_ws/install/rob599_msgs/include/rob599_msgs/rob599_msgs/srv/doubler.h
[12.710s] -- Installing: /home/hungatec/rob499_ws/install/rob599_msgs/include/rob599_msgs/rob599_msgs/action
[12.710s] -- Installing: /home/hungatec/rob499_ws/install/rob599_msgs/include/rob599_msgs/rob599_msgs/action/detail
[12.715s] -- Installing: /home/hungatec/rob499_ws/install/rob599_msgs/include/rob599_msgs/rob599_msgs/action/detail/fibonacci__functions.c
[12.715s] -- Installing: /home/hungatec/rob499_ws/install/rob599_msgs/include/rob599_msgs/rob599_msgs/action/detail/fibonacci__type_support.c
[12.716s] -- Installing: /home/hungatec/rob499_ws/install/rob599_msgs/include/rob599_msgs/rob599_msgs/action/detail/fibonacci__struct.h
[12.716s] -- Installing: /home/hungatec/rob499_ws/install/rob599_msgs/include/rob599_msgs/rob599_msgs/action/detail/fibonacci__type_support.h
[12.716s] -- Installing: /home/hungatec/rob499_ws/install/rob599_msgs/include/rob599_msgs/rob599_msgs/action/detail/fibonacci__functions.h
[12.716s] -- Installing: /home/hungatec/rob499_ws/install/rob599_msgs/include/rob599_msgs/rob599_msgs/action/detail/fibonacci__description.c
[12.720s] -- Installing: /home/hungatec/rob499_ws/install/rob599_msgs/include/rob599_msgs/rob599_msgs/action/fibonacci.h
[12.721s] -- Installing: /home/hungatec/rob499_ws/install/rob599_msgs/share/rob599_msgs/environment/library_path.sh
[12.723s] -- Installing: /home/hungatec/rob499_ws/install/rob599_msgs/share/rob599_msgs/environment/library_path.dsv
[12.724s] -- Installing: /home/hungatec/rob499_ws/install/rob599_msgs/lib/librob599_msgs__rosidl_generator_c.so
[12.725s] -- Set non-toolchain portion of runtime path of "/home/hungatec/rob499_ws/install/rob599_msgs/lib/librob599_msgs__rosidl_generator_c.so" to ""
[12.726s] -- Up-to-date: /home/hungatec/rob499_ws/install/rob599_msgs/include/rob599_msgs/rob599_msgs
[12.726s] -- Up-to-date: /home/hungatec/rob499_ws/install/rob599_msgs/include/rob599_msgs/rob599_msgs/msg
[12.726s] -- Up-to-date: /home/hungatec/rob499_ws/install/rob599_msgs/include/rob599_msgs/rob599_msgs/msg/detail
[12.728s] -- Installing: /home/hungatec/rob499_ws/install/rob599_msgs/include/rob599_msgs/rob599_msgs/msg/detail/object__rosidl_typesupport_fastrtps_c.h
[12.728s] -- Installing: /home/hungatec/rob499_ws/install/rob599_msgs/include/rob599_msgs/rob599_msgs/msg/rosidl_typesupport_fastrtps_c__visibility_control.h
[12.728s] -- Up-to-date: /home/hungatec/rob499_ws/install/rob599_msgs/include/rob599_msgs/rob599_msgs/srv
[12.729s] -- Up-to-date: /home/hungatec/rob499_ws/install/rob599_msgs/include/rob599_msgs/rob599_msgs/srv/detail
[12.729s] -- Installing: /home/hungatec/rob499_ws/install/rob599_msgs/include/rob599_msgs/rob599_msgs/srv/detail/fib_service__rosidl_typesupport_fastrtps_c.h
[12.729s] -- Installing: /home/hungatec/rob499_ws/install/rob599_msgs/include/rob599_msgs/rob599_msgs/srv/detail/doubler__rosidl_typesupport_fastrtps_c.h
[12.729s] -- Up-to-date: /home/hungatec/rob499_ws/install/rob599_msgs/include/rob599_msgs/rob599_msgs/action
[12.729s] -- Up-to-date: /home/hungatec/rob499_ws/install/rob599_msgs/include/rob599_msgs/rob599_msgs/action/detail
[12.729s] -- Installing: /home/hungatec/rob499_ws/install/rob599_msgs/include/rob599_msgs/rob599_msgs/action/detail/fibonacci__rosidl_typesupport_fastrtps_c.h
[12.729s] -- Installing: /home/hungatec/rob499_ws/install/rob599_msgs/lib/librob599_msgs__rosidl_typesupport_fastrtps_c.so
[12.729s] -- Set non-toolchain portion of runtime path of "/home/hungatec/rob499_ws/install/rob599_msgs/lib/librob599_msgs__rosidl_typesupport_fastrtps_c.so" to ""
[12.729s] -- Up-to-date: /home/hungatec/rob499_ws/install/rob599_msgs/include/rob599_msgs/rob599_msgs
[12.729s] -- Up-to-date: /home/hungatec/rob499_ws/install/rob599_msgs/include/rob599_msgs/rob599_msgs/msg
[12.729s] -- Up-to-date: /home/hungatec/rob499_ws/install/rob599_msgs/include/rob599_msgs/rob599_msgs/msg/detail
[12.729s] -- Installing: /home/hungatec/rob499_ws/install/rob599_msgs/include/rob599_msgs/rob599_msgs/msg/detail/object__type_support.c
[12.729s] -- Installing: /home/hungatec/rob499_ws/install/rob599_msgs/include/rob599_msgs/rob599_msgs/msg/detail/object__rosidl_typesupport_introspection_c.h
[12.729s] -- Installing: /home/hungatec/rob499_ws/install/rob599_msgs/include/rob599_msgs/rob599_msgs/msg/rosidl_typesupport_introspection_c__visibility_control.h
[12.729s] -- Up-to-date: /home/hungatec/rob499_ws/install/rob599_msgs/include/rob599_msgs/rob599_msgs/srv
[12.729s] -- Up-to-date: /home/hungatec/rob499_ws/install/rob599_msgs/include/rob599_msgs/rob599_msgs/srv/detail
[12.730s] -- Installing: /home/hungatec/rob499_ws/install/rob599_msgs/include/rob599_msgs/rob599_msgs/srv/detail/doubler__type_support.c
[12.730s] -- Installing: /home/hungatec/rob499_ws/install/rob599_msgs/include/rob599_msgs/rob599_msgs/srv/detail/fib_service__rosidl_typesupport_introspection_c.h
[12.730s] -- Installing: /home/hungatec/rob499_ws/install/rob599_msgs/include/rob599_msgs/rob599_msgs/srv/detail/fib_service__type_support.c
[12.730s] -- Installing: /home/hungatec/rob499_ws/install/rob599_msgs/include/rob599_msgs/rob599_msgs/srv/detail/doubler__rosidl_typesupport_introspection_c.h
[12.730s] -- Up-to-date: /home/hungatec/rob499_ws/install/rob599_msgs/include/rob599_msgs/rob599_msgs/action
[12.730s] -- Up-to-date: /home/hungatec/rob499_ws/install/rob599_msgs/include/rob599_msgs/rob599_msgs/action/detail
[12.730s] -- Installing: /home/hungatec/rob499_ws/install/rob599_msgs/include/rob599_msgs/rob599_msgs/action/detail/fibonacci__type_support.c
[12.730s] -- Installing: /home/hungatec/rob499_ws/install/rob599_msgs/include/rob599_msgs/rob599_msgs/action/detail/fibonacci__rosidl_typesupport_introspection_c.h
[12.730s] -- Installing: /home/hungatec/rob499_ws/install/rob599_msgs/lib/librob599_msgs__rosidl_typesupport_introspection_c.so
[12.730s] -- Set non-toolchain portion of runtime path of "/home/hungatec/rob499_ws/install/rob599_msgs/lib/librob599_msgs__rosidl_typesupport_introspection_c.so" to ""
[12.730s] -- Installing: /home/hungatec/rob499_ws/install/rob599_msgs/lib/librob599_msgs__rosidl_typesupport_c.so
[12.731s] -- Set non-toolchain portion of runtime path of "/home/hungatec/rob499_ws/install/rob599_msgs/lib/librob599_msgs__rosidl_typesupport_c.so" to ""
[12.731s] -- Up-to-date: /home/hungatec/rob499_ws/install/rob599_msgs/include/rob599_msgs/rob599_msgs
[12.731s] -- Up-to-date: /home/hungatec/rob499_ws/install/rob599_msgs/include/rob599_msgs/rob599_msgs/msg
[12.731s] -- Installing: /home/hungatec/rob499_ws/install/rob599_msgs/include/rob599_msgs/rob599_msgs/msg/object.hpp
[12.731s] -- Installing: /home/hungatec/rob499_ws/install/rob599_msgs/include/rob599_msgs/rob599_msgs/msg/rosidl_generator_cpp__visibility_control.hpp
[12.731s] -- Up-to-date: /home/hungatec/rob499_ws/install/rob599_msgs/include/rob599_msgs/rob599_msgs/msg/detail
[12.731s] -- Installing: /home/hungatec/rob499_ws/install/rob599_msgs/include/rob599_msgs/rob599_msgs/msg/detail/object__struct.hpp
[12.731s] -- Installing: /home/hungatec/rob499_ws/install/rob599_msgs/include/rob599_msgs/rob599_msgs/msg/detail/object__traits.hpp
[12.731s] -- Installing: /home/hungatec/rob499_ws/install/rob599_msgs/include/rob599_msgs/rob599_msgs/msg/detail/object__type_support.hpp
[12.731s] -- Installing: /home/hungatec/rob499_ws/install/rob599_msgs/include/rob599_msgs/rob599_msgs/msg/detail/object__builder.hpp
[12.731s] -- Up-to-date: /home/hungatec/rob499_ws/install/rob599_msgs/include/rob599_msgs/rob599_msgs/srv
[12.731s] -- Installing: /home/hungatec/rob499_ws/install/rob599_msgs/include/rob599_msgs/rob599_msgs/srv/fib_service.hpp
[12.731s] -- Up-to-date: /home/hungatec/rob499_ws/install/rob599_msgs/include/rob599_msgs/rob599_msgs/srv/detail
[12.731s] -- Installing: /home/hungatec/rob499_ws/install/rob599_msgs/include/rob599_msgs/rob599_msgs/srv/detail/doubler__builder.hpp
[12.731s] -- Installing: /home/hungatec/rob499_ws/install/rob599_msgs/include/rob599_msgs/rob599_msgs/srv/detail/doubler__struct.hpp
[12.731s] -- Installing: /home/hungatec/rob499_ws/install/rob599_msgs/include/rob599_msgs/rob599_msgs/srv/detail/doubler__type_support.hpp
[12.732s] -- Installing: /home/hungatec/rob499_ws/install/rob599_msgs/include/rob599_msgs/rob599_msgs/srv/detail/fib_service__struct.hpp
[12.732s] -- Installing: /home/hungatec/rob499_ws/install/rob599_msgs/include/rob599_msgs/rob599_msgs/srv/detail/fib_service__builder.hpp
[12.732s] -- Installing: /home/hungatec/rob499_ws/install/rob599_msgs/include/rob599_msgs/rob599_msgs/srv/detail/fib_service__type_support.hpp
[12.732s] -- Installing: /home/hungatec/rob499_ws/install/rob599_msgs/include/rob599_msgs/rob599_msgs/srv/detail/doubler__traits.hpp
[12.732s] -- Installing: /home/hungatec/rob499_ws/install/rob599_msgs/include/rob599_msgs/rob599_msgs/srv/detail/fib_service__traits.hpp
[12.732s] -- Installing: /home/hungatec/rob499_ws/install/rob599_msgs/include/rob599_msgs/rob599_msgs/srv/doubler.hpp
[12.732s] -- Up-to-date: /home/hungatec/rob499_ws/install/rob599_msgs/include/rob599_msgs/rob599_msgs/action
[12.732s] -- Installing: /home/hungatec/rob499_ws/install/rob599_msgs/include/rob599_msgs/rob599_msgs/action/fibonacci.hpp
[12.732s] -- Up-to-date: /home/hungatec/rob499_ws/install/rob599_msgs/include/rob599_msgs/rob599_msgs/action/detail
[12.732s] -- Installing: /home/hungatec/rob499_ws/install/rob599_msgs/include/rob599_msgs/rob599_msgs/action/detail/fibonacci__type_support.hpp
[12.732s] -- Installing: /home/hungatec/rob499_ws/install/rob599_msgs/include/rob599_msgs/rob599_msgs/action/detail/fibonacci__struct.hpp
[12.732s] -- Installing: /home/hungatec/rob499_ws/install/rob599_msgs/include/rob599_msgs/rob599_msgs/action/detail/fibonacci__traits.hpp
[12.732s] -- Installing: /home/hungatec/rob499_ws/install/rob599_msgs/include/rob599_msgs/rob599_msgs/action/detail/fibonacci__builder.hpp
[12.733s] -- Up-to-date: /home/hungatec/rob499_ws/install/rob599_msgs/include/rob599_msgs/rob599_msgs
[12.733s] -- Up-to-date: /home/hungatec/rob499_ws/install/rob599_msgs/include/rob599_msgs/rob599_msgs/msg
[12.733s] -- Up-to-date: /home/hungatec/rob499_ws/install/rob599_msgs/include/rob599_msgs/rob599_msgs/msg/detail
[12.733s] -- Installing: /home/hungatec/rob499_ws/install/rob599_msgs/include/rob599_msgs/rob599_msgs/msg/detail/dds_fastrtps
[12.733s] -- Installing: /home/hungatec/rob499_ws/install/rob599_msgs/include/rob599_msgs/rob599_msgs/msg/detail/object__rosidl_typesupport_fastrtps_cpp.hpp
[12.733s] -- Installing: /home/hungatec/rob499_ws/install/rob599_msgs/include/rob599_msgs/rob599_msgs/msg/rosidl_typesupport_fastrtps_cpp__visibility_control.h
[12.733s] -- Up-to-date: /home/hungatec/rob499_ws/install/rob599_msgs/include/rob599_msgs/rob599_msgs/srv
[12.733s] -- Up-to-date: /home/hungatec/rob499_ws/install/rob599_msgs/include/rob599_msgs/rob599_msgs/srv/detail
[12.733s] -- Installing: /home/hungatec/rob499_ws/install/rob599_msgs/include/rob599_msgs/rob599_msgs/srv/detail/dds_fastrtps
[12.733s] -- Installing: /home/hungatec/rob499_ws/install/rob599_msgs/include/rob599_msgs/rob599_msgs/srv/detail/doubler__rosidl_typesupport_fastrtps_cpp.hpp
[12.733s] -- Installing: /home/hungatec/rob499_ws/install/rob599_msgs/include/rob599_msgs/rob599_msgs/srv/detail/fib_service__rosidl_typesupport_fastrtps_cpp.hpp
[12.733s] -- Up-to-date: /home/hungatec/rob499_ws/install/rob599_msgs/include/rob599_msgs/rob599_msgs/action
[12.734s] -- Up-to-date: /home/hungatec/rob499_ws/install/rob599_msgs/include/rob599_msgs/rob599_msgs/action/detail
[12.734s] -- Installing: /home/hungatec/rob499_ws/install/rob599_msgs/include/rob599_msgs/rob599_msgs/action/detail/dds_fastrtps
[12.734s] -- Installing: /home/hungatec/rob499_ws/install/rob599_msgs/include/rob599_msgs/rob599_msgs/action/detail/fibonacci__rosidl_typesupport_fastrtps_cpp.hpp
[12.734s] -- Installing: /home/hungatec/rob499_ws/install/rob599_msgs/lib/librob599_msgs__rosidl_typesupport_fastrtps_cpp.so
[12.734s] -- Set non-toolchain portion of runtime path of "/home/hungatec/rob499_ws/install/rob599_msgs/lib/librob599_msgs__rosidl_typesupport_fastrtps_cpp.so" to ""
[12.734s] -- Up-to-date: /home/hungatec/rob499_ws/install/rob599_msgs/include/rob599_msgs/rob599_msgs
[12.734s] -- Up-to-date: /home/hungatec/rob499_ws/install/rob599_msgs/include/rob599_msgs/rob599_msgs/msg
[12.734s] -- Up-to-date: /home/hungatec/rob499_ws/install/rob599_msgs/include/rob599_msgs/rob599_msgs/msg/detail
[12.734s] -- Installing: /home/hungatec/rob499_ws/install/rob599_msgs/include/rob599_msgs/rob599_msgs/msg/detail/object__type_support.cpp
[12.734s] -- Installing: /home/hungatec/rob499_ws/install/rob599_msgs/include/rob599_msgs/rob599_msgs/msg/detail/object__rosidl_typesupport_introspection_cpp.hpp
[12.734s] -- Up-to-date: /home/hungatec/rob499_ws/install/rob599_msgs/include/rob599_msgs/rob599_msgs/srv
[12.734s] -- Up-to-date: /home/hungatec/rob499_ws/install/rob599_msgs/include/rob599_msgs/rob599_msgs/srv/detail
[12.735s] -- Installing: /home/hungatec/rob499_ws/install/rob599_msgs/include/rob599_msgs/rob599_msgs/srv/detail/fib_service__type_support.cpp
[12.735s] -- Installing: /home/hungatec/rob499_ws/install/rob599_msgs/include/rob599_msgs/rob599_msgs/srv/detail/doubler__rosidl_typesupport_introspection_cpp.hpp
[12.735s] -- Installing: /home/hungatec/rob499_ws/install/rob599_msgs/include/rob599_msgs/rob599_msgs/srv/detail/doubler__type_support.cpp
[12.735s] -- Installing: /home/hungatec/rob499_ws/install/rob599_msgs/include/rob599_msgs/rob599_msgs/srv/detail/fib_service__rosidl_typesupport_introspection_cpp.hpp
[12.735s] -- Up-to-date: /home/hungatec/rob499_ws/install/rob599_msgs/include/rob599_msgs/rob599_msgs/action
[12.735s] -- Up-to-date: /home/hungatec/rob499_ws/install/rob599_msgs/include/rob599_msgs/rob599_msgs/action/detail
[12.735s] -- Installing: /home/hungatec/rob499_ws/install/rob599_msgs/include/rob599_msgs/rob599_msgs/action/detail/fibonacci__type_support.cpp
[12.735s] -- Installing: /home/hungatec/rob499_ws/install/rob599_msgs/include/rob599_msgs/rob599_msgs/action/detail/fibonacci__rosidl_typesupport_introspection_cpp.hpp
[12.735s] -- Installing: /home/hungatec/rob499_ws/install/rob599_msgs/lib/librob599_msgs__rosidl_typesupport_introspection_cpp.so
[12.735s] -- Set non-toolchain portion of runtime path of "/home/hungatec/rob499_ws/install/rob599_msgs/lib/librob599_msgs__rosidl_typesupport_introspection_cpp.so" to ""
[12.735s] -- Installing: /home/hungatec/rob499_ws/install/rob599_msgs/lib/librob599_msgs__rosidl_typesupport_cpp.so
[12.740s] -- Set non-toolchain portion of runtime path of "/home/hungatec/rob499_ws/install/rob599_msgs/lib/librob599_msgs__rosidl_typesupport_cpp.so" to ""
[12.740s] -- Installing: /home/hungatec/rob499_ws/install/rob599_msgs/share/rob599_msgs/environment/pythonpath.sh
[12.740s] -- Installing: /home/hungatec/rob499_ws/install/rob599_msgs/share/rob599_msgs/environment/pythonpath.dsv
[12.740s] -- Installing: /home/hungatec/rob499_ws/install/rob599_msgs/lib/python3.12/site-packages/rob599_msgs-0.1.0-py3.12.egg-info
[12.741s] -- Installing: /home/hungatec/rob499_ws/install/rob599_msgs/lib/python3.12/site-packages/rob599_msgs-0.1.0-py3.12.egg-info/top_level.txt
[12.741s] -- Installing: /home/hungatec/rob499_ws/install/rob599_msgs/lib/python3.12/site-packages/rob599_msgs-0.1.0-py3.12.egg-info/dependency_links.txt
[12.741s] -- Installing: /home/hungatec/rob499_ws/install/rob599_msgs/lib/python3.12/site-packages/rob599_msgs-0.1.0-py3.12.egg-info/PKG-INFO
[12.741s] -- Installing: /home/hungatec/rob499_ws/install/rob599_msgs/lib/python3.12/site-packages/rob599_msgs-0.1.0-py3.12.egg-info/SOURCES.txt
[12.742s] -- Installing: /home/hungatec/rob499_ws/install/rob599_msgs/lib/python3.12/site-packages/rob599_msgs
[12.742s] -- Installing: /home/hungatec/rob499_ws/install/rob599_msgs/lib/python3.12/site-packages/rob599_msgs/rob599_msgs_s__rosidl_typesupport_c.so
[12.742s] -- Installing: /home/hungatec/rob499_ws/install/rob599_msgs/lib/python3.12/site-packages/rob599_msgs/_rob599_msgs_s.ep.rosidl_typesupport_introspection_c.c
[12.742s] -- Installing: /home/hungatec/rob499_ws/install/rob599_msgs/lib/python3.12/site-packages/rob599_msgs/rob599_msgs_s__rosidl_typesupport_fastrtps_c.so
[12.742s] -- Installing: /home/hungatec/rob499_ws/install/rob599_msgs/lib/python3.12/site-packages/rob599_msgs/__init__.py
[12.743s] -- Installing: /home/hungatec/rob499_ws/install/rob599_msgs/lib/python3.12/site-packages/rob599_msgs/_rob599_msgs_s.ep.rosidl_typesupport_fastrtps_c.c
[12.743s] -- Installing: /home/hungatec/rob499_ws/install/rob599_msgs/lib/python3.12/site-packages/rob599_msgs/msg
[12.743s] -- Installing: /home/hungatec/rob499_ws/install/rob599_msgs/lib/python3.12/site-packages/rob599_msgs/msg/_object_s.c
[12.743s] -- Installing: /home/hungatec/rob499_ws/install/rob599_msgs/lib/python3.12/site-packages/rob599_msgs/msg/_object.py
[12.743s] -- Installing: /home/hungatec/rob499_ws/install/rob599_msgs/lib/python3.12/site-packages/rob599_msgs/msg/__init__.py
[12.744s] -- Installing: /home/hungatec/rob499_ws/install/rob599_msgs/lib/python3.12/site-packages/rob599_msgs/srv
[12.744s] -- Installing: /home/hungatec/rob499_ws/install/rob599_msgs/lib/python3.12/site-packages/rob599_msgs/srv/_doubler_s.c
[12.744s] -- Installing: /home/hungatec/rob499_ws/install/rob599_msgs/lib/python3.12/site-packages/rob599_msgs/srv/__init__.py
[12.744s] -- Installing: /home/hungatec/rob499_ws/install/rob599_msgs/lib/python3.12/site-packages/rob599_msgs/srv/_doubler.py
[12.744s] -- Installing: /home/hungatec/rob499_ws/install/rob599_msgs/lib/python3.12/site-packages/rob599_msgs/srv/_fib_service.py
[12.744s] -- Installing: /home/hungatec/rob499_ws/install/rob599_msgs/lib/python3.12/site-packages/rob599_msgs/srv/_fib_service_s.c
[12.745s] -- Installing: /home/hungatec/rob499_ws/install/rob599_msgs/lib/python3.12/site-packages/rob599_msgs/rob599_msgs_s__rosidl_typesupport_introspection_c.so
[12.746s] -- Installing: /home/hungatec/rob499_ws/install/rob599_msgs/lib/python3.12/site-packages/rob599_msgs/action
[12.746s] -- Installing: /home/hungatec/rob499_ws/install/rob599_msgs/lib/python3.12/site-packages/rob599_msgs/action/__init__.py
[12.746s] -- Installing: /home/hungatec/rob499_ws/install/rob599_msgs/lib/python3.12/site-packages/rob599_msgs/action/_fibonacci_s.c
[12.747s] -- Installing: /home/hungatec/rob499_ws/install/rob599_msgs/lib/python3.12/site-packages/rob599_msgs/action/_fibonacci.py
[12.747s] -- Installing: /home/hungatec/rob499_ws/install/rob599_msgs/lib/python3.12/site-packages/rob599_msgs/_rob599_msgs_s.ep.rosidl_typesupport_c.c
[12.844s] Listing '/home/hungatec/rob499_ws/install/rob599_msgs/lib/python3.12/site-packages/rob599_msgs'...
[12.844s] Compiling '/home/hungatec/rob499_ws/install/rob599_msgs/lib/python3.12/site-packages/rob599_msgs/__init__.py'...
[12.844s] Listing '/home/hungatec/rob499_ws/install/rob599_msgs/lib/python3.12/site-packages/rob599_msgs/action'...
[12.844s] Compiling '/home/hungatec/rob499_ws/install/rob599_msgs/lib/python3.12/site-packages/rob599_msgs/action/__init__.py'...
[12.844s] Compiling '/home/hungatec/rob499_ws/install/rob599_msgs/lib/python3.12/site-packages/rob599_msgs/action/_fibonacci.py'...
[12.845s] Listing '/home/hungatec/rob499_ws/install/rob599_msgs/lib/python3.12/site-packages/rob599_msgs/msg'...
[12.845s] Compiling '/home/hungatec/rob499_ws/install/rob599_msgs/lib/python3.12/site-packages/rob599_msgs/msg/__init__.py'...
[12.845s] Compiling '/home/hungatec/rob499_ws/install/rob599_msgs/lib/python3.12/site-packages/rob599_msgs/msg/_object.py'...
[12.845s] Listing '/home/hungatec/rob499_ws/install/rob599_msgs/lib/python3.12/site-packages/rob599_msgs/srv'...
[12.845s] Compiling '/home/hungatec/rob499_ws/install/rob599_msgs/lib/python3.12/site-packages/rob599_msgs/srv/__init__.py'...
[12.845s] Compiling '/home/hungatec/rob499_ws/install/rob599_msgs/lib/python3.12/site-packages/rob599_msgs/srv/_doubler.py'...
[12.845s] Compiling '/home/hungatec/rob499_ws/install/rob599_msgs/lib/python3.12/site-packages/rob599_msgs/srv/_fib_service.py'...
[12.852s] -- Installing: /home/hungatec/rob499_ws/install/rob599_msgs/lib/python3.12/site-packages/rob599_msgs/rob599_msgs_s__rosidl_typesupport_fastrtps_c.so
[12.852s] -- Set non-toolchain portion of runtime path of "/home/hungatec/rob499_ws/install/rob599_msgs/lib/python3.12/site-packages/rob599_msgs/rob599_msgs_s__rosidl_typesupport_fastrtps_c.so" to ""
[12.852s] -- Installing: /home/hungatec/rob499_ws/install/rob599_msgs/lib/python3.12/site-packages/rob599_msgs/rob599_msgs_s__rosidl_typesupport_introspection_c.so
[12.852s] -- Set non-toolchain portion of runtime path of "/home/hungatec/rob499_ws/install/rob599_msgs/lib/python3.12/site-packages/rob599_msgs/rob599_msgs_s__rosidl_typesupport_introspection_c.so" to ""
[12.852s] -- Installing: /home/hungatec/rob499_ws/install/rob599_msgs/lib/python3.12/site-packages/rob599_msgs/rob599_msgs_s__rosidl_typesupport_c.so
[12.855s] -- Set non-toolchain portion of runtime path of "/home/hungatec/rob499_ws/install/rob599_msgs/lib/python3.12/site-packages/rob599_msgs/rob599_msgs_s__rosidl_typesupport_c.so" to ""
[12.855s] -- Installing: /home/hungatec/rob499_ws/install/rob599_msgs/lib/librob599_msgs__rosidl_generator_py.so
[12.855s] -- Set non-toolchain portion of runtime path of "/home/hungatec/rob499_ws/install/rob599_msgs/lib/librob599_msgs__rosidl_generator_py.so" to ""
[12.855s] -- Installing: /home/hungatec/rob499_ws/install/rob599_msgs/share/rob599_msgs/msg/Object.idl
[12.856s] -- Installing: /home/hungatec/rob499_ws/install/rob599_msgs/share/rob599_msgs/srv/Doubler.idl
[12.856s] -- Installing: /home/hungatec/rob499_ws/install/rob599_msgs/share/rob599_msgs/srv/FibService.idl
[12.856s] -- Installing: /home/hungatec/rob499_ws/install/rob599_msgs/share/rob599_msgs/action/Fibonacci.idl
[12.856s] -- Installing: /home/hungatec/rob499_ws/install/rob599_msgs/share/rob599_msgs/msg/Object.msg
[12.856s] -- Installing: /home/hungatec/rob499_ws/install/rob599_msgs/share/rob599_msgs/srv/Doubler.srv
[12.856s] -- Installing: /home/hungatec/rob499_ws/install/rob599_msgs/share/rob599_msgs/srv/FibService.srv
[12.857s] -- Installing: /home/hungatec/rob499_ws/install/rob599_msgs/share/rob599_msgs/action/Fibonacci.action
[12.859s] -- Installing: /home/hungatec/rob499_ws/install/rob599_msgs/share/ament_index/resource_index/package_run_dependencies/rob599_msgs
[12.859s] -- Installing: /home/hungatec/rob499_ws/install/rob599_msgs/share/ament_index/resource_index/parent_prefix_path/rob599_msgs
[12.859s] -- Installing: /home/hungatec/rob499_ws/install/rob599_msgs/share/rob599_msgs/environment/ament_prefix_path.sh
[12.860s] -- Installing: /home/hungatec/rob499_ws/install/rob599_msgs/share/rob599_msgs/environment/ament_prefix_path.dsv
[12.861s] -- Installing: /home/hungatec/rob499_ws/install/rob599_msgs/share/rob599_msgs/environment/path.sh
[12.861s] -- Installing: /home/hungatec/rob499_ws/install/rob599_msgs/share/rob599_msgs/environment/path.dsv
[12.861s] -- Installing: /home/hungatec/rob499_ws/install/rob599_msgs/share/rob599_msgs/local_setup.bash
[12.861s] -- Installing: /home/hungatec/rob499_ws/install/rob599_msgs/share/rob599_msgs/local_setup.sh
[12.861s] -- Installing: /home/hungatec/rob499_ws/install/rob599_msgs/share/rob599_msgs/local_setup.zsh
[12.861s] -- Installing: /home/hungatec/rob499_ws/install/rob599_msgs/share/rob599_msgs/local_setup.dsv
[12.861s] -- Installing: /home/hungatec/rob499_ws/install/rob599_msgs/share/rob599_msgs/package.dsv
[12.861s] -- Installing: /home/hungatec/rob499_ws/install/rob599_msgs/share/ament_index/resource_index/packages/rob599_msgs
[12.863s] -- Installing: /home/hungatec/rob499_ws/install/rob599_msgs/share/rob599_msgs/cmake/export_rob599_msgs__rosidl_generator_cExport.cmake
[12.863s] -- Installing: /home/hungatec/rob499_ws/install/rob599_msgs/share/rob599_msgs/cmake/export_rob599_msgs__rosidl_generator_cExport-noconfig.cmake
[12.863s] -- Installing: /home/hungatec/rob499_ws/install/rob599_msgs/share/rob599_msgs/cmake/export_rob599_msgs__rosidl_typesupport_fastrtps_cExport.cmake
[12.864s] -- Installing: /home/hungatec/rob499_ws/install/rob599_msgs/share/rob599_msgs/cmake/export_rob599_msgs__rosidl_typesupport_fastrtps_cExport-noconfig.cmake
[12.864s] -- Installing: /home/hungatec/rob499_ws/install/rob599_msgs/share/rob599_msgs/cmake/rob599_msgs__rosidl_typesupport_introspection_cExport.cmake
[12.864s] -- Installing: /home/hungatec/rob499_ws/install/rob599_msgs/share/rob599_msgs/cmake/rob599_msgs__rosidl_typesupport_introspection_cExport-noconfig.cmake
[12.864s] -- Installing: /home/hungatec/rob499_ws/install/rob599_msgs/share/rob599_msgs/cmake/rob599_msgs__rosidl_typesupport_cExport.cmake
[12.864s] -- Installing: /home/hungatec/rob499_ws/install/rob599_msgs/share/rob599_msgs/cmake/rob599_msgs__rosidl_typesupport_cExport-noconfig.cmake
[12.864s] -- Installing: /home/hungatec/rob499_ws/install/rob599_msgs/share/rob599_msgs/cmake/export_rob599_msgs__rosidl_generator_cppExport.cmake
[12.864s] -- Installing: /home/hungatec/rob499_ws/install/rob599_msgs/share/rob599_msgs/cmake/export_rob599_msgs__rosidl_typesupport_fastrtps_cppExport.cmake
[12.864s] -- Installing: /home/hungatec/rob499_ws/install/rob599_msgs/share/rob599_msgs/cmake/export_rob599_msgs__rosidl_typesupport_fastrtps_cppExport-noconfig.cmake
[12.864s] -- Installing: /home/hungatec/rob499_ws/install/rob599_msgs/share/rob599_msgs/cmake/rob599_msgs__rosidl_typesupport_introspection_cppExport.cmake
[12.864s] -- Installing: /home/hungatec/rob499_ws/install/rob599_msgs/share/rob599_msgs/cmake/rob599_msgs__rosidl_typesupport_introspection_cppExport-noconfig.cmake
[12.864s] -- Installing: /home/hungatec/rob499_ws/install/rob599_msgs/share/rob599_msgs/cmake/rob599_msgs__rosidl_typesupport_cppExport.cmake
[12.864s] -- Installing: /home/hungatec/rob499_ws/install/rob599_msgs/share/rob599_msgs/cmake/rob599_msgs__rosidl_typesupport_cppExport-noconfig.cmake
[12.865s] -- Installing: /home/hungatec/rob499_ws/install/rob599_msgs/share/rob599_msgs/cmake/export_rob599_msgs__rosidl_generator_pyExport.cmake
[12.866s] -- Installing: /home/hungatec/rob499_ws/install/rob599_msgs/share/rob599_msgs/cmake/export_rob599_msgs__rosidl_generator_pyExport-noconfig.cmake
[12.866s] -- Installing: /home/hungatec/rob499_ws/install/rob599_msgs/share/rob599_msgs/cmake/rosidl_cmake-extras.cmake
[12.866s] -- Installing: /home/hungatec/rob499_ws/install/rob599_msgs/share/rob599_msgs/cmake/ament_cmake_export_dependencies-extras.cmake
[12.867s] -- Installing: /home/hungatec/rob499_ws/install/rob599_msgs/share/rob599_msgs/cmake/ament_cmake_export_include_directories-extras.cmake
[12.867s] -- Installing: /home/hungatec/rob499_ws/install/rob599_msgs/share/rob599_msgs/cmake/ament_cmake_export_libraries-extras.cmake
[12.867s] -- Installing: /home/hungatec/rob499_ws/install/rob599_msgs/share/rob599_msgs/cmake/ament_cmake_export_targets-extras.cmake
[12.867s] -- Installing: /home/hungatec/rob499_ws/install/rob599_msgs/share/rob599_msgs/cmake/rosidl_cmake_export_typesupport_targets-extras.cmake
[12.867s] -- Installing: /home/hungatec/rob499_ws/install/rob599_msgs/share/rob599_msgs/cmake/rosidl_cmake_export_typesupport_libraries-extras.cmake
[12.867s] -- Installing: /home/hungatec/rob499_ws/install/rob599_msgs/share/rob599_msgs/cmake/rob599_msgsConfig.cmake
[12.867s] -- Installing: /home/hungatec/rob499_ws/install/rob599_msgs/share/rob599_msgs/cmake/rob599_msgsConfig-version.cmake
[12.867s] -- Installing: /home/hungatec/rob499_ws/install/rob599_msgs/share/rob599_msgs/package.xml
[12.871s] Invoked command in '/home/hungatec/rob499_ws/build/rob599_msgs' returned '0': CMAKE_PREFIX_PATH=${CMAKE_PREFIX_PATH}:/home/hungatec/rob499_ws/install/rob599_more:/home/hungatec/rob499_ws/install/rob599_basic:/home/hungatec/rob499_ws/install/hw5:/home/hungatec/rob499_ws/install/hw4:/home/hungatec/rob499_ws/install/hw3:/home/hungatec/rob499_ws/install/hw2:/opt/ros/jazzy DEBUGINFOD_URLS=https://debuginfod.ubuntu.com /usr/bin/cmake --install /home/hungatec/rob499_ws/build/rob599_msgs
