[0.052s] Invoking command in '/home/hungatec/rob499_ws/build/hw7': CMAKE_PREFIX_PATH=${CMAKE_PREFIX_PATH}:/opt/ros/jazzy DEBUGINFOD_URLS=https://debuginfod.ubuntu.com /usr/bin/cmake --build /home/hungatec/rob499_ws/build/hw7 -- -j4 -l4
[0.631s] [ 50%] [32mBuilding CXX object CMakeFiles/background_remover.dir/src/background_remover.cpp.o[0m
[30.177s] [100%] [32m[1mLinking CXX executable background_remover[0m
[34.496s] [100%] Built target background_remover
[34.534s] Invoked command in '/home/hungatec/rob499_ws/build/hw7' returned '0': CMAKE_PREFIX_PATH=${CMAKE_PREFIX_PATH}:/opt/ros/jazzy DEBUGINFOD_URLS=https://debuginfod.ubuntu.com /usr/bin/cmake --build /home/hungatec/rob499_ws/build/hw7 -- -j4 -l4
[34.554s] Invoking command in '/home/hungatec/rob499_ws/build/hw7': CMAKE_PREFIX_PATH=${CMAKE_PREFIX_PATH}:/opt/ros/jazzy DEBUGINFOD_URLS=https://debuginfod.ubuntu.com /usr/bin/cmake --install /home/hungatec/rob499_ws/build/hw7
[34.565s] -- Install configuration: ""
[34.566s] -- Installing: /home/hungatec/rob499_ws/install/hw7/lib/hw7/background_remover
[34.576s] -- Set non-toolchain portion of runtime path of "/home/hungatec/rob499_ws/install/hw7/lib/hw7/background_remover" to ""
[34.577s] -- Up-to-date: /home/hungatec/rob499_ws/install/hw7/include/hw7/include
[34.577s] -- Up-to-date: /home/hungatec/rob499_ws/install/hw7/include/hw7/include/hw7
[34.577s] -- Up-to-date: /home/hungatec/rob499_ws/install/hw7/share/ament_index/resource_index/package_run_dependencies/hw7
[34.577s] -- Up-to-date: /home/hungatec/rob499_ws/install/hw7/share/ament_index/resource_index/parent_prefix_path/hw7
[34.578s] -- Up-to-date: /home/hungatec/rob499_ws/install/hw7/share/hw7/environment/ament_prefix_path.sh
[34.578s] -- Up-to-date: /home/hungatec/rob499_ws/install/hw7/share/hw7/environment/ament_prefix_path.dsv
[34.578s] -- Up-to-date: /home/hungatec/rob499_ws/install/hw7/share/hw7/environment/path.sh
[34.578s] -- Up-to-date: /home/hungatec/rob499_ws/install/hw7/share/hw7/environment/path.dsv
[34.579s] -- Up-to-date: /home/hungatec/rob499_ws/install/hw7/share/hw7/local_setup.bash
[34.579s] -- Up-to-date: /home/hungatec/rob499_ws/install/hw7/share/hw7/local_setup.sh
[34.581s] -- Up-to-date: /home/hungatec/rob499_ws/install/hw7/share/hw7/local_setup.zsh
[34.581s] -- Up-to-date: /home/hungatec/rob499_ws/install/hw7/share/hw7/local_setup.dsv
[34.581s] -- Installing: /home/hungatec/rob499_ws/install/hw7/share/hw7/package.dsv
[34.581s] -- Up-to-date: /home/hungatec/rob499_ws/install/hw7/share/ament_index/resource_index/packages/hw7
[34.581s] -- Up-to-date: /home/hungatec/rob499_ws/install/hw7/share/hw7/cmake/hw7Config.cmake
[34.582s] -- Up-to-date: /home/hungatec/rob499_ws/install/hw7/share/hw7/cmake/hw7Config-version.cmake
[34.583s] -- Up-to-date: /home/hungatec/rob499_ws/install/hw7/share/hw7/package.xml
[34.584s] Invoked command in '/home/hungatec/rob499_ws/build/hw7' returned '0': CMAKE_PREFIX_PATH=${CMAKE_PREFIX_PATH}:/opt/ros/jazzy DEBUGINFOD_URLS=https://debuginfod.ubuntu.com /usr/bin/cmake --install /home/hungatec/rob499_ws/build/hw7
