[33mCMake Warning (dev) at /usr/lib/x86_64-linux-gnu/cmake/pcl/Modules/FindFLANN.cmake:45 (find_package):
  Policy CMP0144 is not set: find_package uses upper-case <PACKAGENAME>_ROOT
  variables.  Run "cmake --help-policy CMP0144" for policy details.  Use the
  cmake_policy command to set the policy and suppress this warning.

  CMake variable FLANN_ROOT is set to:

    /usr

  For compatibility, find_package is ignoring the variable, but code in a
  .cmake module might still use it.
Call Stack (most recent call first):
  /usr/lib/x86_64-linux-gnu/cmake/pcl/PCLConfig.cmake:261 (find_package)
  /usr/lib/x86_64-linux-gnu/cmake/pcl/PCLConfig.cmake:306 (find_flann)
  /usr/lib/x86_64-linux-gnu/cmake/pcl/PCLConfig.cmake:570 (find_external_library)
  /opt/ros/jazzy/share/pcl_conversions/cmake/ament_cmake_export_dependencies-extras.cmake:21 (find_package)
  /opt/ros/jazzy/share/pcl_conversions/cmake/pcl_conversionsConfig.cmake:41 (include)
  /opt/ros/jazzy/share/pcl_ros/cmake/ament_cmake_export_dependencies-extras.cmake:21 (find_package)
  /opt/ros/jazzy/share/pcl_ros/cmake/pcl_rosConfig.cmake:41 (include)
  CMakeLists.txt:19 (find_package)
This warning is for project developers.  Use -Wno-dev to suppress it.
[0m
[01m[K/home/hungatec/rob499_ws/src/hw7/src/table_remover.cpp:[m[K In member function ‘[01m[Kvoid TableRemover::[01;32m[Kcallback[m[K(sensor_msgs::msg::PointCloud2_<std::allocator<void> >::SharedPtr)[m[K’:
[01m[K/home/hungatec/rob499_ws/src/hw7/src/table_remover.cpp:100:25:[m[K [01;31m[Kerror: [m[K‘[01m[Ktf2[m[K’ has not been declared
  100 |                         [01;31m[Ktf2[m[K::Vector3 normal(a, b, c);
      |                         [01;31m[K^~~[m[K
[01m[K/home/hungatec/rob499_ws/src/hw7/src/table_remover.cpp:101:25:[m[K [01;31m[Kerror: [m[K‘[01m[Ktf2[m[K’ has not been declared
  101 |                         [01;31m[Ktf2[m[K::Vector3 up(0.0, 0.0, 1.0);
      |                         [01;31m[K^~~[m[K
[01m[K/home/hungatec/rob499_ws/src/hw7/src/table_remover.cpp:102:25:[m[K [01;31m[Kerror: [m[K‘[01m[Ktf2[m[K’ has not been declared
  102 |                         [01;31m[Ktf2[m[K::Quaternion q;
      |                         [01;31m[K^~~[m[K
[01m[K/home/hungatec/rob499_ws/src/hw7/src/table_remover.cpp:103:25:[m[K [01;31m[Kerror: [m[K‘[01m[Kq[m[K’ was not declared in this scope
  103 |                         [01;31m[Kq[m[K.setRotation(up.cross(normal), acos(up.dot(normal)));
      |                         [01;31m[K^[m[K
[01m[K/home/hungatec/rob499_ws/src/hw7/src/table_remover.cpp:103:39:[m[K [01;31m[Kerror: [m[K‘[01m[Kup[m[K’ was not declared in this scope; did you mean ‘[01m[Kdup[m[K’?
  103 |                         q.setRotation([01;31m[Kup[m[K.cross(normal), acos(up.dot(normal)));
      |                                       [01;31m[K^~[m[K
      |                                       [32m[Kdup[m[K
[01m[K/home/hungatec/rob499_ws/src/hw7/src/table_remover.cpp:103:48:[m[K [01;31m[Kerror: [m[K‘[01m[Knormal[m[K’ was not declared in this scope
  103 |                         q.setRotation(up.cross([01;31m[Knormal[m[K), acos(up.dot(normal)));
      |                                                [01;31m[K^~~~~~[m[K
gmake[2]: *** [CMakeFiles/table_remover.dir/build.make:76: CMakeFiles/table_remover.dir/src/table_remover.cpp.o] Error 1
gmake[1]: *** [CMakeFiles/Makefile2:165: CMakeFiles/table_remover.dir/all] Error 2
gmake: *** [Makefile:146: all] Error 2
