[1.444s] Invoking command in '/home/hungatec/rob499_ws/src/hw7_py': DEBUGINFOD_URLS=https://debuginfod.ubuntu.com PYTHONPATH=/home/hungatec/rob499_ws/build/hw7_py/prefix_override:/usr/lib/python3/dist-packages/colcon_core/task/python/colcon_distutils_commands:/home/hungatec/rob499_ws/install/hw7_py/lib/python3.12/site-packages:${PYTHONPATH} /usr/bin/python3 -W ignore:setup.py install is deprecated -W ignore:easy_install command is deprecated setup.py egg_info --egg-base ../../build/hw7_py build --build-base /home/hungatec/rob499_ws/build/hw7_py/build install --record /home/hungatec/rob499_ws/build/hw7_py/install.log --single-version-externally-managed install_data
[1.905s] running egg_info
[1.930s] writing ../../build/hw7_py/hw7_py.egg-info/PKG-INFO
[1.931s] writing dependency_links to ../../build/hw7_py/hw7_py.egg-info/dependency_links.txt
[1.931s] writing entry points to ../../build/hw7_py/hw7_py.egg-info/entry_points.txt
[1.931s] writing requirements to ../../build/hw7_py/hw7_py.egg-info/requires.txt
[1.931s] writing top-level names to ../../build/hw7_py/hw7_py.egg-info/top_level.txt
[1.969s] reading manifest file '../../build/hw7_py/hw7_py.egg-info/SOURCES.txt'
[1.970s] adding license file 'LICENSE'
[1.974s] writing manifest file '../../build/hw7_py/hw7_py.egg-info/SOURCES.txt'
[1.976s] running build
[1.981s] running build_py
[1.981s] copying hw7_py/object_detector.py -> /home/hungatec/rob499_ws/build/hw7_py/build/lib/hw7_py
[1.981s] running install
[1.993s] running install_lib
[2.026s] copying /home/hungatec/rob499_ws/build/hw7_py/build/lib/hw7_py/object_detector.py -> /home/hungatec/rob499_ws/install/hw7_py/lib/python3.12/site-packages/hw7_py
[2.032s] byte-compiling /home/hungatec/rob499_ws/install/hw7_py/lib/python3.12/site-packages/hw7_py/object_detector.py to object_detector.cpython-312.pyc
[2.034s] running install_data
[2.034s] running install_egg_info
[2.064s] removing '/home/hungatec/rob499_ws/install/hw7_py/lib/python3.12/site-packages/hw7_py-0.0.0-py3.12.egg-info' (and everything under it)
[2.065s] Copying ../../build/hw7_py/hw7_py.egg-info to /home/hungatec/rob499_ws/install/hw7_py/lib/python3.12/site-packages/hw7_py-0.0.0-py3.12.egg-info
[2.070s] running install_scripts
[2.264s] Installing object_detector script to /home/hungatec/rob499_ws/install/hw7_py/lib/hw7_py
[2.265s] writing list of installed files to '/home/hungatec/rob499_ws/build/hw7_py/install.log'
[2.321s] Invoked command in '/home/hungatec/rob499_ws/src/hw7_py' returned '0': DEBUGINFOD_URLS=https://debuginfod.ubuntu.com PYTHONPATH=/home/hungatec/rob499_ws/build/hw7_py/prefix_override:/usr/lib/python3/dist-packages/colcon_core/task/python/colcon_distutils_commands:/home/hungatec/rob499_ws/install/hw7_py/lib/python3.12/site-packages:${PYTHONPATH} /usr/bin/python3 -W ignore:setup.py install is deprecated -W ignore:easy_install command is deprecated setup.py egg_info --egg-base ../../build/hw7_py build --build-base /home/hungatec/rob499_ws/build/hw7_py/build install --record /home/hungatec/rob499_ws/build/hw7_py/install.log --single-version-externally-managed install_data
