[2.421s] Invoking command in '/home/hungatec/rob499_ws/src/hw3': DEBUGINFOD_URLS=https://debuginfod.ubuntu.com PYTHONPATH=/home/hungatec/rob499_ws/build/hw3/prefix_override:/usr/lib/python3/dist-packages/colcon_core/task/python/colcon_distutils_commands:/home/hungatec/rob499_ws/install/hw3/lib/python3.12/site-packages:${PYTHONPATH} /usr/bin/python3 -W ignore:setup.py install is deprecated -W ignore:easy_install command is deprecated setup.py egg_info --egg-base ../../build/hw3 build --build-base /home/hungatec/rob499_ws/build/hw3/build install --record /home/hungatec/rob499_ws/build/hw3/install.log --single-version-externally-managed install_data
[2.934s] running egg_info
[2.968s] writing ../../build/hw3/hw3.egg-info/PKG-INFO
[2.970s] writing dependency_links to ../../build/hw3/hw3.egg-info/dependency_links.txt
[2.971s] writing entry points to ../../build/hw3/hw3.egg-info/entry_points.txt
[2.972s] writing requirements to ../../build/hw3/hw3.egg-info/requires.txt
[2.973s] writing top-level names to ../../build/hw3/hw3.egg-info/top_level.txt
[3.048s] reading manifest file '../../build/hw3/hw3.egg-info/SOURCES.txt'
[3.050s] adding license file 'LICENSE'
[3.052s] writing manifest file '../../build/hw3/hw3.egg-info/SOURCES.txt'
[3.052s] running build
[3.054s] running build_py
[3.054s] running install
[3.079s] running install_lib
[3.111s] running install_data
[3.112s] running install_egg_info
[3.169s] removing '/home/hungatec/rob499_ws/install/hw3/lib/python3.12/site-packages/hw3-0.0.0-py3.12.egg-info' (and everything under it)
[3.170s] Copying ../../build/hw3/hw3.egg-info to /home/hungatec/rob499_ws/install/hw3/lib/python3.12/site-packages/hw3-0.0.0-py3.12.egg-info
[3.172s] running install_scripts
[3.578s] Installing data_receiver script to /home/hungatec/rob499_ws/install/hw3/lib/hw3
[3.582s] Installing data_sender script to /home/hungatec/rob499_ws/install/hw3/lib/hw3
[3.585s] writing list of installed files to '/home/hungatec/rob499_ws/build/hw3/install.log'
[3.777s] Invoked command in '/home/hungatec/rob499_ws/src/hw3' returned '0': DEBUGINFOD_URLS=https://debuginfod.ubuntu.com PYTHONPATH=/home/hungatec/rob499_ws/build/hw3/prefix_override:/usr/lib/python3/dist-packages/colcon_core/task/python/colcon_distutils_commands:/home/hungatec/rob499_ws/install/hw3/lib/python3.12/site-packages:${PYTHONPATH} /usr/bin/python3 -W ignore:setup.py install is deprecated -W ignore:easy_install command is deprecated setup.py egg_info --egg-base ../../build/hw3 build --build-base /home/hungatec/rob499_ws/build/hw3/build install --record /home/hungatec/rob499_ws/build/hw3/install.log --single-version-externally-managed install_data
