[4.076s] Invoking command in '/home/hungatec/rob499_ws/src/hw7_py': DEBUGINFOD_URLS=https://debuginfod.ubuntu.com PYTHONPATH=/home/hungatec/rob499_ws/build/hw7_py/prefix_override:/usr/lib/python3/dist-packages/colcon_core/task/python/colcon_distutils_commands:/home/hungatec/rob499_ws/install/hw7_py/lib/python3.12/site-packages:${PYTHONPATH} /usr/bin/python3 -W ignore:setup.py install is deprecated -W ignore:easy_install command is deprecated setup.py egg_info --egg-base ../../build/hw7_py build --build-base /home/hungatec/rob499_ws/build/hw7_py/build install --record /home/hungatec/rob499_ws/build/hw7_py/install.log --single-version-externally-managed install_data
[5.100s] running egg_info
[5.215s] writing ../../build/hw7_py/hw7_py.egg-info/PKG-INFO
[5.215s] writing dependency_links to ../../build/hw7_py/hw7_py.egg-info/dependency_links.txt
[5.216s] writing entry points to ../../build/hw7_py/hw7_py.egg-info/entry_points.txt
[5.216s] writing requirements to ../../build/hw7_py/hw7_py.egg-info/requires.txt
[5.216s] writing top-level names to ../../build/hw7_py/hw7_py.egg-info/top_level.txt
[5.534s] reading manifest file '../../build/hw7_py/hw7_py.egg-info/SOURCES.txt'
[5.534s] adding license file 'LICENSE'
[5.534s] writing manifest file '../../build/hw7_py/hw7_py.egg-info/SOURCES.txt'
[5.534s] running build
[5.534s] running build_py
[5.534s] copying hw7_py/object_detector.py -> /home/hungatec/rob499_ws/build/hw7_py/build/lib/hw7_py
[5.534s] running install
[5.552s] running install_lib
[5.601s] copying /home/hungatec/rob499_ws/build/hw7_py/build/lib/hw7_py/object_detector.py -> /home/hungatec/rob499_ws/install/hw7_py/lib/python3.12/site-packages/hw7_py
[5.603s] byte-compiling /home/hungatec/rob499_ws/install/hw7_py/lib/python3.12/site-packages/hw7_py/object_detector.py to object_detector.cpython-312.pyc
[5.606s] running install_data
[5.606s] running install_egg_info
[5.647s] removing '/home/hungatec/rob499_ws/install/hw7_py/lib/python3.12/site-packages/hw7_py-0.0.0-py3.12.egg-info' (and everything under it)
[5.647s] Copying ../../build/hw7_py/hw7_py.egg-info to /home/hungatec/rob499_ws/install/hw7_py/lib/python3.12/site-packages/hw7_py-0.0.0-py3.12.egg-info
[5.647s] running install_scripts
[6.065s] Installing object_detector script to /home/hungatec/rob499_ws/install/hw7_py/lib/hw7_py
[6.066s] writing list of installed files to '/home/hungatec/rob499_ws/build/hw7_py/install.log'
[6.135s] Invoked command in '/home/hungatec/rob499_ws/src/hw7_py' returned '0': DEBUGINFOD_URLS=https://debuginfod.ubuntu.com PYTHONPATH=/home/hungatec/rob499_ws/build/hw7_py/prefix_override:/usr/lib/python3/dist-packages/colcon_core/task/python/colcon_distutils_commands:/home/hungatec/rob499_ws/install/hw7_py/lib/python3.12/site-packages:${PYTHONPATH} /usr/bin/python3 -W ignore:setup.py install is deprecated -W ignore:easy_install command is deprecated setup.py egg_info --egg-base ../../build/hw7_py build --build-base /home/hungatec/rob499_ws/build/hw7_py/build install --record /home/hungatec/rob499_ws/build/hw7_py/install.log --single-version-externally-managed install_data
