[1.154s] Invoking command in '/home/hungatec/rob499_ws/src/hw7_py': DEBUGINFOD_URLS=https://debuginfod.ubuntu.com PYTHONPATH=/home/hungatec/rob499_ws/build/hw7_py/prefix_override:/usr/lib/python3/dist-packages/colcon_core/task/python/colcon_distutils_commands:/home/hungatec/rob499_ws/install/hw7_py/lib/python3.12/site-packages:${PYTHONPATH} /usr/bin/python3 -W ignore:setup.py install is deprecated -W ignore:easy_install command is deprecated setup.py egg_info --egg-base ../../build/hw7_py build --build-base /home/hungatec/rob499_ws/build/hw7_py/build install --record /home/hungatec/rob499_ws/build/hw7_py/install.log --single-version-externally-managed install_data
[1.472s] running egg_info
[1.502s] writing ../../build/hw7_py/hw7_py.egg-info/PKG-INFO
[1.504s] writing dependency_links to ../../build/hw7_py/hw7_py.egg-info/dependency_links.txt
[1.505s] writing entry points to ../../build/hw7_py/hw7_py.egg-info/entry_points.txt
[1.506s] writing requirements to ../../build/hw7_py/hw7_py.egg-info/requires.txt
[1.506s] writing top-level names to ../../build/hw7_py/hw7_py.egg-info/top_level.txt
[1.550s] reading manifest file '../../build/hw7_py/hw7_py.egg-info/SOURCES.txt'
[1.551s] adding license file 'LICENSE'
[1.553s] writing manifest file '../../build/hw7_py/hw7_py.egg-info/SOURCES.txt'
[1.559s] running build
[1.559s] running build_py
[1.559s] copying hw7_py/object_detector.py -> /home/hungatec/rob499_ws/build/hw7_py/build/lib/hw7_py
[1.559s] running install
[1.568s] running install_lib
[1.595s] copying /home/hungatec/rob499_ws/build/hw7_py/build/lib/hw7_py/object_detector.py -> /home/hungatec/rob499_ws/install/hw7_py/lib/python3.12/site-packages/hw7_py
[1.595s] byte-compiling /home/hungatec/rob499_ws/install/hw7_py/lib/python3.12/site-packages/hw7_py/object_detector.py to object_detector.cpython-312.pyc
[1.600s] running install_data
[1.600s] running install_egg_info
[1.634s] removing '/home/hungatec/rob499_ws/install/hw7_py/lib/python3.12/site-packages/hw7_py-0.0.0-py3.12.egg-info' (and everything under it)
[1.639s] Copying ../../build/hw7_py/hw7_py.egg-info to /home/hungatec/rob499_ws/install/hw7_py/lib/python3.12/site-packages/hw7_py-0.0.0-py3.12.egg-info
[1.640s] running install_scripts
[1.821s] Installing object_detector script to /home/hungatec/rob499_ws/install/hw7_py/lib/hw7_py
[1.824s] writing list of installed files to '/home/hungatec/rob499_ws/build/hw7_py/install.log'
[1.904s] Invoked command in '/home/hungatec/rob499_ws/src/hw7_py' returned '0': DEBUGINFOD_URLS=https://debuginfod.ubuntu.com PYTHONPATH=/home/hungatec/rob499_ws/build/hw7_py/prefix_override:/usr/lib/python3/dist-packages/colcon_core/task/python/colcon_distutils_commands:/home/hungatec/rob499_ws/install/hw7_py/lib/python3.12/site-packages:${PYTHONPATH} /usr/bin/python3 -W ignore:setup.py install is deprecated -W ignore:easy_install command is deprecated setup.py egg_info --egg-base ../../build/hw7_py build --build-base /home/hungatec/rob499_ws/build/hw7_py/build install --record /home/hungatec/rob499_ws/build/hw7_py/install.log --single-version-externally-managed install_data
