[1.258s] Invoking command in '/home/hungatec/rob499_ws/src/rob499_project': DEBUGINFOD_URLS=https://debuginfod.ubuntu.com PYTHONPATH=/home/hungatec/rob499_ws/build/rob499_project/prefix_override:/usr/lib/python3/dist-packages/colcon_core/task/python/colcon_distutils_commands:/home/hungatec/rob499_ws/install/rob499_project/lib/python3.12/site-packages:${PYTHONPATH} /usr/bin/python3 -W ignore:setup.py install is deprecated -W ignore:easy_install command is deprecated setup.py egg_info --egg-base ../../build/rob499_project build --build-base /home/hungatec/rob499_ws/build/rob499_project/build install --record /home/hungatec/rob499_ws/build/rob499_project/install.log --single-version-externally-managed install_data
[1.666s] running egg_info
[1.694s] writing ../../build/rob499_project/rob499_project.egg-info/PKG-INFO
[1.696s] writing dependency_links to ../../build/rob499_project/rob499_project.egg-info/dependency_links.txt
[1.696s] writing entry points to ../../build/rob499_project/rob499_project.egg-info/entry_points.txt
[1.698s] writing requirements to ../../build/rob499_project/rob499_project.egg-info/requires.txt
[1.698s] writing top-level names to ../../build/rob499_project/rob499_project.egg-info/top_level.txt
[1.754s] reading manifest file '../../build/rob499_project/rob499_project.egg-info/SOURCES.txt'
[1.756s] adding license file 'LICENSE'
[1.756s] writing manifest file '../../build/rob499_project/rob499_project.egg-info/SOURCES.txt'
[1.756s] running build
[1.757s] running build_py
[1.757s] running install
[1.766s] running install_lib
[1.792s] running install_data
[1.796s] copying launch/turtle_launch2.py -> /home/hungatec/rob499_ws/install/rob499_project/share/rob499_project/launch
[1.796s] running install_egg_info
[1.822s] removing '/home/hungatec/rob499_ws/install/rob499_project/lib/python3.12/site-packages/rob499_project-0.0.0-py3.12.egg-info' (and everything under it)
[1.825s] Copying ../../build/rob499_project/rob499_project.egg-info to /home/hungatec/rob499_ws/install/rob499_project/lib/python3.12/site-packages/rob499_project-0.0.0-py3.12.egg-info
[1.829s] running install_scripts
[2.022s] Installing dummy_parameter script to /home/hungatec/rob499_ws/install/rob499_project/lib/rob499_project
[2.024s] Installing kill_turtle script to /home/hungatec/rob499_ws/install/rob499_project/lib/rob499_project
[2.024s] Installing knob1 script to /home/hungatec/rob499_ws/install/rob499_project/lib/rob499_project
[2.024s] Installing knob2 script to /home/hungatec/rob499_ws/install/rob499_project/lib/rob499_project
[2.025s] Installing serial_data script to /home/hungatec/rob499_ws/install/rob499_project/lib/rob499_project
[2.025s] Installing turtle_movement script to /home/hungatec/rob499_ws/install/rob499_project/lib/rob499_project
[2.026s] Installing virtual_serial_data script to /home/hungatec/rob499_ws/install/rob499_project/lib/rob499_project
[2.027s] writing list of installed files to '/home/hungatec/rob499_ws/build/rob499_project/install.log'
[2.090s] Invoked command in '/home/hungatec/rob499_ws/src/rob499_project' returned '0': DEBUGINFOD_URLS=https://debuginfod.ubuntu.com PYTHONPATH=/home/hungatec/rob499_ws/build/rob499_project/prefix_override:/usr/lib/python3/dist-packages/colcon_core/task/python/colcon_distutils_commands:/home/hungatec/rob499_ws/install/rob499_project/lib/python3.12/site-packages:${PYTHONPATH} /usr/bin/python3 -W ignore:setup.py install is deprecated -W ignore:easy_install command is deprecated setup.py egg_info --egg-base ../../build/rob499_project build --build-base /home/hungatec/rob499_ws/build/rob499_project/build install --record /home/hungatec/rob499_ws/build/rob499_project/install.log --single-version-externally-managed install_data
