[0.033s] Invoking command in '/home/hungatec/rob499_ws/build/hw6': CMAKE_PREFIX_PATH=${CMAKE_PREFIX_PATH}:/home/hungatec/rob499_ws/install/rob599_more:/home/hungatec/rob499_ws/install/rob599_basic:/home/hungatec/rob499_ws/install/hw5:/home/hungatec/rob499_ws/install/hw4:/home/hungatec/rob499_ws/install/hw3:/home/hungatec/rob499_ws/install/hw2:/opt/ros/jazzy DEBUGINFOD_URLS=https://debuginfod.ubuntu.com /usr/bin/cmake --build /home/hungatec/rob499_ws/build/hw6 -- -j4 -l4
[0.145s] [ 25%] Built target data_sender
[0.155s] [ 50%] Built target data_receiver
[0.156s] [ 75%] Built target oscope
[0.162s] [100%] Built target limiter
[0.187s] Invoked command in '/home/hungatec/rob499_ws/build/hw6' returned '0': CMAKE_PREFIX_PATH=${CMAKE_PREFIX_PATH}:/home/hungatec/rob499_ws/install/rob599_more:/home/hungatec/rob499_ws/install/rob599_basic:/home/hungatec/rob499_ws/install/hw5:/home/hungatec/rob499_ws/install/hw4:/home/hungatec/rob499_ws/install/hw3:/home/hungatec/rob499_ws/install/hw2:/opt/ros/jazzy DEBUGINFOD_URLS=https://debuginfod.ubuntu.com /usr/bin/cmake --build /home/hungatec/rob499_ws/build/hw6 -- -j4 -l4
[0.204s] Invoking command in '/home/hungatec/rob499_ws/build/hw6': CMAKE_PREFIX_PATH=${CMAKE_PREFIX_PATH}:/home/hungatec/rob499_ws/install/rob599_more:/home/hungatec/rob499_ws/install/rob599_basic:/home/hungatec/rob499_ws/install/hw5:/home/hungatec/rob499_ws/install/hw4:/home/hungatec/rob499_ws/install/hw3:/home/hungatec/rob499_ws/install/hw2:/opt/ros/jazzy DEBUGINFOD_URLS=https://debuginfod.ubuntu.com /usr/bin/cmake --install /home/hungatec/rob499_ws/build/hw6
[0.223s] -- Install configuration: ""
[0.223s] -- Up-to-date: /home/hungatec/rob499_ws/install/hw6/lib/hw6/oscope
[0.223s] -- Up-to-date: /home/hungatec/rob499_ws/install/hw6/lib/hw6/limiter
[0.223s] -- Up-to-date: /home/hungatec/rob499_ws/install/hw6/lib/hw6/data_sender
[0.223s] -- Up-to-date: /home/hungatec/rob499_ws/install/hw6/lib/hw6/data_receiver
[0.223s] -- Up-to-date: /home/hungatec/rob499_ws/install/hw6/share/hw6/launch
[0.223s] -- Installing: /home/hungatec/rob499_ws/install/hw6/share/hw6/launch/limited_oscope.py
[0.223s] -- Up-to-date: /home/hungatec/rob499_ws/install/hw6/share/ament_index/resource_index/package_run_dependencies/hw6
[0.223s] -- Up-to-date: /home/hungatec/rob499_ws/install/hw6/share/ament_index/resource_index/parent_prefix_path/hw6
[0.223s] -- Up-to-date: /home/hungatec/rob499_ws/install/hw6/share/hw6/environment/ament_prefix_path.sh
[0.223s] -- Up-to-date: /home/hungatec/rob499_ws/install/hw6/share/hw6/environment/ament_prefix_path.dsv
[0.223s] -- Up-to-date: /home/hungatec/rob499_ws/install/hw6/share/hw6/environment/path.sh
[0.224s] -- Up-to-date: /home/hungatec/rob499_ws/install/hw6/share/hw6/environment/path.dsv
[0.225s] -- Up-to-date: /home/hungatec/rob499_ws/install/hw6/share/hw6/local_setup.bash
[0.225s] -- Up-to-date: /home/hungatec/rob499_ws/install/hw6/share/hw6/local_setup.sh
[0.226s] -- Up-to-date: /home/hungatec/rob499_ws/install/hw6/share/hw6/local_setup.zsh
[0.226s] -- Up-to-date: /home/hungatec/rob499_ws/install/hw6/share/hw6/local_setup.dsv
[0.227s] -- Installing: /home/hungatec/rob499_ws/install/hw6/share/hw6/package.dsv
[0.227s] -- Up-to-date: /home/hungatec/rob499_ws/install/hw6/share/ament_index/resource_index/packages/hw6
[0.228s] -- Up-to-date: /home/hungatec/rob499_ws/install/hw6/share/hw6/cmake/hw6Config.cmake
[0.228s] -- Up-to-date: /home/hungatec/rob499_ws/install/hw6/share/hw6/cmake/hw6Config-version.cmake
[0.229s] -- Up-to-date: /home/hungatec/rob499_ws/install/hw6/share/hw6/package.xml
[0.231s] Invoked command in '/home/hungatec/rob499_ws/build/hw6' returned '0': CMAKE_PREFIX_PATH=${CMAKE_PREFIX_PATH}:/home/hungatec/rob499_ws/install/rob599_more:/home/hungatec/rob499_ws/install/rob599_basic:/home/hungatec/rob499_ws/install/hw5:/home/hungatec/rob499_ws/install/hw4:/home/hungatec/rob499_ws/install/hw3:/home/hungatec/rob499_ws/install/hw2:/opt/ros/jazzy DEBUGINFOD_URLS=https://debuginfod.ubuntu.com /usr/bin/cmake --install /home/hungatec/rob499_ws/build/hw6
