[0.125s] DEBUG:colcon:Command line arguments: ['/usr/bin/colcon', 'build']
[0.126s] DEBUG:colcon:Parsed command line arguments: Namespace(log_base=None, log_level=None, verb_name='build', build_base='build', install_base='install', merge_install=False, symlink_install=False, test_result_base=None, continue_on_error=False, executor='parallel', parallel_workers=4, event_handlers=None, ignore_user_meta=False, metas=['./colcon.meta'], base_paths=['.'], packages_ignore=None, packages_ignore_regex=None, paths=None, packages_up_to=None, packages_up_to_regex=None, packages_above=None, packages_above_and_dependencies=None, packages_above_depth=None, packages_select_by_dep=None, packages_skip_by_dep=None, packages_skip_up_to=None, packages_select_build_failed=False, packages_skip_build_finished=False, packages_select_test_failures=False, packages_skip_test_passed=False, packages_select=None, packages_skip=None, packages_select_regex=None, packages_skip_regex=None, packages_start=None, packages_end=None, cmake_args=None, cmake_target=None, cmake_target_skip_unavailable=False, cmake_clean_cache=False, cmake_clean_first=False, cmake_force_configure=False, ament_cmake_args=None, catkin_cmake_args=None, catkin_skip_building_tests=False, verb_parser=<colcon_defaults.argument_parser.defaults.DefaultArgumentsDecorator object at 0x78dc5eee34a0>, verb_extension=<colcon_core.verb.build.BuildVerb object at 0x78dc5f0239b0>, main=<bound method BuildVerb.main of <colcon_core.verb.build.BuildVerb object at 0x78dc5f0239b0>>)
[0.170s] Level 1:colcon.colcon_core.package_discovery:discover_packages(colcon_meta) check parameters
[0.171s] Level 1:colcon.colcon_core.package_discovery:discover_packages(recursive) check parameters
[0.171s] Level 1:colcon.colcon_core.package_discovery:discover_packages(ignore) check parameters
[0.171s] Level 1:colcon.colcon_core.package_discovery:discover_packages(path) check parameters
[0.172s] Level 1:colcon.colcon_core.package_discovery:discover_packages(colcon_meta) discover
[0.172s] Level 1:colcon.colcon_core.package_discovery:discover_packages(recursive) discover
[0.172s] INFO:colcon.colcon_core.package_discovery:Crawling recursively for packages in '/home/hungatec/rob499_ws/src'
[0.172s] Level 1:colcon.colcon_core.package_identification:_identify(.) by extensions ['ignore', 'ignore_ament_install']
[0.172s] Level 1:colcon.colcon_core.package_identification:_identify(.) by extension 'ignore'
[0.173s] Level 1:colcon.colcon_core.package_identification:_identify(.) by extension 'ignore_ament_install'
[0.173s] Level 1:colcon.colcon_core.package_identification:_identify(.) by extensions ['colcon_pkg']
[0.173s] Level 1:colcon.colcon_core.package_identification:_identify(.) by extension 'colcon_pkg'
[0.175s] Level 1:colcon.colcon_core.package_identification:_identify(.) by extensions ['colcon_meta']
[0.175s] Level 1:colcon.colcon_core.package_identification:_identify(.) by extension 'colcon_meta'
[0.175s] Level 1:colcon.colcon_core.package_identification:_identify(.) by extensions ['ros']
[0.175s] Level 1:colcon.colcon_core.package_identification:_identify(.) by extension 'ros'
[0.209s] Level 1:colcon.colcon_core.package_identification:_identify(.) by extensions ['cmake', 'python']
[0.210s] Level 1:colcon.colcon_core.package_identification:_identify(.) by extension 'cmake'
[0.210s] Level 1:colcon.colcon_core.package_identification:_identify(.) by extension 'python'
[0.210s] Level 1:colcon.colcon_core.package_identification:_identify(.) by extensions ['python_setup_py']
[0.210s] Level 1:colcon.colcon_core.package_identification:_identify(.) by extension 'python_setup_py'
[0.210s] Level 1:colcon.colcon_core.package_identification:_identify(build) by extensions ['ignore', 'ignore_ament_install']
[0.212s] Level 1:colcon.colcon_core.package_identification:_identify(build) by extension 'ignore'
[0.212s] Level 1:colcon.colcon_core.package_identification:_identify(build) ignored
[0.212s] Level 1:colcon.colcon_core.package_identification:_identify(hw2) by extensions ['ignore', 'ignore_ament_install']
[0.213s] Level 1:colcon.colcon_core.package_identification:_identify(hw2) by extension 'ignore'
[0.213s] Level 1:colcon.colcon_core.package_identification:_identify(hw2) by extension 'ignore_ament_install'
[0.213s] Level 1:colcon.colcon_core.package_identification:_identify(hw2) by extensions ['colcon_pkg']
[0.213s] Level 1:colcon.colcon_core.package_identification:_identify(hw2) by extension 'colcon_pkg'
[0.213s] Level 1:colcon.colcon_core.package_identification:_identify(hw2) by extensions ['colcon_meta']
[0.213s] Level 1:colcon.colcon_core.package_identification:_identify(hw2) by extension 'colcon_meta'
[0.213s] Level 1:colcon.colcon_core.package_identification:_identify(hw2) by extensions ['ros']
[0.213s] Level 1:colcon.colcon_core.package_identification:_identify(hw2) by extension 'ros'
[0.217s] DEBUG:colcon.colcon_core.package_identification:Package 'hw2' with type 'ros.ament_python' and name 'hw2'
[0.218s] Level 1:colcon.colcon_core.package_identification:_identify(hw3) by extensions ['ignore', 'ignore_ament_install']
[0.218s] Level 1:colcon.colcon_core.package_identification:_identify(hw3) by extension 'ignore'
[0.219s] Level 1:colcon.colcon_core.package_identification:_identify(hw3) by extension 'ignore_ament_install'
[0.219s] Level 1:colcon.colcon_core.package_identification:_identify(hw3) by extensions ['colcon_pkg']
[0.219s] Level 1:colcon.colcon_core.package_identification:_identify(hw3) by extension 'colcon_pkg'
[0.219s] Level 1:colcon.colcon_core.package_identification:_identify(hw3) by extensions ['colcon_meta']
[0.219s] Level 1:colcon.colcon_core.package_identification:_identify(hw3) by extension 'colcon_meta'
[0.219s] Level 1:colcon.colcon_core.package_identification:_identify(hw3) by extensions ['ros']
[0.219s] Level 1:colcon.colcon_core.package_identification:_identify(hw3) by extension 'ros'
[0.220s] DEBUG:colcon.colcon_core.package_identification:Package 'hw3' with type 'ros.ament_python' and name 'hw3'
[0.221s] Level 1:colcon.colcon_core.package_identification:_identify(hw4) by extensions ['ignore', 'ignore_ament_install']
[0.221s] Level 1:colcon.colcon_core.package_identification:_identify(hw4) by extension 'ignore'
[0.221s] Level 1:colcon.colcon_core.package_identification:_identify(hw4) by extension 'ignore_ament_install'
[0.222s] Level 1:colcon.colcon_core.package_identification:_identify(hw4) by extensions ['colcon_pkg']
[0.222s] Level 1:colcon.colcon_core.package_identification:_identify(hw4) by extension 'colcon_pkg'
[0.222s] Level 1:colcon.colcon_core.package_identification:_identify(hw4) by extensions ['colcon_meta']
[0.222s] Level 1:colcon.colcon_core.package_identification:_identify(hw4) by extension 'colcon_meta'
[0.222s] Level 1:colcon.colcon_core.package_identification:_identify(hw4) by extensions ['ros']
[0.222s] Level 1:colcon.colcon_core.package_identification:_identify(hw4) by extension 'ros'
[0.223s] DEBUG:colcon.colcon_core.package_identification:Package 'hw4' with type 'ros.ament_python' and name 'hw4'
[0.223s] Level 1:colcon.colcon_core.package_identification:_identify(install) by extensions ['ignore', 'ignore_ament_install']
[0.223s] Level 1:colcon.colcon_core.package_identification:_identify(install) by extension 'ignore'
[0.223s] Level 1:colcon.colcon_core.package_identification:_identify(install) ignored
[0.223s] Level 1:colcon.colcon_core.package_identification:_identify(log) by extensions ['ignore', 'ignore_ament_install']
[0.223s] Level 1:colcon.colcon_core.package_identification:_identify(log) by extension 'ignore'
[0.223s] Level 1:colcon.colcon_core.package_identification:_identify(log) ignored
[0.224s] Level 1:colcon.colcon_core.package_identification:_identify(rob499_msgs) by extensions ['ignore', 'ignore_ament_install']
[0.224s] Level 1:colcon.colcon_core.package_identification:_identify(rob499_msgs) by extension 'ignore'
[0.224s] Level 1:colcon.colcon_core.package_identification:_identify(rob499_msgs) by extension 'ignore_ament_install'
[0.224s] Level 1:colcon.colcon_core.package_identification:_identify(rob499_msgs) by extensions ['colcon_pkg']
[0.224s] Level 1:colcon.colcon_core.package_identification:_identify(rob499_msgs) by extension 'colcon_pkg'
[0.224s] Level 1:colcon.colcon_core.package_identification:_identify(rob499_msgs) by extensions ['colcon_meta']
[0.224s] Level 1:colcon.colcon_core.package_identification:_identify(rob499_msgs) by extension 'colcon_meta'
[0.224s] Level 1:colcon.colcon_core.package_identification:_identify(rob499_msgs) by extensions ['ros']
[0.224s] Level 1:colcon.colcon_core.package_identification:_identify(rob499_msgs) by extension 'ros'
[0.225s] DEBUG:colcon.colcon_core.package_identification:Package 'rob499_msgs' with type 'ros.ament_cmake' and name 'rob499_msgs'
[0.225s] Level 1:colcon.colcon_core.package_identification:_identify(rob599) by extensions ['ignore', 'ignore_ament_install']
[0.226s] Level 1:colcon.colcon_core.package_identification:_identify(rob599) by extension 'ignore'
[0.226s] Level 1:colcon.colcon_core.package_identification:_identify(rob599) by extension 'ignore_ament_install'
[0.226s] Level 1:colcon.colcon_core.package_identification:_identify(rob599) by extensions ['colcon_pkg']
[0.226s] Level 1:colcon.colcon_core.package_identification:_identify(rob599) by extension 'colcon_pkg'
[0.227s] Level 1:colcon.colcon_core.package_identification:_identify(rob599) by extensions ['colcon_meta']
[0.227s] Level 1:colcon.colcon_core.package_identification:_identify(rob599) by extension 'colcon_meta'
[0.228s] Level 1:colcon.colcon_core.package_identification:_identify(rob599) by extensions ['ros']
[0.228s] Level 1:colcon.colcon_core.package_identification:_identify(rob599) by extension 'ros'
[0.228s] Level 1:colcon.colcon_core.package_identification:_identify(rob599) by extensions ['cmake', 'python']
[0.228s] Level 1:colcon.colcon_core.package_identification:_identify(rob599) by extension 'cmake'
[0.228s] Level 1:colcon.colcon_core.package_identification:_identify(rob599) by extension 'python'
[0.228s] Level 1:colcon.colcon_core.package_identification:_identify(rob599) by extensions ['python_setup_py']
[0.228s] Level 1:colcon.colcon_core.package_identification:_identify(rob599) by extension 'python_setup_py'
[0.228s] Level 1:colcon.colcon_core.package_identification:_identify(rob599/rob599_basic) by extensions ['ignore', 'ignore_ament_install']
[0.228s] Level 1:colcon.colcon_core.package_identification:_identify(rob599/rob599_basic) by extension 'ignore'
[0.228s] Level 1:colcon.colcon_core.package_identification:_identify(rob599/rob599_basic) by extension 'ignore_ament_install'
[0.229s] Level 1:colcon.colcon_core.package_identification:_identify(rob599/rob599_basic) by extensions ['colcon_pkg']
[0.229s] Level 1:colcon.colcon_core.package_identification:_identify(rob599/rob599_basic) by extension 'colcon_pkg'
[0.229s] Level 1:colcon.colcon_core.package_identification:_identify(rob599/rob599_basic) by extensions ['colcon_meta']
[0.229s] Level 1:colcon.colcon_core.package_identification:_identify(rob599/rob599_basic) by extension 'colcon_meta'
[0.229s] Level 1:colcon.colcon_core.package_identification:_identify(rob599/rob599_basic) by extensions ['ros']
[0.229s] Level 1:colcon.colcon_core.package_identification:_identify(rob599/rob599_basic) by extension 'ros'
[0.230s] DEBUG:colcon.colcon_core.package_identification:Package 'rob599/rob599_basic' with type 'ros.ament_python' and name 'rob599_basic'
[0.230s] Level 1:colcon.colcon_core.package_identification:_identify(rob599/rob599_basic_cpp) by extensions ['ignore', 'ignore_ament_install']
[0.230s] Level 1:colcon.colcon_core.package_identification:_identify(rob599/rob599_basic_cpp) by extension 'ignore'
[0.230s] Level 1:colcon.colcon_core.package_identification:_identify(rob599/rob599_basic_cpp) by extension 'ignore_ament_install'
[0.230s] Level 1:colcon.colcon_core.package_identification:_identify(rob599/rob599_basic_cpp) by extensions ['colcon_pkg']
[0.230s] Level 1:colcon.colcon_core.package_identification:_identify(rob599/rob599_basic_cpp) by extension 'colcon_pkg'
[0.230s] Level 1:colcon.colcon_core.package_identification:_identify(rob599/rob599_basic_cpp) by extensions ['colcon_meta']
[0.231s] Level 1:colcon.colcon_core.package_identification:_identify(rob599/rob599_basic_cpp) by extension 'colcon_meta'
[0.231s] Level 1:colcon.colcon_core.package_identification:_identify(rob599/rob599_basic_cpp) by extensions ['ros']
[0.231s] Level 1:colcon.colcon_core.package_identification:_identify(rob599/rob599_basic_cpp) by extension 'ros'
[0.232s] DEBUG:colcon.colcon_core.package_identification:Package 'rob599/rob599_basic_cpp' with type 'ros.ament_cmake' and name 'rob599_basic_cpp'
[0.232s] Level 1:colcon.colcon_core.package_identification:_identify(rob599/rob599_more) by extensions ['ignore', 'ignore_ament_install']
[0.232s] Level 1:colcon.colcon_core.package_identification:_identify(rob599/rob599_more) by extension 'ignore'
[0.232s] Level 1:colcon.colcon_core.package_identification:_identify(rob599/rob599_more) by extension 'ignore_ament_install'
[0.232s] Level 1:colcon.colcon_core.package_identification:_identify(rob599/rob599_more) by extensions ['colcon_pkg']
[0.232s] Level 1:colcon.colcon_core.package_identification:_identify(rob599/rob599_more) by extension 'colcon_pkg'
[0.232s] Level 1:colcon.colcon_core.package_identification:_identify(rob599/rob599_more) by extensions ['colcon_meta']
[0.232s] Level 1:colcon.colcon_core.package_identification:_identify(rob599/rob599_more) by extension 'colcon_meta'
[0.233s] Level 1:colcon.colcon_core.package_identification:_identify(rob599/rob599_more) by extensions ['ros']
[0.233s] Level 1:colcon.colcon_core.package_identification:_identify(rob599/rob599_more) by extension 'ros'
[0.233s] DEBUG:colcon.colcon_core.package_identification:Package 'rob599/rob599_more' with type 'ros.ament_python' and name 'rob599_more'
[0.234s] Level 1:colcon.colcon_core.package_identification:_identify(rob599/rob599_msgs) by extensions ['ignore', 'ignore_ament_install']
[0.234s] Level 1:colcon.colcon_core.package_identification:_identify(rob599/rob599_msgs) by extension 'ignore'
[0.234s] Level 1:colcon.colcon_core.package_identification:_identify(rob599/rob599_msgs) by extension 'ignore_ament_install'
[0.235s] Level 1:colcon.colcon_core.package_identification:_identify(rob599/rob599_msgs) by extensions ['colcon_pkg']
[0.235s] Level 1:colcon.colcon_core.package_identification:_identify(rob599/rob599_msgs) by extension 'colcon_pkg'
[0.235s] Level 1:colcon.colcon_core.package_identification:_identify(rob599/rob599_msgs) by extensions ['colcon_meta']
[0.235s] Level 1:colcon.colcon_core.package_identification:_identify(rob599/rob599_msgs) by extension 'colcon_meta'
[0.235s] Level 1:colcon.colcon_core.package_identification:_identify(rob599/rob599_msgs) by extensions ['ros']
[0.235s] Level 1:colcon.colcon_core.package_identification:_identify(rob599/rob599_msgs) by extension 'ros'
[0.236s] DEBUG:colcon.colcon_core.package_identification:Package 'rob599/rob599_msgs' with type 'ros.ament_cmake' and name 'rob599_msgs'
[0.236s] Level 1:colcon.colcon_core.package_discovery:discover_packages(recursive) using defaults
[0.236s] Level 1:colcon.colcon_core.package_discovery:discover_packages(ignore) discover
[0.236s] Level 1:colcon.colcon_core.package_discovery:discover_packages(ignore) using defaults
[0.236s] Level 1:colcon.colcon_core.package_discovery:discover_packages(path) discover
[0.236s] Level 1:colcon.colcon_core.package_discovery:discover_packages(path) using defaults
[0.260s] Level 5:colcon.colcon_core.verb:set package 'hw2' build argument 'cmake_args' from command line to 'None'
[0.260s] Level 5:colcon.colcon_core.verb:set package 'hw2' build argument 'cmake_target' from command line to 'None'
[0.261s] Level 5:colcon.colcon_core.verb:set package 'hw2' build argument 'cmake_target_skip_unavailable' from command line to 'False'
[0.261s] Level 5:colcon.colcon_core.verb:set package 'hw2' build argument 'cmake_clean_cache' from command line to 'False'
[0.261s] Level 5:colcon.colcon_core.verb:set package 'hw2' build argument 'cmake_clean_first' from command line to 'False'
[0.262s] Level 5:colcon.colcon_core.verb:set package 'hw2' build argument 'cmake_force_configure' from command line to 'False'
[0.262s] Level 5:colcon.colcon_core.verb:set package 'hw2' build argument 'ament_cmake_args' from command line to 'None'
[0.262s] Level 5:colcon.colcon_core.verb:set package 'hw2' build argument 'catkin_cmake_args' from command line to 'None'
[0.262s] Level 5:colcon.colcon_core.verb:set package 'hw2' build argument 'catkin_skip_building_tests' from command line to 'False'
[0.262s] DEBUG:colcon.colcon_core.verb:Building package 'hw2' with the following arguments: {'ament_cmake_args': None, 'build_base': '/home/hungatec/rob499_ws/src/build/hw2', 'catkin_cmake_args': None, 'catkin_skip_building_tests': False, 'cmake_args': None, 'cmake_clean_cache': False, 'cmake_clean_first': False, 'cmake_force_configure': False, 'cmake_target': None, 'cmake_target_skip_unavailable': False, 'install_base': '/home/hungatec/rob499_ws/src/install/hw2', 'merge_install': False, 'path': '/home/hungatec/rob499_ws/src/hw2', 'symlink_install': False, 'test_result_base': None}
[0.263s] Level 5:colcon.colcon_core.verb:set package 'hw3' build argument 'cmake_args' from command line to 'None'
[0.264s] Level 5:colcon.colcon_core.verb:set package 'hw3' build argument 'cmake_target' from command line to 'None'
[0.264s] Level 5:colcon.colcon_core.verb:set package 'hw3' build argument 'cmake_target_skip_unavailable' from command line to 'False'
[0.264s] Level 5:colcon.colcon_core.verb:set package 'hw3' build argument 'cmake_clean_cache' from command line to 'False'
[0.264s] Level 5:colcon.colcon_core.verb:set package 'hw3' build argument 'cmake_clean_first' from command line to 'False'
[0.264s] Level 5:colcon.colcon_core.verb:set package 'hw3' build argument 'cmake_force_configure' from command line to 'False'
[0.264s] Level 5:colcon.colcon_core.verb:set package 'hw3' build argument 'ament_cmake_args' from command line to 'None'
[0.264s] Level 5:colcon.colcon_core.verb:set package 'hw3' build argument 'catkin_cmake_args' from command line to 'None'
[0.264s] Level 5:colcon.colcon_core.verb:set package 'hw3' build argument 'catkin_skip_building_tests' from command line to 'False'
[0.264s] DEBUG:colcon.colcon_core.verb:Building package 'hw3' with the following arguments: {'ament_cmake_args': None, 'build_base': '/home/hungatec/rob499_ws/src/build/hw3', 'catkin_cmake_args': None, 'catkin_skip_building_tests': False, 'cmake_args': None, 'cmake_clean_cache': False, 'cmake_clean_first': False, 'cmake_force_configure': False, 'cmake_target': None, 'cmake_target_skip_unavailable': False, 'install_base': '/home/hungatec/rob499_ws/src/install/hw3', 'merge_install': False, 'path': '/home/hungatec/rob499_ws/src/hw3', 'symlink_install': False, 'test_result_base': None}
[0.264s] Level 5:colcon.colcon_core.verb:set package 'hw4' build argument 'cmake_args' from command line to 'None'
[0.264s] Level 5:colcon.colcon_core.verb:set package 'hw4' build argument 'cmake_target' from command line to 'None'
[0.264s] Level 5:colcon.colcon_core.verb:set package 'hw4' build argument 'cmake_target_skip_unavailable' from command line to 'False'
[0.264s] Level 5:colcon.colcon_core.verb:set package 'hw4' build argument 'cmake_clean_cache' from command line to 'False'
[0.265s] Level 5:colcon.colcon_core.verb:set package 'hw4' build argument 'cmake_clean_first' from command line to 'False'
[0.265s] Level 5:colcon.colcon_core.verb:set package 'hw4' build argument 'cmake_force_configure' from command line to 'False'
[0.265s] Level 5:colcon.colcon_core.verb:set package 'hw4' build argument 'ament_cmake_args' from command line to 'None'
[0.265s] Level 5:colcon.colcon_core.verb:set package 'hw4' build argument 'catkin_cmake_args' from command line to 'None'
[0.265s] Level 5:colcon.colcon_core.verb:set package 'hw4' build argument 'catkin_skip_building_tests' from command line to 'False'
[0.265s] DEBUG:colcon.colcon_core.verb:Building package 'hw4' with the following arguments: {'ament_cmake_args': None, 'build_base': '/home/hungatec/rob499_ws/src/build/hw4', 'catkin_cmake_args': None, 'catkin_skip_building_tests': False, 'cmake_args': None, 'cmake_clean_cache': False, 'cmake_clean_first': False, 'cmake_force_configure': False, 'cmake_target': None, 'cmake_target_skip_unavailable': False, 'install_base': '/home/hungatec/rob499_ws/src/install/hw4', 'merge_install': False, 'path': '/home/hungatec/rob499_ws/src/hw4', 'symlink_install': False, 'test_result_base': None}
[0.265s] Level 5:colcon.colcon_core.verb:set package 'rob499_msgs' build argument 'cmake_args' from command line to 'None'
[0.266s] Level 5:colcon.colcon_core.verb:set package 'rob499_msgs' build argument 'cmake_target' from command line to 'None'
[0.266s] Level 5:colcon.colcon_core.verb:set package 'rob499_msgs' build argument 'cmake_target_skip_unavailable' from command line to 'False'
[0.266s] Level 5:colcon.colcon_core.verb:set package 'rob499_msgs' build argument 'cmake_clean_cache' from command line to 'False'
[0.266s] Level 5:colcon.colcon_core.verb:set package 'rob499_msgs' build argument 'cmake_clean_first' from command line to 'False'
[0.266s] Level 5:colcon.colcon_core.verb:set package 'rob499_msgs' build argument 'cmake_force_configure' from command line to 'False'
[0.266s] Level 5:colcon.colcon_core.verb:set package 'rob499_msgs' build argument 'ament_cmake_args' from command line to 'None'
[0.266s] Level 5:colcon.colcon_core.verb:set package 'rob499_msgs' build argument 'catkin_cmake_args' from command line to 'None'
[0.266s] Level 5:colcon.colcon_core.verb:set package 'rob499_msgs' build argument 'catkin_skip_building_tests' from command line to 'False'
[0.266s] DEBUG:colcon.colcon_core.verb:Building package 'rob499_msgs' with the following arguments: {'ament_cmake_args': None, 'build_base': '/home/hungatec/rob499_ws/src/build/rob499_msgs', 'catkin_cmake_args': None, 'catkin_skip_building_tests': False, 'cmake_args': None, 'cmake_clean_cache': False, 'cmake_clean_first': False, 'cmake_force_configure': False, 'cmake_target': None, 'cmake_target_skip_unavailable': False, 'install_base': '/home/hungatec/rob499_ws/src/install/rob499_msgs', 'merge_install': False, 'path': '/home/hungatec/rob499_ws/src/rob499_msgs', 'symlink_install': False, 'test_result_base': None}
[0.267s] Level 5:colcon.colcon_core.verb:set package 'rob599_basic' build argument 'cmake_args' from command line to 'None'
[0.267s] Level 5:colcon.colcon_core.verb:set package 'rob599_basic' build argument 'cmake_target' from command line to 'None'
[0.267s] Level 5:colcon.colcon_core.verb:set package 'rob599_basic' build argument 'cmake_target_skip_unavailable' from command line to 'False'
[0.267s] Level 5:colcon.colcon_core.verb:set package 'rob599_basic' build argument 'cmake_clean_cache' from command line to 'False'
[0.267s] Level 5:colcon.colcon_core.verb:set package 'rob599_basic' build argument 'cmake_clean_first' from command line to 'False'
[0.267s] Level 5:colcon.colcon_core.verb:set package 'rob599_basic' build argument 'cmake_force_configure' from command line to 'False'
[0.267s] Level 5:colcon.colcon_core.verb:set package 'rob599_basic' build argument 'ament_cmake_args' from command line to 'None'
[0.267s] Level 5:colcon.colcon_core.verb:set package 'rob599_basic' build argument 'catkin_cmake_args' from command line to 'None'
[0.267s] Level 5:colcon.colcon_core.verb:set package 'rob599_basic' build argument 'catkin_skip_building_tests' from command line to 'False'
[0.267s] DEBUG:colcon.colcon_core.verb:Building package 'rob599_basic' with the following arguments: {'ament_cmake_args': None, 'build_base': '/home/hungatec/rob499_ws/src/build/rob599_basic', 'catkin_cmake_args': None, 'catkin_skip_building_tests': False, 'cmake_args': None, 'cmake_clean_cache': False, 'cmake_clean_first': False, 'cmake_force_configure': False, 'cmake_target': None, 'cmake_target_skip_unavailable': False, 'install_base': '/home/hungatec/rob499_ws/src/install/rob599_basic', 'merge_install': False, 'path': '/home/hungatec/rob499_ws/src/rob599/rob599_basic', 'symlink_install': False, 'test_result_base': None}
[0.267s] Level 5:colcon.colcon_core.verb:set package 'rob599_basic_cpp' build argument 'cmake_args' from command line to 'None'
[0.268s] Level 5:colcon.colcon_core.verb:set package 'rob599_basic_cpp' build argument 'cmake_target' from command line to 'None'
[0.268s] Level 5:colcon.colcon_core.verb:set package 'rob599_basic_cpp' build argument 'cmake_target_skip_unavailable' from command line to 'False'
[0.268s] Level 5:colcon.colcon_core.verb:set package 'rob599_basic_cpp' build argument 'cmake_clean_cache' from command line to 'False'
[0.268s] Level 5:colcon.colcon_core.verb:set package 'rob599_basic_cpp' build argument 'cmake_clean_first' from command line to 'False'
[0.268s] Level 5:colcon.colcon_core.verb:set package 'rob599_basic_cpp' build argument 'cmake_force_configure' from command line to 'False'
[0.268s] Level 5:colcon.colcon_core.verb:set package 'rob599_basic_cpp' build argument 'ament_cmake_args' from command line to 'None'
[0.268s] Level 5:colcon.colcon_core.verb:set package 'rob599_basic_cpp' build argument 'catkin_cmake_args' from command line to 'None'
[0.268s] Level 5:colcon.colcon_core.verb:set package 'rob599_basic_cpp' build argument 'catkin_skip_building_tests' from command line to 'False'
[0.268s] DEBUG:colcon.colcon_core.verb:Building package 'rob599_basic_cpp' with the following arguments: {'ament_cmake_args': None, 'build_base': '/home/hungatec/rob499_ws/src/build/rob599_basic_cpp', 'catkin_cmake_args': None, 'catkin_skip_building_tests': False, 'cmake_args': None, 'cmake_clean_cache': False, 'cmake_clean_first': False, 'cmake_force_configure': False, 'cmake_target': None, 'cmake_target_skip_unavailable': False, 'install_base': '/home/hungatec/rob499_ws/src/install/rob599_basic_cpp', 'merge_install': False, 'path': '/home/hungatec/rob499_ws/src/rob599/rob599_basic_cpp', 'symlink_install': False, 'test_result_base': None}
[0.269s] Level 5:colcon.colcon_core.verb:set package 'rob599_more' build argument 'cmake_args' from command line to 'None'
[0.269s] Level 5:colcon.colcon_core.verb:set package 'rob599_more' build argument 'cmake_target' from command line to 'None'
[0.269s] Level 5:colcon.colcon_core.verb:set package 'rob599_more' build argument 'cmake_target_skip_unavailable' from command line to 'False'
[0.269s] Level 5:colcon.colcon_core.verb:set package 'rob599_more' build argument 'cmake_clean_cache' from command line to 'False'
[0.269s] Level 5:colcon.colcon_core.verb:set package 'rob599_more' build argument 'cmake_clean_first' from command line to 'False'
[0.269s] Level 5:colcon.colcon_core.verb:set package 'rob599_more' build argument 'cmake_force_configure' from command line to 'False'
[0.269s] Level 5:colcon.colcon_core.verb:set package 'rob599_more' build argument 'ament_cmake_args' from command line to 'None'
[0.269s] Level 5:colcon.colcon_core.verb:set package 'rob599_more' build argument 'catkin_cmake_args' from command line to 'None'
[0.269s] Level 5:colcon.colcon_core.verb:set package 'rob599_more' build argument 'catkin_skip_building_tests' from command line to 'False'
[0.269s] DEBUG:colcon.colcon_core.verb:Building package 'rob599_more' with the following arguments: {'ament_cmake_args': None, 'build_base': '/home/hungatec/rob499_ws/src/build/rob599_more', 'catkin_cmake_args': None, 'catkin_skip_building_tests': False, 'cmake_args': None, 'cmake_clean_cache': False, 'cmake_clean_first': False, 'cmake_force_configure': False, 'cmake_target': None, 'cmake_target_skip_unavailable': False, 'install_base': '/home/hungatec/rob499_ws/src/install/rob599_more', 'merge_install': False, 'path': '/home/hungatec/rob499_ws/src/rob599/rob599_more', 'symlink_install': False, 'test_result_base': None}
[0.269s] Level 5:colcon.colcon_core.verb:set package 'rob599_msgs' build argument 'cmake_args' from command line to 'None'
[0.270s] Level 5:colcon.colcon_core.verb:set package 'rob599_msgs' build argument 'cmake_target' from command line to 'None'
[0.270s] Level 5:colcon.colcon_core.verb:set package 'rob599_msgs' build argument 'cmake_target_skip_unavailable' from command line to 'False'
[0.270s] Level 5:colcon.colcon_core.verb:set package 'rob599_msgs' build argument 'cmake_clean_cache' from command line to 'False'
[0.270s] Level 5:colcon.colcon_core.verb:set package 'rob599_msgs' build argument 'cmake_clean_first' from command line to 'False'
[0.270s] Level 5:colcon.colcon_core.verb:set package 'rob599_msgs' build argument 'cmake_force_configure' from command line to 'False'
[0.270s] Level 5:colcon.colcon_core.verb:set package 'rob599_msgs' build argument 'ament_cmake_args' from command line to 'None'
[0.270s] Level 5:colcon.colcon_core.verb:set package 'rob599_msgs' build argument 'catkin_cmake_args' from command line to 'None'
[0.270s] Level 5:colcon.colcon_core.verb:set package 'rob599_msgs' build argument 'catkin_skip_building_tests' from command line to 'False'
[0.270s] DEBUG:colcon.colcon_core.verb:Building package 'rob599_msgs' with the following arguments: {'ament_cmake_args': None, 'build_base': '/home/hungatec/rob499_ws/src/build/rob599_msgs', 'catkin_cmake_args': None, 'catkin_skip_building_tests': False, 'cmake_args': None, 'cmake_clean_cache': False, 'cmake_clean_first': False, 'cmake_force_configure': False, 'cmake_target': None, 'cmake_target_skip_unavailable': False, 'install_base': '/home/hungatec/rob499_ws/src/install/rob599_msgs', 'merge_install': False, 'path': '/home/hungatec/rob499_ws/src/rob599/rob599_msgs', 'symlink_install': False, 'test_result_base': None}
[0.270s] INFO:colcon.colcon_core.executor:Executing jobs using 'parallel' executor
[0.272s] DEBUG:colcon.colcon_parallel_executor.executor.parallel:run_until_complete
[0.273s] INFO:colcon.colcon_ros.task.ament_python.build:Building ROS package in '/home/hungatec/rob499_ws/src/hw2' with build type 'ament_python'
[0.273s] Level 1:colcon.colcon_core.shell:create_environment_hook('hw2', 'ament_prefix_path')
[0.280s] INFO:colcon.colcon_core.plugin_system:Skipping extension 'colcon_core.shell.bat': Not used on non-Windows systems
[0.281s] INFO:colcon.colcon_core.shell:Creating environment descriptor '/home/hungatec/rob499_ws/src/install/hw2/share/hw2/hook/ament_prefix_path.dsv'
[0.282s] INFO:colcon.colcon_core.shell:Creating environment hook '/home/hungatec/rob499_ws/src/install/hw2/share/hw2/hook/ament_prefix_path.sh'
[0.285s] DEBUG:colcon.colcon_core.shell:Skip shell extension 'dsv' for command environment
[0.297s] INFO:colcon.colcon_ros.task.ament_python.build:Building ROS package in '/home/hungatec/rob499_ws/src/hw3' with build type 'ament_python'
[0.298s] Level 1:colcon.colcon_core.shell:create_environment_hook('hw3', 'ament_prefix_path')
[0.299s] INFO:colcon.colcon_core.shell:Creating environment descriptor '/home/hungatec/rob499_ws/src/install/hw3/share/hw3/hook/ament_prefix_path.dsv'
[0.300s] INFO:colcon.colcon_core.shell:Creating environment hook '/home/hungatec/rob499_ws/src/install/hw3/share/hw3/hook/ament_prefix_path.sh'
[0.302s] DEBUG:colcon.colcon_core.shell:Skip shell extension 'dsv' for command environment
[0.307s] INFO:colcon.colcon_ros.task.ament_python.build:Building ROS package in '/home/hungatec/rob499_ws/src/hw4' with build type 'ament_python'
[0.308s] Level 1:colcon.colcon_core.shell:create_environment_hook('hw4', 'ament_prefix_path')
[0.309s] INFO:colcon.colcon_core.shell:Creating environment descriptor '/home/hungatec/rob499_ws/src/install/hw4/share/hw4/hook/ament_prefix_path.dsv'
[0.311s] INFO:colcon.colcon_core.shell:Creating environment hook '/home/hungatec/rob499_ws/src/install/hw4/share/hw4/hook/ament_prefix_path.sh'
[0.313s] DEBUG:colcon.colcon_core.shell:Skip shell extension 'dsv' for command environment
[0.319s] INFO:colcon.colcon_ros.task.ament_cmake.build:Building ROS package in '/home/hungatec/rob499_ws/src/rob499_msgs' with build type 'ament_cmake'
[0.320s] INFO:colcon.colcon_cmake.task.cmake.build:Building CMake package in '/home/hungatec/rob499_ws/src/rob499_msgs'
[0.321s] DEBUG:colcon.colcon_core.shell:Skip shell extension 'dsv' for command environment
[0.615s] INFO:colcon.colcon_core.task.python.build:Building Python package in '/home/hungatec/rob499_ws/src/hw2'
[0.616s] DEBUG:colcon.colcon_core.shell:Skip shell extension 'dsv' for command environment
[0.941s] INFO:colcon.colcon_core.task.python.build:Building Python package in '/home/hungatec/rob499_ws/src/hw3'
[0.942s] DEBUG:colcon.colcon_core.shell:Skip shell extension 'dsv' for command environment
[1.230s] INFO:colcon.colcon_core.task.python.build:Building Python package in '/home/hungatec/rob499_ws/src/hw4'
[1.230s] DEBUG:colcon.colcon_core.shell:Skip shell extension 'dsv' for command environment
[1.246s] DEBUG:colcon.colcon_core.event_handler.log_command:Invoking command in '/home/hungatec/rob499_ws/src/build/rob499_msgs': CMAKE_PREFIX_PATH=${CMAKE_PREFIX_PATH}:/opt/ros/jazzy DEBUGINFOD_URLS=https://debuginfod.ubuntu.com /usr/bin/cmake --build /home/hungatec/rob499_ws/src/build/rob499_msgs -- -j4 -l4
[2.427s] DEBUG:colcon.colcon_core.event_handler.log_command:Invoking command in '/home/hungatec/rob499_ws/src/hw3': DEBUGINFOD_URLS=https://debuginfod.ubuntu.com PYTHONPATH=/home/hungatec/rob499_ws/src/build/hw3/prefix_override:/usr/lib/python3/dist-packages/colcon_core/task/python/colcon_distutils_commands:/home/hungatec/rob499_ws/src/install/hw3/lib/python3.12/site-packages:${PYTHONPATH} /usr/bin/python3 -W ignore:setup.py install is deprecated -W ignore:easy_install command is deprecated setup.py egg_info --egg-base ../build/hw3 build --build-base /home/hungatec/rob499_ws/src/build/hw3/build install --record /home/hungatec/rob499_ws/src/build/hw3/install.log --single-version-externally-managed install_data
[2.628s] DEBUG:colcon.colcon_core.event_handler.log_command:Invoking command in '/home/hungatec/rob499_ws/src/hw4': DEBUGINFOD_URLS=https://debuginfod.ubuntu.com PYTHONPATH=/home/hungatec/rob499_ws/src/build/hw4/prefix_override:/usr/lib/python3/dist-packages/colcon_core/task/python/colcon_distutils_commands:/home/hungatec/rob499_ws/src/install/hw4/lib/python3.12/site-packages:${PYTHONPATH} /usr/bin/python3 -W ignore:setup.py install is deprecated -W ignore:easy_install command is deprecated setup.py egg_info --egg-base ../build/hw4 build --build-base /home/hungatec/rob499_ws/src/build/hw4/build install --record /home/hungatec/rob499_ws/src/build/hw4/install.log --single-version-externally-managed install_data
[2.648s] DEBUG:colcon.colcon_core.event_handler.log_command:Invoking command in '/home/hungatec/rob499_ws/src/hw2': DEBUGINFOD_URLS=https://debuginfod.ubuntu.com PYTHONPATH=/home/hungatec/rob499_ws/src/build/hw2/prefix_override:/usr/lib/python3/dist-packages/colcon_core/task/python/colcon_distutils_commands:/home/hungatec/rob499_ws/src/install/hw2/lib/python3.12/site-packages:${PYTHONPATH} /usr/bin/python3 -W ignore:setup.py install is deprecated -W ignore:easy_install command is deprecated setup.py egg_info --egg-base ../build/hw2 build --build-base /home/hungatec/rob499_ws/src/build/hw2/build install --record /home/hungatec/rob499_ws/src/build/hw2/install.log --single-version-externally-managed install_data
[3.447s] DEBUG:colcon.colcon_core.event_handler.log_command:Invoked command in '/home/hungatec/rob499_ws/src/hw3' returned '0': DEBUGINFOD_URLS=https://debuginfod.ubuntu.com PYTHONPATH=/home/hungatec/rob499_ws/src/build/hw3/prefix_override:/usr/lib/python3/dist-packages/colcon_core/task/python/colcon_distutils_commands:/home/hungatec/rob499_ws/src/install/hw3/lib/python3.12/site-packages:${PYTHONPATH} /usr/bin/python3 -W ignore:setup.py install is deprecated -W ignore:easy_install command is deprecated setup.py egg_info --egg-base ../build/hw3 build --build-base /home/hungatec/rob499_ws/src/build/hw3/build install --record /home/hungatec/rob499_ws/src/build/hw3/install.log --single-version-externally-managed install_data
[3.449s] Level 1:colcon.colcon_core.environment:checking '/home/hungatec/rob499_ws/src/install/hw3' for CMake module files
[3.450s] Level 1:colcon.colcon_core.environment:checking '/home/hungatec/rob499_ws/src/install/hw3' for CMake config files
[3.450s] Level 1:colcon.colcon_core.environment:checking '/home/hungatec/rob499_ws/src/install/hw3/lib'
[3.451s] Level 1:colcon.colcon_core.environment:checking '/home/hungatec/rob499_ws/src/install/hw3/bin'
[3.451s] Level 1:colcon.colcon_core.environment:checking '/home/hungatec/rob499_ws/src/install/hw3/lib/pkgconfig/hw3.pc'
[3.451s] Level 1:colcon.colcon_core.environment:checking '/home/hungatec/rob499_ws/src/install/hw3/lib/python3.12/site-packages'
[3.451s] Level 1:colcon.colcon_core.shell:create_environment_hook('hw3', 'pythonpath')
[3.452s] INFO:colcon.colcon_core.shell:Creating environment descriptor '/home/hungatec/rob499_ws/src/install/hw3/share/hw3/hook/pythonpath.dsv'
[3.452s] INFO:colcon.colcon_core.shell:Creating environment hook '/home/hungatec/rob499_ws/src/install/hw3/share/hw3/hook/pythonpath.sh'
[3.455s] Level 1:colcon.colcon_core.environment:checking '/home/hungatec/rob499_ws/src/install/hw3/bin'
[3.455s] Level 1:colcon.colcon_core.environment:create_environment_scripts_only(hw3)
[3.456s] INFO:colcon.colcon_core.shell:Creating package descriptor '/home/hungatec/rob499_ws/src/install/hw3/share/hw3/package.dsv'
[3.456s] INFO:colcon.colcon_core.shell:Creating package script '/home/hungatec/rob499_ws/src/install/hw3/share/hw3/package.sh'
[3.467s] INFO:colcon.colcon_core.shell:Creating package script '/home/hungatec/rob499_ws/src/install/hw3/share/hw3/package.bash'
[3.469s] INFO:colcon.colcon_core.shell:Creating package script '/home/hungatec/rob499_ws/src/install/hw3/share/hw3/package.zsh'
[3.469s] Level 1:colcon.colcon_core.environment:create_file_with_runtime_dependencies(/home/hungatec/rob499_ws/src/install/hw3/share/colcon-core/packages/hw3)
[3.470s] INFO:colcon.colcon_ros.task.ament_python.build:Building ROS package in '/home/hungatec/rob499_ws/src/rob599/rob599_basic' with build type 'ament_python'
[3.470s] Level 1:colcon.colcon_core.shell:create_environment_hook('rob599_basic', 'ament_prefix_path')
[3.471s] INFO:colcon.colcon_core.shell:Creating environment descriptor '/home/hungatec/rob499_ws/src/install/rob599_basic/share/rob599_basic/hook/ament_prefix_path.dsv'
[3.479s] INFO:colcon.colcon_core.shell:Creating environment hook '/home/hungatec/rob499_ws/src/install/rob599_basic/share/rob599_basic/hook/ament_prefix_path.sh'
[3.483s] DEBUG:colcon.colcon_core.shell:Skip shell extension 'dsv' for command environment
[3.979s] INFO:colcon.colcon_core.task.python.build:Building Python package in '/home/hungatec/rob499_ws/src/rob599/rob599_basic'
[3.979s] DEBUG:colcon.colcon_core.shell:Skip shell extension 'dsv' for command environment
[3.989s] Level 1:colcon.colcon_core.environment:checking '/home/hungatec/rob499_ws/src/install/hw4' for CMake module files
[3.991s] DEBUG:colcon.colcon_core.event_handler.log_command:Invoked command in '/home/hungatec/rob499_ws/src/hw4' returned '0': DEBUGINFOD_URLS=https://debuginfod.ubuntu.com PYTHONPATH=/home/hungatec/rob499_ws/src/build/hw4/prefix_override:/usr/lib/python3/dist-packages/colcon_core/task/python/colcon_distutils_commands:/home/hungatec/rob499_ws/src/install/hw4/lib/python3.12/site-packages:${PYTHONPATH} /usr/bin/python3 -W ignore:setup.py install is deprecated -W ignore:easy_install command is deprecated setup.py egg_info --egg-base ../build/hw4 build --build-base /home/hungatec/rob499_ws/src/build/hw4/build install --record /home/hungatec/rob499_ws/src/build/hw4/install.log --single-version-externally-managed install_data
[3.992s] Level 1:colcon.colcon_core.environment:checking '/home/hungatec/rob499_ws/src/install/hw4' for CMake config files
[3.997s] Level 1:colcon.colcon_core.environment:checking '/home/hungatec/rob499_ws/src/install/hw4/lib'
[3.998s] Level 1:colcon.colcon_core.environment:checking '/home/hungatec/rob499_ws/src/install/hw4/bin'
[3.998s] Level 1:colcon.colcon_core.environment:checking '/home/hungatec/rob499_ws/src/install/hw4/lib/pkgconfig/hw4.pc'
[3.999s] Level 1:colcon.colcon_core.environment:checking '/home/hungatec/rob499_ws/src/install/hw4/lib/python3.12/site-packages'
[4.000s] Level 1:colcon.colcon_core.shell:create_environment_hook('hw4', 'pythonpath')
[4.000s] INFO:colcon.colcon_core.shell:Creating environment descriptor '/home/hungatec/rob499_ws/src/install/hw4/share/hw4/hook/pythonpath.dsv'
[4.004s] INFO:colcon.colcon_core.shell:Creating environment hook '/home/hungatec/rob499_ws/src/install/hw4/share/hw4/hook/pythonpath.sh'
[4.007s] Level 1:colcon.colcon_core.environment:checking '/home/hungatec/rob499_ws/src/install/hw4/bin'
[4.008s] Level 1:colcon.colcon_core.environment:create_environment_scripts_only(hw4)
[4.009s] INFO:colcon.colcon_core.shell:Creating package descriptor '/home/hungatec/rob499_ws/src/install/hw4/share/hw4/package.dsv'
[4.012s] INFO:colcon.colcon_core.shell:Creating package script '/home/hungatec/rob499_ws/src/install/hw4/share/hw4/package.sh'
[4.016s] INFO:colcon.colcon_core.shell:Creating package script '/home/hungatec/rob499_ws/src/install/hw4/share/hw4/package.bash'
[4.017s] INFO:colcon.colcon_core.shell:Creating package script '/home/hungatec/rob499_ws/src/install/hw4/share/hw4/package.zsh'
[4.021s] Level 1:colcon.colcon_core.environment:create_file_with_runtime_dependencies(/home/hungatec/rob499_ws/src/install/hw4/share/colcon-core/packages/hw4)
[4.028s] INFO:colcon.colcon_ros.task.ament_cmake.build:Building ROS package in '/home/hungatec/rob499_ws/src/rob599/rob599_basic_cpp' with build type 'ament_cmake'
[4.028s] INFO:colcon.colcon_cmake.task.cmake.build:Building CMake package in '/home/hungatec/rob499_ws/src/rob599/rob599_basic_cpp'
[4.029s] DEBUG:colcon.colcon_core.shell:Skip shell extension 'dsv' for command environment
[4.042s] Level 1:colcon.colcon_core.environment:checking '/home/hungatec/rob499_ws/src/install/hw2' for CMake module files
[4.047s] Level 1:colcon.colcon_core.environment:checking '/home/hungatec/rob499_ws/src/install/hw2' for CMake config files
[4.048s] DEBUG:colcon.colcon_core.event_handler.log_command:Invoked command in '/home/hungatec/rob499_ws/src/hw2' returned '0': DEBUGINFOD_URLS=https://debuginfod.ubuntu.com PYTHONPATH=/home/hungatec/rob499_ws/src/build/hw2/prefix_override:/usr/lib/python3/dist-packages/colcon_core/task/python/colcon_distutils_commands:/home/hungatec/rob499_ws/src/install/hw2/lib/python3.12/site-packages:${PYTHONPATH} /usr/bin/python3 -W ignore:setup.py install is deprecated -W ignore:easy_install command is deprecated setup.py egg_info --egg-base ../build/hw2 build --build-base /home/hungatec/rob499_ws/src/build/hw2/build install --record /home/hungatec/rob499_ws/src/build/hw2/install.log --single-version-externally-managed install_data
[4.051s] Level 1:colcon.colcon_core.environment:checking '/home/hungatec/rob499_ws/src/install/hw2/lib'
[4.051s] Level 1:colcon.colcon_core.environment:checking '/home/hungatec/rob499_ws/src/install/hw2/bin'
[4.051s] Level 1:colcon.colcon_core.environment:checking '/home/hungatec/rob499_ws/src/install/hw2/lib/pkgconfig/hw2.pc'
[4.052s] Level 1:colcon.colcon_core.environment:checking '/home/hungatec/rob499_ws/src/install/hw2/lib/python3.12/site-packages'
[4.052s] Level 1:colcon.colcon_core.shell:create_environment_hook('hw2', 'pythonpath')
[4.053s] INFO:colcon.colcon_core.shell:Creating environment descriptor '/home/hungatec/rob499_ws/src/install/hw2/share/hw2/hook/pythonpath.dsv'
[4.054s] INFO:colcon.colcon_core.shell:Creating environment hook '/home/hungatec/rob499_ws/src/install/hw2/share/hw2/hook/pythonpath.sh'
[4.057s] Level 1:colcon.colcon_core.environment:checking '/home/hungatec/rob499_ws/src/install/hw2/bin'
[4.057s] Level 1:colcon.colcon_core.environment:create_environment_scripts_only(hw2)
[4.057s] INFO:colcon.colcon_core.shell:Creating package descriptor '/home/hungatec/rob499_ws/src/install/hw2/share/hw2/package.dsv'
[4.059s] INFO:colcon.colcon_core.shell:Creating package script '/home/hungatec/rob499_ws/src/install/hw2/share/hw2/package.sh'
[4.064s] INFO:colcon.colcon_core.shell:Creating package script '/home/hungatec/rob499_ws/src/install/hw2/share/hw2/package.bash'
[4.066s] INFO:colcon.colcon_core.shell:Creating package script '/home/hungatec/rob499_ws/src/install/hw2/share/hw2/package.zsh'
[4.071s] Level 1:colcon.colcon_core.environment:create_file_with_runtime_dependencies(/home/hungatec/rob499_ws/src/install/hw2/share/colcon-core/packages/hw2)
[4.073s] INFO:colcon.colcon_ros.task.ament_python.build:Building ROS package in '/home/hungatec/rob499_ws/src/rob599/rob599_more' with build type 'ament_python'
[4.073s] Level 1:colcon.colcon_core.shell:create_environment_hook('rob599_more', 'ament_prefix_path')
[4.074s] INFO:colcon.colcon_core.shell:Creating environment descriptor '/home/hungatec/rob499_ws/src/install/rob599_more/share/rob599_more/hook/ament_prefix_path.dsv'
[4.075s] INFO:colcon.colcon_core.shell:Creating environment hook '/home/hungatec/rob499_ws/src/install/rob599_more/share/rob599_more/hook/ament_prefix_path.sh'
[4.081s] DEBUG:colcon.colcon_core.shell:Skip shell extension 'dsv' for command environment
[4.114s] DEBUG:colcon.colcon_core.event_handler.log_command:Invoking command in '/home/hungatec/rob499_ws/src/build/rob599_basic_cpp': CMAKE_PREFIX_PATH=${CMAKE_PREFIX_PATH}:/opt/ros/jazzy DEBUGINFOD_URLS=https://debuginfod.ubuntu.com /usr/bin/cmake /home/hungatec/rob499_ws/src/rob599/rob599_basic_cpp -DCMAKE_INSTALL_PREFIX=/home/hungatec/rob499_ws/src/install/rob599_basic_cpp
[4.735s] INFO:colcon.colcon_core.task.python.build:Building Python package in '/home/hungatec/rob499_ws/src/rob599/rob599_more'
[4.736s] DEBUG:colcon.colcon_core.shell:Skip shell extension 'dsv' for command environment
[5.449s] DEBUG:colcon.colcon_core.event_handler.log_command:Invoked command in '/home/hungatec/rob499_ws/src/build/rob599_basic_cpp' returned '1': CMAKE_PREFIX_PATH=${CMAKE_PREFIX_PATH}:/opt/ros/jazzy DEBUGINFOD_URLS=https://debuginfod.ubuntu.com /usr/bin/cmake /home/hungatec/rob499_ws/src/rob599/rob599_basic_cpp -DCMAKE_INSTALL_PREFIX=/home/hungatec/rob499_ws/src/install/rob599_basic_cpp
[5.522s] Level 1:colcon.colcon_core.environment:create_environment_scripts_only(rob599_basic_cpp)
[5.522s] Level 1:colcon.colcon_core.environment:checking '/home/hungatec/rob499_ws/src/install/rob599_basic_cpp' for CMake module files
[5.522s] Level 1:colcon.colcon_core.environment:checking '/home/hungatec/rob499_ws/src/install/rob599_basic_cpp' for CMake config files
[5.523s] Level 1:colcon.colcon_core.environment:checking '/home/hungatec/rob499_ws/src/install/rob599_basic_cpp/bin'
[5.523s] Level 1:colcon.colcon_core.environment:checking '/home/hungatec/rob499_ws/src/install/rob599_basic_cpp/lib/pkgconfig/rob599_basic_cpp.pc'
[5.524s] Level 1:colcon.colcon_core.environment:checking '/home/hungatec/rob499_ws/src/install/rob599_basic_cpp/lib/python3.12/site-packages'
[5.524s] Level 1:colcon.colcon_core.environment:checking '/home/hungatec/rob499_ws/src/install/rob599_basic_cpp/bin'
[5.525s] INFO:colcon.colcon_core.shell:Creating package descriptor '/home/hungatec/rob499_ws/src/install/rob599_basic_cpp/share/rob599_basic_cpp/package.dsv'
[5.525s] INFO:colcon.colcon_core.shell:Creating package script '/home/hungatec/rob499_ws/src/install/rob599_basic_cpp/share/rob599_basic_cpp/package.sh'
[5.526s] INFO:colcon.colcon_core.shell:Creating package script '/home/hungatec/rob499_ws/src/install/rob599_basic_cpp/share/rob599_basic_cpp/package.bash'
[5.526s] INFO:colcon.colcon_core.shell:Creating package script '/home/hungatec/rob499_ws/src/install/rob599_basic_cpp/share/rob599_basic_cpp/package.zsh'
[5.526s] Level 1:colcon.colcon_core.environment:create_file_with_runtime_dependencies(/home/hungatec/rob499_ws/src/install/rob599_basic_cpp/share/colcon-core/packages/rob599_basic_cpp)
[14.152s] DEBUG:colcon.colcon_parallel_executor.executor.parallel:closing loop
[14.152s] DEBUG:colcon.colcon_parallel_executor.executor.parallel:loop closed
[14.152s] DEBUG:colcon.colcon_parallel_executor.executor.parallel:run_until_complete finished with '1'
[14.153s] DEBUG:colcon.colcon_core.event_reactor:joining thread
[14.176s] INFO:colcon.colcon_core.plugin_system:Skipping extension 'colcon_notification.desktop_notification.terminal_notifier': Not used on non-Darwin systems
[14.176s] INFO:colcon.colcon_core.plugin_system:Skipping extension 'colcon_notification.desktop_notification.win32': Not used on non-Windows systems
[14.176s] INFO:colcon.colcon_notification.desktop_notification:Sending desktop notification using 'notify2'
[14.211s] DEBUG:colcon.colcon_core.event_reactor:joined thread
[14.211s] INFO:colcon.colcon_core.shell:Creating prefix script '/home/hungatec/rob499_ws/src/install/local_setup.sh'
[14.212s] INFO:colcon.colcon_core.shell:Creating prefix util module '/home/hungatec/rob499_ws/src/install/_local_setup_util_sh.py'
[14.214s] INFO:colcon.colcon_core.shell:Creating prefix chain script '/home/hungatec/rob499_ws/src/install/setup.sh'
[14.218s] INFO:colcon.colcon_core.shell:Creating prefix script '/home/hungatec/rob499_ws/src/install/local_setup.bash'
[14.219s] INFO:colcon.colcon_core.shell:Creating prefix chain script '/home/hungatec/rob499_ws/src/install/setup.bash'
[14.221s] INFO:colcon.colcon_core.shell:Creating prefix script '/home/hungatec/rob499_ws/src/install/local_setup.zsh'
[14.222s] INFO:colcon.colcon_core.shell:Creating prefix chain script '/home/hungatec/rob499_ws/src/install/setup.zsh'
