[1.333s] Invoking command in '/home/hungatec/rob499_ws/src/rob499_project': DEBUGINFOD_URLS=https://debuginfod.ubuntu.com PYTHONPATH=/home/hungatec/rob499_ws/build/rob499_project/prefix_override:/usr/lib/python3/dist-packages/colcon_core/task/python/colcon_distutils_commands:/home/hungatec/rob499_ws/install/rob499_project/lib/python3.12/site-packages:${PYTHONPATH} /usr/bin/python3 -W ignore:setup.py install is deprecated -W ignore:easy_install command is deprecated setup.py egg_info --egg-base ../../build/rob499_project build --build-base /home/hungatec/rob499_ws/build/rob499_project/build install --record /home/hungatec/rob499_ws/build/rob499_project/install.log --single-version-externally-managed install_data
[1.845s] running egg_info
[1.876s] writing ../../build/rob499_project/rob499_project.egg-info/PKG-INFO
[1.877s] writing dependency_links to ../../build/rob499_project/rob499_project.egg-info/dependency_links.txt
[1.878s] writing entry points to ../../build/rob499_project/rob499_project.egg-info/entry_points.txt
[1.878s] writing requirements to ../../build/rob499_project/rob499_project.egg-info/requires.txt
[1.879s] writing top-level names to ../../build/rob499_project/rob499_project.egg-info/top_level.txt
[1.971s] reading manifest file '../../build/rob499_project/rob499_project.egg-info/SOURCES.txt'
[1.972s] adding license file 'LICENSE'
[1.974s] writing manifest file '../../build/rob499_project/rob499_project.egg-info/SOURCES.txt'
[1.974s] running build
[1.974s] running build_py
[1.974s] copying rob499_project/x_vel_node.py -> /home/hungatec/rob499_ws/build/rob499_project/build/lib/rob499_project
[1.976s] running install
[1.990s] running install_lib
[2.084s] copying /home/hungatec/rob499_ws/build/rob499_project/build/lib/rob499_project/x_vel_node.py -> /home/hungatec/rob499_ws/install/rob499_project/lib/python3.12/site-packages/rob499_project
[2.090s] byte-compiling /home/hungatec/rob499_ws/install/rob499_project/lib/python3.12/site-packages/rob499_project/x_vel_node.py to x_vel_node.cpython-312.pyc
[2.090s] running install_data
[2.090s] running install_egg_info
[2.199s] removing '/home/hungatec/rob499_ws/install/rob499_project/lib/python3.12/site-packages/rob499_project-0.0.0-py3.12.egg-info' (and everything under it)
[2.199s] Copying ../../build/rob499_project/rob499_project.egg-info to /home/hungatec/rob499_ws/install/rob499_project/lib/python3.12/site-packages/rob499_project-0.0.0-py3.12.egg-info
[2.199s] running install_scripts
[2.517s] Installing dummy_parameter script to /home/hungatec/rob499_ws/install/rob499_project/lib/rob499_project
[2.519s] Installing serial_data script to /home/hungatec/rob499_ws/install/rob499_project/lib/rob499_project
[2.520s] Installing virtual_serial_data script to /home/hungatec/rob499_ws/install/rob499_project/lib/rob499_project
[2.520s] Installing x_vel script to /home/hungatec/rob499_ws/install/rob499_project/lib/rob499_project
[2.522s] writing list of installed files to '/home/hungatec/rob499_ws/build/rob499_project/install.log'
[2.620s] Invoked command in '/home/hungatec/rob499_ws/src/rob499_project' returned '0': DEBUGINFOD_URLS=https://debuginfod.ubuntu.com PYTHONPATH=/home/hungatec/rob499_ws/build/rob499_project/prefix_override:/usr/lib/python3/dist-packages/colcon_core/task/python/colcon_distutils_commands:/home/hungatec/rob499_ws/install/rob499_project/lib/python3.12/site-packages:${PYTHONPATH} /usr/bin/python3 -W ignore:setup.py install is deprecated -W ignore:easy_install command is deprecated setup.py egg_info --egg-base ../../build/rob499_project build --build-base /home/hungatec/rob499_ws/build/rob499_project/build install --record /home/hungatec/rob499_ws/build/rob499_project/install.log --single-version-externally-managed install_data
