[1.686s] Invoking command in '/home/hungatec/rob499_ws/src/rob499_project': DEBUGINFOD_URLS=https://debuginfod.ubuntu.com PYTHONPATH=/home/hungatec/rob499_ws/build/rob499_project/prefix_override:/usr/lib/python3/dist-packages/colcon_core/task/python/colcon_distutils_commands:/home/hungatec/rob499_ws/install/rob499_project/lib/python3.12/site-packages:${PYTHONPATH} /usr/bin/python3 -W ignore:setup.py install is deprecated -W ignore:easy_install command is deprecated setup.py egg_info --egg-base ../../build/rob499_project build --build-base /home/hungatec/rob499_ws/build/rob499_project/build install --record /home/hungatec/rob499_ws/build/rob499_project/install.log --single-version-externally-managed install_data
[2.270s] running egg_info
[2.306s] writing ../../build/rob499_project/rob499_project.egg-info/PKG-INFO
[2.307s] writing dependency_links to ../../build/rob499_project/rob499_project.egg-info/dependency_links.txt
[2.308s] writing entry points to ../../build/rob499_project/rob499_project.egg-info/entry_points.txt
[2.308s] writing requirements to ../../build/rob499_project/rob499_project.egg-info/requires.txt
[2.309s] writing top-level names to ../../build/rob499_project/rob499_project.egg-info/top_level.txt
[2.385s] reading manifest file '../../build/rob499_project/rob499_project.egg-info/SOURCES.txt'
[2.389s] adding license file 'LICENSE'
[2.389s] writing manifest file '../../build/rob499_project/rob499_project.egg-info/SOURCES.txt'
[2.390s] running build
[2.390s] running build_py
[2.390s] copying rob499_project/serial_data_publisher.py -> /home/hungatec/rob499_ws/build/rob499_project/build/lib/rob499_project
[2.391s] copying rob499_project/x_vel_node.py -> /home/hungatec/rob499_ws/build/rob499_project/build/lib/rob499_project
[2.392s] running install
[2.410s] running install_lib
[2.448s] copying /home/hungatec/rob499_ws/build/rob499_project/build/lib/rob499_project/serial_data_publisher.py -> /home/hungatec/rob499_ws/install/rob499_project/lib/python3.12/site-packages/rob499_project
[2.451s] copying /home/hungatec/rob499_ws/build/rob499_project/build/lib/rob499_project/x_vel_node.py -> /home/hungatec/rob499_ws/install/rob499_project/lib/python3.12/site-packages/rob499_project
[2.452s] byte-compiling /home/hungatec/rob499_ws/install/rob499_project/lib/python3.12/site-packages/rob499_project/serial_data_publisher.py to serial_data_publisher.cpython-312.pyc
[2.455s] byte-compiling /home/hungatec/rob499_ws/install/rob499_project/lib/python3.12/site-packages/rob499_project/x_vel_node.py to x_vel_node.cpython-312.pyc
[2.456s] running install_data
[2.456s] copying package.xml -> /home/hungatec/rob499_ws/install/rob499_project/share/rob499_project
[2.457s] running install_egg_info
[2.491s] removing '/home/hungatec/rob499_ws/install/rob499_project/lib/python3.12/site-packages/rob499_project-0.0.0-py3.12.egg-info' (and everything under it)
[2.492s] Copying ../../build/rob499_project/rob499_project.egg-info to /home/hungatec/rob499_ws/install/rob499_project/lib/python3.12/site-packages/rob499_project-0.0.0-py3.12.egg-info
[2.495s] running install_scripts
[2.750s] Installing dummy_parameter script to /home/hungatec/rob499_ws/install/rob499_project/lib/rob499_project
[2.752s] Installing serial_data script to /home/hungatec/rob499_ws/install/rob499_project/lib/rob499_project
[2.752s] Installing virtual_serial_data script to /home/hungatec/rob499_ws/install/rob499_project/lib/rob499_project
[2.753s] Installing x_vel script to /home/hungatec/rob499_ws/install/rob499_project/lib/rob499_project
[2.755s] writing list of installed files to '/home/hungatec/rob499_ws/build/rob499_project/install.log'
[2.799s] Invoked command in '/home/hungatec/rob499_ws/src/rob499_project' returned '0': DEBUGINFOD_URLS=https://debuginfod.ubuntu.com PYTHONPATH=/home/hungatec/rob499_ws/build/rob499_project/prefix_override:/usr/lib/python3/dist-packages/colcon_core/task/python/colcon_distutils_commands:/home/hungatec/rob499_ws/install/rob499_project/lib/python3.12/site-packages:${PYTHONPATH} /usr/bin/python3 -W ignore:setup.py install is deprecated -W ignore:easy_install command is deprecated setup.py egg_info --egg-base ../../build/rob499_project build --build-base /home/hungatec/rob499_ws/build/rob499_project/build install --record /home/hungatec/rob499_ws/build/rob499_project/install.log --single-version-externally-managed install_data
