[0.039s] Invoking command in '/home/hungatec/rob499_ws/build/rob599_msgs': CMAKE_PREFIX_PATH=${CMAKE_PREFIX_PATH}:/home/hungatec/rob499_ws/install/rob599_more:/home/hungatec/rob499_ws/install/rob599_basic:/home/hungatec/rob499_ws/install/hw5:/home/hungatec/rob499_ws/install/hw4:/home/hungatec/rob499_ws/install/hw3:/home/hungatec/rob499_ws/install/hw2:/opt/ros/jazzy DEBUGINFOD_URLS=https://debuginfod.ubuntu.com /usr/bin/cmake --build /home/hungatec/rob499_ws/build/rob599_msgs -- -j4 -l4
[0.190s] [  1%] Built target rob599_msgs__rosidl_generator_type_description
[0.238s] [  1%] Built target ament_cmake_python_copy_rob599_msgs
[0.264s] [  3%] Built target rob599_msgs__cpp
[0.278s] [ 25%] Built target rob599_msgs__rosidl_generator_c
[0.438s] [ 34%] Built target rob599_msgs__rosidl_typesupport_cpp
[0.446s] [ 43%] Built target rob599_msgs__rosidl_typesupport_fastrtps_c
[0.474s] [ 53%] Built target rob599_msgs__rosidl_typesupport_introspection_c
[0.547s] [ 62%] Built target rob599_msgs__rosidl_typesupport_c
[0.597s] [ 71%] Built target rob599_msgs__rosidl_typesupport_fastrtps_cpp
[0.599s] [ 81%] Built target rob599_msgs__rosidl_typesupport_introspection_cpp
[0.701s] [ 81%] Built target rob599_msgs
[0.804s] [ 82%] Built target rob599_msgs__py
[0.843s] running egg_info
[0.913s] writing rob599_msgs.egg-info/PKG-INFO
[0.914s] writing dependency_links to rob599_msgs.egg-info/dependency_links.txt
[0.915s] writing top-level names to rob599_msgs.egg-info/top_level.txt
[0.916s] [ 90%] Built target rob599_msgs__rosidl_generator_py
[1.042s] reading manifest file 'rob599_msgs.egg-info/SOURCES.txt'
[1.043s] writing manifest file 'rob599_msgs.egg-info/SOURCES.txt'
[1.049s] [ 93%] Built target rob599_msgs_s__rosidl_typesupport_introspection_c
[1.052s] [ 96%] Built target rob599_msgs_s__rosidl_typesupport_c
[1.072s] [100%] Built target rob599_msgs_s__rosidl_typesupport_fastrtps_c
[1.117s] [100%] Built target ament_cmake_python_build_rob599_msgs_egg
[1.156s] Invoked command in '/home/hungatec/rob499_ws/build/rob599_msgs' returned '0': CMAKE_PREFIX_PATH=${CMAKE_PREFIX_PATH}:/home/hungatec/rob499_ws/install/rob599_more:/home/hungatec/rob499_ws/install/rob599_basic:/home/hungatec/rob499_ws/install/hw5:/home/hungatec/rob499_ws/install/hw4:/home/hungatec/rob499_ws/install/hw3:/home/hungatec/rob499_ws/install/hw2:/opt/ros/jazzy DEBUGINFOD_URLS=https://debuginfod.ubuntu.com /usr/bin/cmake --build /home/hungatec/rob499_ws/build/rob599_msgs -- -j4 -l4
[1.168s] Invoking command in '/home/hungatec/rob499_ws/build/rob599_msgs': CMAKE_PREFIX_PATH=${CMAKE_PREFIX_PATH}:/home/hungatec/rob499_ws/install/rob599_more:/home/hungatec/rob499_ws/install/rob599_basic:/home/hungatec/rob499_ws/install/hw5:/home/hungatec/rob499_ws/install/hw4:/home/hungatec/rob499_ws/install/hw3:/home/hungatec/rob499_ws/install/hw2:/opt/ros/jazzy DEBUGINFOD_URLS=https://debuginfod.ubuntu.com /usr/bin/cmake --install /home/hungatec/rob499_ws/build/rob599_msgs
[1.202s] -- Install configuration: ""
[1.203s] -- Up-to-date: /home/hungatec/rob499_ws/install/rob599_msgs/share/ament_index/resource_index/rosidl_interfaces/rob599_msgs
[1.203s] -- Up-to-date: /home/hungatec/rob499_ws/install/rob599_msgs/share/rob599_msgs/msg/Object.json
[1.204s] -- Up-to-date: /home/hungatec/rob499_ws/install/rob599_msgs/share/rob599_msgs/srv/Doubler.json
[1.204s] -- Up-to-date: /home/hungatec/rob499_ws/install/rob599_msgs/share/rob599_msgs/srv/FibService.json
[1.204s] -- Up-to-date: /home/hungatec/rob499_ws/install/rob599_msgs/share/rob599_msgs/action/Fibonacci.json
[1.205s] -- Up-to-date: /home/hungatec/rob499_ws/install/rob599_msgs/include/rob599_msgs/rob599_msgs
[1.205s] -- Up-to-date: /home/hungatec/rob499_ws/install/rob599_msgs/include/rob599_msgs/rob599_msgs/msg
[1.205s] -- Up-to-date: /home/hungatec/rob499_ws/install/rob599_msgs/include/rob599_msgs/rob599_msgs/msg/object.h
[1.206s] -- Up-to-date: /home/hungatec/rob499_ws/install/rob599_msgs/include/rob599_msgs/rob599_msgs/msg/detail
[1.206s] -- Up-to-date: /home/hungatec/rob499_ws/install/rob599_msgs/include/rob599_msgs/rob599_msgs/msg/detail/object__functions.c
[1.206s] -- Installing: /home/hungatec/rob499_ws/install/rob599_msgs/include/rob599_msgs/rob599_msgs/msg/detail/object__type_support.c
[1.207s] -- Up-to-date: /home/hungatec/rob499_ws/install/rob599_msgs/include/rob599_msgs/rob599_msgs/msg/detail/object__type_support.h
[1.207s] -- Up-to-date: /home/hungatec/rob499_ws/install/rob599_msgs/include/rob599_msgs/rob599_msgs/msg/detail/object__description.c
[1.207s] -- Up-to-date: /home/hungatec/rob499_ws/install/rob599_msgs/include/rob599_msgs/rob599_msgs/msg/detail/object__struct.h
[1.208s] -- Up-to-date: /home/hungatec/rob499_ws/install/rob599_msgs/include/rob599_msgs/rob599_msgs/msg/detail/object__functions.h
[1.209s] -- Up-to-date: /home/hungatec/rob499_ws/install/rob599_msgs/include/rob599_msgs/rob599_msgs/msg/rosidl_generator_c__visibility_control.h
[1.209s] -- Up-to-date: /home/hungatec/rob499_ws/install/rob599_msgs/include/rob599_msgs/rob599_msgs/srv
[1.231s] -- Up-to-date: /home/hungatec/rob499_ws/install/rob599_msgs/include/rob599_msgs/rob599_msgs/srv/fib_service.h
[1.231s] -- Up-to-date: /home/hungatec/rob499_ws/install/rob599_msgs/include/rob599_msgs/rob599_msgs/srv/detail
[1.232s] -- Up-to-date: /home/hungatec/rob499_ws/install/rob599_msgs/include/rob599_msgs/rob599_msgs/srv/detail/doubler__struct.h
[1.232s] -- Up-to-date: /home/hungatec/rob499_ws/install/rob599_msgs/include/rob599_msgs/rob599_msgs/srv/detail/fib_service__type_support.h
[1.232s] -- Up-to-date: /home/hungatec/rob499_ws/install/rob599_msgs/include/rob599_msgs/rob599_msgs/srv/detail/doubler__functions.h
[1.232s] -- Installing: /home/hungatec/rob499_ws/install/rob599_msgs/include/rob599_msgs/rob599_msgs/srv/detail/doubler__type_support.c
[1.232s] -- Up-to-date: /home/hungatec/rob499_ws/install/rob599_msgs/include/rob599_msgs/rob599_msgs/srv/detail/fib_service__functions.h
[1.232s] -- Up-to-date: /home/hungatec/rob499_ws/install/rob599_msgs/include/rob599_msgs/rob599_msgs/srv/detail/fib_service__struct.h
[1.232s] -- Up-to-date: /home/hungatec/rob499_ws/install/rob599_msgs/include/rob599_msgs/rob599_msgs/srv/detail/fib_service__description.c
[1.232s] -- Up-to-date: /home/hungatec/rob499_ws/install/rob599_msgs/include/rob599_msgs/rob599_msgs/srv/detail/fib_service__functions.c
[1.233s] -- Up-to-date: /home/hungatec/rob499_ws/install/rob599_msgs/include/rob599_msgs/rob599_msgs/srv/detail/doubler__functions.c
[1.233s] -- Up-to-date: /home/hungatec/rob499_ws/install/rob599_msgs/include/rob599_msgs/rob599_msgs/srv/detail/doubler__type_support.h
[1.233s] -- Installing: /home/hungatec/rob499_ws/install/rob599_msgs/include/rob599_msgs/rob599_msgs/srv/detail/fib_service__type_support.c
[1.233s] -- Up-to-date: /home/hungatec/rob499_ws/install/rob599_msgs/include/rob599_msgs/rob599_msgs/srv/detail/doubler__description.c
[1.233s] -- Up-to-date: /home/hungatec/rob499_ws/install/rob599_msgs/include/rob599_msgs/rob599_msgs/srv/doubler.h
[1.233s] -- Up-to-date: /home/hungatec/rob499_ws/install/rob599_msgs/include/rob599_msgs/rob599_msgs/action
[1.233s] -- Up-to-date: /home/hungatec/rob499_ws/install/rob599_msgs/include/rob599_msgs/rob599_msgs/action/detail
[1.233s] -- Up-to-date: /home/hungatec/rob499_ws/install/rob599_msgs/include/rob599_msgs/rob599_msgs/action/detail/fibonacci__functions.c
[1.234s] -- Installing: /home/hungatec/rob499_ws/install/rob599_msgs/include/rob599_msgs/rob599_msgs/action/detail/fibonacci__type_support.c
[1.234s] -- Up-to-date: /home/hungatec/rob499_ws/install/rob599_msgs/include/rob599_msgs/rob599_msgs/action/detail/fibonacci__struct.h
[1.234s] -- Up-to-date: /home/hungatec/rob499_ws/install/rob599_msgs/include/rob599_msgs/rob599_msgs/action/detail/fibonacci__type_support.h
[1.234s] -- Up-to-date: /home/hungatec/rob499_ws/install/rob599_msgs/include/rob599_msgs/rob599_msgs/action/detail/fibonacci__functions.h
[1.234s] -- Up-to-date: /home/hungatec/rob499_ws/install/rob599_msgs/include/rob599_msgs/rob599_msgs/action/detail/fibonacci__description.c
[1.234s] -- Up-to-date: /home/hungatec/rob499_ws/install/rob599_msgs/include/rob599_msgs/rob599_msgs/action/fibonacci.h
[1.234s] -- Up-to-date: /home/hungatec/rob499_ws/install/rob599_msgs/share/rob599_msgs/environment/library_path.sh
[1.234s] -- Up-to-date: /home/hungatec/rob499_ws/install/rob599_msgs/share/rob599_msgs/environment/library_path.dsv
[1.234s] -- Up-to-date: /home/hungatec/rob499_ws/install/rob599_msgs/lib/librob599_msgs__rosidl_generator_c.so
[1.234s] -- Up-to-date: /home/hungatec/rob499_ws/install/rob599_msgs/include/rob599_msgs/rob599_msgs
[1.234s] -- Up-to-date: /home/hungatec/rob499_ws/install/rob599_msgs/include/rob599_msgs/rob599_msgs/msg
[1.234s] -- Up-to-date: /home/hungatec/rob499_ws/install/rob599_msgs/include/rob599_msgs/rob599_msgs/msg/detail
[1.234s] -- Up-to-date: /home/hungatec/rob499_ws/install/rob599_msgs/include/rob599_msgs/rob599_msgs/msg/detail/object__rosidl_typesupport_fastrtps_c.h
[1.234s] -- Up-to-date: /home/hungatec/rob499_ws/install/rob599_msgs/include/rob599_msgs/rob599_msgs/msg/rosidl_typesupport_fastrtps_c__visibility_control.h
[1.235s] -- Up-to-date: /home/hungatec/rob499_ws/install/rob599_msgs/include/rob599_msgs/rob599_msgs/srv
[1.235s] -- Up-to-date: /home/hungatec/rob499_ws/install/rob599_msgs/include/rob599_msgs/rob599_msgs/srv/detail
[1.235s] -- Up-to-date: /home/hungatec/rob499_ws/install/rob599_msgs/include/rob599_msgs/rob599_msgs/srv/detail/fib_service__rosidl_typesupport_fastrtps_c.h
[1.235s] -- Up-to-date: /home/hungatec/rob499_ws/install/rob599_msgs/include/rob599_msgs/rob599_msgs/srv/detail/doubler__rosidl_typesupport_fastrtps_c.h
[1.235s] -- Up-to-date: /home/hungatec/rob499_ws/install/rob599_msgs/include/rob599_msgs/rob599_msgs/action
[1.235s] -- Up-to-date: /home/hungatec/rob499_ws/install/rob599_msgs/include/rob599_msgs/rob599_msgs/action/detail
[1.235s] -- Up-to-date: /home/hungatec/rob499_ws/install/rob599_msgs/include/rob599_msgs/rob599_msgs/action/detail/fibonacci__rosidl_typesupport_fastrtps_c.h
[1.235s] -- Up-to-date: /home/hungatec/rob499_ws/install/rob599_msgs/lib/librob599_msgs__rosidl_typesupport_fastrtps_c.so
[1.235s] -- Up-to-date: /home/hungatec/rob499_ws/install/rob599_msgs/include/rob599_msgs/rob599_msgs
[1.236s] -- Up-to-date: /home/hungatec/rob499_ws/install/rob599_msgs/include/rob599_msgs/rob599_msgs/msg
[1.236s] -- Up-to-date: /home/hungatec/rob499_ws/install/rob599_msgs/include/rob599_msgs/rob599_msgs/msg/detail
[1.236s] -- Installing: /home/hungatec/rob499_ws/install/rob599_msgs/include/rob599_msgs/rob599_msgs/msg/detail/object__type_support.c
[1.236s] -- Up-to-date: /home/hungatec/rob499_ws/install/rob599_msgs/include/rob599_msgs/rob599_msgs/msg/detail/object__rosidl_typesupport_introspection_c.h
[1.236s] -- Up-to-date: /home/hungatec/rob499_ws/install/rob599_msgs/include/rob599_msgs/rob599_msgs/msg/rosidl_typesupport_introspection_c__visibility_control.h
[1.236s] -- Up-to-date: /home/hungatec/rob499_ws/install/rob599_msgs/include/rob599_msgs/rob599_msgs/srv
[1.236s] -- Up-to-date: /home/hungatec/rob499_ws/install/rob599_msgs/include/rob599_msgs/rob599_msgs/srv/detail
[1.236s] -- Installing: /home/hungatec/rob499_ws/install/rob599_msgs/include/rob599_msgs/rob599_msgs/srv/detail/doubler__type_support.c
[1.236s] -- Up-to-date: /home/hungatec/rob499_ws/install/rob599_msgs/include/rob599_msgs/rob599_msgs/srv/detail/fib_service__rosidl_typesupport_introspection_c.h
[1.236s] -- Installing: /home/hungatec/rob499_ws/install/rob599_msgs/include/rob599_msgs/rob599_msgs/srv/detail/fib_service__type_support.c
[1.236s] -- Up-to-date: /home/hungatec/rob499_ws/install/rob599_msgs/include/rob599_msgs/rob599_msgs/srv/detail/doubler__rosidl_typesupport_introspection_c.h
[1.237s] -- Up-to-date: /home/hungatec/rob499_ws/install/rob599_msgs/include/rob599_msgs/rob599_msgs/action
[1.237s] -- Up-to-date: /home/hungatec/rob499_ws/install/rob599_msgs/include/rob599_msgs/rob599_msgs/action/detail
[1.237s] -- Installing: /home/hungatec/rob499_ws/install/rob599_msgs/include/rob599_msgs/rob599_msgs/action/detail/fibonacci__type_support.c
[1.237s] -- Up-to-date: /home/hungatec/rob499_ws/install/rob599_msgs/include/rob599_msgs/rob599_msgs/action/detail/fibonacci__rosidl_typesupport_introspection_c.h
[1.258s] -- Up-to-date: /home/hungatec/rob499_ws/install/rob599_msgs/lib/librob599_msgs__rosidl_typesupport_introspection_c.so
[1.258s] -- Up-to-date: /home/hungatec/rob499_ws/install/rob599_msgs/lib/librob599_msgs__rosidl_typesupport_c.so
[1.259s] -- Up-to-date: /home/hungatec/rob499_ws/install/rob599_msgs/include/rob599_msgs/rob599_msgs
[1.259s] -- Up-to-date: /home/hungatec/rob499_ws/install/rob599_msgs/include/rob599_msgs/rob599_msgs/msg
[1.259s] -- Up-to-date: /home/hungatec/rob499_ws/install/rob599_msgs/include/rob599_msgs/rob599_msgs/msg/object.hpp
[1.259s] -- Up-to-date: /home/hungatec/rob499_ws/install/rob599_msgs/include/rob599_msgs/rob599_msgs/msg/rosidl_generator_cpp__visibility_control.hpp
[1.259s] -- Up-to-date: /home/hungatec/rob499_ws/install/rob599_msgs/include/rob599_msgs/rob599_msgs/msg/detail
[1.259s] -- Up-to-date: /home/hungatec/rob499_ws/install/rob599_msgs/include/rob599_msgs/rob599_msgs/msg/detail/object__struct.hpp
[1.259s] -- Up-to-date: /home/hungatec/rob499_ws/install/rob599_msgs/include/rob599_msgs/rob599_msgs/msg/detail/object__traits.hpp
[1.259s] -- Up-to-date: /home/hungatec/rob499_ws/install/rob599_msgs/include/rob599_msgs/rob599_msgs/msg/detail/object__type_support.hpp
[1.260s] -- Up-to-date: /home/hungatec/rob499_ws/install/rob599_msgs/include/rob599_msgs/rob599_msgs/msg/detail/object__builder.hpp
[1.260s] -- Up-to-date: /home/hungatec/rob499_ws/install/rob599_msgs/include/rob599_msgs/rob599_msgs/srv
[1.260s] -- Up-to-date: /home/hungatec/rob499_ws/install/rob599_msgs/include/rob599_msgs/rob599_msgs/srv/fib_service.hpp
[1.260s] -- Up-to-date: /home/hungatec/rob499_ws/install/rob599_msgs/include/rob599_msgs/rob599_msgs/srv/detail
[1.260s] -- Up-to-date: /home/hungatec/rob499_ws/install/rob599_msgs/include/rob599_msgs/rob599_msgs/srv/detail/doubler__builder.hpp
[1.260s] -- Up-to-date: /home/hungatec/rob499_ws/install/rob599_msgs/include/rob599_msgs/rob599_msgs/srv/detail/doubler__struct.hpp
[1.260s] -- Up-to-date: /home/hungatec/rob499_ws/install/rob599_msgs/include/rob599_msgs/rob599_msgs/srv/detail/doubler__type_support.hpp
[1.260s] -- Up-to-date: /home/hungatec/rob499_ws/install/rob599_msgs/include/rob599_msgs/rob599_msgs/srv/detail/fib_service__struct.hpp
[1.260s] -- Up-to-date: /home/hungatec/rob499_ws/install/rob599_msgs/include/rob599_msgs/rob599_msgs/srv/detail/fib_service__builder.hpp
[1.262s] -- Up-to-date: /home/hungatec/rob499_ws/install/rob599_msgs/include/rob599_msgs/rob599_msgs/srv/detail/fib_service__type_support.hpp
[1.262s] -- Up-to-date: /home/hungatec/rob499_ws/install/rob599_msgs/include/rob599_msgs/rob599_msgs/srv/detail/doubler__traits.hpp
[1.262s] -- Up-to-date: /home/hungatec/rob499_ws/install/rob599_msgs/include/rob599_msgs/rob599_msgs/srv/detail/fib_service__traits.hpp
[1.263s] -- Up-to-date: /home/hungatec/rob499_ws/install/rob599_msgs/include/rob599_msgs/rob599_msgs/srv/doubler.hpp
[1.263s] -- Up-to-date: /home/hungatec/rob499_ws/install/rob599_msgs/include/rob599_msgs/rob599_msgs/action
[1.263s] -- Up-to-date: /home/hungatec/rob499_ws/install/rob599_msgs/include/rob599_msgs/rob599_msgs/action/fibonacci.hpp
[1.263s] -- Up-to-date: /home/hungatec/rob499_ws/install/rob599_msgs/include/rob599_msgs/rob599_msgs/action/detail
[1.263s] -- Up-to-date: /home/hungatec/rob499_ws/install/rob599_msgs/include/rob599_msgs/rob599_msgs/action/detail/fibonacci__type_support.hpp
[1.263s] -- Up-to-date: /home/hungatec/rob499_ws/install/rob599_msgs/include/rob599_msgs/rob599_msgs/action/detail/fibonacci__struct.hpp
[1.263s] -- Up-to-date: /home/hungatec/rob499_ws/install/rob599_msgs/include/rob599_msgs/rob599_msgs/action/detail/fibonacci__traits.hpp
[1.263s] -- Up-to-date: /home/hungatec/rob499_ws/install/rob599_msgs/include/rob599_msgs/rob599_msgs/action/detail/fibonacci__builder.hpp
[1.263s] -- Up-to-date: /home/hungatec/rob499_ws/install/rob599_msgs/include/rob599_msgs/rob599_msgs
[1.263s] -- Up-to-date: /home/hungatec/rob499_ws/install/rob599_msgs/include/rob599_msgs/rob599_msgs/msg
[1.263s] -- Up-to-date: /home/hungatec/rob499_ws/install/rob599_msgs/include/rob599_msgs/rob599_msgs/msg/detail
[1.263s] -- Up-to-date: /home/hungatec/rob499_ws/install/rob599_msgs/include/rob599_msgs/rob599_msgs/msg/detail/dds_fastrtps
[1.264s] -- Up-to-date: /home/hungatec/rob499_ws/install/rob599_msgs/include/rob599_msgs/rob599_msgs/msg/detail/object__rosidl_typesupport_fastrtps_cpp.hpp
[1.264s] -- Up-to-date: /home/hungatec/rob499_ws/install/rob599_msgs/include/rob599_msgs/rob599_msgs/msg/rosidl_typesupport_fastrtps_cpp__visibility_control.h
[1.264s] -- Up-to-date: /home/hungatec/rob499_ws/install/rob599_msgs/include/rob599_msgs/rob599_msgs/srv
[1.264s] -- Up-to-date: /home/hungatec/rob499_ws/install/rob599_msgs/include/rob599_msgs/rob599_msgs/srv/detail
[1.264s] -- Up-to-date: /home/hungatec/rob499_ws/install/rob599_msgs/include/rob599_msgs/rob599_msgs/srv/detail/dds_fastrtps
[1.264s] -- Up-to-date: /home/hungatec/rob499_ws/install/rob599_msgs/include/rob599_msgs/rob599_msgs/srv/detail/doubler__rosidl_typesupport_fastrtps_cpp.hpp
[1.264s] -- Up-to-date: /home/hungatec/rob499_ws/install/rob599_msgs/include/rob599_msgs/rob599_msgs/srv/detail/fib_service__rosidl_typesupport_fastrtps_cpp.hpp
[1.264s] -- Up-to-date: /home/hungatec/rob499_ws/install/rob599_msgs/include/rob599_msgs/rob599_msgs/action
[1.264s] -- Up-to-date: /home/hungatec/rob499_ws/install/rob599_msgs/include/rob599_msgs/rob599_msgs/action/detail
[1.264s] -- Up-to-date: /home/hungatec/rob499_ws/install/rob599_msgs/include/rob599_msgs/rob599_msgs/action/detail/dds_fastrtps
[1.264s] -- Up-to-date: /home/hungatec/rob499_ws/install/rob599_msgs/include/rob599_msgs/rob599_msgs/action/detail/fibonacci__rosidl_typesupport_fastrtps_cpp.hpp
[1.264s] -- Up-to-date: /home/hungatec/rob499_ws/install/rob599_msgs/lib/librob599_msgs__rosidl_typesupport_fastrtps_cpp.so
[1.264s] -- Up-to-date: /home/hungatec/rob499_ws/install/rob599_msgs/include/rob599_msgs/rob599_msgs
[1.265s] -- Up-to-date: /home/hungatec/rob499_ws/install/rob599_msgs/include/rob599_msgs/rob599_msgs/msg
[1.265s] -- Up-to-date: /home/hungatec/rob499_ws/install/rob599_msgs/include/rob599_msgs/rob599_msgs/msg/detail
[1.265s] -- Up-to-date: /home/hungatec/rob499_ws/install/rob599_msgs/include/rob599_msgs/rob599_msgs/msg/detail/object__type_support.cpp
[1.265s] -- Up-to-date: /home/hungatec/rob499_ws/install/rob599_msgs/include/rob599_msgs/rob599_msgs/msg/detail/object__rosidl_typesupport_introspection_cpp.hpp
[1.265s] -- Up-to-date: /home/hungatec/rob499_ws/install/rob599_msgs/include/rob599_msgs/rob599_msgs/srv
[1.265s] -- Up-to-date: /home/hungatec/rob499_ws/install/rob599_msgs/include/rob599_msgs/rob599_msgs/srv/detail
[1.265s] -- Up-to-date: /home/hungatec/rob499_ws/install/rob599_msgs/include/rob599_msgs/rob599_msgs/srv/detail/fib_service__type_support.cpp
[1.266s] -- Up-to-date: /home/hungatec/rob499_ws/install/rob599_msgs/include/rob599_msgs/rob599_msgs/srv/detail/doubler__rosidl_typesupport_introspection_cpp.hpp
[1.266s] -- Up-to-date: /home/hungatec/rob499_ws/install/rob599_msgs/include/rob599_msgs/rob599_msgs/srv/detail/doubler__type_support.cpp
[1.266s] -- Up-to-date: /home/hungatec/rob499_ws/install/rob599_msgs/include/rob599_msgs/rob599_msgs/srv/detail/fib_service__rosidl_typesupport_introspection_cpp.hpp
[1.266s] -- Up-to-date: /home/hungatec/rob499_ws/install/rob599_msgs/include/rob599_msgs/rob599_msgs/action
[1.266s] -- Up-to-date: /home/hungatec/rob499_ws/install/rob599_msgs/include/rob599_msgs/rob599_msgs/action/detail
[1.266s] -- Up-to-date: /home/hungatec/rob499_ws/install/rob599_msgs/include/rob599_msgs/rob599_msgs/action/detail/fibonacci__type_support.cpp
[1.266s] -- Up-to-date: /home/hungatec/rob499_ws/install/rob599_msgs/include/rob599_msgs/rob599_msgs/action/detail/fibonacci__rosidl_typesupport_introspection_cpp.hpp
[1.266s] -- Up-to-date: /home/hungatec/rob499_ws/install/rob599_msgs/lib/librob599_msgs__rosidl_typesupport_introspection_cpp.so
[1.266s] -- Up-to-date: /home/hungatec/rob499_ws/install/rob599_msgs/lib/librob599_msgs__rosidl_typesupport_cpp.so
[1.266s] -- Up-to-date: /home/hungatec/rob499_ws/install/rob599_msgs/share/rob599_msgs/environment/pythonpath.sh
[1.267s] -- Up-to-date: /home/hungatec/rob499_ws/install/rob599_msgs/share/rob599_msgs/environment/pythonpath.dsv
[1.267s] -- Up-to-date: /home/hungatec/rob499_ws/install/rob599_msgs/lib/python3.12/site-packages/rob599_msgs-0.1.0-py3.12.egg-info
[1.267s] -- Installing: /home/hungatec/rob499_ws/install/rob599_msgs/lib/python3.12/site-packages/rob599_msgs-0.1.0-py3.12.egg-info/top_level.txt
[1.267s] -- Installing: /home/hungatec/rob499_ws/install/rob599_msgs/lib/python3.12/site-packages/rob599_msgs-0.1.0-py3.12.egg-info/dependency_links.txt
[1.268s] -- Installing: /home/hungatec/rob499_ws/install/rob599_msgs/lib/python3.12/site-packages/rob599_msgs-0.1.0-py3.12.egg-info/PKG-INFO
[1.268s] -- Installing: /home/hungatec/rob499_ws/install/rob599_msgs/lib/python3.12/site-packages/rob599_msgs-0.1.0-py3.12.egg-info/SOURCES.txt
[1.268s] -- Up-to-date: /home/hungatec/rob499_ws/install/rob599_msgs/lib/python3.12/site-packages/rob599_msgs
[1.268s] -- Up-to-date: /home/hungatec/rob499_ws/install/rob599_msgs/lib/python3.12/site-packages/rob599_msgs/rob599_msgs_s__rosidl_typesupport_c.so
[1.268s] -- Up-to-date: /home/hungatec/rob499_ws/install/rob599_msgs/lib/python3.12/site-packages/rob599_msgs/_rob599_msgs_s.ep.rosidl_typesupport_introspection_c.c
[1.268s] -- Up-to-date: /home/hungatec/rob499_ws/install/rob599_msgs/lib/python3.12/site-packages/rob599_msgs/rob599_msgs_s__rosidl_typesupport_fastrtps_c.so
[1.268s] -- Up-to-date: /home/hungatec/rob499_ws/install/rob599_msgs/lib/python3.12/site-packages/rob599_msgs/__init__.py
[1.268s] -- Up-to-date: /home/hungatec/rob499_ws/install/rob599_msgs/lib/python3.12/site-packages/rob599_msgs/_rob599_msgs_s.ep.rosidl_typesupport_fastrtps_c.c
[1.269s] -- Up-to-date: /home/hungatec/rob499_ws/install/rob599_msgs/lib/python3.12/site-packages/rob599_msgs/msg
[1.269s] -- Up-to-date: /home/hungatec/rob499_ws/install/rob599_msgs/lib/python3.12/site-packages/rob599_msgs/msg/_object_s.c
[1.269s] -- Up-to-date: /home/hungatec/rob499_ws/install/rob599_msgs/lib/python3.12/site-packages/rob599_msgs/msg/_object.py
[1.269s] -- Up-to-date: /home/hungatec/rob499_ws/install/rob599_msgs/lib/python3.12/site-packages/rob599_msgs/msg/__init__.py
[1.270s] -- Up-to-date: /home/hungatec/rob499_ws/install/rob599_msgs/lib/python3.12/site-packages/rob599_msgs/srv
[1.270s] -- Up-to-date: /home/hungatec/rob499_ws/install/rob599_msgs/lib/python3.12/site-packages/rob599_msgs/srv/_doubler_s.c
[1.270s] -- Up-to-date: /home/hungatec/rob499_ws/install/rob599_msgs/lib/python3.12/site-packages/rob599_msgs/srv/__init__.py
[1.270s] -- Up-to-date: /home/hungatec/rob499_ws/install/rob599_msgs/lib/python3.12/site-packages/rob599_msgs/srv/_doubler.py
[1.270s] -- Up-to-date: /home/hungatec/rob499_ws/install/rob599_msgs/lib/python3.12/site-packages/rob599_msgs/srv/_fib_service.py
[1.281s] -- Up-to-date: /home/hungatec/rob499_ws/install/rob599_msgs/lib/python3.12/site-packages/rob599_msgs/srv/_fib_service_s.c
[1.281s] -- Up-to-date: /home/hungatec/rob499_ws/install/rob599_msgs/lib/python3.12/site-packages/rob599_msgs/rob599_msgs_s__rosidl_typesupport_introspection_c.so
[1.282s] -- Up-to-date: /home/hungatec/rob499_ws/install/rob599_msgs/lib/python3.12/site-packages/rob599_msgs/action
[1.282s] -- Up-to-date: /home/hungatec/rob499_ws/install/rob599_msgs/lib/python3.12/site-packages/rob599_msgs/action/__init__.py
[1.282s] -- Up-to-date: /home/hungatec/rob499_ws/install/rob599_msgs/lib/python3.12/site-packages/rob599_msgs/action/_fibonacci_s.c
[1.282s] -- Up-to-date: /home/hungatec/rob499_ws/install/rob599_msgs/lib/python3.12/site-packages/rob599_msgs/action/_fibonacci.py
[1.282s] -- Up-to-date: /home/hungatec/rob499_ws/install/rob599_msgs/lib/python3.12/site-packages/rob599_msgs/_rob599_msgs_s.ep.rosidl_typesupport_c.c
[1.431s] Listing '/home/hungatec/rob499_ws/install/rob599_msgs/lib/python3.12/site-packages/rob599_msgs'...
[1.432s] Listing '/home/hungatec/rob499_ws/install/rob599_msgs/lib/python3.12/site-packages/rob599_msgs/action'...
[1.432s] Listing '/home/hungatec/rob499_ws/install/rob599_msgs/lib/python3.12/site-packages/rob599_msgs/msg'...
[1.432s] Listing '/home/hungatec/rob499_ws/install/rob599_msgs/lib/python3.12/site-packages/rob599_msgs/srv'...
[1.432s] -- Up-to-date: /home/hungatec/rob499_ws/install/rob599_msgs/lib/python3.12/site-packages/rob599_msgs/rob599_msgs_s__rosidl_typesupport_fastrtps_c.so
[1.432s] -- Up-to-date: /home/hungatec/rob499_ws/install/rob599_msgs/lib/python3.12/site-packages/rob599_msgs/rob599_msgs_s__rosidl_typesupport_introspection_c.so
[1.432s] -- Up-to-date: /home/hungatec/rob499_ws/install/rob599_msgs/lib/python3.12/site-packages/rob599_msgs/rob599_msgs_s__rosidl_typesupport_c.so
[1.432s] -- Up-to-date: /home/hungatec/rob499_ws/install/rob599_msgs/lib/librob599_msgs__rosidl_generator_py.so
[1.432s] -- Up-to-date: /home/hungatec/rob499_ws/install/rob599_msgs/share/rob599_msgs/msg/Object.idl
[1.432s] -- Up-to-date: /home/hungatec/rob499_ws/install/rob599_msgs/share/rob599_msgs/srv/Doubler.idl
[1.432s] -- Up-to-date: /home/hungatec/rob499_ws/install/rob599_msgs/share/rob599_msgs/srv/FibService.idl
[1.432s] -- Up-to-date: /home/hungatec/rob499_ws/install/rob599_msgs/share/rob599_msgs/action/Fibonacci.idl
[1.433s] -- Up-to-date: /home/hungatec/rob499_ws/install/rob599_msgs/share/rob599_msgs/msg/Object.msg
[1.433s] -- Up-to-date: /home/hungatec/rob499_ws/install/rob599_msgs/share/rob599_msgs/srv/Doubler.srv
[1.433s] -- Up-to-date: /home/hungatec/rob499_ws/install/rob599_msgs/share/rob599_msgs/srv/FibService.srv
[1.433s] -- Up-to-date: /home/hungatec/rob499_ws/install/rob599_msgs/share/rob599_msgs/action/Fibonacci.action
[1.433s] -- Up-to-date: /home/hungatec/rob499_ws/install/rob599_msgs/share/ament_index/resource_index/package_run_dependencies/rob599_msgs
[1.433s] -- Up-to-date: /home/hungatec/rob499_ws/install/rob599_msgs/share/ament_index/resource_index/parent_prefix_path/rob599_msgs
[1.433s] -- Up-to-date: /home/hungatec/rob499_ws/install/rob599_msgs/share/rob599_msgs/environment/ament_prefix_path.sh
[1.433s] -- Up-to-date: /home/hungatec/rob499_ws/install/rob599_msgs/share/rob599_msgs/environment/ament_prefix_path.dsv
[1.433s] -- Up-to-date: /home/hungatec/rob499_ws/install/rob599_msgs/share/rob599_msgs/environment/path.sh
[1.433s] -- Up-to-date: /home/hungatec/rob499_ws/install/rob599_msgs/share/rob599_msgs/environment/path.dsv
[1.433s] -- Up-to-date: /home/hungatec/rob499_ws/install/rob599_msgs/share/rob599_msgs/local_setup.bash
[1.433s] -- Up-to-date: /home/hungatec/rob499_ws/install/rob599_msgs/share/rob599_msgs/local_setup.sh
[1.433s] -- Up-to-date: /home/hungatec/rob499_ws/install/rob599_msgs/share/rob599_msgs/local_setup.zsh
[1.434s] -- Up-to-date: /home/hungatec/rob499_ws/install/rob599_msgs/share/rob599_msgs/local_setup.dsv
[1.434s] -- Installing: /home/hungatec/rob499_ws/install/rob599_msgs/share/rob599_msgs/package.dsv
[1.434s] -- Up-to-date: /home/hungatec/rob499_ws/install/rob599_msgs/share/ament_index/resource_index/packages/rob599_msgs
[1.434s] -- Up-to-date: /home/hungatec/rob499_ws/install/rob599_msgs/share/rob599_msgs/cmake/export_rob599_msgs__rosidl_generator_cExport.cmake
[1.434s] -- Up-to-date: /home/hungatec/rob499_ws/install/rob599_msgs/share/rob599_msgs/cmake/export_rob599_msgs__rosidl_generator_cExport-noconfig.cmake
[1.434s] -- Up-to-date: /home/hungatec/rob499_ws/install/rob599_msgs/share/rob599_msgs/cmake/export_rob599_msgs__rosidl_typesupport_fastrtps_cExport.cmake
[1.434s] -- Up-to-date: /home/hungatec/rob499_ws/install/rob599_msgs/share/rob599_msgs/cmake/export_rob599_msgs__rosidl_typesupport_fastrtps_cExport-noconfig.cmake
[1.434s] -- Up-to-date: /home/hungatec/rob499_ws/install/rob599_msgs/share/rob599_msgs/cmake/rob599_msgs__rosidl_typesupport_introspection_cExport.cmake
[1.434s] -- Up-to-date: /home/hungatec/rob499_ws/install/rob599_msgs/share/rob599_msgs/cmake/rob599_msgs__rosidl_typesupport_introspection_cExport-noconfig.cmake
[1.434s] -- Up-to-date: /home/hungatec/rob499_ws/install/rob599_msgs/share/rob599_msgs/cmake/rob599_msgs__rosidl_typesupport_cExport.cmake
[1.434s] -- Up-to-date: /home/hungatec/rob499_ws/install/rob599_msgs/share/rob599_msgs/cmake/rob599_msgs__rosidl_typesupport_cExport-noconfig.cmake
[1.434s] -- Up-to-date: /home/hungatec/rob499_ws/install/rob599_msgs/share/rob599_msgs/cmake/export_rob599_msgs__rosidl_generator_cppExport.cmake
[1.435s] -- Up-to-date: /home/hungatec/rob499_ws/install/rob599_msgs/share/rob599_msgs/cmake/export_rob599_msgs__rosidl_typesupport_fastrtps_cppExport.cmake
[1.435s] -- Up-to-date: /home/hungatec/rob499_ws/install/rob599_msgs/share/rob599_msgs/cmake/export_rob599_msgs__rosidl_typesupport_fastrtps_cppExport-noconfig.cmake
[1.435s] -- Up-to-date: /home/hungatec/rob499_ws/install/rob599_msgs/share/rob599_msgs/cmake/rob599_msgs__rosidl_typesupport_introspection_cppExport.cmake
[1.435s] -- Up-to-date: /home/hungatec/rob499_ws/install/rob599_msgs/share/rob599_msgs/cmake/rob599_msgs__rosidl_typesupport_introspection_cppExport-noconfig.cmake
[1.435s] -- Up-to-date: /home/hungatec/rob499_ws/install/rob599_msgs/share/rob599_msgs/cmake/rob599_msgs__rosidl_typesupport_cppExport.cmake
[1.435s] -- Up-to-date: /home/hungatec/rob499_ws/install/rob599_msgs/share/rob599_msgs/cmake/rob599_msgs__rosidl_typesupport_cppExport-noconfig.cmake
[1.435s] -- Up-to-date: /home/hungatec/rob499_ws/install/rob599_msgs/share/rob599_msgs/cmake/export_rob599_msgs__rosidl_generator_pyExport.cmake
[1.435s] -- Up-to-date: /home/hungatec/rob499_ws/install/rob599_msgs/share/rob599_msgs/cmake/export_rob599_msgs__rosidl_generator_pyExport-noconfig.cmake
[1.435s] -- Up-to-date: /home/hungatec/rob499_ws/install/rob599_msgs/share/rob599_msgs/cmake/rosidl_cmake-extras.cmake
[1.435s] -- Up-to-date: /home/hungatec/rob499_ws/install/rob599_msgs/share/rob599_msgs/cmake/ament_cmake_export_dependencies-extras.cmake
[1.435s] -- Up-to-date: /home/hungatec/rob499_ws/install/rob599_msgs/share/rob599_msgs/cmake/ament_cmake_export_include_directories-extras.cmake
[1.435s] -- Up-to-date: /home/hungatec/rob499_ws/install/rob599_msgs/share/rob599_msgs/cmake/ament_cmake_export_libraries-extras.cmake
[1.435s] -- Up-to-date: /home/hungatec/rob499_ws/install/rob599_msgs/share/rob599_msgs/cmake/ament_cmake_export_targets-extras.cmake
[1.435s] -- Up-to-date: /home/hungatec/rob499_ws/install/rob599_msgs/share/rob599_msgs/cmake/rosidl_cmake_export_typesupport_targets-extras.cmake
[1.435s] -- Up-to-date: /home/hungatec/rob499_ws/install/rob599_msgs/share/rob599_msgs/cmake/rosidl_cmake_export_typesupport_libraries-extras.cmake
[1.436s] -- Up-to-date: /home/hungatec/rob499_ws/install/rob599_msgs/share/rob599_msgs/cmake/rob599_msgsConfig.cmake
[1.436s] -- Up-to-date: /home/hungatec/rob499_ws/install/rob599_msgs/share/rob599_msgs/cmake/rob599_msgsConfig-version.cmake
[1.436s] -- Up-to-date: /home/hungatec/rob499_ws/install/rob599_msgs/share/rob599_msgs/package.xml
[1.461s] Invoked command in '/home/hungatec/rob499_ws/build/rob599_msgs' returned '0': CMAKE_PREFIX_PATH=${CMAKE_PREFIX_PATH}:/home/hungatec/rob499_ws/install/rob599_more:/home/hungatec/rob499_ws/install/rob599_basic:/home/hungatec/rob499_ws/install/hw5:/home/hungatec/rob499_ws/install/hw4:/home/hungatec/rob499_ws/install/hw3:/home/hungatec/rob499_ws/install/hw2:/opt/ros/jazzy DEBUGINFOD_URLS=https://debuginfod.ubuntu.com /usr/bin/cmake --install /home/hungatec/rob499_ws/build/rob599_msgs
