[1.044s] Invoking command in '/home/hungatec/rob499_ws/src/build/rob499_msgs': CMAKE_PREFIX_PATH=${CMAKE_PREFIX_PATH}:/opt/ros/jazzy DEBUGINFOD_URLS=https://debuginfod.ubuntu.com /usr/bin/cmake /home/hungatec/rob499_ws/src/rob499_msgs -DCMAKE_INSTALL_PREFIX=/home/hungatec/rob499_ws/src/install/rob499_msgs
[1.889s] -- The C compiler identification is GNU 13.3.0
[2.360s] -- The CXX compiler identification is GNU 13.3.0
[2.457s] -- Detecting C compiler ABI info
[2.829s] -- Detecting C compiler ABI info - done
[2.836s] -- Check for working C compiler: /usr/bin/cc - skipped
[2.842s] -- Detecting C compile features
[2.842s] -- Detecting C compile features - done
[2.874s] -- Detecting CXX compiler ABI info
[3.130s] -- Detecting CXX compiler ABI info - done
[3.180s] -- Check for working CXX compiler: /usr/bin/c++ - skipped
[3.180s] -- Detecting CXX compile features
[3.180s] -- Detecting CXX compile features - done
[3.210s] -- Found ament_cmake: 2.5.4 (/opt/ros/jazzy/share/ament_cmake/cmake)
[3.696s] -- Found Python3: /usr/bin/python3 (found version "3.12.3") found components: Interpreter 
[4.281s] -- Found ament_lint_auto: 0.17.2 (/opt/ros/jazzy/share/ament_lint_auto/cmake)
[4.836s] -- Found builtin_interfaces: 2.0.2 (/opt/ros/jazzy/share/builtin_interfaces/cmake)
[5.139s] -- Found rosidl_generator_c: 4.6.5 (/opt/ros/jazzy/share/rosidl_generator_c/cmake)
[5.212s] -- Found rosidl_generator_cpp: 4.6.5 (/opt/ros/jazzy/share/rosidl_generator_cpp/cmake)
[5.307s] -- Using all available rosidl_typesupport_c: rosidl_typesupport_fastrtps_c;rosidl_typesupport_introspection_c
[5.360s] -- Using all available rosidl_typesupport_cpp: rosidl_typesupport_fastrtps_cpp;rosidl_typesupport_introspection_cpp
[5.412s] -- Found rosidl_default_generators: 1.6.0 (/opt/ros/jazzy/share/rosidl_default_generators/cmake)
[5.468s] -- Found rosidl_adapter: 4.6.5 (/opt/ros/jazzy/share/rosidl_adapter/cmake)
[6.670s] -- Found ament_cmake_ros: 0.12.0 (/opt/ros/jazzy/share/ament_cmake_ros/cmake)
[8.510s] -- Using all available rosidl_typesupport_c: rosidl_typesupport_fastrtps_c;rosidl_typesupport_introspection_c
[8.997s] -- Using all available rosidl_typesupport_cpp: rosidl_typesupport_fastrtps_cpp;rosidl_typesupport_introspection_cpp
[9.013s] -- Found python_cmake_module: 0.11.1 (/opt/ros/jazzy/share/python_cmake_module/cmake)
[9.246s] -- Found PythonExtra: /usr/bin/python3  
[10.135s] -- Found Python3: /usr/bin/python3 (found version "3.12.3") found components: Interpreter Development NumPy Development.Module Development.Embed 
[10.203s] -- Added test 'lint_cmake' to check CMake code style
[10.207s] -- Added test 'xmllint' to check XML markup files
[10.227s] -- Configuring done (9.0s)
[10.281s] -- Generating done (0.0s)
[10.306s] -- Build files have been written to: /home/hungatec/rob499_ws/src/build/rob499_msgs
