[0.055s] Invoking command in '/home/hungatec/rob499_ws/build/hw7': CMAKE_PREFIX_PATH=${CMAKE_PREFIX_PATH}:/opt/ros/jazzy DEBUGINFOD_URLS=https://debuginfod.ubuntu.com /usr/bin/cmake --build /home/hungatec/rob499_ws/build/hw7 -- -j4 -l4
[0.305s] [ 50%] [32mBuilding CXX object CMakeFiles/background_remover.dir/src/background_remover.cpp.o[0m
[22.986s] [100%] [32m[1mLinking CXX executable background_remover[0m
[26.481s] [100%] Built target background_remover
[26.517s] Invoked command in '/home/hungatec/rob499_ws/build/hw7' returned '0': CMAKE_PREFIX_PATH=${CMAKE_PREFIX_PATH}:/opt/ros/jazzy DEBUGINFOD_URLS=https://debuginfod.ubuntu.com /usr/bin/cmake --build /home/hungatec/rob499_ws/build/hw7 -- -j4 -l4
[26.543s] Invoking command in '/home/hungatec/rob499_ws/build/hw7': CMAKE_PREFIX_PATH=${CMAKE_PREFIX_PATH}:/opt/ros/jazzy DEBUGINFOD_URLS=https://debuginfod.ubuntu.com /usr/bin/cmake --install /home/hungatec/rob499_ws/build/hw7
[26.563s] -- Install configuration: ""
[26.563s] -- Installing: /home/hungatec/rob499_ws/install/hw7/lib/hw7/background_remover
[26.567s] -- Set non-toolchain portion of runtime path of "/home/hungatec/rob499_ws/install/hw7/lib/hw7/background_remover" to ""
[26.568s] -- Up-to-date: /home/hungatec/rob499_ws/install/hw7/include/hw7/include
[26.569s] -- Up-to-date: /home/hungatec/rob499_ws/install/hw7/include/hw7/include/hw7
[26.569s] -- Up-to-date: /home/hungatec/rob499_ws/install/hw7/share/ament_index/resource_index/package_run_dependencies/hw7
[26.569s] -- Up-to-date: /home/hungatec/rob499_ws/install/hw7/share/ament_index/resource_index/parent_prefix_path/hw7
[26.570s] -- Up-to-date: /home/hungatec/rob499_ws/install/hw7/share/hw7/environment/ament_prefix_path.sh
[26.570s] -- Up-to-date: /home/hungatec/rob499_ws/install/hw7/share/hw7/environment/ament_prefix_path.dsv
[26.570s] -- Up-to-date: /home/hungatec/rob499_ws/install/hw7/share/hw7/environment/path.sh
[26.571s] -- Up-to-date: /home/hungatec/rob499_ws/install/hw7/share/hw7/environment/path.dsv
[26.571s] -- Up-to-date: /home/hungatec/rob499_ws/install/hw7/share/hw7/local_setup.bash
[26.571s] -- Up-to-date: /home/hungatec/rob499_ws/install/hw7/share/hw7/local_setup.sh
[26.571s] -- Up-to-date: /home/hungatec/rob499_ws/install/hw7/share/hw7/local_setup.zsh
[26.571s] -- Up-to-date: /home/hungatec/rob499_ws/install/hw7/share/hw7/local_setup.dsv
[26.571s] -- Installing: /home/hungatec/rob499_ws/install/hw7/share/hw7/package.dsv
[26.571s] -- Up-to-date: /home/hungatec/rob499_ws/install/hw7/share/ament_index/resource_index/packages/hw7
[26.571s] -- Up-to-date: /home/hungatec/rob499_ws/install/hw7/share/hw7/cmake/hw7Config.cmake
[26.571s] -- Up-to-date: /home/hungatec/rob499_ws/install/hw7/share/hw7/cmake/hw7Config-version.cmake
[26.572s] -- Up-to-date: /home/hungatec/rob499_ws/install/hw7/share/hw7/package.xml
[26.576s] Invoked command in '/home/hungatec/rob499_ws/build/hw7' returned '0': CMAKE_PREFIX_PATH=${CMAKE_PREFIX_PATH}:/opt/ros/jazzy DEBUGINFOD_URLS=https://debuginfod.ubuntu.com /usr/bin/cmake --install /home/hungatec/rob499_ws/build/hw7
