[0.106s] Invoking command in '/home/hungatec/rob499_ws/build/hw7': CMAKE_PREFIX_PATH=${CMAKE_PREFIX_PATH}:/opt/ros/jazzy DEBUGINFOD_URLS=https://debuginfod.ubuntu.com /usr/bin/cmake --build /home/hungatec/rob499_ws/build/hw7 -- -j4 -l4
[0.502s] [ 25%] [32mBuilding CXX object CMakeFiles/background_remover.dir/src/background_remover.cpp.o[0m
[24.970s] [ 50%] [32m[1mLinking CXX executable background_remover[0m
[29.231s] [ 50%] Built target background_remover
[29.331s] [ 75%] [32mBuilding CXX object CMakeFiles/table_remover.dir/src/table_remover.cpp.o[0m
[51.065s] [100%] [32m[1mLinking CXX executable table_remover[0m
[54.912s] [100%] Built target table_remover
[54.945s] Invoked command in '/home/hungatec/rob499_ws/build/hw7' returned '0': CMAKE_PREFIX_PATH=${CMAKE_PREFIX_PATH}:/opt/ros/jazzy DEBUGINFOD_URLS=https://debuginfod.ubuntu.com /usr/bin/cmake --build /home/hungatec/rob499_ws/build/hw7 -- -j4 -l4
[54.970s] Invoking command in '/home/hungatec/rob499_ws/build/hw7': CMAKE_PREFIX_PATH=${CMAKE_PREFIX_PATH}:/opt/ros/jazzy DEBUGINFOD_URLS=https://debuginfod.ubuntu.com /usr/bin/cmake --install /home/hungatec/rob499_ws/build/hw7
[54.993s] -- Install configuration: ""
[54.996s] -- Installing: /home/hungatec/rob499_ws/install/hw7/lib/hw7/background_remover
[55.008s] -- Set non-toolchain portion of runtime path of "/home/hungatec/rob499_ws/install/hw7/lib/hw7/background_remover" to ""
[55.009s] -- Installing: /home/hungatec/rob499_ws/install/hw7/lib/hw7/table_remover
[55.017s] -- Set non-toolchain portion of runtime path of "/home/hungatec/rob499_ws/install/hw7/lib/hw7/table_remover" to ""
[55.018s] -- Up-to-date: /home/hungatec/rob499_ws/install/hw7/include/hw7/include
[55.019s] -- Up-to-date: /home/hungatec/rob499_ws/install/hw7/include/hw7/include/hw7
[55.020s] -- Up-to-date: /home/hungatec/rob499_ws/install/hw7/share/ament_index/resource_index/package_run_dependencies/hw7
[55.020s] -- Up-to-date: /home/hungatec/rob499_ws/install/hw7/share/ament_index/resource_index/parent_prefix_path/hw7
[55.021s] -- Up-to-date: /home/hungatec/rob499_ws/install/hw7/share/hw7/environment/ament_prefix_path.sh
[55.021s] -- Up-to-date: /home/hungatec/rob499_ws/install/hw7/share/hw7/environment/ament_prefix_path.dsv
[55.025s] -- Up-to-date: /home/hungatec/rob499_ws/install/hw7/share/hw7/environment/path.sh
[55.025s] -- Up-to-date: /home/hungatec/rob499_ws/install/hw7/share/hw7/environment/path.dsv
[55.025s] -- Up-to-date: /home/hungatec/rob499_ws/install/hw7/share/hw7/local_setup.bash
[55.025s] -- Up-to-date: /home/hungatec/rob499_ws/install/hw7/share/hw7/local_setup.sh
[55.025s] -- Up-to-date: /home/hungatec/rob499_ws/install/hw7/share/hw7/local_setup.zsh
[55.025s] -- Up-to-date: /home/hungatec/rob499_ws/install/hw7/share/hw7/local_setup.dsv
[55.025s] -- Installing: /home/hungatec/rob499_ws/install/hw7/share/hw7/package.dsv
[55.025s] -- Up-to-date: /home/hungatec/rob499_ws/install/hw7/share/ament_index/resource_index/packages/hw7
[55.025s] -- Up-to-date: /home/hungatec/rob499_ws/install/hw7/share/hw7/cmake/hw7Config.cmake
[55.025s] -- Up-to-date: /home/hungatec/rob499_ws/install/hw7/share/hw7/cmake/hw7Config-version.cmake
[55.025s] -- Up-to-date: /home/hungatec/rob499_ws/install/hw7/share/hw7/package.xml
[55.028s] Invoked command in '/home/hungatec/rob499_ws/build/hw7' returned '0': CMAKE_PREFIX_PATH=${CMAKE_PREFIX_PATH}:/opt/ros/jazzy DEBUGINFOD_URLS=https://debuginfod.ubuntu.com /usr/bin/cmake --install /home/hungatec/rob499_ws/build/hw7
