[0.068s] Invoking command in '/home/hungatec/rob499_ws/build/hw6': CMAKE_PREFIX_PATH=${CMAKE_PREFIX_PATH}:/home/hungatec/rob499_ws/install/rob599_stage:/home/hungatec/rob499_ws/install/rob599_more:/home/hungatec/rob499_ws/install/rob599_basic:/home/hungatec/rob499_ws/install/hw5:/home/hungatec/rob499_ws/install/hw4:/home/hungatec/rob499_ws/install/hw3:/home/hungatec/rob499_ws/install/hw2:/opt/ros/jazzy DEBUGINFOD_URLS=https://debuginfod.ubuntu.com /usr/bin/cmake --build /home/hungatec/rob499_ws/build/hw6 -- -j4 -l4
[0.307s] [ 25%] Built target oscope
[0.307s] [ 50%] Built target limiter
[0.328s] [ 62%] [32mBuilding CXX object CMakeFiles/data_receiver.dir/src/data_receiver.cpp.o[0m
[0.329s] [ 75%] [32mBuilding CXX object CMakeFiles/data_sender.dir/src/data_sender.cpp.o[0m
[12.198s] [ 87%] [32m[1mLinking CXX executable data_sender[0m
[12.855s] [ 87%] Built target data_sender
[17.623s] [100%] [32m[1mLinking CXX executable data_receiver[0m
[18.274s] [100%] Built target data_receiver
[18.315s] Invoked command in '/home/hungatec/rob499_ws/build/hw6' returned '0': CMAKE_PREFIX_PATH=${CMAKE_PREFIX_PATH}:/home/hungatec/rob499_ws/install/rob599_stage:/home/hungatec/rob499_ws/install/rob599_more:/home/hungatec/rob499_ws/install/rob599_basic:/home/hungatec/rob499_ws/install/hw5:/home/hungatec/rob499_ws/install/hw4:/home/hungatec/rob499_ws/install/hw3:/home/hungatec/rob499_ws/install/hw2:/opt/ros/jazzy DEBUGINFOD_URLS=https://debuginfod.ubuntu.com /usr/bin/cmake --build /home/hungatec/rob499_ws/build/hw6 -- -j4 -l4
[18.340s] Invoking command in '/home/hungatec/rob499_ws/build/hw6': CMAKE_PREFIX_PATH=${CMAKE_PREFIX_PATH}:/home/hungatec/rob499_ws/install/rob599_stage:/home/hungatec/rob499_ws/install/rob599_more:/home/hungatec/rob499_ws/install/rob599_basic:/home/hungatec/rob499_ws/install/hw5:/home/hungatec/rob499_ws/install/hw4:/home/hungatec/rob499_ws/install/hw3:/home/hungatec/rob499_ws/install/hw2:/opt/ros/jazzy DEBUGINFOD_URLS=https://debuginfod.ubuntu.com /usr/bin/cmake --install /home/hungatec/rob499_ws/build/hw6
[18.371s] -- Install configuration: ""
[18.371s] -- Up-to-date: /home/hungatec/rob499_ws/install/hw6/lib/hw6/oscope
[18.371s] -- Up-to-date: /home/hungatec/rob499_ws/install/hw6/lib/hw6/limiter
[18.376s] -- Installing: /home/hungatec/rob499_ws/install/hw6/lib/hw6/data_sender
[18.377s] -- Set non-toolchain portion of runtime path of "/home/hungatec/rob499_ws/install/hw6/lib/hw6/data_sender" to ""
[18.377s] -- Installing: /home/hungatec/rob499_ws/install/hw6/lib/hw6/data_receiver
[18.394s] -- Set non-toolchain portion of runtime path of "/home/hungatec/rob499_ws/install/hw6/lib/hw6/data_receiver" to ""
[18.397s] -- Up-to-date: /home/hungatec/rob499_ws/install/hw6/share/hw6/launch
[18.397s] -- Up-to-date: /home/hungatec/rob499_ws/install/hw6/share/hw6/launch/limited_oscope.py
[18.397s] -- Up-to-date: /home/hungatec/rob499_ws/install/hw6/share/hw6/launch/comparison_launch.py
[18.397s] -- Up-to-date: /home/hungatec/rob499_ws/install/hw6/share/ament_index/resource_index/package_run_dependencies/hw6
[18.397s] -- Up-to-date: /home/hungatec/rob499_ws/install/hw6/share/ament_index/resource_index/parent_prefix_path/hw6
[18.398s] -- Up-to-date: /home/hungatec/rob499_ws/install/hw6/share/hw6/environment/ament_prefix_path.sh
[18.398s] -- Up-to-date: /home/hungatec/rob499_ws/install/hw6/share/hw6/environment/ament_prefix_path.dsv
[18.398s] -- Up-to-date: /home/hungatec/rob499_ws/install/hw6/share/hw6/environment/path.sh
[18.398s] -- Up-to-date: /home/hungatec/rob499_ws/install/hw6/share/hw6/environment/path.dsv
[18.398s] -- Up-to-date: /home/hungatec/rob499_ws/install/hw6/share/hw6/local_setup.bash
[18.398s] -- Up-to-date: /home/hungatec/rob499_ws/install/hw6/share/hw6/local_setup.sh
[18.398s] -- Up-to-date: /home/hungatec/rob499_ws/install/hw6/share/hw6/local_setup.zsh
[18.399s] -- Up-to-date: /home/hungatec/rob499_ws/install/hw6/share/hw6/local_setup.dsv
[18.400s] -- Installing: /home/hungatec/rob499_ws/install/hw6/share/hw6/package.dsv
[18.401s] -- Up-to-date: /home/hungatec/rob499_ws/install/hw6/share/ament_index/resource_index/packages/hw6
[18.403s] -- Up-to-date: /home/hungatec/rob499_ws/install/hw6/share/hw6/cmake/hw6Config.cmake
[18.403s] -- Up-to-date: /home/hungatec/rob499_ws/install/hw6/share/hw6/cmake/hw6Config-version.cmake
[18.404s] -- Up-to-date: /home/hungatec/rob499_ws/install/hw6/share/hw6/package.xml
[18.419s] Invoked command in '/home/hungatec/rob499_ws/build/hw6' returned '0': CMAKE_PREFIX_PATH=${CMAKE_PREFIX_PATH}:/home/hungatec/rob499_ws/install/rob599_stage:/home/hungatec/rob499_ws/install/rob599_more:/home/hungatec/rob499_ws/install/rob599_basic:/home/hungatec/rob499_ws/install/hw5:/home/hungatec/rob499_ws/install/hw4:/home/hungatec/rob499_ws/install/hw3:/home/hungatec/rob499_ws/install/hw2:/opt/ros/jazzy DEBUGINFOD_URLS=https://debuginfod.ubuntu.com /usr/bin/cmake --install /home/hungatec/rob499_ws/build/hw6
