[0.072s] Invoking command in '/home/hungatec/rob499_ws/build/rob499_msgs': CMAKE_PREFIX_PATH=${CMAKE_PREFIX_PATH}:/home/hungatec/rob499_ws/install/rob599_more:/home/hungatec/rob499_ws/install/rob599_basic:/home/hungatec/rob499_ws/install/hw5:/home/hungatec/rob499_ws/install/hw4:/home/hungatec/rob499_ws/install/hw3:/home/hungatec/rob499_ws/install/hw2:/opt/ros/jazzy DEBUGINFOD_URLS=https://debuginfod.ubuntu.com /usr/bin/cmake --build /home/hungatec/rob499_ws/build/rob499_msgs -- -j4 -l4
[0.246s] [  1%] Built target rob499_msgs__rosidl_generator_type_description
[0.316s] [  3%] Built target rob499_msgs__cpp
[0.329s] [ 25%] Built target rob499_msgs__rosidl_generator_c
[0.348s] [ 25%] Built target ament_cmake_python_copy_rob499_msgs
[0.414s] [ 34%] Built target rob499_msgs__rosidl_typesupport_fastrtps_c
[0.428s] [ 43%] Built target rob499_msgs__rosidl_typesupport_fastrtps_cpp
[0.448s] [ 53%] Built target rob499_msgs__rosidl_typesupport_cpp
[0.450s] [ 62%] Built target rob499_msgs__rosidl_typesupport_introspection_c
[0.484s] [ 71%] Built target rob499_msgs__rosidl_typesupport_c
[0.498s] [ 81%] Built target rob499_msgs__rosidl_typesupport_introspection_cpp
[0.544s] [ 81%] Built target rob499_msgs
[0.599s] [ 82%] Built target rob499_msgs__py
[0.662s] [ 90%] Built target rob499_msgs__rosidl_generator_py
[0.761s] [ 93%] Built target rob499_msgs_s__rosidl_typesupport_fastrtps_c
[0.773s] [ 96%] Built target rob499_msgs_s__rosidl_typesupport_introspection_c
[0.798s] [100%] Built target rob499_msgs_s__rosidl_typesupport_c
[1.058s] running egg_info
[1.095s] writing rob499_msgs.egg-info/PKG-INFO
[1.097s] writing dependency_links to rob499_msgs.egg-info/dependency_links.txt
[1.098s] writing top-level names to rob499_msgs.egg-info/top_level.txt
[1.184s] reading manifest file 'rob499_msgs.egg-info/SOURCES.txt'
[1.187s] writing manifest file 'rob499_msgs.egg-info/SOURCES.txt'
[1.260s] [100%] Built target ament_cmake_python_build_rob499_msgs_egg
[1.330s] Invoked command in '/home/hungatec/rob499_ws/build/rob499_msgs' returned '0': CMAKE_PREFIX_PATH=${CMAKE_PREFIX_PATH}:/home/hungatec/rob499_ws/install/rob599_more:/home/hungatec/rob499_ws/install/rob599_basic:/home/hungatec/rob499_ws/install/hw5:/home/hungatec/rob499_ws/install/hw4:/home/hungatec/rob499_ws/install/hw3:/home/hungatec/rob499_ws/install/hw2:/opt/ros/jazzy DEBUGINFOD_URLS=https://debuginfod.ubuntu.com /usr/bin/cmake --build /home/hungatec/rob499_ws/build/rob499_msgs -- -j4 -l4
[1.330s] Invoking command in '/home/hungatec/rob499_ws/build/rob499_msgs': CMAKE_PREFIX_PATH=${CMAKE_PREFIX_PATH}:/home/hungatec/rob499_ws/install/rob599_more:/home/hungatec/rob499_ws/install/rob599_basic:/home/hungatec/rob499_ws/install/hw5:/home/hungatec/rob499_ws/install/hw4:/home/hungatec/rob499_ws/install/hw3:/home/hungatec/rob499_ws/install/hw2:/opt/ros/jazzy DEBUGINFOD_URLS=https://debuginfod.ubuntu.com /usr/bin/cmake --install /home/hungatec/rob499_ws/build/rob499_msgs
[1.357s] -- Install configuration: ""
[1.357s] -- Up-to-date: /home/hungatec/rob499_ws/install/rob499_msgs/share/ament_index/resource_index/rosidl_interfaces/rob499_msgs
[1.357s] -- Up-to-date: /home/hungatec/rob499_ws/install/rob499_msgs/share/rob499_msgs/msg/TestPacket.json
[1.357s] -- Up-to-date: /home/hungatec/rob499_ws/install/rob499_msgs/share/rob499_msgs/srv/SendData.json
[1.357s] -- Up-to-date: /home/hungatec/rob499_ws/install/rob499_msgs/share/rob499_msgs/srv/EnableLogging.json
[1.357s] -- Up-to-date: /home/hungatec/rob499_ws/install/rob499_msgs/share/rob499_msgs/action/LaunchRocket.json
[1.357s] -- Up-to-date: /home/hungatec/rob499_ws/install/rob499_msgs/include/rob499_msgs/rob499_msgs
[1.357s] -- Up-to-date: /home/hungatec/rob499_ws/install/rob499_msgs/include/rob499_msgs/rob499_msgs/msg
[1.357s] -- Up-to-date: /home/hungatec/rob499_ws/install/rob499_msgs/include/rob499_msgs/rob499_msgs/msg/detail
[1.357s] -- Up-to-date: /home/hungatec/rob499_ws/install/rob499_msgs/include/rob499_msgs/rob499_msgs/msg/detail/test_packet__functions.c
[1.358s] -- Up-to-date: /home/hungatec/rob499_ws/install/rob499_msgs/include/rob499_msgs/rob499_msgs/msg/detail/test_packet__description.c
[1.358s] -- Up-to-date: /home/hungatec/rob499_ws/install/rob499_msgs/include/rob499_msgs/rob499_msgs/msg/detail/test_packet__struct.h
[1.358s] -- Installing: /home/hungatec/rob499_ws/install/rob499_msgs/include/rob499_msgs/rob499_msgs/msg/detail/test_packet__type_support.c
[1.358s] -- Up-to-date: /home/hungatec/rob499_ws/install/rob499_msgs/include/rob499_msgs/rob499_msgs/msg/detail/test_packet__type_support.h
[1.358s] -- Up-to-date: /home/hungatec/rob499_ws/install/rob499_msgs/include/rob499_msgs/rob499_msgs/msg/detail/test_packet__functions.h
[1.358s] -- Up-to-date: /home/hungatec/rob499_ws/install/rob499_msgs/include/rob499_msgs/rob499_msgs/msg/test_packet.h
[1.358s] -- Up-to-date: /home/hungatec/rob499_ws/install/rob499_msgs/include/rob499_msgs/rob499_msgs/msg/rosidl_generator_c__visibility_control.h
[1.358s] -- Up-to-date: /home/hungatec/rob499_ws/install/rob499_msgs/include/rob499_msgs/rob499_msgs/srv
[1.358s] -- Up-to-date: /home/hungatec/rob499_ws/install/rob499_msgs/include/rob499_msgs/rob499_msgs/srv/enable_logging.h
[1.358s] -- Up-to-date: /home/hungatec/rob499_ws/install/rob499_msgs/include/rob499_msgs/rob499_msgs/srv/detail
[1.358s] -- Up-to-date: /home/hungatec/rob499_ws/install/rob499_msgs/include/rob499_msgs/rob499_msgs/srv/detail/enable_logging__functions.h
[1.358s] -- Up-to-date: /home/hungatec/rob499_ws/install/rob499_msgs/include/rob499_msgs/rob499_msgs/srv/detail/send_data__functions.c
[1.358s] -- Installing: /home/hungatec/rob499_ws/install/rob499_msgs/include/rob499_msgs/rob499_msgs/srv/detail/enable_logging__type_support.c
[1.358s] -- Up-to-date: /home/hungatec/rob499_ws/install/rob499_msgs/include/rob499_msgs/rob499_msgs/srv/detail/send_data__struct.h
[1.358s] -- Up-to-date: /home/hungatec/rob499_ws/install/rob499_msgs/include/rob499_msgs/rob499_msgs/srv/detail/send_data__type_support.h
[1.358s] -- Up-to-date: /home/hungatec/rob499_ws/install/rob499_msgs/include/rob499_msgs/rob499_msgs/srv/detail/send_data__type_support.c
[1.359s] -- Up-to-date: /home/hungatec/rob499_ws/install/rob499_msgs/include/rob499_msgs/rob499_msgs/srv/detail/enable_logging__struct.h
[1.359s] -- Up-to-date: /home/hungatec/rob499_ws/install/rob499_msgs/include/rob499_msgs/rob499_msgs/srv/detail/enable_logging__type_support.h
[1.359s] -- Up-to-date: /home/hungatec/rob499_ws/install/rob499_msgs/include/rob499_msgs/rob499_msgs/srv/detail/enable_logging__functions.c
[1.359s] -- Up-to-date: /home/hungatec/rob499_ws/install/rob499_msgs/include/rob499_msgs/rob499_msgs/srv/detail/send_data__functions.h
[1.359s] -- Up-to-date: /home/hungatec/rob499_ws/install/rob499_msgs/include/rob499_msgs/rob499_msgs/srv/detail/send_data__description.c
[1.359s] -- Up-to-date: /home/hungatec/rob499_ws/install/rob499_msgs/include/rob499_msgs/rob499_msgs/srv/detail/enable_logging__description.c
[1.359s] -- Up-to-date: /home/hungatec/rob499_ws/install/rob499_msgs/include/rob499_msgs/rob499_msgs/srv/send_data.h
[1.359s] -- Up-to-date: /home/hungatec/rob499_ws/install/rob499_msgs/include/rob499_msgs/rob499_msgs/action
[1.359s] -- Up-to-date: /home/hungatec/rob499_ws/install/rob499_msgs/include/rob499_msgs/rob499_msgs/action/launch_rocket.h
[1.359s] -- Up-to-date: /home/hungatec/rob499_ws/install/rob499_msgs/include/rob499_msgs/rob499_msgs/action/detail
[1.359s] -- Up-to-date: /home/hungatec/rob499_ws/install/rob499_msgs/include/rob499_msgs/rob499_msgs/action/detail/launch_rocket__functions.h
[1.359s] -- Up-to-date: /home/hungatec/rob499_ws/install/rob499_msgs/include/rob499_msgs/rob499_msgs/action/detail/launch_rocket__description.c
[1.359s] -- Up-to-date: /home/hungatec/rob499_ws/install/rob499_msgs/include/rob499_msgs/rob499_msgs/action/detail/launch_rocket__type_support.h
[1.359s] -- Installing: /home/hungatec/rob499_ws/install/rob499_msgs/include/rob499_msgs/rob499_msgs/action/detail/launch_rocket__type_support.c
[1.359s] -- Up-to-date: /home/hungatec/rob499_ws/install/rob499_msgs/include/rob499_msgs/rob499_msgs/action/detail/launch_rocket__struct.h
[1.359s] -- Up-to-date: /home/hungatec/rob499_ws/install/rob499_msgs/include/rob499_msgs/rob499_msgs/action/detail/launch_rocket__functions.c
[1.360s] -- Up-to-date: /home/hungatec/rob499_ws/install/rob499_msgs/share/rob499_msgs/environment/library_path.sh
[1.360s] -- Up-to-date: /home/hungatec/rob499_ws/install/rob499_msgs/share/rob499_msgs/environment/library_path.dsv
[1.360s] -- Up-to-date: /home/hungatec/rob499_ws/install/rob499_msgs/lib/librob499_msgs__rosidl_generator_c.so
[1.360s] -- Up-to-date: /home/hungatec/rob499_ws/install/rob499_msgs/include/rob499_msgs/rob499_msgs
[1.360s] -- Up-to-date: /home/hungatec/rob499_ws/install/rob499_msgs/include/rob499_msgs/rob499_msgs/msg
[1.360s] -- Up-to-date: /home/hungatec/rob499_ws/install/rob499_msgs/include/rob499_msgs/rob499_msgs/msg/detail
[1.360s] -- Up-to-date: /home/hungatec/rob499_ws/install/rob499_msgs/include/rob499_msgs/rob499_msgs/msg/detail/test_packet__rosidl_typesupport_fastrtps_c.h
[1.360s] -- Up-to-date: /home/hungatec/rob499_ws/install/rob499_msgs/include/rob499_msgs/rob499_msgs/msg/rosidl_typesupport_fastrtps_c__visibility_control.h
[1.360s] -- Up-to-date: /home/hungatec/rob499_ws/install/rob499_msgs/include/rob499_msgs/rob499_msgs/srv
[1.360s] -- Up-to-date: /home/hungatec/rob499_ws/install/rob499_msgs/include/rob499_msgs/rob499_msgs/srv/detail
[1.360s] -- Up-to-date: /home/hungatec/rob499_ws/install/rob499_msgs/include/rob499_msgs/rob499_msgs/srv/detail/enable_logging__rosidl_typesupport_fastrtps_c.h
[1.360s] -- Up-to-date: /home/hungatec/rob499_ws/install/rob499_msgs/include/rob499_msgs/rob499_msgs/srv/detail/send_data__rosidl_typesupport_fastrtps_c.h
[1.360s] -- Up-to-date: /home/hungatec/rob499_ws/install/rob499_msgs/include/rob499_msgs/rob499_msgs/action
[1.360s] -- Up-to-date: /home/hungatec/rob499_ws/install/rob499_msgs/include/rob499_msgs/rob499_msgs/action/detail
[1.360s] -- Up-to-date: /home/hungatec/rob499_ws/install/rob499_msgs/include/rob499_msgs/rob499_msgs/action/detail/launch_rocket__rosidl_typesupport_fastrtps_c.h
[1.360s] -- Up-to-date: /home/hungatec/rob499_ws/install/rob499_msgs/lib/librob499_msgs__rosidl_typesupport_fastrtps_c.so
[1.361s] -- Up-to-date: /home/hungatec/rob499_ws/install/rob499_msgs/include/rob499_msgs/rob499_msgs
[1.361s] -- Up-to-date: /home/hungatec/rob499_ws/install/rob499_msgs/include/rob499_msgs/rob499_msgs/msg
[1.361s] -- Up-to-date: /home/hungatec/rob499_ws/install/rob499_msgs/include/rob499_msgs/rob499_msgs/msg/rosidl_generator_cpp__visibility_control.hpp
[1.361s] -- Up-to-date: /home/hungatec/rob499_ws/install/rob499_msgs/include/rob499_msgs/rob499_msgs/msg/detail
[1.361s] -- Up-to-date: /home/hungatec/rob499_ws/install/rob499_msgs/include/rob499_msgs/rob499_msgs/msg/detail/test_packet__builder.hpp
[1.361s] -- Up-to-date: /home/hungatec/rob499_ws/install/rob499_msgs/include/rob499_msgs/rob499_msgs/msg/detail/test_packet__type_support.hpp
[1.361s] -- Up-to-date: /home/hungatec/rob499_ws/install/rob499_msgs/include/rob499_msgs/rob499_msgs/msg/detail/test_packet__struct.hpp
[1.361s] -- Up-to-date: /home/hungatec/rob499_ws/install/rob499_msgs/include/rob499_msgs/rob499_msgs/msg/detail/test_packet__traits.hpp
[1.361s] -- Up-to-date: /home/hungatec/rob499_ws/install/rob499_msgs/include/rob499_msgs/rob499_msgs/msg/test_packet.hpp
[1.361s] -- Up-to-date: /home/hungatec/rob499_ws/install/rob499_msgs/include/rob499_msgs/rob499_msgs/srv
[1.361s] -- Up-to-date: /home/hungatec/rob499_ws/install/rob499_msgs/include/rob499_msgs/rob499_msgs/srv/detail
[1.361s] -- Up-to-date: /home/hungatec/rob499_ws/install/rob499_msgs/include/rob499_msgs/rob499_msgs/srv/detail/enable_logging__type_support.hpp
[1.361s] -- Up-to-date: /home/hungatec/rob499_ws/install/rob499_msgs/include/rob499_msgs/rob499_msgs/srv/detail/enable_logging__traits.hpp
[1.362s] -- Up-to-date: /home/hungatec/rob499_ws/install/rob499_msgs/include/rob499_msgs/rob499_msgs/srv/detail/enable_logging__builder.hpp
[1.362s] -- Up-to-date: /home/hungatec/rob499_ws/install/rob499_msgs/include/rob499_msgs/rob499_msgs/srv/detail/send_data__traits.hpp
[1.362s] -- Up-to-date: /home/hungatec/rob499_ws/install/rob499_msgs/include/rob499_msgs/rob499_msgs/srv/detail/send_data__type_support.hpp
[1.362s] -- Up-to-date: /home/hungatec/rob499_ws/install/rob499_msgs/include/rob499_msgs/rob499_msgs/srv/detail/send_data__struct.hpp
[1.362s] -- Up-to-date: /home/hungatec/rob499_ws/install/rob499_msgs/include/rob499_msgs/rob499_msgs/srv/detail/send_data__builder.hpp
[1.362s] -- Up-to-date: /home/hungatec/rob499_ws/install/rob499_msgs/include/rob499_msgs/rob499_msgs/srv/detail/enable_logging__struct.hpp
[1.362s] -- Up-to-date: /home/hungatec/rob499_ws/install/rob499_msgs/include/rob499_msgs/rob499_msgs/srv/enable_logging.hpp
[1.362s] -- Up-to-date: /home/hungatec/rob499_ws/install/rob499_msgs/include/rob499_msgs/rob499_msgs/srv/send_data.hpp
[1.362s] -- Up-to-date: /home/hungatec/rob499_ws/install/rob499_msgs/include/rob499_msgs/rob499_msgs/action
[1.362s] -- Up-to-date: /home/hungatec/rob499_ws/install/rob499_msgs/include/rob499_msgs/rob499_msgs/action/launch_rocket.hpp
[1.362s] -- Up-to-date: /home/hungatec/rob499_ws/install/rob499_msgs/include/rob499_msgs/rob499_msgs/action/detail
[1.362s] -- Up-to-date: /home/hungatec/rob499_ws/install/rob499_msgs/include/rob499_msgs/rob499_msgs/action/detail/launch_rocket__type_support.hpp
[1.362s] -- Up-to-date: /home/hungatec/rob499_ws/install/rob499_msgs/include/rob499_msgs/rob499_msgs/action/detail/launch_rocket__traits.hpp
[1.362s] -- Up-to-date: /home/hungatec/rob499_ws/install/rob499_msgs/include/rob499_msgs/rob499_msgs/action/detail/launch_rocket__struct.hpp
[1.362s] -- Up-to-date: /home/hungatec/rob499_ws/install/rob499_msgs/include/rob499_msgs/rob499_msgs/action/detail/launch_rocket__builder.hpp
[1.362s] -- Up-to-date: /home/hungatec/rob499_ws/install/rob499_msgs/include/rob499_msgs/rob499_msgs
[1.363s] -- Up-to-date: /home/hungatec/rob499_ws/install/rob499_msgs/include/rob499_msgs/rob499_msgs/msg
[1.363s] -- Up-to-date: /home/hungatec/rob499_ws/install/rob499_msgs/include/rob499_msgs/rob499_msgs/msg/detail
[1.363s] -- Up-to-date: /home/hungatec/rob499_ws/install/rob499_msgs/include/rob499_msgs/rob499_msgs/msg/detail/dds_fastrtps
[1.363s] -- Up-to-date: /home/hungatec/rob499_ws/install/rob499_msgs/include/rob499_msgs/rob499_msgs/msg/detail/test_packet__rosidl_typesupport_fastrtps_cpp.hpp
[1.363s] -- Up-to-date: /home/hungatec/rob499_ws/install/rob499_msgs/include/rob499_msgs/rob499_msgs/msg/rosidl_typesupport_fastrtps_cpp__visibility_control.h
[1.363s] -- Up-to-date: /home/hungatec/rob499_ws/install/rob499_msgs/include/rob499_msgs/rob499_msgs/srv
[1.363s] -- Up-to-date: /home/hungatec/rob499_ws/install/rob499_msgs/include/rob499_msgs/rob499_msgs/srv/detail
[1.363s] -- Up-to-date: /home/hungatec/rob499_ws/install/rob499_msgs/include/rob499_msgs/rob499_msgs/srv/detail/dds_fastrtps
[1.363s] -- Up-to-date: /home/hungatec/rob499_ws/install/rob499_msgs/include/rob499_msgs/rob499_msgs/srv/detail/enable_logging__rosidl_typesupport_fastrtps_cpp.hpp
[1.363s] -- Up-to-date: /home/hungatec/rob499_ws/install/rob499_msgs/include/rob499_msgs/rob499_msgs/srv/detail/send_data__rosidl_typesupport_fastrtps_cpp.hpp
[1.363s] -- Up-to-date: /home/hungatec/rob499_ws/install/rob499_msgs/include/rob499_msgs/rob499_msgs/action
[1.363s] -- Up-to-date: /home/hungatec/rob499_ws/install/rob499_msgs/include/rob499_msgs/rob499_msgs/action/detail
[1.363s] -- Up-to-date: /home/hungatec/rob499_ws/install/rob499_msgs/include/rob499_msgs/rob499_msgs/action/detail/dds_fastrtps
[1.363s] -- Up-to-date: /home/hungatec/rob499_ws/install/rob499_msgs/include/rob499_msgs/rob499_msgs/action/detail/launch_rocket__rosidl_typesupport_fastrtps_cpp.hpp
[1.373s] -- Up-to-date: /home/hungatec/rob499_ws/install/rob499_msgs/lib/librob499_msgs__rosidl_typesupport_fastrtps_cpp.so
[1.373s] -- Up-to-date: /home/hungatec/rob499_ws/install/rob499_msgs/include/rob499_msgs/rob499_msgs
[1.373s] -- Up-to-date: /home/hungatec/rob499_ws/install/rob499_msgs/include/rob499_msgs/rob499_msgs/msg
[1.373s] -- Up-to-date: /home/hungatec/rob499_ws/install/rob499_msgs/include/rob499_msgs/rob499_msgs/msg/detail
[1.373s] -- Installing: /home/hungatec/rob499_ws/install/rob499_msgs/include/rob499_msgs/rob499_msgs/msg/detail/test_packet__type_support.c
[1.373s] -- Up-to-date: /home/hungatec/rob499_ws/install/rob499_msgs/include/rob499_msgs/rob499_msgs/msg/detail/test_packet__rosidl_typesupport_introspection_c.h
[1.374s] -- Up-to-date: /home/hungatec/rob499_ws/install/rob499_msgs/include/rob499_msgs/rob499_msgs/msg/rosidl_typesupport_introspection_c__visibility_control.h
[1.374s] -- Up-to-date: /home/hungatec/rob499_ws/install/rob499_msgs/include/rob499_msgs/rob499_msgs/srv
[1.374s] -- Up-to-date: /home/hungatec/rob499_ws/install/rob499_msgs/include/rob499_msgs/rob499_msgs/srv/detail
[1.374s] -- Installing: /home/hungatec/rob499_ws/install/rob499_msgs/include/rob499_msgs/rob499_msgs/srv/detail/enable_logging__type_support.c
[1.374s] -- Up-to-date: /home/hungatec/rob499_ws/install/rob499_msgs/include/rob499_msgs/rob499_msgs/srv/detail/send_data__type_support.c
[1.375s] -- Up-to-date: /home/hungatec/rob499_ws/install/rob499_msgs/include/rob499_msgs/rob499_msgs/srv/detail/send_data__rosidl_typesupport_introspection_c.h
[1.375s] -- Up-to-date: /home/hungatec/rob499_ws/install/rob499_msgs/include/rob499_msgs/rob499_msgs/srv/detail/enable_logging__rosidl_typesupport_introspection_c.h
[1.375s] -- Up-to-date: /home/hungatec/rob499_ws/install/rob499_msgs/include/rob499_msgs/rob499_msgs/action
[1.375s] -- Up-to-date: /home/hungatec/rob499_ws/install/rob499_msgs/include/rob499_msgs/rob499_msgs/action/detail
[1.375s] -- Installing: /home/hungatec/rob499_ws/install/rob499_msgs/include/rob499_msgs/rob499_msgs/action/detail/launch_rocket__type_support.c
[1.375s] -- Up-to-date: /home/hungatec/rob499_ws/install/rob499_msgs/include/rob499_msgs/rob499_msgs/action/detail/launch_rocket__rosidl_typesupport_introspection_c.h
[1.375s] -- Up-to-date: /home/hungatec/rob499_ws/install/rob499_msgs/lib/librob499_msgs__rosidl_typesupport_introspection_c.so
[1.375s] -- Up-to-date: /home/hungatec/rob499_ws/install/rob499_msgs/lib/librob499_msgs__rosidl_typesupport_c.so
[1.375s] -- Up-to-date: /home/hungatec/rob499_ws/install/rob499_msgs/include/rob499_msgs/rob499_msgs
[1.375s] -- Up-to-date: /home/hungatec/rob499_ws/install/rob499_msgs/include/rob499_msgs/rob499_msgs/msg
[1.375s] -- Up-to-date: /home/hungatec/rob499_ws/install/rob499_msgs/include/rob499_msgs/rob499_msgs/msg/detail
[1.375s] -- Up-to-date: /home/hungatec/rob499_ws/install/rob499_msgs/include/rob499_msgs/rob499_msgs/msg/detail/test_packet__type_support.cpp
[1.375s] -- Up-to-date: /home/hungatec/rob499_ws/install/rob499_msgs/include/rob499_msgs/rob499_msgs/msg/detail/test_packet__rosidl_typesupport_introspection_cpp.hpp
[1.375s] -- Up-to-date: /home/hungatec/rob499_ws/install/rob499_msgs/include/rob499_msgs/rob499_msgs/srv
[1.376s] -- Up-to-date: /home/hungatec/rob499_ws/install/rob499_msgs/include/rob499_msgs/rob499_msgs/srv/detail
[1.376s] -- Up-to-date: /home/hungatec/rob499_ws/install/rob499_msgs/include/rob499_msgs/rob499_msgs/srv/detail/enable_logging__type_support.cpp
[1.376s] -- Up-to-date: /home/hungatec/rob499_ws/install/rob499_msgs/include/rob499_msgs/rob499_msgs/srv/detail/enable_logging__rosidl_typesupport_introspection_cpp.hpp
[1.376s] -- Up-to-date: /home/hungatec/rob499_ws/install/rob499_msgs/include/rob499_msgs/rob499_msgs/srv/detail/send_data__rosidl_typesupport_introspection_cpp.hpp
[1.377s] -- Up-to-date: /home/hungatec/rob499_ws/install/rob499_msgs/include/rob499_msgs/rob499_msgs/srv/detail/send_data__type_support.cpp
[1.377s] -- Up-to-date: /home/hungatec/rob499_ws/install/rob499_msgs/include/rob499_msgs/rob499_msgs/action
[1.377s] -- Up-to-date: /home/hungatec/rob499_ws/install/rob499_msgs/include/rob499_msgs/rob499_msgs/action/detail
[1.377s] -- Up-to-date: /home/hungatec/rob499_ws/install/rob499_msgs/include/rob499_msgs/rob499_msgs/action/detail/launch_rocket__rosidl_typesupport_introspection_cpp.hpp
[1.378s] -- Up-to-date: /home/hungatec/rob499_ws/install/rob499_msgs/include/rob499_msgs/rob499_msgs/action/detail/launch_rocket__type_support.cpp
[1.378s] -- Up-to-date: /home/hungatec/rob499_ws/install/rob499_msgs/lib/librob499_msgs__rosidl_typesupport_introspection_cpp.so
[1.378s] -- Up-to-date: /home/hungatec/rob499_ws/install/rob499_msgs/lib/librob499_msgs__rosidl_typesupport_cpp.so
[1.378s] -- Up-to-date: /home/hungatec/rob499_ws/install/rob499_msgs/share/rob499_msgs/environment/pythonpath.sh
[1.378s] -- Up-to-date: /home/hungatec/rob499_ws/install/rob499_msgs/share/rob499_msgs/environment/pythonpath.dsv
[1.378s] -- Up-to-date: /home/hungatec/rob499_ws/install/rob499_msgs/lib/python3.12/site-packages/rob499_msgs-0.0.0-py3.12.egg-info
[1.378s] -- Installing: /home/hungatec/rob499_ws/install/rob499_msgs/lib/python3.12/site-packages/rob499_msgs-0.0.0-py3.12.egg-info/top_level.txt
[1.378s] -- Installing: /home/hungatec/rob499_ws/install/rob499_msgs/lib/python3.12/site-packages/rob499_msgs-0.0.0-py3.12.egg-info/dependency_links.txt
[1.378s] -- Installing: /home/hungatec/rob499_ws/install/rob499_msgs/lib/python3.12/site-packages/rob499_msgs-0.0.0-py3.12.egg-info/PKG-INFO
[1.378s] -- Installing: /home/hungatec/rob499_ws/install/rob499_msgs/lib/python3.12/site-packages/rob499_msgs-0.0.0-py3.12.egg-info/SOURCES.txt
[1.379s] -- Up-to-date: /home/hungatec/rob499_ws/install/rob499_msgs/lib/python3.12/site-packages/rob499_msgs
[1.379s] -- Up-to-date: /home/hungatec/rob499_ws/install/rob499_msgs/lib/python3.12/site-packages/rob499_msgs/rob499_msgs_s__rosidl_typesupport_introspection_c.so
[1.379s] -- Up-to-date: /home/hungatec/rob499_ws/install/rob499_msgs/lib/python3.12/site-packages/rob499_msgs/_rob499_msgs_s.ep.rosidl_typesupport_c.c
[1.379s] -- Up-to-date: /home/hungatec/rob499_ws/install/rob499_msgs/lib/python3.12/site-packages/rob499_msgs/__init__.py
[1.379s] -- Up-to-date: /home/hungatec/rob499_ws/install/rob499_msgs/lib/python3.12/site-packages/rob499_msgs/rob499_msgs_s__rosidl_typesupport_fastrtps_c.so
[1.379s] -- Up-to-date: /home/hungatec/rob499_ws/install/rob499_msgs/lib/python3.12/site-packages/rob499_msgs/rob499_msgs_s__rosidl_typesupport_c.so
[1.379s] -- Up-to-date: /home/hungatec/rob499_ws/install/rob499_msgs/lib/python3.12/site-packages/rob499_msgs/msg
[1.379s] -- Up-to-date: /home/hungatec/rob499_ws/install/rob499_msgs/lib/python3.12/site-packages/rob499_msgs/msg/__init__.py
[1.379s] -- Up-to-date: /home/hungatec/rob499_ws/install/rob499_msgs/lib/python3.12/site-packages/rob499_msgs/msg/_test_packet.py
[1.379s] -- Up-to-date: /home/hungatec/rob499_ws/install/rob499_msgs/lib/python3.12/site-packages/rob499_msgs/msg/_test_packet_s.c
[1.379s] -- Up-to-date: /home/hungatec/rob499_ws/install/rob499_msgs/lib/python3.12/site-packages/rob499_msgs/srv
[1.379s] -- Up-to-date: /home/hungatec/rob499_ws/install/rob499_msgs/lib/python3.12/site-packages/rob499_msgs/srv/_send_data_s.c
[1.379s] -- Up-to-date: /home/hungatec/rob499_ws/install/rob499_msgs/lib/python3.12/site-packages/rob499_msgs/srv/_enable_logging_s.c
[1.379s] -- Up-to-date: /home/hungatec/rob499_ws/install/rob499_msgs/lib/python3.12/site-packages/rob499_msgs/srv/_enable_logging.py
[1.379s] -- Up-to-date: /home/hungatec/rob499_ws/install/rob499_msgs/lib/python3.12/site-packages/rob499_msgs/srv/__init__.py
[1.380s] -- Up-to-date: /home/hungatec/rob499_ws/install/rob499_msgs/lib/python3.12/site-packages/rob499_msgs/srv/_send_data.py
[1.380s] -- Up-to-date: /home/hungatec/rob499_ws/install/rob499_msgs/lib/python3.12/site-packages/rob499_msgs/action
[1.380s] -- Up-to-date: /home/hungatec/rob499_ws/install/rob499_msgs/lib/python3.12/site-packages/rob499_msgs/action/__init__.py
[1.380s] -- Up-to-date: /home/hungatec/rob499_ws/install/rob499_msgs/lib/python3.12/site-packages/rob499_msgs/action/_launch_rocket_s.c
[1.380s] -- Up-to-date: /home/hungatec/rob499_ws/install/rob499_msgs/lib/python3.12/site-packages/rob499_msgs/action/_launch_rocket.py
[1.380s] -- Up-to-date: /home/hungatec/rob499_ws/install/rob499_msgs/lib/python3.12/site-packages/rob499_msgs/_rob499_msgs_s.ep.rosidl_typesupport_introspection_c.c
[1.380s] -- Up-to-date: /home/hungatec/rob499_ws/install/rob499_msgs/lib/python3.12/site-packages/rob499_msgs/_rob499_msgs_s.ep.rosidl_typesupport_fastrtps_c.c
[1.456s] Listing '/home/hungatec/rob499_ws/install/rob499_msgs/lib/python3.12/site-packages/rob499_msgs'...
[1.456s] Listing '/home/hungatec/rob499_ws/install/rob499_msgs/lib/python3.12/site-packages/rob499_msgs/action'...
[1.456s] Listing '/home/hungatec/rob499_ws/install/rob499_msgs/lib/python3.12/site-packages/rob499_msgs/msg'...
[1.456s] Listing '/home/hungatec/rob499_ws/install/rob499_msgs/lib/python3.12/site-packages/rob499_msgs/srv'...
[1.463s] -- Up-to-date: /home/hungatec/rob499_ws/install/rob499_msgs/lib/python3.12/site-packages/rob499_msgs/rob499_msgs_s__rosidl_typesupport_fastrtps_c.so
[1.464s] -- Up-to-date: /home/hungatec/rob499_ws/install/rob499_msgs/lib/python3.12/site-packages/rob499_msgs/rob499_msgs_s__rosidl_typesupport_introspection_c.so
[1.466s] -- Up-to-date: /home/hungatec/rob499_ws/install/rob499_msgs/lib/python3.12/site-packages/rob499_msgs/rob499_msgs_s__rosidl_typesupport_c.so
[1.467s] -- Up-to-date: /home/hungatec/rob499_ws/install/rob499_msgs/lib/librob499_msgs__rosidl_generator_py.so
[1.468s] -- Up-to-date: /home/hungatec/rob499_ws/install/rob499_msgs/share/rob499_msgs/msg/TestPacket.idl
[1.469s] -- Up-to-date: /home/hungatec/rob499_ws/install/rob499_msgs/share/rob499_msgs/srv/SendData.idl
[1.469s] -- Up-to-date: /home/hungatec/rob499_ws/install/rob499_msgs/share/rob499_msgs/srv/EnableLogging.idl
[1.469s] -- Up-to-date: /home/hungatec/rob499_ws/install/rob499_msgs/share/rob499_msgs/action/LaunchRocket.idl
[1.470s] -- Up-to-date: /home/hungatec/rob499_ws/install/rob499_msgs/share/rob499_msgs/msg/TestPacket.msg
[1.470s] -- Up-to-date: /home/hungatec/rob499_ws/install/rob499_msgs/share/rob499_msgs/srv/SendData.srv
[1.471s] -- Up-to-date: /home/hungatec/rob499_ws/install/rob499_msgs/share/rob499_msgs/srv/EnableLogging.srv
[1.471s] -- Up-to-date: /home/hungatec/rob499_ws/install/rob499_msgs/share/rob499_msgs/action/LaunchRocket.action
[1.472s] -- Up-to-date: /home/hungatec/rob499_ws/install/rob499_msgs/share/ament_index/resource_index/package_run_dependencies/rob499_msgs
[1.472s] -- Up-to-date: /home/hungatec/rob499_ws/install/rob499_msgs/share/ament_index/resource_index/parent_prefix_path/rob499_msgs
[1.473s] -- Up-to-date: /home/hungatec/rob499_ws/install/rob499_msgs/share/rob499_msgs/environment/ament_prefix_path.sh
[1.473s] -- Up-to-date: /home/hungatec/rob499_ws/install/rob499_msgs/share/rob499_msgs/environment/ament_prefix_path.dsv
[1.474s] -- Up-to-date: /home/hungatec/rob499_ws/install/rob499_msgs/share/rob499_msgs/environment/path.sh
[1.474s] -- Up-to-date: /home/hungatec/rob499_ws/install/rob499_msgs/share/rob499_msgs/environment/path.dsv
[1.475s] -- Up-to-date: /home/hungatec/rob499_ws/install/rob499_msgs/share/rob499_msgs/local_setup.bash
[1.480s] -- Up-to-date: /home/hungatec/rob499_ws/install/rob499_msgs/share/rob499_msgs/local_setup.sh
[1.480s] -- Up-to-date: /home/hungatec/rob499_ws/install/rob499_msgs/share/rob499_msgs/local_setup.zsh
[1.480s] -- Up-to-date: /home/hungatec/rob499_ws/install/rob499_msgs/share/rob499_msgs/local_setup.dsv
[1.480s] -- Installing: /home/hungatec/rob499_ws/install/rob499_msgs/share/rob499_msgs/package.dsv
[1.480s] -- Up-to-date: /home/hungatec/rob499_ws/install/rob499_msgs/share/ament_index/resource_index/packages/rob499_msgs
[1.481s] -- Up-to-date: /home/hungatec/rob499_ws/install/rob499_msgs/share/rob499_msgs/cmake/export_rob499_msgs__rosidl_generator_cExport.cmake
[1.481s] -- Up-to-date: /home/hungatec/rob499_ws/install/rob499_msgs/share/rob499_msgs/cmake/export_rob499_msgs__rosidl_generator_cExport-noconfig.cmake
[1.481s] -- Up-to-date: /home/hungatec/rob499_ws/install/rob499_msgs/share/rob499_msgs/cmake/export_rob499_msgs__rosidl_typesupport_fastrtps_cExport.cmake
[1.481s] -- Up-to-date: /home/hungatec/rob499_ws/install/rob499_msgs/share/rob499_msgs/cmake/export_rob499_msgs__rosidl_typesupport_fastrtps_cExport-noconfig.cmake
[1.481s] -- Up-to-date: /home/hungatec/rob499_ws/install/rob499_msgs/share/rob499_msgs/cmake/export_rob499_msgs__rosidl_generator_cppExport.cmake
[1.481s] -- Up-to-date: /home/hungatec/rob499_ws/install/rob499_msgs/share/rob499_msgs/cmake/export_rob499_msgs__rosidl_typesupport_fastrtps_cppExport.cmake
[1.481s] -- Up-to-date: /home/hungatec/rob499_ws/install/rob499_msgs/share/rob499_msgs/cmake/export_rob499_msgs__rosidl_typesupport_fastrtps_cppExport-noconfig.cmake
[1.482s] -- Up-to-date: /home/hungatec/rob499_ws/install/rob499_msgs/share/rob499_msgs/cmake/rob499_msgs__rosidl_typesupport_introspection_cExport.cmake
[1.482s] -- Up-to-date: /home/hungatec/rob499_ws/install/rob499_msgs/share/rob499_msgs/cmake/rob499_msgs__rosidl_typesupport_introspection_cExport-noconfig.cmake
[1.482s] -- Up-to-date: /home/hungatec/rob499_ws/install/rob499_msgs/share/rob499_msgs/cmake/rob499_msgs__rosidl_typesupport_cExport.cmake
[1.482s] -- Up-to-date: /home/hungatec/rob499_ws/install/rob499_msgs/share/rob499_msgs/cmake/rob499_msgs__rosidl_typesupport_cExport-noconfig.cmake
[1.482s] -- Up-to-date: /home/hungatec/rob499_ws/install/rob499_msgs/share/rob499_msgs/cmake/rob499_msgs__rosidl_typesupport_introspection_cppExport.cmake
[1.483s] -- Up-to-date: /home/hungatec/rob499_ws/install/rob499_msgs/share/rob499_msgs/cmake/rob499_msgs__rosidl_typesupport_introspection_cppExport-noconfig.cmake
[1.483s] -- Up-to-date: /home/hungatec/rob499_ws/install/rob499_msgs/share/rob499_msgs/cmake/rob499_msgs__rosidl_typesupport_cppExport.cmake
[1.483s] -- Up-to-date: /home/hungatec/rob499_ws/install/rob499_msgs/share/rob499_msgs/cmake/rob499_msgs__rosidl_typesupport_cppExport-noconfig.cmake
[1.483s] -- Up-to-date: /home/hungatec/rob499_ws/install/rob499_msgs/share/rob499_msgs/cmake/export_rob499_msgs__rosidl_generator_pyExport.cmake
[1.483s] -- Up-to-date: /home/hungatec/rob499_ws/install/rob499_msgs/share/rob499_msgs/cmake/export_rob499_msgs__rosidl_generator_pyExport-noconfig.cmake
[1.483s] -- Up-to-date: /home/hungatec/rob499_ws/install/rob499_msgs/share/rob499_msgs/cmake/rosidl_cmake-extras.cmake
[1.483s] -- Up-to-date: /home/hungatec/rob499_ws/install/rob499_msgs/share/rob499_msgs/cmake/ament_cmake_export_dependencies-extras.cmake
[1.483s] -- Up-to-date: /home/hungatec/rob499_ws/install/rob499_msgs/share/rob499_msgs/cmake/ament_cmake_export_include_directories-extras.cmake
[1.483s] -- Up-to-date: /home/hungatec/rob499_ws/install/rob499_msgs/share/rob499_msgs/cmake/ament_cmake_export_libraries-extras.cmake
[1.483s] -- Up-to-date: /home/hungatec/rob499_ws/install/rob499_msgs/share/rob499_msgs/cmake/ament_cmake_export_targets-extras.cmake
[1.483s] -- Up-to-date: /home/hungatec/rob499_ws/install/rob499_msgs/share/rob499_msgs/cmake/rosidl_cmake_export_typesupport_targets-extras.cmake
[1.483s] -- Up-to-date: /home/hungatec/rob499_ws/install/rob499_msgs/share/rob499_msgs/cmake/rosidl_cmake_export_typesupport_libraries-extras.cmake
[1.483s] -- Up-to-date: /home/hungatec/rob499_ws/install/rob499_msgs/share/rob499_msgs/cmake/rob499_msgsConfig.cmake
[1.483s] -- Up-to-date: /home/hungatec/rob499_ws/install/rob499_msgs/share/rob499_msgs/cmake/rob499_msgsConfig-version.cmake
[1.483s] -- Up-to-date: /home/hungatec/rob499_ws/install/rob499_msgs/share/rob499_msgs/package.xml
[1.506s] Invoked command in '/home/hungatec/rob499_ws/build/rob499_msgs' returned '0': CMAKE_PREFIX_PATH=${CMAKE_PREFIX_PATH}:/home/hungatec/rob499_ws/install/rob599_more:/home/hungatec/rob499_ws/install/rob599_basic:/home/hungatec/rob499_ws/install/hw5:/home/hungatec/rob499_ws/install/hw4:/home/hungatec/rob499_ws/install/hw3:/home/hungatec/rob499_ws/install/hw2:/opt/ros/jazzy DEBUGINFOD_URLS=https://debuginfod.ubuntu.com /usr/bin/cmake --install /home/hungatec/rob499_ws/build/rob499_msgs
