[ 50%] Built target background_remover
[ 75%] [32mBuilding CXX object CMakeFiles/table_remover.dir/src/table_remover.cpp.o[0m
[100%] [32m[1mLinking CXX executable table_remover[0m
[100%] Built target table_remover
-- Install configuration: ""
-- Up-to-date: /home/hungatec/rob499_ws/install/hw7/lib/hw7/background_remover
-- Installing: /home/hungatec/rob499_ws/install/hw7/lib/hw7/table_remover
-- Set non-toolchain portion of runtime path of "/home/hungatec/rob499_ws/install/hw7/lib/hw7/table_remover" to ""
-- Up-to-date: /home/hungatec/rob499_ws/install/hw7/include/hw7/include
-- Up-to-date: /home/hungatec/rob499_ws/install/hw7/include/hw7/include/hw7
-- Up-to-date: /home/hungatec/rob499_ws/install/hw7/share/ament_index/resource_index/package_run_dependencies/hw7
-- Up-to-date: /home/hungatec/rob499_ws/install/hw7/share/ament_index/resource_index/parent_prefix_path/hw7
-- Up-to-date: /home/hungatec/rob499_ws/install/hw7/share/hw7/environment/ament_prefix_path.sh
-- Up-to-date: /home/hungatec/rob499_ws/install/hw7/share/hw7/environment/ament_prefix_path.dsv
-- Up-to-date: /home/hungatec/rob499_ws/install/hw7/share/hw7/environment/path.sh
-- Up-to-date: /home/hungatec/rob499_ws/install/hw7/share/hw7/environment/path.dsv
-- Up-to-date: /home/hungatec/rob499_ws/install/hw7/share/hw7/local_setup.bash
-- Up-to-date: /home/hungatec/rob499_ws/install/hw7/share/hw7/local_setup.sh
-- Up-to-date: /home/hungatec/rob499_ws/install/hw7/share/hw7/local_setup.zsh
-- Up-to-date: /home/hungatec/rob499_ws/install/hw7/share/hw7/local_setup.dsv
-- Installing: /home/hungatec/rob499_ws/install/hw7/share/hw7/package.dsv
-- Up-to-date: /home/hungatec/rob499_ws/install/hw7/share/ament_index/resource_index/packages/hw7
-- Up-to-date: /home/hungatec/rob499_ws/install/hw7/share/hw7/cmake/hw7Config.cmake
-- Up-to-date: /home/hungatec/rob499_ws/install/hw7/share/hw7/cmake/hw7Config-version.cmake
-- Up-to-date: /home/hungatec/rob499_ws/install/hw7/share/hw7/package.xml
