[0.042s] Invoking command in '/home/hungatec/rob499_ws/build/hw6': CMAKE_PREFIX_PATH=${CMAKE_PREFIX_PATH}:/home/hungatec/rob499_ws/install/rob599_more:/home/hungatec/rob499_ws/install/rob599_basic:/home/hungatec/rob499_ws/install/hw5:/home/hungatec/rob499_ws/install/hw4:/home/hungatec/rob499_ws/install/hw3:/home/hungatec/rob499_ws/install/hw2:/opt/ros/jazzy DEBUGINFOD_URLS=https://debuginfod.ubuntu.com /usr/bin/cmake --build /home/hungatec/rob499_ws/build/hw6 -- -j4 -l4
[0.173s] [ 25%] Built target oscope
[0.178s] [ 50%] Built target data_sender
[0.187s] [ 75%] Built target data_receiver
[0.193s] [100%] Built target limiter
[0.217s] Invoked command in '/home/hungatec/rob499_ws/build/hw6' returned '0': CMAKE_PREFIX_PATH=${CMAKE_PREFIX_PATH}:/home/hungatec/rob499_ws/install/rob599_more:/home/hungatec/rob499_ws/install/rob599_basic:/home/hungatec/rob499_ws/install/hw5:/home/hungatec/rob499_ws/install/hw4:/home/hungatec/rob499_ws/install/hw3:/home/hungatec/rob499_ws/install/hw2:/opt/ros/jazzy DEBUGINFOD_URLS=https://debuginfod.ubuntu.com /usr/bin/cmake --build /home/hungatec/rob499_ws/build/hw6 -- -j4 -l4
[0.236s] Invoking command in '/home/hungatec/rob499_ws/build/hw6': CMAKE_PREFIX_PATH=${CMAKE_PREFIX_PATH}:/home/hungatec/rob499_ws/install/rob599_more:/home/hungatec/rob499_ws/install/rob599_basic:/home/hungatec/rob499_ws/install/hw5:/home/hungatec/rob499_ws/install/hw4:/home/hungatec/rob499_ws/install/hw3:/home/hungatec/rob499_ws/install/hw2:/opt/ros/jazzy DEBUGINFOD_URLS=https://debuginfod.ubuntu.com /usr/bin/cmake --install /home/hungatec/rob499_ws/build/hw6
[0.249s] -- Install configuration: ""
[0.250s] -- Up-to-date: /home/hungatec/rob499_ws/install/hw6/lib/hw6/oscope
[0.250s] -- Up-to-date: /home/hungatec/rob499_ws/install/hw6/lib/hw6/limiter
[0.250s] -- Up-to-date: /home/hungatec/rob499_ws/install/hw6/lib/hw6/data_sender
[0.251s] -- Up-to-date: /home/hungatec/rob499_ws/install/hw6/lib/hw6/data_receiver
[0.252s] -- Up-to-date: /home/hungatec/rob499_ws/install/hw6/share/hw6/launch
[0.252s] -- Installing: /home/hungatec/rob499_ws/install/hw6/share/hw6/launch/limited_oscope.py
[0.252s] -- Up-to-date: /home/hungatec/rob499_ws/install/hw6/share/ament_index/resource_index/package_run_dependencies/hw6
[0.252s] -- Up-to-date: /home/hungatec/rob499_ws/install/hw6/share/ament_index/resource_index/parent_prefix_path/hw6
[0.253s] -- Up-to-date: /home/hungatec/rob499_ws/install/hw6/share/hw6/environment/ament_prefix_path.sh
[0.254s] -- Up-to-date: /home/hungatec/rob499_ws/install/hw6/share/hw6/environment/ament_prefix_path.dsv
[0.254s] -- Up-to-date: /home/hungatec/rob499_ws/install/hw6/share/hw6/environment/path.sh
[0.255s] -- Up-to-date: /home/hungatec/rob499_ws/install/hw6/share/hw6/environment/path.dsv
[0.255s] -- Up-to-date: /home/hungatec/rob499_ws/install/hw6/share/hw6/local_setup.bash
[0.255s] -- Up-to-date: /home/hungatec/rob499_ws/install/hw6/share/hw6/local_setup.sh
[0.256s] -- Up-to-date: /home/hungatec/rob499_ws/install/hw6/share/hw6/local_setup.zsh
[0.256s] -- Up-to-date: /home/hungatec/rob499_ws/install/hw6/share/hw6/local_setup.dsv
[0.256s] -- Installing: /home/hungatec/rob499_ws/install/hw6/share/hw6/package.dsv
[0.256s] -- Up-to-date: /home/hungatec/rob499_ws/install/hw6/share/ament_index/resource_index/packages/hw6
[0.256s] -- Up-to-date: /home/hungatec/rob499_ws/install/hw6/share/hw6/cmake/hw6Config.cmake
[0.256s] -- Up-to-date: /home/hungatec/rob499_ws/install/hw6/share/hw6/cmake/hw6Config-version.cmake
[0.256s] -- Up-to-date: /home/hungatec/rob499_ws/install/hw6/share/hw6/package.xml
[0.260s] Invoked command in '/home/hungatec/rob499_ws/build/hw6' returned '0': CMAKE_PREFIX_PATH=${CMAKE_PREFIX_PATH}:/home/hungatec/rob499_ws/install/rob599_more:/home/hungatec/rob499_ws/install/rob599_basic:/home/hungatec/rob499_ws/install/hw5:/home/hungatec/rob499_ws/install/hw4:/home/hungatec/rob499_ws/install/hw3:/home/hungatec/rob499_ws/install/hw2:/opt/ros/jazzy DEBUGINFOD_URLS=https://debuginfod.ubuntu.com /usr/bin/cmake --install /home/hungatec/rob499_ws/build/hw6
