[1.270s] Invoking command in '/home/hungatec/rob499_ws/src/rob499_project': DEBUGINFOD_URLS=https://debuginfod.ubuntu.com PYTHONPATH=/home/hungatec/rob499_ws/build/rob499_project/prefix_override:/usr/lib/python3/dist-packages/colcon_core/task/python/colcon_distutils_commands:/home/hungatec/rob499_ws/install/rob499_project/lib/python3.12/site-packages:${PYTHONPATH} /usr/bin/python3 -W ignore:setup.py install is deprecated -W ignore:easy_install command is deprecated setup.py egg_info --egg-base ../../build/rob499_project build --build-base /home/hungatec/rob499_ws/build/rob499_project/build install --record /home/hungatec/rob499_ws/build/rob499_project/install.log --single-version-externally-managed install_data
[1.670s] running egg_info
[1.695s] writing ../../build/rob499_project/rob499_project.egg-info/PKG-INFO
[1.697s] writing dependency_links to ../../build/rob499_project/rob499_project.egg-info/dependency_links.txt
[1.700s] writing entry points to ../../build/rob499_project/rob499_project.egg-info/entry_points.txt
[1.700s] writing requirements to ../../build/rob499_project/rob499_project.egg-info/requires.txt
[1.701s] writing top-level names to ../../build/rob499_project/rob499_project.egg-info/top_level.txt
[1.766s] reading manifest file '../../build/rob499_project/rob499_project.egg-info/SOURCES.txt'
[1.766s] adding license file 'LICENSE'
[1.768s] writing manifest file '../../build/rob499_project/rob499_project.egg-info/SOURCES.txt'
[1.769s] running build
[1.769s] running build_py
[1.770s] running install
[1.777s] running install_lib
[1.803s] running install_data
[1.803s] copying launch/turtle_launch.py -> /home/hungatec/rob499_ws/install/rob499_project/share/rob499_project/launch
[1.804s] running install_egg_info
[1.839s] removing '/home/hungatec/rob499_ws/install/rob499_project/lib/python3.12/site-packages/rob499_project-0.0.0-py3.12.egg-info' (and everything under it)
[1.840s] Copying ../../build/rob499_project/rob499_project.egg-info to /home/hungatec/rob499_ws/install/rob499_project/lib/python3.12/site-packages/rob499_project-0.0.0-py3.12.egg-info
[1.841s] running install_scripts
[2.053s] Installing dummy_parameter script to /home/hungatec/rob499_ws/install/rob499_project/lib/rob499_project
[2.053s] Installing kill_turtle script to /home/hungatec/rob499_ws/install/rob499_project/lib/rob499_project
[2.053s] Installing knob1 script to /home/hungatec/rob499_ws/install/rob499_project/lib/rob499_project
[2.053s] Installing knob2 script to /home/hungatec/rob499_ws/install/rob499_project/lib/rob499_project
[2.056s] Installing serial_data script to /home/hungatec/rob499_ws/install/rob499_project/lib/rob499_project
[2.057s] Installing turtle_movement script to /home/hungatec/rob499_ws/install/rob499_project/lib/rob499_project
[2.057s] Installing virtual_serial_data script to /home/hungatec/rob499_ws/install/rob499_project/lib/rob499_project
[2.061s] writing list of installed files to '/home/hungatec/rob499_ws/build/rob499_project/install.log'
[2.110s] Invoked command in '/home/hungatec/rob499_ws/src/rob499_project' returned '0': DEBUGINFOD_URLS=https://debuginfod.ubuntu.com PYTHONPATH=/home/hungatec/rob499_ws/build/rob499_project/prefix_override:/usr/lib/python3/dist-packages/colcon_core/task/python/colcon_distutils_commands:/home/hungatec/rob499_ws/install/rob499_project/lib/python3.12/site-packages:${PYTHONPATH} /usr/bin/python3 -W ignore:setup.py install is deprecated -W ignore:easy_install command is deprecated setup.py egg_info --egg-base ../../build/rob499_project build --build-base /home/hungatec/rob499_ws/build/rob499_project/build install --record /home/hungatec/rob499_ws/build/rob499_project/install.log --single-version-externally-managed install_data
