[0.615s] DEBUG:colcon:Command line arguments: ['/usr/bin/colcon', 'build']
[0.615s] DEBUG:colcon:Parsed command line arguments: Namespace(log_base=None, log_level=None, verb_name='build', build_base='build', install_base='install', merge_install=False, symlink_install=False, test_result_base=None, continue_on_error=False, executor='parallel', parallel_workers=4, event_handlers=None, ignore_user_meta=False, metas=['./colcon.meta'], base_paths=['.'], packages_ignore=None, packages_ignore_regex=None, paths=None, packages_up_to=None, packages_up_to_regex=None, packages_above=None, packages_above_and_dependencies=None, packages_above_depth=None, packages_select_by_dep=None, packages_skip_by_dep=None, packages_skip_up_to=None, packages_select_build_failed=False, packages_skip_build_finished=False, packages_select_test_failures=False, packages_skip_test_passed=False, packages_select=None, packages_skip=None, packages_select_regex=None, packages_skip_regex=None, packages_start=None, packages_end=None, cmake_args=None, cmake_target=None, cmake_target_skip_unavailable=False, cmake_clean_cache=False, cmake_clean_first=False, cmake_force_configure=False, ament_cmake_args=None, catkin_cmake_args=None, catkin_skip_building_tests=False, verb_parser=<colcon_defaults.argument_parser.defaults.DefaultArgumentsDecorator object at 0x7822408fb500>, verb_extension=<colcon_core.verb.build.BuildVerb object at 0x78224081f680>, main=<bound method BuildVerb.main of <colcon_core.verb.build.BuildVerb object at 0x78224081f680>>)
[0.746s] Level 1:colcon.colcon_core.package_discovery:discover_packages(colcon_meta) check parameters
[0.747s] Level 1:colcon.colcon_core.package_discovery:discover_packages(recursive) check parameters
[0.747s] Level 1:colcon.colcon_core.package_discovery:discover_packages(ignore) check parameters
[0.747s] Level 1:colcon.colcon_core.package_discovery:discover_packages(path) check parameters
[0.747s] Level 1:colcon.colcon_core.package_discovery:discover_packages(colcon_meta) discover
[0.747s] Level 1:colcon.colcon_core.package_discovery:discover_packages(recursive) discover
[0.747s] INFO:colcon.colcon_core.package_discovery:Crawling recursively for packages in '/home/hungatec/rob499_ws/src'
[0.747s] Level 1:colcon.colcon_core.package_identification:_identify(.) by extensions ['ignore', 'ignore_ament_install']
[0.747s] Level 1:colcon.colcon_core.package_identification:_identify(.) by extension 'ignore'
[0.747s] Level 1:colcon.colcon_core.package_identification:_identify(.) by extension 'ignore_ament_install'
[0.747s] Level 1:colcon.colcon_core.package_identification:_identify(.) by extensions ['colcon_pkg']
[0.747s] Level 1:colcon.colcon_core.package_identification:_identify(.) by extension 'colcon_pkg'
[0.747s] Level 1:colcon.colcon_core.package_identification:_identify(.) by extensions ['colcon_meta']
[0.747s] Level 1:colcon.colcon_core.package_identification:_identify(.) by extension 'colcon_meta'
[0.747s] Level 1:colcon.colcon_core.package_identification:_identify(.) by extensions ['ros']
[0.747s] Level 1:colcon.colcon_core.package_identification:_identify(.) by extension 'ros'
[0.800s] Level 1:colcon.colcon_core.package_identification:_identify(.) by extensions ['cmake', 'python']
[0.800s] Level 1:colcon.colcon_core.package_identification:_identify(.) by extension 'cmake'
[0.800s] Level 1:colcon.colcon_core.package_identification:_identify(.) by extension 'python'
[0.800s] Level 1:colcon.colcon_core.package_identification:_identify(.) by extensions ['python_setup_py']
[0.800s] Level 1:colcon.colcon_core.package_identification:_identify(.) by extension 'python_setup_py'
[0.800s] Level 1:colcon.colcon_core.package_identification:_identify(build) by extensions ['ignore', 'ignore_ament_install']
[0.801s] Level 1:colcon.colcon_core.package_identification:_identify(build) by extension 'ignore'
[0.801s] Level 1:colcon.colcon_core.package_identification:_identify(build) ignored
[0.801s] Level 1:colcon.colcon_core.package_identification:_identify(hw2) by extensions ['ignore', 'ignore_ament_install']
[0.801s] Level 1:colcon.colcon_core.package_identification:_identify(hw2) by extension 'ignore'
[0.801s] Level 1:colcon.colcon_core.package_identification:_identify(hw2) by extension 'ignore_ament_install'
[0.801s] Level 1:colcon.colcon_core.package_identification:_identify(hw2) by extensions ['colcon_pkg']
[0.801s] Level 1:colcon.colcon_core.package_identification:_identify(hw2) by extension 'colcon_pkg'
[0.801s] Level 1:colcon.colcon_core.package_identification:_identify(hw2) by extensions ['colcon_meta']
[0.801s] Level 1:colcon.colcon_core.package_identification:_identify(hw2) by extension 'colcon_meta'
[0.801s] Level 1:colcon.colcon_core.package_identification:_identify(hw2) by extensions ['ros']
[0.801s] Level 1:colcon.colcon_core.package_identification:_identify(hw2) by extension 'ros'
[0.810s] DEBUG:colcon.colcon_core.package_identification:Package 'hw2' with type 'ros.ament_python' and name 'hw2'
[0.810s] Level 1:colcon.colcon_core.package_identification:_identify(hw3) by extensions ['ignore', 'ignore_ament_install']
[0.810s] Level 1:colcon.colcon_core.package_identification:_identify(hw3) by extension 'ignore'
[0.810s] Level 1:colcon.colcon_core.package_identification:_identify(hw3) by extension 'ignore_ament_install'
[0.810s] Level 1:colcon.colcon_core.package_identification:_identify(hw3) by extensions ['colcon_pkg']
[0.810s] Level 1:colcon.colcon_core.package_identification:_identify(hw3) by extension 'colcon_pkg'
[0.810s] Level 1:colcon.colcon_core.package_identification:_identify(hw3) by extensions ['colcon_meta']
[0.810s] Level 1:colcon.colcon_core.package_identification:_identify(hw3) by extension 'colcon_meta'
[0.810s] Level 1:colcon.colcon_core.package_identification:_identify(hw3) by extensions ['ros']
[0.810s] Level 1:colcon.colcon_core.package_identification:_identify(hw3) by extension 'ros'
[0.812s] DEBUG:colcon.colcon_core.package_identification:Package 'hw3' with type 'ros.ament_python' and name 'hw3'
[0.812s] Level 1:colcon.colcon_core.package_identification:_identify(hw4) by extensions ['ignore', 'ignore_ament_install']
[0.812s] Level 1:colcon.colcon_core.package_identification:_identify(hw4) by extension 'ignore'
[0.812s] Level 1:colcon.colcon_core.package_identification:_identify(hw4) by extension 'ignore_ament_install'
[0.812s] Level 1:colcon.colcon_core.package_identification:_identify(hw4) by extensions ['colcon_pkg']
[0.812s] Level 1:colcon.colcon_core.package_identification:_identify(hw4) by extension 'colcon_pkg'
[0.812s] Level 1:colcon.colcon_core.package_identification:_identify(hw4) by extensions ['colcon_meta']
[0.812s] Level 1:colcon.colcon_core.package_identification:_identify(hw4) by extension 'colcon_meta'
[0.812s] Level 1:colcon.colcon_core.package_identification:_identify(hw4) by extensions ['ros']
[0.812s] Level 1:colcon.colcon_core.package_identification:_identify(hw4) by extension 'ros'
[0.813s] DEBUG:colcon.colcon_core.package_identification:Package 'hw4' with type 'ros.ament_python' and name 'hw4'
[0.813s] Level 1:colcon.colcon_core.package_identification:_identify(install) by extensions ['ignore', 'ignore_ament_install']
[0.814s] Level 1:colcon.colcon_core.package_identification:_identify(install) by extension 'ignore'
[0.814s] Level 1:colcon.colcon_core.package_identification:_identify(install) ignored
[0.814s] Level 1:colcon.colcon_core.package_identification:_identify(log) by extensions ['ignore', 'ignore_ament_install']
[0.814s] Level 1:colcon.colcon_core.package_identification:_identify(log) by extension 'ignore'
[0.814s] Level 1:colcon.colcon_core.package_identification:_identify(log) ignored
[0.814s] Level 1:colcon.colcon_core.package_identification:_identify(rob499_msgs) by extensions ['ignore', 'ignore_ament_install']
[0.814s] Level 1:colcon.colcon_core.package_identification:_identify(rob499_msgs) by extension 'ignore'
[0.814s] Level 1:colcon.colcon_core.package_identification:_identify(rob499_msgs) by extension 'ignore_ament_install'
[0.814s] Level 1:colcon.colcon_core.package_identification:_identify(rob499_msgs) by extensions ['colcon_pkg']
[0.814s] Level 1:colcon.colcon_core.package_identification:_identify(rob499_msgs) by extension 'colcon_pkg'
[0.814s] Level 1:colcon.colcon_core.package_identification:_identify(rob499_msgs) by extensions ['colcon_meta']
[0.814s] Level 1:colcon.colcon_core.package_identification:_identify(rob499_msgs) by extension 'colcon_meta'
[0.814s] Level 1:colcon.colcon_core.package_identification:_identify(rob499_msgs) by extensions ['ros']
[0.814s] Level 1:colcon.colcon_core.package_identification:_identify(rob499_msgs) by extension 'ros'
[0.816s] DEBUG:colcon.colcon_core.package_identification:Package 'rob499_msgs' with type 'ros.ament_cmake' and name 'rob499_msgs'
[0.816s] Level 1:colcon.colcon_core.package_identification:_identify(rob599) by extensions ['ignore', 'ignore_ament_install']
[0.816s] Level 1:colcon.colcon_core.package_identification:_identify(rob599) by extension 'ignore'
[0.816s] Level 1:colcon.colcon_core.package_identification:_identify(rob599) by extension 'ignore_ament_install'
[0.816s] Level 1:colcon.colcon_core.package_identification:_identify(rob599) by extensions ['colcon_pkg']
[0.816s] Level 1:colcon.colcon_core.package_identification:_identify(rob599) by extension 'colcon_pkg'
[0.816s] Level 1:colcon.colcon_core.package_identification:_identify(rob599) by extensions ['colcon_meta']
[0.816s] Level 1:colcon.colcon_core.package_identification:_identify(rob599) by extension 'colcon_meta'
[0.816s] Level 1:colcon.colcon_core.package_identification:_identify(rob599) by extensions ['ros']
[0.816s] Level 1:colcon.colcon_core.package_identification:_identify(rob599) by extension 'ros'
[0.816s] Level 1:colcon.colcon_core.package_identification:_identify(rob599) by extensions ['cmake', 'python']
[0.816s] Level 1:colcon.colcon_core.package_identification:_identify(rob599) by extension 'cmake'
[0.816s] Level 1:colcon.colcon_core.package_identification:_identify(rob599) by extension 'python'
[0.816s] Level 1:colcon.colcon_core.package_identification:_identify(rob599) by extensions ['python_setup_py']
[0.816s] Level 1:colcon.colcon_core.package_identification:_identify(rob599) by extension 'python_setup_py'
[0.816s] Level 1:colcon.colcon_core.package_identification:_identify(rob599/rob599_basic) by extensions ['ignore', 'ignore_ament_install']
[0.817s] Level 1:colcon.colcon_core.package_identification:_identify(rob599/rob599_basic) by extension 'ignore'
[0.817s] Level 1:colcon.colcon_core.package_identification:_identify(rob599/rob599_basic) by extension 'ignore_ament_install'
[0.817s] Level 1:colcon.colcon_core.package_identification:_identify(rob599/rob599_basic) by extensions ['colcon_pkg']
[0.817s] Level 1:colcon.colcon_core.package_identification:_identify(rob599/rob599_basic) by extension 'colcon_pkg'
[0.817s] Level 1:colcon.colcon_core.package_identification:_identify(rob599/rob599_basic) by extensions ['colcon_meta']
[0.817s] Level 1:colcon.colcon_core.package_identification:_identify(rob599/rob599_basic) by extension 'colcon_meta'
[0.817s] Level 1:colcon.colcon_core.package_identification:_identify(rob599/rob599_basic) by extensions ['ros']
[0.817s] Level 1:colcon.colcon_core.package_identification:_identify(rob599/rob599_basic) by extension 'ros'
[0.817s] DEBUG:colcon.colcon_core.package_identification:Package 'rob599/rob599_basic' with type 'ros.ament_python' and name 'rob599_basic'
[0.817s] Level 1:colcon.colcon_core.package_identification:_identify(rob599/rob599_basic_cpp) by extensions ['ignore', 'ignore_ament_install']
[0.817s] Level 1:colcon.colcon_core.package_identification:_identify(rob599/rob599_basic_cpp) by extension 'ignore'
[0.817s] Level 1:colcon.colcon_core.package_identification:_identify(rob599/rob599_basic_cpp) by extension 'ignore_ament_install'
[0.817s] Level 1:colcon.colcon_core.package_identification:_identify(rob599/rob599_basic_cpp) by extensions ['colcon_pkg']
[0.818s] Level 1:colcon.colcon_core.package_identification:_identify(rob599/rob599_basic_cpp) by extension 'colcon_pkg'
[0.818s] Level 1:colcon.colcon_core.package_identification:_identify(rob599/rob599_basic_cpp) by extensions ['colcon_meta']
[0.818s] Level 1:colcon.colcon_core.package_identification:_identify(rob599/rob599_basic_cpp) by extension 'colcon_meta'
[0.818s] Level 1:colcon.colcon_core.package_identification:_identify(rob599/rob599_basic_cpp) by extensions ['ros']
[0.818s] Level 1:colcon.colcon_core.package_identification:_identify(rob599/rob599_basic_cpp) by extension 'ros'
[0.818s] DEBUG:colcon.colcon_core.package_identification:Package 'rob599/rob599_basic_cpp' with type 'ros.ament_cmake' and name 'rob599_basic_cpp'
[0.818s] Level 1:colcon.colcon_core.package_identification:_identify(rob599/rob599_more) by extensions ['ignore', 'ignore_ament_install']
[0.818s] Level 1:colcon.colcon_core.package_identification:_identify(rob599/rob599_more) by extension 'ignore'
[0.818s] Level 1:colcon.colcon_core.package_identification:_identify(rob599/rob599_more) by extension 'ignore_ament_install'
[0.818s] Level 1:colcon.colcon_core.package_identification:_identify(rob599/rob599_more) by extensions ['colcon_pkg']
[0.818s] Level 1:colcon.colcon_core.package_identification:_identify(rob599/rob599_more) by extension 'colcon_pkg'
[0.818s] Level 1:colcon.colcon_core.package_identification:_identify(rob599/rob599_more) by extensions ['colcon_meta']
[0.819s] Level 1:colcon.colcon_core.package_identification:_identify(rob599/rob599_more) by extension 'colcon_meta'
[0.819s] Level 1:colcon.colcon_core.package_identification:_identify(rob599/rob599_more) by extensions ['ros']
[0.819s] Level 1:colcon.colcon_core.package_identification:_identify(rob599/rob599_more) by extension 'ros'
[0.819s] DEBUG:colcon.colcon_core.package_identification:Package 'rob599/rob599_more' with type 'ros.ament_python' and name 'rob599_more'
[0.819s] Level 1:colcon.colcon_core.package_identification:_identify(rob599/rob599_msgs) by extensions ['ignore', 'ignore_ament_install']
[0.819s] Level 1:colcon.colcon_core.package_identification:_identify(rob599/rob599_msgs) by extension 'ignore'
[0.819s] Level 1:colcon.colcon_core.package_identification:_identify(rob599/rob599_msgs) by extension 'ignore_ament_install'
[0.819s] Level 1:colcon.colcon_core.package_identification:_identify(rob599/rob599_msgs) by extensions ['colcon_pkg']
[0.819s] Level 1:colcon.colcon_core.package_identification:_identify(rob599/rob599_msgs) by extension 'colcon_pkg'
[0.819s] Level 1:colcon.colcon_core.package_identification:_identify(rob599/rob599_msgs) by extensions ['colcon_meta']
[0.819s] Level 1:colcon.colcon_core.package_identification:_identify(rob599/rob599_msgs) by extension 'colcon_meta'
[0.820s] Level 1:colcon.colcon_core.package_identification:_identify(rob599/rob599_msgs) by extensions ['ros']
[0.820s] Level 1:colcon.colcon_core.package_identification:_identify(rob599/rob599_msgs) by extension 'ros'
[0.820s] DEBUG:colcon.colcon_core.package_identification:Package 'rob599/rob599_msgs' with type 'ros.ament_cmake' and name 'rob599_msgs'
[0.820s] Level 1:colcon.colcon_core.package_discovery:discover_packages(recursive) using defaults
[0.820s] Level 1:colcon.colcon_core.package_discovery:discover_packages(ignore) discover
[0.820s] Level 1:colcon.colcon_core.package_discovery:discover_packages(ignore) using defaults
[0.820s] Level 1:colcon.colcon_core.package_discovery:discover_packages(path) discover
[0.820s] Level 1:colcon.colcon_core.package_discovery:discover_packages(path) using defaults
[0.869s] Level 5:colcon.colcon_core.verb:set package 'hw2' build argument 'cmake_args' from command line to 'None'
[0.869s] Level 5:colcon.colcon_core.verb:set package 'hw2' build argument 'cmake_target' from command line to 'None'
[0.869s] Level 5:colcon.colcon_core.verb:set package 'hw2' build argument 'cmake_target_skip_unavailable' from command line to 'False'
[0.869s] Level 5:colcon.colcon_core.verb:set package 'hw2' build argument 'cmake_clean_cache' from command line to 'False'
[0.869s] Level 5:colcon.colcon_core.verb:set package 'hw2' build argument 'cmake_clean_first' from command line to 'False'
[0.869s] Level 5:colcon.colcon_core.verb:set package 'hw2' build argument 'cmake_force_configure' from command line to 'False'
[0.869s] Level 5:colcon.colcon_core.verb:set package 'hw2' build argument 'ament_cmake_args' from command line to 'None'
[0.869s] Level 5:colcon.colcon_core.verb:set package 'hw2' build argument 'catkin_cmake_args' from command line to 'None'
[0.869s] Level 5:colcon.colcon_core.verb:set package 'hw2' build argument 'catkin_skip_building_tests' from command line to 'False'
[0.869s] DEBUG:colcon.colcon_core.verb:Building package 'hw2' with the following arguments: {'ament_cmake_args': None, 'build_base': '/home/hungatec/rob499_ws/src/build/hw2', 'catkin_cmake_args': None, 'catkin_skip_building_tests': False, 'cmake_args': None, 'cmake_clean_cache': False, 'cmake_clean_first': False, 'cmake_force_configure': False, 'cmake_target': None, 'cmake_target_skip_unavailable': False, 'install_base': '/home/hungatec/rob499_ws/src/install/hw2', 'merge_install': False, 'path': '/home/hungatec/rob499_ws/src/hw2', 'symlink_install': False, 'test_result_base': None}
[0.870s] Level 5:colcon.colcon_core.verb:set package 'hw3' build argument 'cmake_args' from command line to 'None'
[0.870s] Level 5:colcon.colcon_core.verb:set package 'hw3' build argument 'cmake_target' from command line to 'None'
[0.870s] Level 5:colcon.colcon_core.verb:set package 'hw3' build argument 'cmake_target_skip_unavailable' from command line to 'False'
[0.870s] Level 5:colcon.colcon_core.verb:set package 'hw3' build argument 'cmake_clean_cache' from command line to 'False'
[0.870s] Level 5:colcon.colcon_core.verb:set package 'hw3' build argument 'cmake_clean_first' from command line to 'False'
[0.870s] Level 5:colcon.colcon_core.verb:set package 'hw3' build argument 'cmake_force_configure' from command line to 'False'
[0.870s] Level 5:colcon.colcon_core.verb:set package 'hw3' build argument 'ament_cmake_args' from command line to 'None'
[0.870s] Level 5:colcon.colcon_core.verb:set package 'hw3' build argument 'catkin_cmake_args' from command line to 'None'
[0.870s] Level 5:colcon.colcon_core.verb:set package 'hw3' build argument 'catkin_skip_building_tests' from command line to 'False'
[0.870s] DEBUG:colcon.colcon_core.verb:Building package 'hw3' with the following arguments: {'ament_cmake_args': None, 'build_base': '/home/hungatec/rob499_ws/src/build/hw3', 'catkin_cmake_args': None, 'catkin_skip_building_tests': False, 'cmake_args': None, 'cmake_clean_cache': False, 'cmake_clean_first': False, 'cmake_force_configure': False, 'cmake_target': None, 'cmake_target_skip_unavailable': False, 'install_base': '/home/hungatec/rob499_ws/src/install/hw3', 'merge_install': False, 'path': '/home/hungatec/rob499_ws/src/hw3', 'symlink_install': False, 'test_result_base': None}
[0.870s] Level 5:colcon.colcon_core.verb:set package 'hw4' build argument 'cmake_args' from command line to 'None'
[0.870s] Level 5:colcon.colcon_core.verb:set package 'hw4' build argument 'cmake_target' from command line to 'None'
[0.870s] Level 5:colcon.colcon_core.verb:set package 'hw4' build argument 'cmake_target_skip_unavailable' from command line to 'False'
[0.870s] Level 5:colcon.colcon_core.verb:set package 'hw4' build argument 'cmake_clean_cache' from command line to 'False'
[0.870s] Level 5:colcon.colcon_core.verb:set package 'hw4' build argument 'cmake_clean_first' from command line to 'False'
[0.870s] Level 5:colcon.colcon_core.verb:set package 'hw4' build argument 'cmake_force_configure' from command line to 'False'
[0.870s] Level 5:colcon.colcon_core.verb:set package 'hw4' build argument 'ament_cmake_args' from command line to 'None'
[0.870s] Level 5:colcon.colcon_core.verb:set package 'hw4' build argument 'catkin_cmake_args' from command line to 'None'
[0.870s] Level 5:colcon.colcon_core.verb:set package 'hw4' build argument 'catkin_skip_building_tests' from command line to 'False'
[0.870s] DEBUG:colcon.colcon_core.verb:Building package 'hw4' with the following arguments: {'ament_cmake_args': None, 'build_base': '/home/hungatec/rob499_ws/src/build/hw4', 'catkin_cmake_args': None, 'catkin_skip_building_tests': False, 'cmake_args': None, 'cmake_clean_cache': False, 'cmake_clean_first': False, 'cmake_force_configure': False, 'cmake_target': None, 'cmake_target_skip_unavailable': False, 'install_base': '/home/hungatec/rob499_ws/src/install/hw4', 'merge_install': False, 'path': '/home/hungatec/rob499_ws/src/hw4', 'symlink_install': False, 'test_result_base': None}
[0.870s] Level 5:colcon.colcon_core.verb:set package 'rob499_msgs' build argument 'cmake_args' from command line to 'None'
[0.870s] Level 5:colcon.colcon_core.verb:set package 'rob499_msgs' build argument 'cmake_target' from command line to 'None'
[0.870s] Level 5:colcon.colcon_core.verb:set package 'rob499_msgs' build argument 'cmake_target_skip_unavailable' from command line to 'False'
[0.870s] Level 5:colcon.colcon_core.verb:set package 'rob499_msgs' build argument 'cmake_clean_cache' from command line to 'False'
[0.870s] Level 5:colcon.colcon_core.verb:set package 'rob499_msgs' build argument 'cmake_clean_first' from command line to 'False'
[0.870s] Level 5:colcon.colcon_core.verb:set package 'rob499_msgs' build argument 'cmake_force_configure' from command line to 'False'
[0.870s] Level 5:colcon.colcon_core.verb:set package 'rob499_msgs' build argument 'ament_cmake_args' from command line to 'None'
[0.870s] Level 5:colcon.colcon_core.verb:set package 'rob499_msgs' build argument 'catkin_cmake_args' from command line to 'None'
[0.871s] Level 5:colcon.colcon_core.verb:set package 'rob499_msgs' build argument 'catkin_skip_building_tests' from command line to 'False'
[0.871s] DEBUG:colcon.colcon_core.verb:Building package 'rob499_msgs' with the following arguments: {'ament_cmake_args': None, 'build_base': '/home/hungatec/rob499_ws/src/build/rob499_msgs', 'catkin_cmake_args': None, 'catkin_skip_building_tests': False, 'cmake_args': None, 'cmake_clean_cache': False, 'cmake_clean_first': False, 'cmake_force_configure': False, 'cmake_target': None, 'cmake_target_skip_unavailable': False, 'install_base': '/home/hungatec/rob499_ws/src/install/rob499_msgs', 'merge_install': False, 'path': '/home/hungatec/rob499_ws/src/rob499_msgs', 'symlink_install': False, 'test_result_base': None}
[0.871s] Level 5:colcon.colcon_core.verb:set package 'rob599_basic' build argument 'cmake_args' from command line to 'None'
[0.871s] Level 5:colcon.colcon_core.verb:set package 'rob599_basic' build argument 'cmake_target' from command line to 'None'
[0.871s] Level 5:colcon.colcon_core.verb:set package 'rob599_basic' build argument 'cmake_target_skip_unavailable' from command line to 'False'
[0.871s] Level 5:colcon.colcon_core.verb:set package 'rob599_basic' build argument 'cmake_clean_cache' from command line to 'False'
[0.871s] Level 5:colcon.colcon_core.verb:set package 'rob599_basic' build argument 'cmake_clean_first' from command line to 'False'
[0.871s] Level 5:colcon.colcon_core.verb:set package 'rob599_basic' build argument 'cmake_force_configure' from command line to 'False'
[0.871s] Level 5:colcon.colcon_core.verb:set package 'rob599_basic' build argument 'ament_cmake_args' from command line to 'None'
[0.871s] Level 5:colcon.colcon_core.verb:set package 'rob599_basic' build argument 'catkin_cmake_args' from command line to 'None'
[0.871s] Level 5:colcon.colcon_core.verb:set package 'rob599_basic' build argument 'catkin_skip_building_tests' from command line to 'False'
[0.871s] DEBUG:colcon.colcon_core.verb:Building package 'rob599_basic' with the following arguments: {'ament_cmake_args': None, 'build_base': '/home/hungatec/rob499_ws/src/build/rob599_basic', 'catkin_cmake_args': None, 'catkin_skip_building_tests': False, 'cmake_args': None, 'cmake_clean_cache': False, 'cmake_clean_first': False, 'cmake_force_configure': False, 'cmake_target': None, 'cmake_target_skip_unavailable': False, 'install_base': '/home/hungatec/rob499_ws/src/install/rob599_basic', 'merge_install': False, 'path': '/home/hungatec/rob499_ws/src/rob599/rob599_basic', 'symlink_install': False, 'test_result_base': None}
[0.871s] Level 5:colcon.colcon_core.verb:set package 'rob599_basic_cpp' build argument 'cmake_args' from command line to 'None'
[0.871s] Level 5:colcon.colcon_core.verb:set package 'rob599_basic_cpp' build argument 'cmake_target' from command line to 'None'
[0.871s] Level 5:colcon.colcon_core.verb:set package 'rob599_basic_cpp' build argument 'cmake_target_skip_unavailable' from command line to 'False'
[0.871s] Level 5:colcon.colcon_core.verb:set package 'rob599_basic_cpp' build argument 'cmake_clean_cache' from command line to 'False'
[0.871s] Level 5:colcon.colcon_core.verb:set package 'rob599_basic_cpp' build argument 'cmake_clean_first' from command line to 'False'
[0.871s] Level 5:colcon.colcon_core.verb:set package 'rob599_basic_cpp' build argument 'cmake_force_configure' from command line to 'False'
[0.871s] Level 5:colcon.colcon_core.verb:set package 'rob599_basic_cpp' build argument 'ament_cmake_args' from command line to 'None'
[0.871s] Level 5:colcon.colcon_core.verb:set package 'rob599_basic_cpp' build argument 'catkin_cmake_args' from command line to 'None'
[0.871s] Level 5:colcon.colcon_core.verb:set package 'rob599_basic_cpp' build argument 'catkin_skip_building_tests' from command line to 'False'
[0.871s] DEBUG:colcon.colcon_core.verb:Building package 'rob599_basic_cpp' with the following arguments: {'ament_cmake_args': None, 'build_base': '/home/hungatec/rob499_ws/src/build/rob599_basic_cpp', 'catkin_cmake_args': None, 'catkin_skip_building_tests': False, 'cmake_args': None, 'cmake_clean_cache': False, 'cmake_clean_first': False, 'cmake_force_configure': False, 'cmake_target': None, 'cmake_target_skip_unavailable': False, 'install_base': '/home/hungatec/rob499_ws/src/install/rob599_basic_cpp', 'merge_install': False, 'path': '/home/hungatec/rob499_ws/src/rob599/rob599_basic_cpp', 'symlink_install': False, 'test_result_base': None}
[0.872s] Level 5:colcon.colcon_core.verb:set package 'rob599_more' build argument 'cmake_args' from command line to 'None'
[0.872s] Level 5:colcon.colcon_core.verb:set package 'rob599_more' build argument 'cmake_target' from command line to 'None'
[0.872s] Level 5:colcon.colcon_core.verb:set package 'rob599_more' build argument 'cmake_target_skip_unavailable' from command line to 'False'
[0.872s] Level 5:colcon.colcon_core.verb:set package 'rob599_more' build argument 'cmake_clean_cache' from command line to 'False'
[0.872s] Level 5:colcon.colcon_core.verb:set package 'rob599_more' build argument 'cmake_clean_first' from command line to 'False'
[0.872s] Level 5:colcon.colcon_core.verb:set package 'rob599_more' build argument 'cmake_force_configure' from command line to 'False'
[0.872s] Level 5:colcon.colcon_core.verb:set package 'rob599_more' build argument 'ament_cmake_args' from command line to 'None'
[0.872s] Level 5:colcon.colcon_core.verb:set package 'rob599_more' build argument 'catkin_cmake_args' from command line to 'None'
[0.872s] Level 5:colcon.colcon_core.verb:set package 'rob599_more' build argument 'catkin_skip_building_tests' from command line to 'False'
[0.872s] DEBUG:colcon.colcon_core.verb:Building package 'rob599_more' with the following arguments: {'ament_cmake_args': None, 'build_base': '/home/hungatec/rob499_ws/src/build/rob599_more', 'catkin_cmake_args': None, 'catkin_skip_building_tests': False, 'cmake_args': None, 'cmake_clean_cache': False, 'cmake_clean_first': False, 'cmake_force_configure': False, 'cmake_target': None, 'cmake_target_skip_unavailable': False, 'install_base': '/home/hungatec/rob499_ws/src/install/rob599_more', 'merge_install': False, 'path': '/home/hungatec/rob499_ws/src/rob599/rob599_more', 'symlink_install': False, 'test_result_base': None}
[0.872s] Level 5:colcon.colcon_core.verb:set package 'rob599_msgs' build argument 'cmake_args' from command line to 'None'
[0.872s] Level 5:colcon.colcon_core.verb:set package 'rob599_msgs' build argument 'cmake_target' from command line to 'None'
[0.872s] Level 5:colcon.colcon_core.verb:set package 'rob599_msgs' build argument 'cmake_target_skip_unavailable' from command line to 'False'
[0.872s] Level 5:colcon.colcon_core.verb:set package 'rob599_msgs' build argument 'cmake_clean_cache' from command line to 'False'
[0.872s] Level 5:colcon.colcon_core.verb:set package 'rob599_msgs' build argument 'cmake_clean_first' from command line to 'False'
[0.872s] Level 5:colcon.colcon_core.verb:set package 'rob599_msgs' build argument 'cmake_force_configure' from command line to 'False'
[0.872s] Level 5:colcon.colcon_core.verb:set package 'rob599_msgs' build argument 'ament_cmake_args' from command line to 'None'
[0.872s] Level 5:colcon.colcon_core.verb:set package 'rob599_msgs' build argument 'catkin_cmake_args' from command line to 'None'
[0.872s] Level 5:colcon.colcon_core.verb:set package 'rob599_msgs' build argument 'catkin_skip_building_tests' from command line to 'False'
[0.872s] DEBUG:colcon.colcon_core.verb:Building package 'rob599_msgs' with the following arguments: {'ament_cmake_args': None, 'build_base': '/home/hungatec/rob499_ws/src/build/rob599_msgs', 'catkin_cmake_args': None, 'catkin_skip_building_tests': False, 'cmake_args': None, 'cmake_clean_cache': False, 'cmake_clean_first': False, 'cmake_force_configure': False, 'cmake_target': None, 'cmake_target_skip_unavailable': False, 'install_base': '/home/hungatec/rob499_ws/src/install/rob599_msgs', 'merge_install': False, 'path': '/home/hungatec/rob499_ws/src/rob599/rob599_msgs', 'symlink_install': False, 'test_result_base': None}
[0.872s] INFO:colcon.colcon_core.executor:Executing jobs using 'parallel' executor
[0.874s] DEBUG:colcon.colcon_parallel_executor.executor.parallel:run_until_complete
[0.874s] INFO:colcon.colcon_ros.task.ament_python.build:Building ROS package in '/home/hungatec/rob499_ws/src/hw2' with build type 'ament_python'
[0.875s] Level 1:colcon.colcon_core.shell:create_environment_hook('hw2', 'ament_prefix_path')
[0.897s] INFO:colcon.colcon_core.plugin_system:Skipping extension 'colcon_core.shell.bat': Not used on non-Windows systems
[0.897s] INFO:colcon.colcon_core.shell:Creating environment descriptor '/home/hungatec/rob499_ws/src/install/hw2/share/hw2/hook/ament_prefix_path.dsv'
[0.902s] INFO:colcon.colcon_core.shell:Creating environment hook '/home/hungatec/rob499_ws/src/install/hw2/share/hw2/hook/ament_prefix_path.sh'
[0.904s] DEBUG:colcon.colcon_core.shell:Skip shell extension 'dsv' for command environment
[0.926s] INFO:colcon.colcon_ros.task.ament_python.build:Building ROS package in '/home/hungatec/rob499_ws/src/hw3' with build type 'ament_python'
[0.928s] Level 1:colcon.colcon_core.shell:create_environment_hook('hw3', 'ament_prefix_path')
[0.929s] INFO:colcon.colcon_core.shell:Creating environment descriptor '/home/hungatec/rob499_ws/src/install/hw3/share/hw3/hook/ament_prefix_path.dsv'
[0.932s] INFO:colcon.colcon_core.shell:Creating environment hook '/home/hungatec/rob499_ws/src/install/hw3/share/hw3/hook/ament_prefix_path.sh'
[0.933s] DEBUG:colcon.colcon_core.shell:Skip shell extension 'dsv' for command environment
[0.939s] INFO:colcon.colcon_ros.task.ament_python.build:Building ROS package in '/home/hungatec/rob499_ws/src/hw4' with build type 'ament_python'
[0.940s] Level 1:colcon.colcon_core.shell:create_environment_hook('hw4', 'ament_prefix_path')
[0.941s] INFO:colcon.colcon_core.shell:Creating environment descriptor '/home/hungatec/rob499_ws/src/install/hw4/share/hw4/hook/ament_prefix_path.dsv'
[0.942s] INFO:colcon.colcon_core.shell:Creating environment hook '/home/hungatec/rob499_ws/src/install/hw4/share/hw4/hook/ament_prefix_path.sh'
[0.944s] DEBUG:colcon.colcon_core.shell:Skip shell extension 'dsv' for command environment
[0.949s] INFO:colcon.colcon_ros.task.ament_cmake.build:Building ROS package in '/home/hungatec/rob499_ws/src/rob499_msgs' with build type 'ament_cmake'
[0.950s] INFO:colcon.colcon_cmake.task.cmake.build:Building CMake package in '/home/hungatec/rob499_ws/src/rob499_msgs'
[0.950s] DEBUG:colcon.colcon_core.shell:Skip shell extension 'dsv' for command environment
[1.355s] INFO:colcon.colcon_core.task.python.build:Building Python package in '/home/hungatec/rob499_ws/src/hw2'
[1.355s] DEBUG:colcon.colcon_core.shell:Skip shell extension 'dsv' for command environment
[1.638s] INFO:colcon.colcon_core.task.python.build:Building Python package in '/home/hungatec/rob499_ws/src/hw3'
[1.638s] DEBUG:colcon.colcon_core.shell:Skip shell extension 'dsv' for command environment
[1.984s] INFO:colcon.colcon_core.task.python.build:Building Python package in '/home/hungatec/rob499_ws/src/hw4'
[1.984s] DEBUG:colcon.colcon_core.shell:Skip shell extension 'dsv' for command environment
[1.996s] DEBUG:colcon.colcon_core.event_handler.log_command:Invoking command in '/home/hungatec/rob499_ws/src/build/rob499_msgs': CMAKE_PREFIX_PATH=${CMAKE_PREFIX_PATH}:/opt/ros/jazzy DEBUGINFOD_URLS=https://debuginfod.ubuntu.com /usr/bin/cmake /home/hungatec/rob499_ws/src/rob499_msgs -DCMAKE_INSTALL_PREFIX=/home/hungatec/rob499_ws/src/install/rob499_msgs
[4.308s] DEBUG:colcon.colcon_core.event_handler.log_command:Invoking command in '/home/hungatec/rob499_ws/src/hw4': DEBUGINFOD_URLS=https://debuginfod.ubuntu.com PYTHONPATH=/home/hungatec/rob499_ws/src/build/hw4/prefix_override:/usr/lib/python3/dist-packages/colcon_core/task/python/colcon_distutils_commands:/home/hungatec/rob499_ws/src/install/hw4/lib/python3.12/site-packages:${PYTHONPATH} /usr/bin/python3 -W ignore:setup.py install is deprecated -W ignore:easy_install command is deprecated setup.py egg_info --egg-base ../build/hw4 build --build-base /home/hungatec/rob499_ws/src/build/hw4/build install --record /home/hungatec/rob499_ws/src/build/hw4/install.log --single-version-externally-managed install_data
[4.323s] DEBUG:colcon.colcon_core.event_handler.log_command:Invoking command in '/home/hungatec/rob499_ws/src/hw3': DEBUGINFOD_URLS=https://debuginfod.ubuntu.com PYTHONPATH=/home/hungatec/rob499_ws/src/build/hw3/prefix_override:/usr/lib/python3/dist-packages/colcon_core/task/python/colcon_distutils_commands:/home/hungatec/rob499_ws/src/install/hw3/lib/python3.12/site-packages:${PYTHONPATH} /usr/bin/python3 -W ignore:setup.py install is deprecated -W ignore:easy_install command is deprecated setup.py egg_info --egg-base ../build/hw3 build --build-base /home/hungatec/rob499_ws/src/build/hw3/build install --record /home/hungatec/rob499_ws/src/build/hw3/install.log --single-version-externally-managed install_data
[4.353s] DEBUG:colcon.colcon_core.event_handler.log_command:Invoking command in '/home/hungatec/rob499_ws/src/hw2': DEBUGINFOD_URLS=https://debuginfod.ubuntu.com PYTHONPATH=/home/hungatec/rob499_ws/src/build/hw2/prefix_override:/usr/lib/python3/dist-packages/colcon_core/task/python/colcon_distutils_commands:/home/hungatec/rob499_ws/src/install/hw2/lib/python3.12/site-packages:${PYTHONPATH} /usr/bin/python3 -W ignore:setup.py install is deprecated -W ignore:easy_install command is deprecated setup.py egg_info --egg-base ../build/hw2 build --build-base /home/hungatec/rob499_ws/src/build/hw2/build install --record /home/hungatec/rob499_ws/src/build/hw2/install.log --single-version-externally-managed install_data
[5.845s] DEBUG:colcon.colcon_core.event_handler.log_command:Invoked command in '/home/hungatec/rob499_ws/src/hw3' returned '0': DEBUGINFOD_URLS=https://debuginfod.ubuntu.com PYTHONPATH=/home/hungatec/rob499_ws/src/build/hw3/prefix_override:/usr/lib/python3/dist-packages/colcon_core/task/python/colcon_distutils_commands:/home/hungatec/rob499_ws/src/install/hw3/lib/python3.12/site-packages:${PYTHONPATH} /usr/bin/python3 -W ignore:setup.py install is deprecated -W ignore:easy_install command is deprecated setup.py egg_info --egg-base ../build/hw3 build --build-base /home/hungatec/rob499_ws/src/build/hw3/build install --record /home/hungatec/rob499_ws/src/build/hw3/install.log --single-version-externally-managed install_data
[5.889s] Level 1:colcon.colcon_core.environment:checking '/home/hungatec/rob499_ws/src/install/hw3' for CMake module files
[5.893s] Level 1:colcon.colcon_core.environment:checking '/home/hungatec/rob499_ws/src/install/hw3' for CMake config files
[5.895s] Level 1:colcon.colcon_core.environment:checking '/home/hungatec/rob499_ws/src/install/hw3/lib'
[5.897s] Level 1:colcon.colcon_core.environment:checking '/home/hungatec/rob499_ws/src/install/hw3/bin'
[5.898s] Level 1:colcon.colcon_core.environment:checking '/home/hungatec/rob499_ws/src/install/hw3/lib/pkgconfig/hw3.pc'
[5.899s] Level 1:colcon.colcon_core.environment:checking '/home/hungatec/rob499_ws/src/install/hw3/lib/python3.12/site-packages'
[5.899s] Level 1:colcon.colcon_core.shell:create_environment_hook('hw3', 'pythonpath')
[5.899s] INFO:colcon.colcon_core.shell:Creating environment descriptor '/home/hungatec/rob499_ws/src/install/hw3/share/hw3/hook/pythonpath.dsv'
[5.900s] INFO:colcon.colcon_core.shell:Creating environment hook '/home/hungatec/rob499_ws/src/install/hw3/share/hw3/hook/pythonpath.sh'
[5.901s] Level 1:colcon.colcon_core.environment:checking '/home/hungatec/rob499_ws/src/install/hw3/bin'
[5.901s] Level 1:colcon.colcon_core.environment:create_environment_scripts_only(hw3)
[5.902s] INFO:colcon.colcon_core.shell:Creating package descriptor '/home/hungatec/rob499_ws/src/install/hw3/share/hw3/package.dsv'
[5.906s] INFO:colcon.colcon_core.shell:Creating package script '/home/hungatec/rob499_ws/src/install/hw3/share/hw3/package.sh'
[5.915s] INFO:colcon.colcon_core.shell:Creating package script '/home/hungatec/rob499_ws/src/install/hw3/share/hw3/package.bash'
[5.919s] INFO:colcon.colcon_core.shell:Creating package script '/home/hungatec/rob499_ws/src/install/hw3/share/hw3/package.zsh'
[5.922s] Level 1:colcon.colcon_core.environment:create_file_with_runtime_dependencies(/home/hungatec/rob499_ws/src/install/hw3/share/colcon-core/packages/hw3)
[5.923s] INFO:colcon.colcon_ros.task.ament_python.build:Building ROS package in '/home/hungatec/rob499_ws/src/rob599/rob599_basic' with build type 'ament_python'
[5.923s] Level 1:colcon.colcon_core.shell:create_environment_hook('rob599_basic', 'ament_prefix_path')
[5.923s] INFO:colcon.colcon_core.shell:Creating environment descriptor '/home/hungatec/rob499_ws/src/install/rob599_basic/share/rob599_basic/hook/ament_prefix_path.dsv'
[5.924s] INFO:colcon.colcon_core.shell:Creating environment hook '/home/hungatec/rob499_ws/src/install/rob599_basic/share/rob599_basic/hook/ament_prefix_path.sh'
[5.925s] DEBUG:colcon.colcon_core.shell:Skip shell extension 'dsv' for command environment
[6.536s] INFO:colcon.colcon_core.task.python.build:Building Python package in '/home/hungatec/rob499_ws/src/rob599/rob599_basic'
[6.536s] DEBUG:colcon.colcon_core.shell:Skip shell extension 'dsv' for command environment
[6.546s] Level 1:colcon.colcon_core.environment:checking '/home/hungatec/rob499_ws/src/install/hw4' for CMake module files
[6.547s] DEBUG:colcon.colcon_core.event_handler.log_command:Invoked command in '/home/hungatec/rob499_ws/src/hw4' returned '0': DEBUGINFOD_URLS=https://debuginfod.ubuntu.com PYTHONPATH=/home/hungatec/rob499_ws/src/build/hw4/prefix_override:/usr/lib/python3/dist-packages/colcon_core/task/python/colcon_distutils_commands:/home/hungatec/rob499_ws/src/install/hw4/lib/python3.12/site-packages:${PYTHONPATH} /usr/bin/python3 -W ignore:setup.py install is deprecated -W ignore:easy_install command is deprecated setup.py egg_info --egg-base ../build/hw4 build --build-base /home/hungatec/rob499_ws/src/build/hw4/build install --record /home/hungatec/rob499_ws/src/build/hw4/install.log --single-version-externally-managed install_data
[6.549s] Level 1:colcon.colcon_core.environment:checking '/home/hungatec/rob499_ws/src/install/hw4' for CMake config files
[6.551s] Level 1:colcon.colcon_core.environment:checking '/home/hungatec/rob499_ws/src/install/hw4/lib'
[6.551s] Level 1:colcon.colcon_core.environment:checking '/home/hungatec/rob499_ws/src/install/hw4/bin'
[6.551s] Level 1:colcon.colcon_core.environment:checking '/home/hungatec/rob499_ws/src/install/hw4/lib/pkgconfig/hw4.pc'
[6.551s] Level 1:colcon.colcon_core.environment:checking '/home/hungatec/rob499_ws/src/install/hw4/lib/python3.12/site-packages'
[6.551s] Level 1:colcon.colcon_core.shell:create_environment_hook('hw4', 'pythonpath')
[6.552s] INFO:colcon.colcon_core.shell:Creating environment descriptor '/home/hungatec/rob499_ws/src/install/hw4/share/hw4/hook/pythonpath.dsv'
[6.554s] INFO:colcon.colcon_core.shell:Creating environment hook '/home/hungatec/rob499_ws/src/install/hw4/share/hw4/hook/pythonpath.sh'
[6.555s] Level 1:colcon.colcon_core.environment:checking '/home/hungatec/rob499_ws/src/install/hw4/bin'
[6.555s] Level 1:colcon.colcon_core.environment:create_environment_scripts_only(hw4)
[6.555s] INFO:colcon.colcon_core.shell:Creating package descriptor '/home/hungatec/rob499_ws/src/install/hw4/share/hw4/package.dsv'
[6.556s] INFO:colcon.colcon_core.shell:Creating package script '/home/hungatec/rob499_ws/src/install/hw4/share/hw4/package.sh'
[6.556s] INFO:colcon.colcon_core.shell:Creating package script '/home/hungatec/rob499_ws/src/install/hw4/share/hw4/package.bash'
[6.557s] INFO:colcon.colcon_core.shell:Creating package script '/home/hungatec/rob499_ws/src/install/hw4/share/hw4/package.zsh'
[6.558s] Level 1:colcon.colcon_core.environment:create_file_with_runtime_dependencies(/home/hungatec/rob499_ws/src/install/hw4/share/colcon-core/packages/hw4)
[6.558s] Level 1:colcon.colcon_core.environment:checking '/home/hungatec/rob499_ws/src/install/hw2' for CMake module files
[6.559s] Level 1:colcon.colcon_core.environment:checking '/home/hungatec/rob499_ws/src/install/hw2' for CMake config files
[6.560s] DEBUG:colcon.colcon_core.event_handler.log_command:Invoked command in '/home/hungatec/rob499_ws/src/hw2' returned '0': DEBUGINFOD_URLS=https://debuginfod.ubuntu.com PYTHONPATH=/home/hungatec/rob499_ws/src/build/hw2/prefix_override:/usr/lib/python3/dist-packages/colcon_core/task/python/colcon_distutils_commands:/home/hungatec/rob499_ws/src/install/hw2/lib/python3.12/site-packages:${PYTHONPATH} /usr/bin/python3 -W ignore:setup.py install is deprecated -W ignore:easy_install command is deprecated setup.py egg_info --egg-base ../build/hw2 build --build-base /home/hungatec/rob499_ws/src/build/hw2/build install --record /home/hungatec/rob499_ws/src/build/hw2/install.log --single-version-externally-managed install_data
[6.562s] Level 1:colcon.colcon_core.environment:checking '/home/hungatec/rob499_ws/src/install/hw2/lib'
[6.563s] Level 1:colcon.colcon_core.environment:checking '/home/hungatec/rob499_ws/src/install/hw2/bin'
[6.563s] Level 1:colcon.colcon_core.environment:checking '/home/hungatec/rob499_ws/src/install/hw2/lib/pkgconfig/hw2.pc'
[6.563s] Level 1:colcon.colcon_core.environment:checking '/home/hungatec/rob499_ws/src/install/hw2/lib/python3.12/site-packages'
[6.563s] Level 1:colcon.colcon_core.shell:create_environment_hook('hw2', 'pythonpath')
[6.563s] INFO:colcon.colcon_core.shell:Creating environment descriptor '/home/hungatec/rob499_ws/src/install/hw2/share/hw2/hook/pythonpath.dsv'
[6.565s] INFO:colcon.colcon_core.shell:Creating environment hook '/home/hungatec/rob499_ws/src/install/hw2/share/hw2/hook/pythonpath.sh'
[6.567s] Level 1:colcon.colcon_core.environment:checking '/home/hungatec/rob499_ws/src/install/hw2/bin'
[6.567s] Level 1:colcon.colcon_core.environment:create_environment_scripts_only(hw2)
[6.568s] INFO:colcon.colcon_core.shell:Creating package descriptor '/home/hungatec/rob499_ws/src/install/hw2/share/hw2/package.dsv'
[6.569s] INFO:colcon.colcon_core.shell:Creating package script '/home/hungatec/rob499_ws/src/install/hw2/share/hw2/package.sh'
[6.570s] INFO:colcon.colcon_core.shell:Creating package script '/home/hungatec/rob499_ws/src/install/hw2/share/hw2/package.bash'
[6.571s] INFO:colcon.colcon_core.shell:Creating package script '/home/hungatec/rob499_ws/src/install/hw2/share/hw2/package.zsh'
[6.571s] Level 1:colcon.colcon_core.environment:create_file_with_runtime_dependencies(/home/hungatec/rob499_ws/src/install/hw2/share/colcon-core/packages/hw2)
[6.573s] INFO:colcon.colcon_ros.task.ament_cmake.build:Building ROS package in '/home/hungatec/rob499_ws/src/rob599/rob599_basic_cpp' with build type 'ament_cmake'
[6.574s] INFO:colcon.colcon_cmake.task.cmake.build:Building CMake package in '/home/hungatec/rob499_ws/src/rob599/rob599_basic_cpp'
[6.574s] DEBUG:colcon.colcon_core.shell:Skip shell extension 'dsv' for command environment
[6.582s] INFO:colcon.colcon_ros.task.ament_python.build:Building ROS package in '/home/hungatec/rob499_ws/src/rob599/rob599_more' with build type 'ament_python'
[6.582s] Level 1:colcon.colcon_core.shell:create_environment_hook('rob599_more', 'ament_prefix_path')
[6.583s] INFO:colcon.colcon_core.shell:Creating environment descriptor '/home/hungatec/rob499_ws/src/install/rob599_more/share/rob599_more/hook/ament_prefix_path.dsv'
[6.584s] INFO:colcon.colcon_core.shell:Creating environment hook '/home/hungatec/rob499_ws/src/install/rob599_more/share/rob599_more/hook/ament_prefix_path.sh'
[6.585s] DEBUG:colcon.colcon_core.shell:Skip shell extension 'dsv' for command environment
[6.606s] DEBUG:colcon.colcon_core.event_handler.log_command:Invoking command in '/home/hungatec/rob499_ws/src/build/rob599_basic_cpp': CMAKE_PREFIX_PATH=${CMAKE_PREFIX_PATH}:/opt/ros/jazzy DEBUGINFOD_URLS=https://debuginfod.ubuntu.com /usr/bin/cmake /home/hungatec/rob499_ws/src/rob599/rob599_basic_cpp -DCMAKE_INSTALL_PREFIX=/home/hungatec/rob499_ws/src/install/rob599_basic_cpp
[7.032s] INFO:colcon.colcon_core.task.python.build:Building Python package in '/home/hungatec/rob499_ws/src/rob599/rob599_more'
[7.032s] DEBUG:colcon.colcon_core.shell:Skip shell extension 'dsv' for command environment
[7.688s] DEBUG:colcon.colcon_core.event_handler.log_command:Invoking command in '/home/hungatec/rob499_ws/src/rob599/rob599_basic': DEBUGINFOD_URLS=https://debuginfod.ubuntu.com PYTHONPATH=/home/hungatec/rob499_ws/src/build/rob599_basic/prefix_override:/usr/lib/python3/dist-packages/colcon_core/task/python/colcon_distutils_commands:/home/hungatec/rob499_ws/src/install/rob599_basic/lib/python3.12/site-packages:${PYTHONPATH} /usr/bin/python3 -W ignore:setup.py install is deprecated -W ignore:easy_install command is deprecated setup.py egg_info --egg-base ../../build/rob599_basic build --build-base /home/hungatec/rob499_ws/src/build/rob599_basic/build install --record /home/hungatec/rob499_ws/src/build/rob599_basic/install.log --single-version-externally-managed install_data
[8.166s] DEBUG:colcon.colcon_core.event_handler.log_command:Invoking command in '/home/hungatec/rob499_ws/src/rob599/rob599_more': DEBUGINFOD_URLS=https://debuginfod.ubuntu.com PYTHONPATH=/home/hungatec/rob499_ws/src/build/rob599_more/prefix_override:/usr/lib/python3/dist-packages/colcon_core/task/python/colcon_distutils_commands:/home/hungatec/rob499_ws/src/install/rob599_more/lib/python3.12/site-packages:${PYTHONPATH} /usr/bin/python3 -W ignore:setup.py install is deprecated -W ignore:easy_install command is deprecated setup.py egg_info --egg-base ../../build/rob599_more build --build-base /home/hungatec/rob499_ws/src/build/rob599_more/build install --record /home/hungatec/rob499_ws/src/build/rob599_more/install.log --single-version-externally-managed install_data
[8.635s] DEBUG:colcon.colcon_core.event_handler.log_command:Invoked command in '/home/hungatec/rob499_ws/src/rob599/rob599_basic' returned '1': DEBUGINFOD_URLS=https://debuginfod.ubuntu.com PYTHONPATH=/home/hungatec/rob499_ws/src/build/rob599_basic/prefix_override:/usr/lib/python3/dist-packages/colcon_core/task/python/colcon_distutils_commands:/home/hungatec/rob499_ws/src/install/rob599_basic/lib/python3.12/site-packages:${PYTHONPATH} /usr/bin/python3 -W ignore:setup.py install is deprecated -W ignore:easy_install command is deprecated setup.py egg_info --egg-base ../../build/rob599_basic build --build-base /home/hungatec/rob499_ws/src/build/rob599_basic/build install --record /home/hungatec/rob499_ws/src/build/rob599_basic/install.log --single-version-externally-managed install_data
[11.277s] DEBUG:colcon.colcon_parallel_executor.executor.parallel:closing loop
[11.278s] DEBUG:colcon.colcon_parallel_executor.executor.parallel:loop closed
[11.279s] DEBUG:colcon.colcon_parallel_executor.executor.parallel:run_until_complete finished with '1'
[11.279s] DEBUG:colcon.colcon_core.event_reactor:joining thread
[11.297s] INFO:colcon.colcon_core.plugin_system:Skipping extension 'colcon_notification.desktop_notification.terminal_notifier': Not used on non-Darwin systems
[11.298s] INFO:colcon.colcon_core.plugin_system:Skipping extension 'colcon_notification.desktop_notification.win32': Not used on non-Windows systems
[11.298s] INFO:colcon.colcon_notification.desktop_notification:Sending desktop notification using 'notify2'
[11.346s] DEBUG:colcon.colcon_core.event_reactor:joined thread
[11.346s] INFO:colcon.colcon_core.shell:Creating prefix script '/home/hungatec/rob499_ws/src/install/local_setup.sh'
[11.350s] INFO:colcon.colcon_core.shell:Creating prefix util module '/home/hungatec/rob499_ws/src/install/_local_setup_util_sh.py'
[11.353s] INFO:colcon.colcon_core.shell:Creating prefix chain script '/home/hungatec/rob499_ws/src/install/setup.sh'
[11.356s] INFO:colcon.colcon_core.shell:Creating prefix script '/home/hungatec/rob499_ws/src/install/local_setup.bash'
[11.358s] INFO:colcon.colcon_core.shell:Creating prefix chain script '/home/hungatec/rob499_ws/src/install/setup.bash'
[11.362s] INFO:colcon.colcon_core.shell:Creating prefix script '/home/hungatec/rob499_ws/src/install/local_setup.zsh'
[11.365s] INFO:colcon.colcon_core.shell:Creating prefix chain script '/home/hungatec/rob499_ws/src/install/setup.zsh'
