[1.454s] Invoking command in '/home/hungatec/rob499_ws/src/rob499_project': DEBUGINFOD_URLS=https://debuginfod.ubuntu.com PYTHONPATH=/home/hungatec/rob499_ws/build/rob499_project/prefix_override:/usr/lib/python3/dist-packages/colcon_core/task/python/colcon_distutils_commands:/home/hungatec/rob499_ws/install/rob499_project/lib/python3.12/site-packages:${PYTHONPATH} /usr/bin/python3 -W ignore:setup.py install is deprecated -W ignore:easy_install command is deprecated setup.py egg_info --egg-base ../../build/rob499_project build --build-base /home/hungatec/rob499_ws/build/rob499_project/build install --record /home/hungatec/rob499_ws/build/rob499_project/install.log --single-version-externally-managed install_data
[1.825s] running egg_info
[1.864s] writing ../../build/rob499_project/rob499_project.egg-info/PKG-INFO
[1.864s] writing dependency_links to ../../build/rob499_project/rob499_project.egg-info/dependency_links.txt
[1.864s] writing entry points to ../../build/rob499_project/rob499_project.egg-info/entry_points.txt
[1.864s] writing requirements to ../../build/rob499_project/rob499_project.egg-info/requires.txt
[1.865s] writing top-level names to ../../build/rob499_project/rob499_project.egg-info/top_level.txt
[1.922s] reading manifest file '../../build/rob499_project/rob499_project.egg-info/SOURCES.txt'
[1.922s] adding license file 'LICENSE'
[1.923s] writing manifest file '../../build/rob499_project/rob499_project.egg-info/SOURCES.txt'
[1.923s] running build
[1.923s] running build_py
[1.926s] copying rob499_project/turtle_movement.py -> /home/hungatec/rob499_ws/build/rob499_project/build/lib/rob499_project
[1.929s] copying rob499_project/knob1_node.py -> /home/hungatec/rob499_ws/build/rob499_project/build/lib/rob499_project
[1.929s] copying rob499_project/knob2_node.py -> /home/hungatec/rob499_ws/build/rob499_project/build/lib/rob499_project
[1.931s] running install
[1.937s] running install_lib
[1.986s] copying /home/hungatec/rob499_ws/build/rob499_project/build/lib/rob499_project/turtle_movement.py -> /home/hungatec/rob499_ws/install/rob499_project/lib/python3.12/site-packages/rob499_project
[1.986s] copying /home/hungatec/rob499_ws/build/rob499_project/build/lib/rob499_project/knob1_node.py -> /home/hungatec/rob499_ws/install/rob499_project/lib/python3.12/site-packages/rob499_project
[1.986s] copying /home/hungatec/rob499_ws/build/rob499_project/build/lib/rob499_project/knob2_node.py -> /home/hungatec/rob499_ws/install/rob499_project/lib/python3.12/site-packages/rob499_project
[1.986s] byte-compiling /home/hungatec/rob499_ws/install/rob499_project/lib/python3.12/site-packages/rob499_project/turtle_movement.py to turtle_movement.cpython-312.pyc
[1.986s] byte-compiling /home/hungatec/rob499_ws/install/rob499_project/lib/python3.12/site-packages/rob499_project/knob1_node.py to knob1_node.cpython-312.pyc
[1.986s] byte-compiling /home/hungatec/rob499_ws/install/rob499_project/lib/python3.12/site-packages/rob499_project/knob2_node.py to knob2_node.cpython-312.pyc
[1.986s] running install_data
[1.986s] creating /home/hungatec/rob499_ws/install/rob499_project/share/rob499_project/launch
[1.986s] copying launch/turtlelaunch.py -> /home/hungatec/rob499_ws/install/rob499_project/share/rob499_project/launch
[1.986s] running install_egg_info
[2.008s] removing '/home/hungatec/rob499_ws/install/rob499_project/lib/python3.12/site-packages/rob499_project-0.0.0-py3.12.egg-info' (and everything under it)
[2.010s] Copying ../../build/rob499_project/rob499_project.egg-info to /home/hungatec/rob499_ws/install/rob499_project/lib/python3.12/site-packages/rob499_project-0.0.0-py3.12.egg-info
[2.014s] running install_scripts
[2.201s] Installing dummy_parameter script to /home/hungatec/rob499_ws/install/rob499_project/lib/rob499_project
[2.202s] Installing knob1 script to /home/hungatec/rob499_ws/install/rob499_project/lib/rob499_project
[2.202s] Installing knob2 script to /home/hungatec/rob499_ws/install/rob499_project/lib/rob499_project
[2.202s] Installing serial_data script to /home/hungatec/rob499_ws/install/rob499_project/lib/rob499_project
[2.202s] Installing turtle_movement script to /home/hungatec/rob499_ws/install/rob499_project/lib/rob499_project
[2.202s] Installing virtual_serial_data script to /home/hungatec/rob499_ws/install/rob499_project/lib/rob499_project
[2.205s] writing list of installed files to '/home/hungatec/rob499_ws/build/rob499_project/install.log'
[2.262s] Invoked command in '/home/hungatec/rob499_ws/src/rob499_project' returned '0': DEBUGINFOD_URLS=https://debuginfod.ubuntu.com PYTHONPATH=/home/hungatec/rob499_ws/build/rob499_project/prefix_override:/usr/lib/python3/dist-packages/colcon_core/task/python/colcon_distutils_commands:/home/hungatec/rob499_ws/install/rob499_project/lib/python3.12/site-packages:${PYTHONPATH} /usr/bin/python3 -W ignore:setup.py install is deprecated -W ignore:easy_install command is deprecated setup.py egg_info --egg-base ../../build/rob499_project build --build-base /home/hungatec/rob499_ws/build/rob499_project/build install --record /home/hungatec/rob499_ws/build/rob499_project/install.log --single-version-externally-managed install_data
