[2.691s] Invoking command in '/home/hungatec/rob499_ws/src/hw7_py': DEBUGINFOD_URLS=https://debuginfod.ubuntu.com PYTHONPATH=/home/hungatec/rob499_ws/build/hw7_py/prefix_override:/usr/lib/python3/dist-packages/colcon_core/task/python/colcon_distutils_commands:/home/hungatec/rob499_ws/install/hw7_py/lib/python3.12/site-packages:${PYTHONPATH} /usr/bin/python3 -W ignore:setup.py install is deprecated -W ignore:easy_install command is deprecated setup.py egg_info --egg-base ../../build/hw7_py build --build-base /home/hungatec/rob499_ws/build/hw7_py/build install --record /home/hungatec/rob499_ws/build/hw7_py/install.log --single-version-externally-managed install_data
[3.398s] running egg_info
[3.439s] writing ../../build/hw7_py/hw7_py.egg-info/PKG-INFO
[3.440s] writing dependency_links to ../../build/hw7_py/hw7_py.egg-info/dependency_links.txt
[3.445s] writing entry points to ../../build/hw7_py/hw7_py.egg-info/entry_points.txt
[3.445s] writing requirements to ../../build/hw7_py/hw7_py.egg-info/requires.txt
[3.445s] writing top-level names to ../../build/hw7_py/hw7_py.egg-info/top_level.txt
[3.556s] reading manifest file '../../build/hw7_py/hw7_py.egg-info/SOURCES.txt'
[3.556s] adding license file 'LICENSE'
[3.557s] writing manifest file '../../build/hw7_py/hw7_py.egg-info/SOURCES.txt'
[3.557s] running build
[3.557s] running build_py
[3.557s] running install
[3.572s] running install_lib
[3.633s] running install_data
[3.633s] running install_egg_info
[3.682s] removing '/home/hungatec/rob499_ws/install/hw7_py/lib/python3.12/site-packages/hw7_py-0.0.0-py3.12.egg-info' (and everything under it)
[3.682s] Copying ../../build/hw7_py/hw7_py.egg-info to /home/hungatec/rob499_ws/install/hw7_py/lib/python3.12/site-packages/hw7_py-0.0.0-py3.12.egg-info
[3.684s] running install_scripts
[4.067s] Installing object_detector script to /home/hungatec/rob499_ws/install/hw7_py/lib/hw7_py
[4.068s] writing list of installed files to '/home/hungatec/rob499_ws/build/hw7_py/install.log'
[4.168s] Invoked command in '/home/hungatec/rob499_ws/src/hw7_py' returned '0': DEBUGINFOD_URLS=https://debuginfod.ubuntu.com PYTHONPATH=/home/hungatec/rob499_ws/build/hw7_py/prefix_override:/usr/lib/python3/dist-packages/colcon_core/task/python/colcon_distutils_commands:/home/hungatec/rob499_ws/install/hw7_py/lib/python3.12/site-packages:${PYTHONPATH} /usr/bin/python3 -W ignore:setup.py install is deprecated -W ignore:easy_install command is deprecated setup.py egg_info --egg-base ../../build/hw7_py build --build-base /home/hungatec/rob499_ws/build/hw7_py/build install --record /home/hungatec/rob499_ws/build/hw7_py/install.log --single-version-externally-managed install_data
