[2.129s] Invoking command in '/home/hungatec/rob499_ws/src/hw3': DEBUGINFOD_URLS=https://debuginfod.ubuntu.com PYTHONPATH=/home/hungatec/rob499_ws/src/build/hw3/prefix_override:/usr/lib/python3/dist-packages/colcon_core/task/python/colcon_distutils_commands:/home/hungatec/rob499_ws/src/install/hw3/lib/python3.12/site-packages:${PYTHONPATH} /usr/bin/python3 -W ignore:setup.py install is deprecated -W ignore:easy_install command is deprecated setup.py egg_info --egg-base ../build/hw3 build --build-base /home/hungatec/rob499_ws/src/build/hw3/build install --record /home/hungatec/rob499_ws/src/build/hw3/install.log --single-version-externally-managed install_data
[2.634s] running egg_info
[2.651s] writing ../build/hw3/hw3.egg-info/PKG-INFO
[2.651s] writing dependency_links to ../build/hw3/hw3.egg-info/dependency_links.txt
[2.653s] writing entry points to ../build/hw3/hw3.egg-info/entry_points.txt
[2.660s] writing requirements to ../build/hw3/hw3.egg-info/requires.txt
[2.660s] writing top-level names to ../build/hw3/hw3.egg-info/top_level.txt
[2.712s] reading manifest file '../build/hw3/hw3.egg-info/SOURCES.txt'
[2.712s] adding license file 'LICENSE'
[2.717s] writing manifest file '../build/hw3/hw3.egg-info/SOURCES.txt'
[2.717s] running build
[2.721s] running build_py
[2.721s] running install
[2.728s] running install_lib
[2.752s] running install_data
[2.752s] running install_egg_info
[2.783s] removing '/home/hungatec/rob499_ws/src/install/hw3/lib/python3.12/site-packages/hw3-0.0.0-py3.12.egg-info' (and everything under it)
[2.785s] Copying ../build/hw3/hw3.egg-info to /home/hungatec/rob499_ws/src/install/hw3/lib/python3.12/site-packages/hw3-0.0.0-py3.12.egg-info
[2.794s] running install_scripts
[3.056s] Installing data_receiver script to /home/hungatec/rob499_ws/src/install/hw3/lib/hw3
[3.057s] Installing data_sender script to /home/hungatec/rob499_ws/src/install/hw3/lib/hw3
[3.057s] writing list of installed files to '/home/hungatec/rob499_ws/src/build/hw3/install.log'
[3.148s] Invoked command in '/home/hungatec/rob499_ws/src/hw3' returned '0': DEBUGINFOD_URLS=https://debuginfod.ubuntu.com PYTHONPATH=/home/hungatec/rob499_ws/src/build/hw3/prefix_override:/usr/lib/python3/dist-packages/colcon_core/task/python/colcon_distutils_commands:/home/hungatec/rob499_ws/src/install/hw3/lib/python3.12/site-packages:${PYTHONPATH} /usr/bin/python3 -W ignore:setup.py install is deprecated -W ignore:easy_install command is deprecated setup.py egg_info --egg-base ../build/hw3 build --build-base /home/hungatec/rob499_ws/src/build/hw3/build install --record /home/hungatec/rob499_ws/src/build/hw3/install.log --single-version-externally-managed install_data
