running egg_info
creating ../../build/hw3/hw3.egg-info
writing ../../build/hw3/hw3.egg-info/PKG-INFO
writing dependency_links to ../../build/hw3/hw3.egg-info/dependency_links.txt
writing entry points to ../../build/hw3/hw3.egg-info/entry_points.txt
writing requirements to ../../build/hw3/hw3.egg-info/requires.txt
writing top-level names to ../../build/hw3/hw3.egg-info/top_level.txt
writing manifest file '../../build/hw3/hw3.egg-info/SOURCES.txt'
reading manifest file '../../build/hw3/hw3.egg-info/SOURCES.txt'
adding license file 'LICENSE'
writing manifest file '../../build/hw3/hw3.egg-info/SOURCES.txt'
running build
running build_py
creating /home/hungatec/rob499_ws/build/hw3/build
creating /home/hungatec/rob499_ws/build/hw3/build/lib
creating /home/hungatec/rob499_ws/build/hw3/build/lib/hw3
copying hw3/__init__.py -> /home/hungatec/rob499_ws/build/hw3/build/lib/hw3
copying hw3/data_receiver.py -> /home/hungatec/rob499_ws/build/hw3/build/lib/hw3
copying hw3/data_sender.py -> /home/hungatec/rob499_ws/build/hw3/build/lib/hw3
running install
running install_lib
creating /home/hungatec/rob499_ws/install/hw3/lib/python3.12/site-packages/hw3
copying /home/hungatec/rob499_ws/build/hw3/build/lib/hw3/__init__.py -> /home/hungatec/rob499_ws/install/hw3/lib/python3.12/site-packages/hw3
copying /home/hungatec/rob499_ws/build/hw3/build/lib/hw3/data_receiver.py -> /home/hungatec/rob499_ws/install/hw3/lib/python3.12/site-packages/hw3
copying /home/hungatec/rob499_ws/build/hw3/build/lib/hw3/data_sender.py -> /home/hungatec/rob499_ws/install/hw3/lib/python3.12/site-packages/hw3
byte-compiling /home/hungatec/rob499_ws/install/hw3/lib/python3.12/site-packages/hw3/__init__.py to __init__.cpython-312.pyc
byte-compiling /home/hungatec/rob499_ws/install/hw3/lib/python3.12/site-packages/hw3/data_receiver.py to data_receiver.cpython-312.pyc
byte-compiling /home/hungatec/rob499_ws/install/hw3/lib/python3.12/site-packages/hw3/data_sender.py to data_sender.cpython-312.pyc
running install_data
creating /home/hungatec/rob499_ws/install/hw3/share/ament_index
creating /home/hungatec/rob499_ws/install/hw3/share/ament_index/resource_index
creating /home/hungatec/rob499_ws/install/hw3/share/ament_index/resource_index/packages
copying resource/hw3 -> /home/hungatec/rob499_ws/install/hw3/share/ament_index/resource_index/packages
copying package.xml -> /home/hungatec/rob499_ws/install/hw3/share/hw3
running install_egg_info
Copying ../../build/hw3/hw3.egg-info to /home/hungatec/rob499_ws/install/hw3/lib/python3.12/site-packages/hw3-0.0.0-py3.12.egg-info
running install_scripts
Installing data_receiver script to /home/hungatec/rob499_ws/install/hw3/lib/hw3
Installing data_sender script to /home/hungatec/rob499_ws/install/hw3/lib/hw3
writing list of installed files to '/home/hungatec/rob499_ws/build/hw3/install.log'
