[2.833s] Invoking command in '/home/hungatec/rob499_ws/src/hw3': DEBUGINFOD_URLS=https://debuginfod.ubuntu.com PYTHONPATH=/home/hungatec/rob499_ws/build/hw3/prefix_override:/usr/lib/python3/dist-packages/colcon_core/task/python/colcon_distutils_commands:/home/hungatec/rob499_ws/install/hw3/lib/python3.12/site-packages:${PYTHONPATH} /usr/bin/python3 -W ignore:setup.py install is deprecated -W ignore:easy_install command is deprecated setup.py egg_info --egg-base ../../build/hw3 build --build-base /home/hungatec/rob499_ws/build/hw3/build install --record /home/hungatec/rob499_ws/build/hw3/install.log --single-version-externally-managed install_data
[3.200s] running egg_info
[3.202s] creating ../../build/hw3/hw3.egg-info
[3.255s] writing ../../build/hw3/hw3.egg-info/PKG-INFO
[3.260s] writing dependency_links to ../../build/hw3/hw3.egg-info/dependency_links.txt
[3.260s] writing entry points to ../../build/hw3/hw3.egg-info/entry_points.txt
[3.260s] writing requirements to ../../build/hw3/hw3.egg-info/requires.txt
[3.260s] writing top-level names to ../../build/hw3/hw3.egg-info/top_level.txt
[3.260s] writing manifest file '../../build/hw3/hw3.egg-info/SOURCES.txt'
[3.320s] reading manifest file '../../build/hw3/hw3.egg-info/SOURCES.txt'
[3.320s] adding license file 'LICENSE'
[3.321s] writing manifest file '../../build/hw3/hw3.egg-info/SOURCES.txt'
[3.322s] running build
[3.323s] running build_py
[3.323s] creating /home/hungatec/rob499_ws/build/hw3/build
[3.324s] creating /home/hungatec/rob499_ws/build/hw3/build/lib
[3.325s] creating /home/hungatec/rob499_ws/build/hw3/build/lib/hw3
[3.326s] copying hw3/__init__.py -> /home/hungatec/rob499_ws/build/hw3/build/lib/hw3
[3.326s] copying hw3/data_receiver.py -> /home/hungatec/rob499_ws/build/hw3/build/lib/hw3
[3.326s] copying hw3/data_sender.py -> /home/hungatec/rob499_ws/build/hw3/build/lib/hw3
[3.327s] running install
[3.337s] running install_lib
[3.364s] creating /home/hungatec/rob499_ws/install/hw3/lib/python3.12/site-packages/hw3
[3.365s] copying /home/hungatec/rob499_ws/build/hw3/build/lib/hw3/__init__.py -> /home/hungatec/rob499_ws/install/hw3/lib/python3.12/site-packages/hw3
[3.366s] copying /home/hungatec/rob499_ws/build/hw3/build/lib/hw3/data_receiver.py -> /home/hungatec/rob499_ws/install/hw3/lib/python3.12/site-packages/hw3
[3.367s] copying /home/hungatec/rob499_ws/build/hw3/build/lib/hw3/data_sender.py -> /home/hungatec/rob499_ws/install/hw3/lib/python3.12/site-packages/hw3
[3.369s] byte-compiling /home/hungatec/rob499_ws/install/hw3/lib/python3.12/site-packages/hw3/__init__.py to __init__.cpython-312.pyc
[3.369s] byte-compiling /home/hungatec/rob499_ws/install/hw3/lib/python3.12/site-packages/hw3/data_receiver.py to data_receiver.cpython-312.pyc
[3.373s] byte-compiling /home/hungatec/rob499_ws/install/hw3/lib/python3.12/site-packages/hw3/data_sender.py to data_sender.cpython-312.pyc
[3.373s] running install_data
[3.374s] creating /home/hungatec/rob499_ws/install/hw3/share/ament_index
[3.374s] creating /home/hungatec/rob499_ws/install/hw3/share/ament_index/resource_index
[3.374s] creating /home/hungatec/rob499_ws/install/hw3/share/ament_index/resource_index/packages
[3.374s] copying resource/hw3 -> /home/hungatec/rob499_ws/install/hw3/share/ament_index/resource_index/packages
[3.374s] copying package.xml -> /home/hungatec/rob499_ws/install/hw3/share/hw3
[3.374s] running install_egg_info
[3.399s] Copying ../../build/hw3/hw3.egg-info to /home/hungatec/rob499_ws/install/hw3/lib/python3.12/site-packages/hw3-0.0.0-py3.12.egg-info
[3.402s] running install_scripts
[3.618s] Installing data_receiver script to /home/hungatec/rob499_ws/install/hw3/lib/hw3
[3.619s] Installing data_sender script to /home/hungatec/rob499_ws/install/hw3/lib/hw3
[3.619s] writing list of installed files to '/home/hungatec/rob499_ws/build/hw3/install.log'
[3.712s] Invoked command in '/home/hungatec/rob499_ws/src/hw3' returned '0': DEBUGINFOD_URLS=https://debuginfod.ubuntu.com PYTHONPATH=/home/hungatec/rob499_ws/build/hw3/prefix_override:/usr/lib/python3/dist-packages/colcon_core/task/python/colcon_distutils_commands:/home/hungatec/rob499_ws/install/hw3/lib/python3.12/site-packages:${PYTHONPATH} /usr/bin/python3 -W ignore:setup.py install is deprecated -W ignore:easy_install command is deprecated setup.py egg_info --egg-base ../../build/hw3 build --build-base /home/hungatec/rob499_ws/build/hw3/build install --record /home/hungatec/rob499_ws/build/hw3/install.log --single-version-externally-managed install_data
