[2.319s] Invoking command in '/home/hungatec/rob499_ws/src/hw4': DEBUGINFOD_URLS=https://debuginfod.ubuntu.com PYTHONPATH=/home/hungatec/rob499_ws/src/build/hw4/prefix_override:/usr/lib/python3/dist-packages/colcon_core/task/python/colcon_distutils_commands:/home/hungatec/rob499_ws/src/install/hw4/lib/python3.12/site-packages:${PYTHONPATH} /usr/bin/python3 -W ignore:setup.py install is deprecated -W ignore:easy_install command is deprecated setup.py egg_info --egg-base ../build/hw4 build --build-base /home/hungatec/rob499_ws/src/build/hw4/build install --record /home/hungatec/rob499_ws/src/build/hw4/install.log --single-version-externally-managed install_data
[2.817s] running egg_info
[2.840s] writing ../build/hw4/hw4.egg-info/PKG-INFO
[2.841s] writing dependency_links to ../build/hw4/hw4.egg-info/dependency_links.txt
[2.842s] writing entry points to ../build/hw4/hw4.egg-info/entry_points.txt
[2.842s] writing requirements to ../build/hw4/hw4.egg-info/requires.txt
[2.844s] writing top-level names to ../build/hw4/hw4.egg-info/top_level.txt
[2.910s] reading manifest file '../build/hw4/hw4.egg-info/SOURCES.txt'
[2.914s] adding license file 'LICENSE'
[2.914s] writing manifest file '../build/hw4/hw4.egg-info/SOURCES.txt'
[2.914s] running build
[2.914s] running build_py
[2.914s] running install
[2.919s] running install_lib
[2.949s] running install_data
[2.950s] running install_egg_info
[2.985s] removing '/home/hungatec/rob499_ws/src/install/hw4/lib/python3.12/site-packages/hw4-0.0.0-py3.12.egg-info' (and everything under it)
[2.987s] Copying ../build/hw4/hw4.egg-info to /home/hungatec/rob499_ws/src/install/hw4/lib/python3.12/site-packages/hw4-0.0.0-py3.12.egg-info
[2.989s] running install_scripts
[3.186s] Installing canceled_listener script to /home/hungatec/rob499_ws/src/install/hw4/lib/hw4
[3.201s] Installing launcher script to /home/hungatec/rob499_ws/src/install/hw4/lib/hw4
[3.201s] Installing listener script to /home/hungatec/rob499_ws/src/install/hw4/lib/hw4
[3.202s] Installing oscope script to /home/hungatec/rob499_ws/src/install/hw4/lib/hw4
[3.202s] writing list of installed files to '/home/hungatec/rob499_ws/src/build/hw4/install.log'
[3.682s] Invoked command in '/home/hungatec/rob499_ws/src/hw4' returned '0': DEBUGINFOD_URLS=https://debuginfod.ubuntu.com PYTHONPATH=/home/hungatec/rob499_ws/src/build/hw4/prefix_override:/usr/lib/python3/dist-packages/colcon_core/task/python/colcon_distutils_commands:/home/hungatec/rob499_ws/src/install/hw4/lib/python3.12/site-packages:${PYTHONPATH} /usr/bin/python3 -W ignore:setup.py install is deprecated -W ignore:easy_install command is deprecated setup.py egg_info --egg-base ../build/hw4 build --build-base /home/hungatec/rob499_ws/src/build/hw4/build install --record /home/hungatec/rob499_ws/src/build/hw4/install.log --single-version-externally-managed install_data
