[0.061s] Invoking command in '/home/hungatec/rob499_ws/build/hw7': CMAKE_PREFIX_PATH=${CMAKE_PREFIX_PATH}:/opt/ros/jazzy DEBUGINFOD_URLS=https://debuginfod.ubuntu.com /usr/bin/cmake --build /home/hungatec/rob499_ws/build/hw7 -- -j4 -l4
[0.359s] [ 50%] [32mBuilding CXX object CMakeFiles/background_remover.dir/src/background_remover.cpp.o[0m
[30.856s] [100%] [32m[1mLinking CXX executable background_remover[0m
[36.186s] [100%] Built target background_remover
[36.224s] Invoked command in '/home/hungatec/rob499_ws/build/hw7' returned '0': CMAKE_PREFIX_PATH=${CMAKE_PREFIX_PATH}:/opt/ros/jazzy DEBUGINFOD_URLS=https://debuginfod.ubuntu.com /usr/bin/cmake --build /home/hungatec/rob499_ws/build/hw7 -- -j4 -l4
[36.248s] Invoking command in '/home/hungatec/rob499_ws/build/hw7': CMAKE_PREFIX_PATH=${CMAKE_PREFIX_PATH}:/opt/ros/jazzy DEBUGINFOD_URLS=https://debuginfod.ubuntu.com /usr/bin/cmake --install /home/hungatec/rob499_ws/build/hw7
[36.271s] -- Install configuration: ""
[36.272s] -- Installing: /home/hungatec/rob499_ws/install/hw7/lib/hw7/background_remover
[36.275s] -- Set non-toolchain portion of runtime path of "/home/hungatec/rob499_ws/install/hw7/lib/hw7/background_remover" to ""
[36.277s] -- Up-to-date: /home/hungatec/rob499_ws/install/hw7/include/hw7/include
[36.278s] -- Up-to-date: /home/hungatec/rob499_ws/install/hw7/include/hw7/include/hw7
[36.278s] -- Up-to-date: /home/hungatec/rob499_ws/install/hw7/share/ament_index/resource_index/package_run_dependencies/hw7
[36.278s] -- Up-to-date: /home/hungatec/rob499_ws/install/hw7/share/ament_index/resource_index/parent_prefix_path/hw7
[36.278s] -- Up-to-date: /home/hungatec/rob499_ws/install/hw7/share/hw7/environment/ament_prefix_path.sh
[36.278s] -- Up-to-date: /home/hungatec/rob499_ws/install/hw7/share/hw7/environment/ament_prefix_path.dsv
[36.278s] -- Up-to-date: /home/hungatec/rob499_ws/install/hw7/share/hw7/environment/path.sh
[36.279s] -- Up-to-date: /home/hungatec/rob499_ws/install/hw7/share/hw7/environment/path.dsv
[36.279s] -- Up-to-date: /home/hungatec/rob499_ws/install/hw7/share/hw7/local_setup.bash
[36.279s] -- Up-to-date: /home/hungatec/rob499_ws/install/hw7/share/hw7/local_setup.sh
[36.279s] -- Up-to-date: /home/hungatec/rob499_ws/install/hw7/share/hw7/local_setup.zsh
[36.279s] -- Up-to-date: /home/hungatec/rob499_ws/install/hw7/share/hw7/local_setup.dsv
[36.279s] -- Installing: /home/hungatec/rob499_ws/install/hw7/share/hw7/package.dsv
[36.280s] -- Up-to-date: /home/hungatec/rob499_ws/install/hw7/share/ament_index/resource_index/packages/hw7
[36.280s] -- Up-to-date: /home/hungatec/rob499_ws/install/hw7/share/hw7/cmake/hw7Config.cmake
[36.280s] -- Up-to-date: /home/hungatec/rob499_ws/install/hw7/share/hw7/cmake/hw7Config-version.cmake
[36.280s] -- Up-to-date: /home/hungatec/rob499_ws/install/hw7/share/hw7/package.xml
[36.284s] Invoked command in '/home/hungatec/rob499_ws/build/hw7' returned '0': CMAKE_PREFIX_PATH=${CMAKE_PREFIX_PATH}:/opt/ros/jazzy DEBUGINFOD_URLS=https://debuginfod.ubuntu.com /usr/bin/cmake --install /home/hungatec/rob499_ws/build/hw7
