running egg_info
writing ../build/hw2/hw2.egg-info/PKG-INFO
writing dependency_links to ../build/hw2/hw2.egg-info/dependency_links.txt
writing entry points to ../build/hw2/hw2.egg-info/entry_points.txt
writing requirements to ../build/hw2/hw2.egg-info/requires.txt
writing top-level names to ../build/hw2/hw2.egg-info/top_level.txt
reading manifest file '../build/hw2/hw2.egg-info/SOURCES.txt'
adding license file 'LICENSE'
writing manifest file '../build/hw2/hw2.egg-info/SOURCES.txt'
running build
running build_py
copying hw2/oscope.py -> /home/hungatec/rob499_ws/src/build/hw2/build/lib/hw2
copying hw2/limiter.py -> /home/hungatec/rob499_ws/src/build/hw2/build/lib/hw2
running install
running install_lib
copying /home/hungatec/rob499_ws/src/build/hw2/build/lib/hw2/oscope.py -> /home/hungatec/rob499_ws/src/install/hw2/lib/python3.12/site-packages/hw2
copying /home/hungatec/rob499_ws/src/build/hw2/build/lib/hw2/limiter.py -> /home/hungatec/rob499_ws/src/install/hw2/lib/python3.12/site-packages/hw2
byte-compiling /home/hungatec/rob499_ws/src/install/hw2/lib/python3.12/site-packages/hw2/oscope.py to oscope.cpython-312.pyc
byte-compiling /home/hungatec/rob499_ws/src/install/hw2/lib/python3.12/site-packages/hw2/limiter.py to limiter.cpython-312.pyc
running install_data
copying package.xml -> /home/hungatec/rob499_ws/src/install/hw2/share/hw2
running install_egg_info
removing '/home/hungatec/rob499_ws/src/install/hw2/lib/python3.12/site-packages/hw2-0.0.0-py3.12.egg-info' (and everything under it)
Copying ../build/hw2/hw2.egg-info to /home/hungatec/rob499_ws/src/install/hw2/lib/python3.12/site-packages/hw2-0.0.0-py3.12.egg-info
running install_scripts
Installing fast_wave script to /home/hungatec/rob499_ws/src/install/hw2/lib/hw2
Installing limiter script to /home/hungatec/rob499_ws/src/install/hw2/lib/hw2
Installing oscope script to /home/hungatec/rob499_ws/src/install/hw2/lib/hw2
Installing slow_wave script to /home/hungatec/rob499_ws/src/install/hw2/lib/hw2
writing list of installed files to '/home/hungatec/rob499_ws/src/build/hw2/install.log'
