[1.837s] Invoking command in '/home/hungatec/rob499_ws/src/rob499_project': DEBUGINFOD_URLS=https://debuginfod.ubuntu.com PYTHONPATH=/home/hungatec/rob499_ws/build/rob499_project/prefix_override:/usr/lib/python3/dist-packages/colcon_core/task/python/colcon_distutils_commands:/home/hungatec/rob499_ws/install/rob499_project/lib/python3.12/site-packages:${PYTHONPATH} /usr/bin/python3 -W ignore:setup.py install is deprecated -W ignore:easy_install command is deprecated setup.py egg_info --egg-base ../../build/rob499_project build --build-base /home/hungatec/rob499_ws/build/rob499_project/build install --record /home/hungatec/rob499_ws/build/rob499_project/install.log --single-version-externally-managed install_data
[2.393s] running egg_info
[2.437s] writing ../../build/rob499_project/rob499_project.egg-info/PKG-INFO
[2.438s] writing dependency_links to ../../build/rob499_project/rob499_project.egg-info/dependency_links.txt
[2.439s] writing entry points to ../../build/rob499_project/rob499_project.egg-info/entry_points.txt
[2.439s] writing requirements to ../../build/rob499_project/rob499_project.egg-info/requires.txt
[2.440s] writing top-level names to ../../build/rob499_project/rob499_project.egg-info/top_level.txt
[2.534s] reading manifest file '../../build/rob499_project/rob499_project.egg-info/SOURCES.txt'
[2.534s] adding license file 'LICENSE'
[2.536s] writing manifest file '../../build/rob499_project/rob499_project.egg-info/SOURCES.txt'
[2.537s] running build
[2.537s] running build_py
[2.537s] copying rob499_project/serial_data_publisher.py -> /home/hungatec/rob499_ws/build/rob499_project/build/lib/rob499_project
[2.538s] running install
[2.548s] running install_lib
[2.582s] copying /home/hungatec/rob499_ws/build/rob499_project/build/lib/rob499_project/serial_data_publisher.py -> /home/hungatec/rob499_ws/install/rob499_project/lib/python3.12/site-packages/rob499_project
[2.585s] byte-compiling /home/hungatec/rob499_ws/install/rob499_project/lib/python3.12/site-packages/rob499_project/serial_data_publisher.py to serial_data_publisher.cpython-312.pyc
[2.588s] running install_data
[2.589s] running install_egg_info
[2.672s] removing '/home/hungatec/rob499_ws/install/rob499_project/lib/python3.12/site-packages/rob499_project-0.0.0-py3.12.egg-info' (and everything under it)
[2.673s] Copying ../../build/rob499_project/rob499_project.egg-info to /home/hungatec/rob499_ws/install/rob499_project/lib/python3.12/site-packages/rob499_project-0.0.0-py3.12.egg-info
[2.675s] running install_scripts
[2.991s] Installing dummy_parameter script to /home/hungatec/rob499_ws/install/rob499_project/lib/rob499_project
[2.993s] Installing serial_data script to /home/hungatec/rob499_ws/install/rob499_project/lib/rob499_project
[2.993s] Installing virtual_serial_data script to /home/hungatec/rob499_ws/install/rob499_project/lib/rob499_project
[2.993s] Installing x_vel script to /home/hungatec/rob499_ws/install/rob499_project/lib/rob499_project
[2.994s] writing list of installed files to '/home/hungatec/rob499_ws/build/rob499_project/install.log'
[3.045s] Invoked command in '/home/hungatec/rob499_ws/src/rob499_project' returned '0': DEBUGINFOD_URLS=https://debuginfod.ubuntu.com PYTHONPATH=/home/hungatec/rob499_ws/build/rob499_project/prefix_override:/usr/lib/python3/dist-packages/colcon_core/task/python/colcon_distutils_commands:/home/hungatec/rob499_ws/install/rob499_project/lib/python3.12/site-packages:${PYTHONPATH} /usr/bin/python3 -W ignore:setup.py install is deprecated -W ignore:easy_install command is deprecated setup.py egg_info --egg-base ../../build/rob499_project build --build-base /home/hungatec/rob499_ws/build/rob499_project/build install --record /home/hungatec/rob499_ws/build/rob499_project/install.log --single-version-externally-managed install_data
