[1.877s] Invoking command in '/home/hungatec/rob499_ws/src/rob499_project': DEBUGINFOD_URLS=https://debuginfod.ubuntu.com PYTHONPATH=/home/hungatec/rob499_ws/build/rob499_project/prefix_override:/usr/lib/python3/dist-packages/colcon_core/task/python/colcon_distutils_commands:/home/hungatec/rob499_ws/install/rob499_project/lib/python3.12/site-packages:${PYTHONPATH} /usr/bin/python3 -W ignore:setup.py install is deprecated -W ignore:easy_install command is deprecated setup.py egg_info --egg-base ../../build/rob499_project build --build-base /home/hungatec/rob499_ws/build/rob499_project/build install --record /home/hungatec/rob499_ws/build/rob499_project/install.log --single-version-externally-managed install_data
[2.276s] running egg_info
[2.303s] writing ../../build/rob499_project/rob499_project.egg-info/PKG-INFO
[2.309s] writing dependency_links to ../../build/rob499_project/rob499_project.egg-info/dependency_links.txt
[2.314s] writing entry points to ../../build/rob499_project/rob499_project.egg-info/entry_points.txt
[2.315s] writing requirements to ../../build/rob499_project/rob499_project.egg-info/requires.txt
[2.315s] writing top-level names to ../../build/rob499_project/rob499_project.egg-info/top_level.txt
[2.367s] reading manifest file '../../build/rob499_project/rob499_project.egg-info/SOURCES.txt'
[2.367s] adding license file 'LICENSE'
[2.369s] writing manifest file '../../build/rob499_project/rob499_project.egg-info/SOURCES.txt'
[2.370s] running build
[2.370s] running build_py
[2.373s] copying rob499_project/serial_data_publisher.py -> /home/hungatec/rob499_ws/build/rob499_project/build/lib/rob499_project
[2.373s] copying rob499_project/knob7_node.py -> /home/hungatec/rob499_ws/build/rob499_project/build/lib/rob499_project
[2.373s] copying rob499_project/knob8_node.py -> /home/hungatec/rob499_ws/build/rob499_project/build/lib/rob499_project
[2.374s] copying rob499_project/change_pen.py -> /home/hungatec/rob499_ws/build/rob499_project/build/lib/rob499_project
[2.378s] copying rob499_project/knob6_node.py -> /home/hungatec/rob499_ws/build/rob499_project/build/lib/rob499_project
[2.381s] running install
[2.391s] running install_lib
[2.418s] copying /home/hungatec/rob499_ws/build/rob499_project/build/lib/rob499_project/serial_data_publisher.py -> /home/hungatec/rob499_ws/install/rob499_project/lib/python3.12/site-packages/rob499_project
[2.421s] copying /home/hungatec/rob499_ws/build/rob499_project/build/lib/rob499_project/knob7_node.py -> /home/hungatec/rob499_ws/install/rob499_project/lib/python3.12/site-packages/rob499_project
[2.422s] copying /home/hungatec/rob499_ws/build/rob499_project/build/lib/rob499_project/knob8_node.py -> /home/hungatec/rob499_ws/install/rob499_project/lib/python3.12/site-packages/rob499_project
[2.423s] copying /home/hungatec/rob499_ws/build/rob499_project/build/lib/rob499_project/change_pen.py -> /home/hungatec/rob499_ws/install/rob499_project/lib/python3.12/site-packages/rob499_project
[2.424s] copying /home/hungatec/rob499_ws/build/rob499_project/build/lib/rob499_project/knob6_node.py -> /home/hungatec/rob499_ws/install/rob499_project/lib/python3.12/site-packages/rob499_project
[2.428s] byte-compiling /home/hungatec/rob499_ws/install/rob499_project/lib/python3.12/site-packages/rob499_project/serial_data_publisher.py to serial_data_publisher.cpython-312.pyc
[2.432s] byte-compiling /home/hungatec/rob499_ws/install/rob499_project/lib/python3.12/site-packages/rob499_project/knob7_node.py to knob7_node.cpython-312.pyc
[2.433s] byte-compiling /home/hungatec/rob499_ws/install/rob499_project/lib/python3.12/site-packages/rob499_project/knob8_node.py to knob8_node.cpython-312.pyc
[2.435s] byte-compiling /home/hungatec/rob499_ws/install/rob499_project/lib/python3.12/site-packages/rob499_project/change_pen.py to change_pen.cpython-312.pyc
[2.436s] byte-compiling /home/hungatec/rob499_ws/install/rob499_project/lib/python3.12/site-packages/rob499_project/knob6_node.py to knob6_node.cpython-312.pyc
[2.437s] running install_data
[2.439s] copying launch/turtle_launch2.py -> /home/hungatec/rob499_ws/install/rob499_project/share/rob499_project/launch
[2.441s] copying launch/turtle_launch.py -> /home/hungatec/rob499_ws/install/rob499_project/share/rob499_project/launch
[2.443s] running install_egg_info
[2.469s] removing '/home/hungatec/rob499_ws/install/rob499_project/lib/python3.12/site-packages/rob499_project-0.0.0-py3.12.egg-info' (and everything under it)
[2.472s] Copying ../../build/rob499_project/rob499_project.egg-info to /home/hungatec/rob499_ws/install/rob499_project/lib/python3.12/site-packages/rob499_project-0.0.0-py3.12.egg-info
[2.476s] running install_scripts
[2.665s] Installing change_pen script to /home/hungatec/rob499_ws/install/rob499_project/lib/rob499_project
[2.665s] Installing clear script to /home/hungatec/rob499_ws/install/rob499_project/lib/rob499_project
[2.668s] Installing dummy_parameter script to /home/hungatec/rob499_ws/install/rob499_project/lib/rob499_project
[2.670s] Installing kill_turtle script to /home/hungatec/rob499_ws/install/rob499_project/lib/rob499_project
[2.671s] Installing knob1 script to /home/hungatec/rob499_ws/install/rob499_project/lib/rob499_project
[2.673s] Installing knob2 script to /home/hungatec/rob499_ws/install/rob499_project/lib/rob499_project
[2.674s] Installing serial_data script to /home/hungatec/rob499_ws/install/rob499_project/lib/rob499_project
[2.675s] Installing turtle_movement script to /home/hungatec/rob499_ws/install/rob499_project/lib/rob499_project
[2.676s] Installing virtual_serial_data script to /home/hungatec/rob499_ws/install/rob499_project/lib/rob499_project
[2.678s] writing list of installed files to '/home/hungatec/rob499_ws/build/rob499_project/install.log'
[2.729s] Invoked command in '/home/hungatec/rob499_ws/src/rob499_project' returned '0': DEBUGINFOD_URLS=https://debuginfod.ubuntu.com PYTHONPATH=/home/hungatec/rob499_ws/build/rob499_project/prefix_override:/usr/lib/python3/dist-packages/colcon_core/task/python/colcon_distutils_commands:/home/hungatec/rob499_ws/install/rob499_project/lib/python3.12/site-packages:${PYTHONPATH} /usr/bin/python3 -W ignore:setup.py install is deprecated -W ignore:easy_install command is deprecated setup.py egg_info --egg-base ../../build/rob499_project build --build-base /home/hungatec/rob499_ws/build/rob499_project/build install --record /home/hungatec/rob499_ws/build/rob499_project/install.log --single-version-externally-managed install_data
