[ 25%] Built target data_receiver
[ 37%] [32mBuilding CXX object CMakeFiles/oscope.dir/src/oscope.cpp.o[0m
[ 50%] [32mBuilding CXX object CMakeFiles/limiter.dir/src/limiter.cpp.o[0m
[ 75%] Built target data_sender
[ 87%] [32m[1mLinking CXX executable oscope[0m
[ 87%] Built target oscope
[100%] [32m[1mLinking CXX executable limiter[0m
[100%] Built target limiter
-- Install configuration: ""
-- Installing: /home/hungatec/rob499_ws/install/hw6/lib/hw6/oscope
-- Set non-toolchain portion of runtime path of "/home/hungatec/rob499_ws/install/hw6/lib/hw6/oscope" to ""
-- Installing: /home/hungatec/rob499_ws/install/hw6/lib/hw6/limiter
-- Set non-toolchain portion of runtime path of "/home/hungatec/rob499_ws/install/hw6/lib/hw6/limiter" to ""
-- Up-to-date: /home/hungatec/rob499_ws/install/hw6/lib/hw6/data_sender
-- Up-to-date: /home/hungatec/rob499_ws/install/hw6/lib/hw6/data_receiver
-- Up-to-date: /home/hungatec/rob499_ws/install/hw6/share/hw6/launch
-- Up-to-date: /home/hungatec/rob499_ws/install/hw6/share/hw6/launch/limited_oscope.py
-- Up-to-date: /home/hungatec/rob499_ws/install/hw6/share/ament_index/resource_index/package_run_dependencies/hw6
-- Up-to-date: /home/hungatec/rob499_ws/install/hw6/share/ament_index/resource_index/parent_prefix_path/hw6
-- Up-to-date: /home/hungatec/rob499_ws/install/hw6/share/hw6/environment/ament_prefix_path.sh
-- Up-to-date: /home/hungatec/rob499_ws/install/hw6/share/hw6/environment/ament_prefix_path.dsv
-- Up-to-date: /home/hungatec/rob499_ws/install/hw6/share/hw6/environment/path.sh
-- Up-to-date: /home/hungatec/rob499_ws/install/hw6/share/hw6/environment/path.dsv
-- Up-to-date: /home/hungatec/rob499_ws/install/hw6/share/hw6/local_setup.bash
-- Up-to-date: /home/hungatec/rob499_ws/install/hw6/share/hw6/local_setup.sh
-- Up-to-date: /home/hungatec/rob499_ws/install/hw6/share/hw6/local_setup.zsh
-- Up-to-date: /home/hungatec/rob499_ws/install/hw6/share/hw6/local_setup.dsv
-- Installing: /home/hungatec/rob499_ws/install/hw6/share/hw6/package.dsv
-- Up-to-date: /home/hungatec/rob499_ws/install/hw6/share/ament_index/resource_index/packages/hw6
-- Up-to-date: /home/hungatec/rob499_ws/install/hw6/share/hw6/cmake/hw6Config.cmake
-- Up-to-date: /home/hungatec/rob499_ws/install/hw6/share/hw6/cmake/hw6Config-version.cmake
-- Up-to-date: /home/hungatec/rob499_ws/install/hw6/share/hw6/package.xml
