[1.095s] Invoking command in '/home/hungatec/rob499_ws/src/hw2': DEBUGINFOD_URLS=https://debuginfod.ubuntu.com PYTHONPATH=/home/hungatec/rob499_ws/src/build/hw2/prefix_override:/usr/lib/python3/dist-packages/colcon_core/task/python/colcon_distutils_commands:/home/hungatec/rob499_ws/src/install/hw2/lib/python3.12/site-packages:${PYTHONPATH} /usr/bin/python3 -W ignore:setup.py install is deprecated -W ignore:easy_install command is deprecated setup.py egg_info --egg-base ../build/hw2 build --build-base /home/hungatec/rob499_ws/src/build/hw2/build install --record /home/hungatec/rob499_ws/src/build/hw2/install.log --single-version-externally-managed install_data
[1.444s] running egg_info
[1.444s] creating ../build/hw2/hw2.egg-info
[1.477s] writing ../build/hw2/hw2.egg-info/PKG-INFO
[1.477s] writing dependency_links to ../build/hw2/hw2.egg-info/dependency_links.txt
[1.478s] writing entry points to ../build/hw2/hw2.egg-info/entry_points.txt
[1.478s] writing requirements to ../build/hw2/hw2.egg-info/requires.txt
[1.478s] writing top-level names to ../build/hw2/hw2.egg-info/top_level.txt
[1.478s] writing manifest file '../build/hw2/hw2.egg-info/SOURCES.txt'
[1.522s] reading manifest file '../build/hw2/hw2.egg-info/SOURCES.txt'
[1.525s] adding license file 'LICENSE'
[1.528s] writing manifest file '../build/hw2/hw2.egg-info/SOURCES.txt'
[1.528s] running build
[1.528s] running build_py
[1.528s] creating /home/hungatec/rob499_ws/src/build/hw2/build
[1.529s] creating /home/hungatec/rob499_ws/src/build/hw2/build/lib
[1.529s] creating /home/hungatec/rob499_ws/src/build/hw2/build/lib/hw2
[1.529s] copying hw2/__init__.py -> /home/hungatec/rob499_ws/src/build/hw2/build/lib/hw2
[1.529s] copying hw2/oscope.py -> /home/hungatec/rob499_ws/src/build/hw2/build/lib/hw2
[1.530s] copying hw2/limiter.py -> /home/hungatec/rob499_ws/src/build/hw2/build/lib/hw2
[1.530s] running install
[1.537s] running install_lib
[1.563s] creating /home/hungatec/rob499_ws/src/install/hw2/lib/python3.12/site-packages/hw2
[1.566s] copying /home/hungatec/rob499_ws/src/build/hw2/build/lib/hw2/__init__.py -> /home/hungatec/rob499_ws/src/install/hw2/lib/python3.12/site-packages/hw2
[1.568s] copying /home/hungatec/rob499_ws/src/build/hw2/build/lib/hw2/oscope.py -> /home/hungatec/rob499_ws/src/install/hw2/lib/python3.12/site-packages/hw2
[1.569s] copying /home/hungatec/rob499_ws/src/build/hw2/build/lib/hw2/limiter.py -> /home/hungatec/rob499_ws/src/install/hw2/lib/python3.12/site-packages/hw2
[1.569s] byte-compiling /home/hungatec/rob499_ws/src/install/hw2/lib/python3.12/site-packages/hw2/__init__.py to __init__.cpython-312.pyc
[1.569s] byte-compiling /home/hungatec/rob499_ws/src/install/hw2/lib/python3.12/site-packages/hw2/oscope.py to oscope.cpython-312.pyc
[1.570s] byte-compiling /home/hungatec/rob499_ws/src/install/hw2/lib/python3.12/site-packages/hw2/limiter.py to limiter.cpython-312.pyc
[1.570s] running install_data
[1.570s] creating /home/hungatec/rob499_ws/src/install/hw2/share/ament_index
[1.570s] creating /home/hungatec/rob499_ws/src/install/hw2/share/ament_index/resource_index
[1.570s] creating /home/hungatec/rob499_ws/src/install/hw2/share/ament_index/resource_index/packages
[1.570s] copying resource/hw2 -> /home/hungatec/rob499_ws/src/install/hw2/share/ament_index/resource_index/packages
[1.572s] copying package.xml -> /home/hungatec/rob499_ws/src/install/hw2/share/hw2
[1.574s] running install_egg_info
[1.598s] Copying ../build/hw2/hw2.egg-info to /home/hungatec/rob499_ws/src/install/hw2/lib/python3.12/site-packages/hw2-0.0.0-py3.12.egg-info
[1.601s] running install_scripts
[1.779s] Installing fast_wave script to /home/hungatec/rob499_ws/src/install/hw2/lib/hw2
[1.781s] Installing limiter script to /home/hungatec/rob499_ws/src/install/hw2/lib/hw2
[1.781s] Installing oscope script to /home/hungatec/rob499_ws/src/install/hw2/lib/hw2
[1.781s] Installing slow_wave script to /home/hungatec/rob499_ws/src/install/hw2/lib/hw2
[1.782s] writing list of installed files to '/home/hungatec/rob499_ws/src/build/hw2/install.log'
[1.831s] Invoked command in '/home/hungatec/rob499_ws/src/hw2' returned '0': DEBUGINFOD_URLS=https://debuginfod.ubuntu.com PYTHONPATH=/home/hungatec/rob499_ws/src/build/hw2/prefix_override:/usr/lib/python3/dist-packages/colcon_core/task/python/colcon_distutils_commands:/home/hungatec/rob499_ws/src/install/hw2/lib/python3.12/site-packages:${PYTHONPATH} /usr/bin/python3 -W ignore:setup.py install is deprecated -W ignore:easy_install command is deprecated setup.py egg_info --egg-base ../build/hw2 build --build-base /home/hungatec/rob499_ws/src/build/hw2/build install --record /home/hungatec/rob499_ws/src/build/hw2/install.log --single-version-externally-managed install_data
