[0.082s] Invoking command in '/home/hungatec/rob499_ws/build/hw7': CMAKE_PREFIX_PATH=${CMAKE_PREFIX_PATH}:/home/hungatec/rob499_ws/install/rob599_stage:/home/hungatec/rob499_ws/install/rob599_more:/home/hungatec/rob499_ws/install/rob599_basic:/home/hungatec/rob499_ws/install/rob499_project:/home/hungatec/rob499_ws/install/hw5:/home/hungatec/rob499_ws/install/hw4:/home/hungatec/rob499_ws/install/hw3:/home/hungatec/rob499_ws/install/hw2:/opt/ros/jazzy DEBUGINFOD_URLS=https://debuginfod.ubuntu.com /usr/bin/cmake --build /home/hungatec/rob499_ws/build/hw7 -- -j4 -l4
[0.411s] [ 50%] [32mBuilding CXX object CMakeFiles/background_remover.dir/src/background_remover.cpp.o[0m
[31.307s] [100%] [32m[1mLinking CXX executable background_remover[0m
[35.710s] [100%] Built target background_remover
[35.731s] Invoked command in '/home/hungatec/rob499_ws/build/hw7' returned '0': CMAKE_PREFIX_PATH=${CMAKE_PREFIX_PATH}:/home/hungatec/rob499_ws/install/rob599_stage:/home/hungatec/rob499_ws/install/rob599_more:/home/hungatec/rob499_ws/install/rob599_basic:/home/hungatec/rob499_ws/install/rob499_project:/home/hungatec/rob499_ws/install/hw5:/home/hungatec/rob499_ws/install/hw4:/home/hungatec/rob499_ws/install/hw3:/home/hungatec/rob499_ws/install/hw2:/opt/ros/jazzy DEBUGINFOD_URLS=https://debuginfod.ubuntu.com /usr/bin/cmake --build /home/hungatec/rob499_ws/build/hw7 -- -j4 -l4
[35.754s] Invoking command in '/home/hungatec/rob499_ws/build/hw7': CMAKE_PREFIX_PATH=${CMAKE_PREFIX_PATH}:/home/hungatec/rob499_ws/install/rob599_stage:/home/hungatec/rob499_ws/install/rob599_more:/home/hungatec/rob499_ws/install/rob599_basic:/home/hungatec/rob499_ws/install/rob499_project:/home/hungatec/rob499_ws/install/hw5:/home/hungatec/rob499_ws/install/hw4:/home/hungatec/rob499_ws/install/hw3:/home/hungatec/rob499_ws/install/hw2:/opt/ros/jazzy DEBUGINFOD_URLS=https://debuginfod.ubuntu.com /usr/bin/cmake --install /home/hungatec/rob499_ws/build/hw7
[35.769s] -- Install configuration: ""
[35.771s] -- Installing: /home/hungatec/rob499_ws/install/hw7/lib/hw7/background_remover
[35.788s] -- Set non-toolchain portion of runtime path of "/home/hungatec/rob499_ws/install/hw7/lib/hw7/background_remover" to ""
[35.788s] -- Installing: /home/hungatec/rob499_ws/install/hw7/include/hw7/include
[35.789s] -- Installing: /home/hungatec/rob499_ws/install/hw7/include/hw7/include/hw7
[35.790s] -- Installing: /home/hungatec/rob499_ws/install/hw7/share/ament_index/resource_index/package_run_dependencies/hw7
[35.791s] -- Installing: /home/hungatec/rob499_ws/install/hw7/share/ament_index/resource_index/parent_prefix_path/hw7
[35.791s] -- Installing: /home/hungatec/rob499_ws/install/hw7/share/hw7/environment/ament_prefix_path.sh
[35.791s] -- Installing: /home/hungatec/rob499_ws/install/hw7/share/hw7/environment/ament_prefix_path.dsv
[35.791s] -- Installing: /home/hungatec/rob499_ws/install/hw7/share/hw7/environment/path.sh
[35.792s] -- Installing: /home/hungatec/rob499_ws/install/hw7/share/hw7/environment/path.dsv
[35.792s] -- Installing: /home/hungatec/rob499_ws/install/hw7/share/hw7/local_setup.bash
[35.792s] -- Installing: /home/hungatec/rob499_ws/install/hw7/share/hw7/local_setup.sh
[35.793s] -- Installing: /home/hungatec/rob499_ws/install/hw7/share/hw7/local_setup.zsh
[35.793s] -- Installing: /home/hungatec/rob499_ws/install/hw7/share/hw7/local_setup.dsv
[35.793s] -- Installing: /home/hungatec/rob499_ws/install/hw7/share/hw7/package.dsv
[35.794s] -- Installing: /home/hungatec/rob499_ws/install/hw7/share/ament_index/resource_index/packages/hw7
[35.794s] -- Installing: /home/hungatec/rob499_ws/install/hw7/share/hw7/cmake/hw7Config.cmake
[35.794s] -- Installing: /home/hungatec/rob499_ws/install/hw7/share/hw7/cmake/hw7Config-version.cmake
[35.794s] -- Installing: /home/hungatec/rob499_ws/install/hw7/share/hw7/package.xml
[35.798s] Invoked command in '/home/hungatec/rob499_ws/build/hw7' returned '0': CMAKE_PREFIX_PATH=${CMAKE_PREFIX_PATH}:/home/hungatec/rob499_ws/install/rob599_stage:/home/hungatec/rob499_ws/install/rob599_more:/home/hungatec/rob499_ws/install/rob599_basic:/home/hungatec/rob499_ws/install/rob499_project:/home/hungatec/rob499_ws/install/hw5:/home/hungatec/rob499_ws/install/hw4:/home/hungatec/rob499_ws/install/hw3:/home/hungatec/rob499_ws/install/hw2:/opt/ros/jazzy DEBUGINFOD_URLS=https://debuginfod.ubuntu.com /usr/bin/cmake --install /home/hungatec/rob499_ws/build/hw7
