running egg_info
writing ../../../build/rob599_more/rob599_more.egg-info/PKG-INFO
writing dependency_links to ../../../build/rob599_more/rob599_more.egg-info/dependency_links.txt
writing entry points to ../../../build/rob599_more/rob599_more.egg-info/entry_points.txt
writing requirements to ../../../build/rob599_more/rob599_more.egg-info/requires.txt
writing top-level names to ../../../build/rob599_more/rob599_more.egg-info/top_level.txt
reading manifest file '../../../build/rob599_more/rob599_more.egg-info/SOURCES.txt'
adding license file 'LICENSE'
writing manifest file '../../../build/rob599_more/rob599_more.egg-info/SOURCES.txt'
running build
running build_py
running install
running install_lib
running install_data
running install_egg_info
removing '/home/hungatec/rob499_ws/install/rob599_more/lib/python3.12/site-packages/rob599_more-0.1.0-py3.12.egg-info' (and everything under it)
Copying ../../../build/rob599_more/rob599_more.egg-info to /home/hungatec/rob499_ws/install/rob599_more/lib/python3.12/site-packages/rob599_more-0.1.0-py3.12.egg-info
running install_scripts
Installing coordinator script to /home/hungatec/rob499_ws/install/rob599_more/lib/rob599_more
Installing image_modifier script to /home/hungatec/rob499_ws/install/rob599_more/lib/rob599_more
Installing lifecycle script to /home/hungatec/rob499_ws/install/rob599_more/lib/rob599_more
Installing lifecycle_manager script to /home/hungatec/rob499_ws/install/rob599_more/lib/rob599_more
Installing point_cloud_generator script to /home/hungatec/rob499_ws/install/rob599_more/lib/rob599_more
Installing point_cloud_reader script to /home/hungatec/rob499_ws/install/rob599_more/lib/rob599_more
writing list of installed files to '/home/hungatec/rob499_ws/build/rob599_more/install.log'
