[2.319s] Invoking command in '/home/hungatec/rob499_ws/src/rob599/rob599_more': DEBUGINFOD_URLS=https://debuginfod.ubuntu.com PYTHONPATH=/home/hungatec/rob499_ws/build/rob599_more/prefix_override:/usr/lib/python3/dist-packages/colcon_core/task/python/colcon_distutils_commands:/home/hungatec/rob499_ws/install/rob599_more/lib/python3.12/site-packages:${PYTHONPATH} /usr/bin/python3 -W ignore:setup.py install is deprecated -W ignore:easy_install command is deprecated setup.py egg_info --egg-base ../../../build/rob599_more build --build-base /home/hungatec/rob499_ws/build/rob599_more/build install --record /home/hungatec/rob499_ws/build/rob599_more/install.log --single-version-externally-managed install_data
[3.077s] running egg_info
[3.149s] writing ../../../build/rob599_more/rob599_more.egg-info/PKG-INFO
[3.156s] writing dependency_links to ../../../build/rob599_more/rob599_more.egg-info/dependency_links.txt
[3.156s] writing entry points to ../../../build/rob599_more/rob599_more.egg-info/entry_points.txt
[3.156s] writing requirements to ../../../build/rob599_more/rob599_more.egg-info/requires.txt
[3.156s] writing top-level names to ../../../build/rob599_more/rob599_more.egg-info/top_level.txt
[3.326s] reading manifest file '../../../build/rob599_more/rob599_more.egg-info/SOURCES.txt'
[3.327s] adding license file 'LICENSE'
[3.346s] writing manifest file '../../../build/rob599_more/rob599_more.egg-info/SOURCES.txt'
[3.346s] running build
[3.346s] running build_py
[3.346s] running install
[3.365s] running install_lib
[3.427s] running install_data
[3.435s] running install_egg_info
[3.508s] removing '/home/hungatec/rob499_ws/install/rob599_more/lib/python3.12/site-packages/rob599_more-0.1.0-py3.12.egg-info' (and everything under it)
[3.509s] Copying ../../../build/rob599_more/rob599_more.egg-info to /home/hungatec/rob499_ws/install/rob599_more/lib/python3.12/site-packages/rob599_more-0.1.0-py3.12.egg-info
[3.516s] running install_scripts
[4.082s] Installing coordinator script to /home/hungatec/rob499_ws/install/rob599_more/lib/rob599_more
[4.082s] Installing image_modifier script to /home/hungatec/rob499_ws/install/rob599_more/lib/rob599_more
[4.082s] Installing lifecycle script to /home/hungatec/rob499_ws/install/rob599_more/lib/rob599_more
[4.082s] Installing lifecycle_manager script to /home/hungatec/rob499_ws/install/rob599_more/lib/rob599_more
[4.082s] Installing point_cloud_generator script to /home/hungatec/rob499_ws/install/rob599_more/lib/rob599_more
[4.092s] Installing point_cloud_reader script to /home/hungatec/rob499_ws/install/rob599_more/lib/rob599_more
[4.093s] writing list of installed files to '/home/hungatec/rob499_ws/build/rob599_more/install.log'
[4.246s] Invoked command in '/home/hungatec/rob499_ws/src/rob599/rob599_more' returned '0': DEBUGINFOD_URLS=https://debuginfod.ubuntu.com PYTHONPATH=/home/hungatec/rob499_ws/build/rob599_more/prefix_override:/usr/lib/python3/dist-packages/colcon_core/task/python/colcon_distutils_commands:/home/hungatec/rob499_ws/install/rob599_more/lib/python3.12/site-packages:${PYTHONPATH} /usr/bin/python3 -W ignore:setup.py install is deprecated -W ignore:easy_install command is deprecated setup.py egg_info --egg-base ../../../build/rob599_more build --build-base /home/hungatec/rob499_ws/build/rob599_more/build install --record /home/hungatec/rob499_ws/build/rob599_more/install.log --single-version-externally-managed install_data
