[1.560s] Invoking command in '/home/hungatec/rob499_ws/src/rob499_project': DEBUGINFOD_URLS=https://debuginfod.ubuntu.com PYTHONPATH=/home/hungatec/rob499_ws/build/rob499_project/prefix_override:/usr/lib/python3/dist-packages/colcon_core/task/python/colcon_distutils_commands:/home/hungatec/rob499_ws/install/rob499_project/lib/python3.12/site-packages:${PYTHONPATH} /usr/bin/python3 -W ignore:setup.py install is deprecated -W ignore:easy_install command is deprecated setup.py egg_info --egg-base ../../build/rob499_project build --build-base /home/hungatec/rob499_ws/build/rob499_project/build install --record /home/hungatec/rob499_ws/build/rob499_project/install.log --single-version-externally-managed install_data
[1.948s] running egg_info
[1.969s] writing ../../build/rob499_project/rob499_project.egg-info/PKG-INFO
[1.970s] writing dependency_links to ../../build/rob499_project/rob499_project.egg-info/dependency_links.txt
[1.971s] writing entry points to ../../build/rob499_project/rob499_project.egg-info/entry_points.txt
[1.971s] writing requirements to ../../build/rob499_project/rob499_project.egg-info/requires.txt
[1.971s] writing top-level names to ../../build/rob499_project/rob499_project.egg-info/top_level.txt
[2.018s] reading manifest file '../../build/rob499_project/rob499_project.egg-info/SOURCES.txt'
[2.022s] adding license file 'LICENSE'
[2.022s] writing manifest file '../../build/rob499_project/rob499_project.egg-info/SOURCES.txt'
[2.023s] running build
[2.027s] running build_py
[2.027s] copying rob499_project/turtle_killer.py -> /home/hungatec/rob499_ws/build/rob499_project/build/lib/rob499_project
[2.028s] running install
[2.037s] running install_lib
[2.067s] copying /home/hungatec/rob499_ws/build/rob499_project/build/lib/rob499_project/turtle_killer.py -> /home/hungatec/rob499_ws/install/rob499_project/lib/python3.12/site-packages/rob499_project
[2.067s] byte-compiling /home/hungatec/rob499_ws/install/rob499_project/lib/python3.12/site-packages/rob499_project/turtle_killer.py to turtle_killer.cpython-312.pyc
[2.067s] running install_data
[2.068s] copying package.xml -> /home/hungatec/rob499_ws/install/rob499_project/share/rob499_project
[2.070s] copying launch/turtle_launch.py -> /home/hungatec/rob499_ws/install/rob499_project/share/rob499_project/launch
[2.072s] running install_egg_info
[2.098s] removing '/home/hungatec/rob499_ws/install/rob499_project/lib/python3.12/site-packages/rob499_project-0.0.0-py3.12.egg-info' (and everything under it)
[2.100s] Copying ../../build/rob499_project/rob499_project.egg-info to /home/hungatec/rob499_ws/install/rob499_project/lib/python3.12/site-packages/rob499_project-0.0.0-py3.12.egg-info
[2.104s] running install_scripts
[2.295s] Installing dummy_parameter script to /home/hungatec/rob499_ws/install/rob499_project/lib/rob499_project
[2.296s] Installing kill_turtle script to /home/hungatec/rob499_ws/install/rob499_project/lib/rob499_project
[2.298s] Installing knob1 script to /home/hungatec/rob499_ws/install/rob499_project/lib/rob499_project
[2.299s] Installing knob2 script to /home/hungatec/rob499_ws/install/rob499_project/lib/rob499_project
[2.299s] Installing serial_data script to /home/hungatec/rob499_ws/install/rob499_project/lib/rob499_project
[2.299s] Installing turtle_movement script to /home/hungatec/rob499_ws/install/rob499_project/lib/rob499_project
[2.300s] Installing virtual_serial_data script to /home/hungatec/rob499_ws/install/rob499_project/lib/rob499_project
[2.300s] writing list of installed files to '/home/hungatec/rob499_ws/build/rob499_project/install.log'
[2.358s] Invoked command in '/home/hungatec/rob499_ws/src/rob499_project' returned '0': DEBUGINFOD_URLS=https://debuginfod.ubuntu.com PYTHONPATH=/home/hungatec/rob499_ws/build/rob499_project/prefix_override:/usr/lib/python3/dist-packages/colcon_core/task/python/colcon_distutils_commands:/home/hungatec/rob499_ws/install/rob499_project/lib/python3.12/site-packages:${PYTHONPATH} /usr/bin/python3 -W ignore:setup.py install is deprecated -W ignore:easy_install command is deprecated setup.py egg_info --egg-base ../../build/rob499_project build --build-base /home/hungatec/rob499_ws/build/rob499_project/build install --record /home/hungatec/rob499_ws/build/rob499_project/install.log --single-version-externally-managed install_data
