running egg_info
creating ../build/hw4/hw4.egg-info
writing ../build/hw4/hw4.egg-info/PKG-INFO
writing dependency_links to ../build/hw4/hw4.egg-info/dependency_links.txt
writing entry points to ../build/hw4/hw4.egg-info/entry_points.txt
writing requirements to ../build/hw4/hw4.egg-info/requires.txt
writing top-level names to ../build/hw4/hw4.egg-info/top_level.txt
writing manifest file '../build/hw4/hw4.egg-info/SOURCES.txt'
reading manifest file '../build/hw4/hw4.egg-info/SOURCES.txt'
adding license file 'LICENSE'
writing manifest file '../build/hw4/hw4.egg-info/SOURCES.txt'
running build
running build_py
creating /home/hungatec/rob499_ws/src/build/hw4/build
creating /home/hungatec/rob499_ws/src/build/hw4/build/lib
creating /home/hungatec/rob499_ws/src/build/hw4/build/lib/hw4
copying hw4/action_server.py -> /home/hungatec/rob499_ws/src/build/hw4/build/lib/hw4
copying hw4/__init__.py -> /home/hungatec/rob499_ws/src/build/hw4/build/lib/hw4
copying hw4/action_client.py -> /home/hungatec/rob499_ws/src/build/hw4/build/lib/hw4
copying hw4/oscope.py -> /home/hungatec/rob499_ws/src/build/hw4/build/lib/hw4
running install
running install_lib
creating /home/hungatec/rob499_ws/src/install/hw4/lib/python3.12/site-packages/hw4
copying /home/hungatec/rob499_ws/src/build/hw4/build/lib/hw4/action_server.py -> /home/hungatec/rob499_ws/src/install/hw4/lib/python3.12/site-packages/hw4
copying /home/hungatec/rob499_ws/src/build/hw4/build/lib/hw4/__init__.py -> /home/hungatec/rob499_ws/src/install/hw4/lib/python3.12/site-packages/hw4
copying /home/hungatec/rob499_ws/src/build/hw4/build/lib/hw4/action_client.py -> /home/hungatec/rob499_ws/src/install/hw4/lib/python3.12/site-packages/hw4
copying /home/hungatec/rob499_ws/src/build/hw4/build/lib/hw4/oscope.py -> /home/hungatec/rob499_ws/src/install/hw4/lib/python3.12/site-packages/hw4
byte-compiling /home/hungatec/rob499_ws/src/install/hw4/lib/python3.12/site-packages/hw4/action_server.py to action_server.cpython-312.pyc
byte-compiling /home/hungatec/rob499_ws/src/install/hw4/lib/python3.12/site-packages/hw4/__init__.py to __init__.cpython-312.pyc
byte-compiling /home/hungatec/rob499_ws/src/install/hw4/lib/python3.12/site-packages/hw4/action_client.py to action_client.cpython-312.pyc
byte-compiling /home/hungatec/rob499_ws/src/install/hw4/lib/python3.12/site-packages/hw4/oscope.py to oscope.cpython-312.pyc
running install_data
creating /home/hungatec/rob499_ws/src/install/hw4/share/ament_index
creating /home/hungatec/rob499_ws/src/install/hw4/share/ament_index/resource_index
creating /home/hungatec/rob499_ws/src/install/hw4/share/ament_index/resource_index/packages
copying resource/hw4 -> /home/hungatec/rob499_ws/src/install/hw4/share/ament_index/resource_index/packages
copying package.xml -> /home/hungatec/rob499_ws/src/install/hw4/share/hw4
creating /home/hungatec/rob499_ws/src/install/hw4/share/hw4/launch
copying launch/launch_rocket.py -> /home/hungatec/rob499_ws/src/install/hw4/share/hw4/launch
copying launch/launch_oscopes.py -> /home/hungatec/rob499_ws/src/install/hw4/share/hw4/launch
copying launch/dont_launch_rocket.py -> /home/hungatec/rob499_ws/src/install/hw4/share/hw4/launch
running install_egg_info
Copying ../build/hw4/hw4.egg-info to /home/hungatec/rob499_ws/src/install/hw4/lib/python3.12/site-packages/hw4-0.0.0-py3.12.egg-info
running install_scripts
Installing canceled_listener script to /home/hungatec/rob499_ws/src/install/hw4/lib/hw4
Installing launcher script to /home/hungatec/rob499_ws/src/install/hw4/lib/hw4
Installing listener script to /home/hungatec/rob499_ws/src/install/hw4/lib/hw4
Installing oscope script to /home/hungatec/rob499_ws/src/install/hw4/lib/hw4
writing list of installed files to '/home/hungatec/rob499_ws/src/build/hw4/install.log'
