[1.518s] Invoking command in '/home/hungatec/rob499_ws/src/hw7_py': DEBUGINFOD_URLS=https://debuginfod.ubuntu.com PYTHONPATH=/home/hungatec/rob499_ws/build/hw7_py/prefix_override:/usr/lib/python3/dist-packages/colcon_core/task/python/colcon_distutils_commands:/home/hungatec/rob499_ws/install/hw7_py/lib/python3.12/site-packages:${PYTHONPATH} /usr/bin/python3 -W ignore:setup.py install is deprecated -W ignore:easy_install command is deprecated setup.py egg_info --egg-base ../../build/hw7_py build --build-base /home/hungatec/rob499_ws/build/hw7_py/build install --record /home/hungatec/rob499_ws/build/hw7_py/install.log --single-version-externally-managed install_data
[1.912s] running egg_info
[1.938s] writing ../../build/hw7_py/hw7_py.egg-info/PKG-INFO
[1.941s] writing dependency_links to ../../build/hw7_py/hw7_py.egg-info/dependency_links.txt
[1.946s] writing entry points to ../../build/hw7_py/hw7_py.egg-info/entry_points.txt
[1.946s] writing requirements to ../../build/hw7_py/hw7_py.egg-info/requires.txt
[1.946s] writing top-level names to ../../build/hw7_py/hw7_py.egg-info/top_level.txt
[1.993s] reading manifest file '../../build/hw7_py/hw7_py.egg-info/SOURCES.txt'
[1.995s] adding license file 'LICENSE'
[1.996s] writing manifest file '../../build/hw7_py/hw7_py.egg-info/SOURCES.txt'
[1.998s] running build
[1.998s] running build_py
[2.000s] running install
[2.009s] running install_lib
[2.038s] running install_data
[2.038s] running install_egg_info
[2.071s] removing '/home/hungatec/rob499_ws/install/hw7_py/lib/python3.12/site-packages/hw7_py-0.0.0-py3.12.egg-info' (and everything under it)
[2.074s] Copying ../../build/hw7_py/hw7_py.egg-info to /home/hungatec/rob499_ws/install/hw7_py/lib/python3.12/site-packages/hw7_py-0.0.0-py3.12.egg-info
[2.075s] running install_scripts
[2.378s] Installing object_detector script to /home/hungatec/rob499_ws/install/hw7_py/lib/hw7_py
[2.381s] writing list of installed files to '/home/hungatec/rob499_ws/build/hw7_py/install.log'
[2.475s] Invoked command in '/home/hungatec/rob499_ws/src/hw7_py' returned '0': DEBUGINFOD_URLS=https://debuginfod.ubuntu.com PYTHONPATH=/home/hungatec/rob499_ws/build/hw7_py/prefix_override:/usr/lib/python3/dist-packages/colcon_core/task/python/colcon_distutils_commands:/home/hungatec/rob499_ws/install/hw7_py/lib/python3.12/site-packages:${PYTHONPATH} /usr/bin/python3 -W ignore:setup.py install is deprecated -W ignore:easy_install command is deprecated setup.py egg_info --egg-base ../../build/hw7_py build --build-base /home/hungatec/rob499_ws/build/hw7_py/build install --record /home/hungatec/rob499_ws/build/hw7_py/install.log --single-version-externally-managed install_data
