[0.118s] DEBUG:colcon:Command line arguments: ['/usr/bin/colcon', 'build', '--packages-select', 'hw5']
[0.119s] DEBUG:colcon:Parsed command line arguments: Namespace(log_base=None, log_level=None, verb_name='build', build_base='build', install_base='install', merge_install=False, symlink_install=False, test_result_base=None, continue_on_error=False, executor='parallel', parallel_workers=4, event_handlers=None, ignore_user_meta=False, metas=['./colcon.meta'], base_paths=['.'], packages_ignore=None, packages_ignore_regex=None, paths=None, packages_up_to=None, packages_up_to_regex=None, packages_above=None, packages_above_and_dependencies=None, packages_above_depth=None, packages_select_by_dep=None, packages_skip_by_dep=None, packages_skip_up_to=None, packages_select_build_failed=False, packages_skip_build_finished=False, packages_select_test_failures=False, packages_skip_test_passed=False, packages_select=['hw5'], packages_skip=None, packages_select_regex=None, packages_skip_regex=None, packages_start=None, packages_end=None, cmake_args=None, cmake_target=None, cmake_target_skip_unavailable=False, cmake_clean_cache=False, cmake_clean_first=False, cmake_force_configure=False, ament_cmake_args=None, catkin_cmake_args=None, catkin_skip_building_tests=False, verb_parser=<colcon_defaults.argument_parser.defaults.DefaultArgumentsDecorator object at 0x7928d751c530>, verb_extension=<colcon_core.verb.build.BuildVerb object at 0x7928d7ef9280>, main=<bound method BuildVerb.main of <colcon_core.verb.build.BuildVerb object at 0x7928d7ef9280>>)
[0.170s] Level 1:colcon.colcon_core.package_discovery:discover_packages(colcon_meta) check parameters
[0.172s] Level 1:colcon.colcon_core.package_discovery:discover_packages(recursive) check parameters
[0.173s] Level 1:colcon.colcon_core.package_discovery:discover_packages(ignore) check parameters
[0.173s] Level 1:colcon.colcon_core.package_discovery:discover_packages(path) check parameters
[0.173s] Level 1:colcon.colcon_core.package_discovery:discover_packages(colcon_meta) discover
[0.173s] Level 1:colcon.colcon_core.package_discovery:discover_packages(recursive) discover
[0.173s] INFO:colcon.colcon_core.package_discovery:Crawling recursively for packages in '/home/hungatec/rob499_ws/src'
[0.173s] Level 1:colcon.colcon_core.package_identification:_identify(.) by extensions ['ignore', 'ignore_ament_install']
[0.174s] Level 1:colcon.colcon_core.package_identification:_identify(.) by extension 'ignore'
[0.175s] Level 1:colcon.colcon_core.package_identification:_identify(.) by extension 'ignore_ament_install'
[0.175s] Level 1:colcon.colcon_core.package_identification:_identify(.) by extensions ['colcon_pkg']
[0.175s] Level 1:colcon.colcon_core.package_identification:_identify(.) by extension 'colcon_pkg'
[0.175s] Level 1:colcon.colcon_core.package_identification:_identify(.) by extensions ['colcon_meta']
[0.175s] Level 1:colcon.colcon_core.package_identification:_identify(.) by extension 'colcon_meta'
[0.175s] Level 1:colcon.colcon_core.package_identification:_identify(.) by extensions ['ros']
[0.175s] Level 1:colcon.colcon_core.package_identification:_identify(.) by extension 'ros'
[0.204s] Level 1:colcon.colcon_core.package_identification:_identify(.) by extensions ['cmake', 'python']
[0.204s] Level 1:colcon.colcon_core.package_identification:_identify(.) by extension 'cmake'
[0.204s] Level 1:colcon.colcon_core.package_identification:_identify(.) by extension 'python'
[0.204s] Level 1:colcon.colcon_core.package_identification:_identify(.) by extensions ['python_setup_py']
[0.204s] Level 1:colcon.colcon_core.package_identification:_identify(.) by extension 'python_setup_py'
[0.204s] Level 1:colcon.colcon_core.package_identification:_identify(build) by extensions ['ignore', 'ignore_ament_install']
[0.205s] Level 1:colcon.colcon_core.package_identification:_identify(build) by extension 'ignore'
[0.205s] Level 1:colcon.colcon_core.package_identification:_identify(build) ignored
[0.205s] Level 1:colcon.colcon_core.package_identification:_identify(hw2) by extensions ['ignore', 'ignore_ament_install']
[0.205s] Level 1:colcon.colcon_core.package_identification:_identify(hw2) by extension 'ignore'
[0.205s] Level 1:colcon.colcon_core.package_identification:_identify(hw2) by extension 'ignore_ament_install'
[0.205s] Level 1:colcon.colcon_core.package_identification:_identify(hw2) by extensions ['colcon_pkg']
[0.205s] Level 1:colcon.colcon_core.package_identification:_identify(hw2) by extension 'colcon_pkg'
[0.205s] Level 1:colcon.colcon_core.package_identification:_identify(hw2) by extensions ['colcon_meta']
[0.205s] Level 1:colcon.colcon_core.package_identification:_identify(hw2) by extension 'colcon_meta'
[0.205s] Level 1:colcon.colcon_core.package_identification:_identify(hw2) by extensions ['ros']
[0.205s] Level 1:colcon.colcon_core.package_identification:_identify(hw2) by extension 'ros'
[0.209s] DEBUG:colcon.colcon_core.package_identification:Package 'hw2' with type 'ros.ament_python' and name 'hw2'
[0.209s] Level 1:colcon.colcon_core.package_identification:_identify(hw3) by extensions ['ignore', 'ignore_ament_install']
[0.210s] Level 1:colcon.colcon_core.package_identification:_identify(hw3) by extension 'ignore'
[0.210s] Level 1:colcon.colcon_core.package_identification:_identify(hw3) by extension 'ignore_ament_install'
[0.210s] Level 1:colcon.colcon_core.package_identification:_identify(hw3) by extensions ['colcon_pkg']
[0.210s] Level 1:colcon.colcon_core.package_identification:_identify(hw3) by extension 'colcon_pkg'
[0.210s] Level 1:colcon.colcon_core.package_identification:_identify(hw3) by extensions ['colcon_meta']
[0.210s] Level 1:colcon.colcon_core.package_identification:_identify(hw3) by extension 'colcon_meta'
[0.210s] Level 1:colcon.colcon_core.package_identification:_identify(hw3) by extensions ['ros']
[0.210s] Level 1:colcon.colcon_core.package_identification:_identify(hw3) by extension 'ros'
[0.211s] DEBUG:colcon.colcon_core.package_identification:Package 'hw3' with type 'ros.ament_python' and name 'hw3'
[0.211s] Level 1:colcon.colcon_core.package_identification:_identify(hw4) by extensions ['ignore', 'ignore_ament_install']
[0.211s] Level 1:colcon.colcon_core.package_identification:_identify(hw4) by extension 'ignore'
[0.211s] Level 1:colcon.colcon_core.package_identification:_identify(hw4) by extension 'ignore_ament_install'
[0.211s] Level 1:colcon.colcon_core.package_identification:_identify(hw4) by extensions ['colcon_pkg']
[0.212s] Level 1:colcon.colcon_core.package_identification:_identify(hw4) by extension 'colcon_pkg'
[0.212s] Level 1:colcon.colcon_core.package_identification:_identify(hw4) by extensions ['colcon_meta']
[0.212s] Level 1:colcon.colcon_core.package_identification:_identify(hw4) by extension 'colcon_meta'
[0.212s] Level 1:colcon.colcon_core.package_identification:_identify(hw4) by extensions ['ros']
[0.212s] Level 1:colcon.colcon_core.package_identification:_identify(hw4) by extension 'ros'
[0.213s] DEBUG:colcon.colcon_core.package_identification:Package 'hw4' with type 'ros.ament_python' and name 'hw4'
[0.213s] Level 1:colcon.colcon_core.package_identification:_identify(hw5) by extensions ['ignore', 'ignore_ament_install']
[0.213s] Level 1:colcon.colcon_core.package_identification:_identify(hw5) by extension 'ignore'
[0.213s] Level 1:colcon.colcon_core.package_identification:_identify(hw5) by extension 'ignore_ament_install'
[0.213s] Level 1:colcon.colcon_core.package_identification:_identify(hw5) by extensions ['colcon_pkg']
[0.213s] Level 1:colcon.colcon_core.package_identification:_identify(hw5) by extension 'colcon_pkg'
[0.213s] Level 1:colcon.colcon_core.package_identification:_identify(hw5) by extensions ['colcon_meta']
[0.213s] Level 1:colcon.colcon_core.package_identification:_identify(hw5) by extension 'colcon_meta'
[0.213s] Level 1:colcon.colcon_core.package_identification:_identify(hw5) by extensions ['ros']
[0.213s] Level 1:colcon.colcon_core.package_identification:_identify(hw5) by extension 'ros'
[0.214s] DEBUG:colcon.colcon_core.package_identification:Package 'hw5' with type 'ros.ament_python' and name 'hw5'
[0.214s] Level 1:colcon.colcon_core.package_identification:_identify(install) by extensions ['ignore', 'ignore_ament_install']
[0.215s] Level 1:colcon.colcon_core.package_identification:_identify(install) by extension 'ignore'
[0.215s] Level 1:colcon.colcon_core.package_identification:_identify(install) ignored
[0.215s] Level 1:colcon.colcon_core.package_identification:_identify(log) by extensions ['ignore', 'ignore_ament_install']
[0.215s] Level 1:colcon.colcon_core.package_identification:_identify(log) by extension 'ignore'
[0.215s] Level 1:colcon.colcon_core.package_identification:_identify(log) ignored
[0.216s] Level 1:colcon.colcon_core.package_identification:_identify(rob499_msgs) by extensions ['ignore', 'ignore_ament_install']
[0.216s] Level 1:colcon.colcon_core.package_identification:_identify(rob499_msgs) by extension 'ignore'
[0.216s] Level 1:colcon.colcon_core.package_identification:_identify(rob499_msgs) by extension 'ignore_ament_install'
[0.216s] Level 1:colcon.colcon_core.package_identification:_identify(rob499_msgs) by extensions ['colcon_pkg']
[0.216s] Level 1:colcon.colcon_core.package_identification:_identify(rob499_msgs) by extension 'colcon_pkg'
[0.216s] Level 1:colcon.colcon_core.package_identification:_identify(rob499_msgs) by extensions ['colcon_meta']
[0.216s] Level 1:colcon.colcon_core.package_identification:_identify(rob499_msgs) by extension 'colcon_meta'
[0.216s] Level 1:colcon.colcon_core.package_identification:_identify(rob499_msgs) by extensions ['ros']
[0.216s] Level 1:colcon.colcon_core.package_identification:_identify(rob499_msgs) by extension 'ros'
[0.217s] DEBUG:colcon.colcon_core.package_identification:Package 'rob499_msgs' with type 'ros.ament_cmake' and name 'rob499_msgs'
[0.217s] Level 1:colcon.colcon_core.package_identification:_identify(rob599) by extensions ['ignore', 'ignore_ament_install']
[0.217s] Level 1:colcon.colcon_core.package_identification:_identify(rob599) by extension 'ignore'
[0.217s] Level 1:colcon.colcon_core.package_identification:_identify(rob599) by extension 'ignore_ament_install'
[0.217s] Level 1:colcon.colcon_core.package_identification:_identify(rob599) by extensions ['colcon_pkg']
[0.217s] Level 1:colcon.colcon_core.package_identification:_identify(rob599) by extension 'colcon_pkg'
[0.217s] Level 1:colcon.colcon_core.package_identification:_identify(rob599) by extensions ['colcon_meta']
[0.217s] Level 1:colcon.colcon_core.package_identification:_identify(rob599) by extension 'colcon_meta'
[0.217s] Level 1:colcon.colcon_core.package_identification:_identify(rob599) by extensions ['ros']
[0.217s] Level 1:colcon.colcon_core.package_identification:_identify(rob599) by extension 'ros'
[0.217s] Level 1:colcon.colcon_core.package_identification:_identify(rob599) by extensions ['cmake', 'python']
[0.218s] Level 1:colcon.colcon_core.package_identification:_identify(rob599) by extension 'cmake'
[0.218s] Level 1:colcon.colcon_core.package_identification:_identify(rob599) by extension 'python'
[0.218s] Level 1:colcon.colcon_core.package_identification:_identify(rob599) by extensions ['python_setup_py']
[0.218s] Level 1:colcon.colcon_core.package_identification:_identify(rob599) by extension 'python_setup_py'
[0.218s] Level 1:colcon.colcon_core.package_identification:_identify(rob599/rob599_basic) by extensions ['ignore', 'ignore_ament_install']
[0.218s] Level 1:colcon.colcon_core.package_identification:_identify(rob599/rob599_basic) by extension 'ignore'
[0.219s] Level 1:colcon.colcon_core.package_identification:_identify(rob599/rob599_basic) by extension 'ignore_ament_install'
[0.219s] Level 1:colcon.colcon_core.package_identification:_identify(rob599/rob599_basic) by extensions ['colcon_pkg']
[0.219s] Level 1:colcon.colcon_core.package_identification:_identify(rob599/rob599_basic) by extension 'colcon_pkg'
[0.219s] Level 1:colcon.colcon_core.package_identification:_identify(rob599/rob599_basic) by extensions ['colcon_meta']
[0.219s] Level 1:colcon.colcon_core.package_identification:_identify(rob599/rob599_basic) by extension 'colcon_meta'
[0.219s] Level 1:colcon.colcon_core.package_identification:_identify(rob599/rob599_basic) by extensions ['ros']
[0.219s] Level 1:colcon.colcon_core.package_identification:_identify(rob599/rob599_basic) by extension 'ros'
[0.219s] DEBUG:colcon.colcon_core.package_identification:Package 'rob599/rob599_basic' with type 'ros.ament_python' and name 'rob599_basic'
[0.220s] Level 1:colcon.colcon_core.package_identification:_identify(rob599/rob599_basic_cpp) by extensions ['ignore', 'ignore_ament_install']
[0.220s] Level 1:colcon.colcon_core.package_identification:_identify(rob599/rob599_basic_cpp) by extension 'ignore'
[0.220s] Level 1:colcon.colcon_core.package_identification:_identify(rob599/rob599_basic_cpp) by extension 'ignore_ament_install'
[0.220s] Level 1:colcon.colcon_core.package_identification:_identify(rob599/rob599_basic_cpp) by extensions ['colcon_pkg']
[0.220s] Level 1:colcon.colcon_core.package_identification:_identify(rob599/rob599_basic_cpp) by extension 'colcon_pkg'
[0.220s] Level 1:colcon.colcon_core.package_identification:_identify(rob599/rob599_basic_cpp) by extensions ['colcon_meta']
[0.220s] Level 1:colcon.colcon_core.package_identification:_identify(rob599/rob599_basic_cpp) by extension 'colcon_meta'
[0.220s] Level 1:colcon.colcon_core.package_identification:_identify(rob599/rob599_basic_cpp) by extensions ['ros']
[0.220s] Level 1:colcon.colcon_core.package_identification:_identify(rob599/rob599_basic_cpp) by extension 'ros'
[0.221s] DEBUG:colcon.colcon_core.package_identification:Package 'rob599/rob599_basic_cpp' with type 'ros.ament_cmake' and name 'rob599_basic_cpp'
[0.221s] Level 1:colcon.colcon_core.package_identification:_identify(rob599/rob599_more) by extensions ['ignore', 'ignore_ament_install']
[0.221s] Level 1:colcon.colcon_core.package_identification:_identify(rob599/rob599_more) by extension 'ignore'
[0.221s] Level 1:colcon.colcon_core.package_identification:_identify(rob599/rob599_more) by extension 'ignore_ament_install'
[0.221s] Level 1:colcon.colcon_core.package_identification:_identify(rob599/rob599_more) by extensions ['colcon_pkg']
[0.221s] Level 1:colcon.colcon_core.package_identification:_identify(rob599/rob599_more) by extension 'colcon_pkg'
[0.221s] Level 1:colcon.colcon_core.package_identification:_identify(rob599/rob599_more) by extensions ['colcon_meta']
[0.221s] Level 1:colcon.colcon_core.package_identification:_identify(rob599/rob599_more) by extension 'colcon_meta'
[0.221s] Level 1:colcon.colcon_core.package_identification:_identify(rob599/rob599_more) by extensions ['ros']
[0.221s] Level 1:colcon.colcon_core.package_identification:_identify(rob599/rob599_more) by extension 'ros'
[0.222s] DEBUG:colcon.colcon_core.package_identification:Package 'rob599/rob599_more' with type 'ros.ament_python' and name 'rob599_more'
[0.222s] Level 1:colcon.colcon_core.package_identification:_identify(rob599/rob599_msgs) by extensions ['ignore', 'ignore_ament_install']
[0.222s] Level 1:colcon.colcon_core.package_identification:_identify(rob599/rob599_msgs) by extension 'ignore'
[0.222s] Level 1:colcon.colcon_core.package_identification:_identify(rob599/rob599_msgs) by extension 'ignore_ament_install'
[0.222s] Level 1:colcon.colcon_core.package_identification:_identify(rob599/rob599_msgs) by extensions ['colcon_pkg']
[0.222s] Level 1:colcon.colcon_core.package_identification:_identify(rob599/rob599_msgs) by extension 'colcon_pkg'
[0.222s] Level 1:colcon.colcon_core.package_identification:_identify(rob599/rob599_msgs) by extensions ['colcon_meta']
[0.222s] Level 1:colcon.colcon_core.package_identification:_identify(rob599/rob599_msgs) by extension 'colcon_meta'
[0.222s] Level 1:colcon.colcon_core.package_identification:_identify(rob599/rob599_msgs) by extensions ['ros']
[0.222s] Level 1:colcon.colcon_core.package_identification:_identify(rob599/rob599_msgs) by extension 'ros'
[0.223s] DEBUG:colcon.colcon_core.package_identification:Package 'rob599/rob599_msgs' with type 'ros.ament_cmake' and name 'rob599_msgs'
[0.223s] Level 1:colcon.colcon_core.package_discovery:discover_packages(recursive) using defaults
[0.223s] Level 1:colcon.colcon_core.package_discovery:discover_packages(ignore) discover
[0.223s] Level 1:colcon.colcon_core.package_discovery:discover_packages(ignore) using defaults
[0.223s] Level 1:colcon.colcon_core.package_discovery:discover_packages(path) discover
[0.223s] Level 1:colcon.colcon_core.package_discovery:discover_packages(path) using defaults
[0.244s] INFO:colcon.colcon_core.package_selection:Skipping not selected package 'hw2' in 'hw2'
[0.244s] INFO:colcon.colcon_core.package_selection:Skipping not selected package 'hw3' in 'hw3'
[0.244s] INFO:colcon.colcon_core.package_selection:Skipping not selected package 'hw4' in 'hw4'
[0.244s] INFO:colcon.colcon_core.package_selection:Skipping not selected package 'rob499_msgs' in 'rob499_msgs'
[0.244s] INFO:colcon.colcon_core.package_selection:Skipping not selected package 'rob599_basic' in 'rob599/rob599_basic'
[0.244s] INFO:colcon.colcon_core.package_selection:Skipping not selected package 'rob599_basic_cpp' in 'rob599/rob599_basic_cpp'
[0.244s] INFO:colcon.colcon_core.package_selection:Skipping not selected package 'rob599_more' in 'rob599/rob599_more'
[0.244s] INFO:colcon.colcon_core.package_selection:Skipping not selected package 'rob599_msgs' in 'rob599/rob599_msgs'
[0.245s] Level 5:colcon.colcon_core.verb:set package 'hw5' build argument 'cmake_args' from command line to 'None'
[0.245s] Level 5:colcon.colcon_core.verb:set package 'hw5' build argument 'cmake_target' from command line to 'None'
[0.245s] Level 5:colcon.colcon_core.verb:set package 'hw5' build argument 'cmake_target_skip_unavailable' from command line to 'False'
[0.245s] Level 5:colcon.colcon_core.verb:set package 'hw5' build argument 'cmake_clean_cache' from command line to 'False'
[0.245s] Level 5:colcon.colcon_core.verb:set package 'hw5' build argument 'cmake_clean_first' from command line to 'False'
[0.245s] Level 5:colcon.colcon_core.verb:set package 'hw5' build argument 'cmake_force_configure' from command line to 'False'
[0.245s] Level 5:colcon.colcon_core.verb:set package 'hw5' build argument 'ament_cmake_args' from command line to 'None'
[0.245s] Level 5:colcon.colcon_core.verb:set package 'hw5' build argument 'catkin_cmake_args' from command line to 'None'
[0.245s] Level 5:colcon.colcon_core.verb:set package 'hw5' build argument 'catkin_skip_building_tests' from command line to 'False'
[0.245s] DEBUG:colcon.colcon_core.verb:Building package 'hw5' with the following arguments: {'ament_cmake_args': None, 'build_base': '/home/hungatec/rob499_ws/src/build/hw5', 'catkin_cmake_args': None, 'catkin_skip_building_tests': False, 'cmake_args': None, 'cmake_clean_cache': False, 'cmake_clean_first': False, 'cmake_force_configure': False, 'cmake_target': None, 'cmake_target_skip_unavailable': False, 'install_base': '/home/hungatec/rob499_ws/src/install/hw5', 'merge_install': False, 'path': '/home/hungatec/rob499_ws/src/hw5', 'symlink_install': False, 'test_result_base': None}
[0.245s] INFO:colcon.colcon_core.executor:Executing jobs using 'parallel' executor
[0.247s] DEBUG:colcon.colcon_parallel_executor.executor.parallel:run_until_complete
[0.248s] INFO:colcon.colcon_ros.task.ament_python.build:Building ROS package in '/home/hungatec/rob499_ws/src/hw5' with build type 'ament_python'
[0.248s] Level 1:colcon.colcon_core.shell:create_environment_hook('hw5', 'ament_prefix_path')
[0.257s] INFO:colcon.colcon_core.plugin_system:Skipping extension 'colcon_core.shell.bat': Not used on non-Windows systems
[0.259s] INFO:colcon.colcon_core.shell:Creating environment descriptor '/home/hungatec/rob499_ws/src/install/hw5/share/hw5/hook/ament_prefix_path.dsv'
[0.261s] INFO:colcon.colcon_core.shell:Creating environment hook '/home/hungatec/rob499_ws/src/install/hw5/share/hw5/hook/ament_prefix_path.sh'
[0.262s] DEBUG:colcon.colcon_core.shell:Skip shell extension 'dsv' for command environment
[0.532s] INFO:colcon.colcon_core.task.python.build:Building Python package in '/home/hungatec/rob499_ws/src/hw5'
[0.532s] DEBUG:colcon.colcon_core.shell:Skip shell extension 'dsv' for command environment
[1.656s] DEBUG:colcon.colcon_core.event_handler.log_command:Invoking command in '/home/hungatec/rob499_ws/src/hw5': DEBUGINFOD_URLS=https://debuginfod.ubuntu.com PYTHONPATH=/home/hungatec/rob499_ws/src/build/hw5/prefix_override:/usr/lib/python3/dist-packages/colcon_core/task/python/colcon_distutils_commands:/home/hungatec/rob499_ws/src/install/hw5/lib/python3.12/site-packages:${PYTHONPATH} /usr/bin/python3 -W ignore:setup.py install is deprecated -W ignore:easy_install command is deprecated setup.py egg_info --egg-base ../build/hw5 build --build-base /home/hungatec/rob499_ws/src/build/hw5/build install --record /home/hungatec/rob499_ws/src/build/hw5/install.log --single-version-externally-managed install_data
[2.521s] DEBUG:colcon.colcon_core.event_handler.log_command:Invoked command in '/home/hungatec/rob499_ws/src/hw5' returned '0': DEBUGINFOD_URLS=https://debuginfod.ubuntu.com PYTHONPATH=/home/hungatec/rob499_ws/src/build/hw5/prefix_override:/usr/lib/python3/dist-packages/colcon_core/task/python/colcon_distutils_commands:/home/hungatec/rob499_ws/src/install/hw5/lib/python3.12/site-packages:${PYTHONPATH} /usr/bin/python3 -W ignore:setup.py install is deprecated -W ignore:easy_install command is deprecated setup.py egg_info --egg-base ../build/hw5 build --build-base /home/hungatec/rob499_ws/src/build/hw5/build install --record /home/hungatec/rob499_ws/src/build/hw5/install.log --single-version-externally-managed install_data
[2.524s] Level 1:colcon.colcon_core.environment:checking '/home/hungatec/rob499_ws/src/install/hw5' for CMake module files
[2.524s] Level 1:colcon.colcon_core.environment:checking '/home/hungatec/rob499_ws/src/install/hw5' for CMake config files
[2.525s] Level 1:colcon.colcon_core.environment:checking '/home/hungatec/rob499_ws/src/install/hw5/lib'
[2.525s] Level 1:colcon.colcon_core.environment:checking '/home/hungatec/rob499_ws/src/install/hw5/bin'
[2.525s] Level 1:colcon.colcon_core.environment:checking '/home/hungatec/rob499_ws/src/install/hw5/lib/pkgconfig/hw5.pc'
[2.526s] Level 1:colcon.colcon_core.environment:checking '/home/hungatec/rob499_ws/src/install/hw5/lib/python3.12/site-packages'
[2.526s] Level 1:colcon.colcon_core.shell:create_environment_hook('hw5', 'pythonpath')
[2.526s] INFO:colcon.colcon_core.shell:Creating environment descriptor '/home/hungatec/rob499_ws/src/install/hw5/share/hw5/hook/pythonpath.dsv'
[2.527s] INFO:colcon.colcon_core.shell:Creating environment hook '/home/hungatec/rob499_ws/src/install/hw5/share/hw5/hook/pythonpath.sh'
[2.528s] Level 1:colcon.colcon_core.environment:checking '/home/hungatec/rob499_ws/src/install/hw5/bin'
[2.528s] Level 1:colcon.colcon_core.environment:create_environment_scripts_only(hw5)
[2.528s] INFO:colcon.colcon_core.shell:Creating package descriptor '/home/hungatec/rob499_ws/src/install/hw5/share/hw5/package.dsv'
[2.529s] INFO:colcon.colcon_core.shell:Creating package script '/home/hungatec/rob499_ws/src/install/hw5/share/hw5/package.sh'
[2.530s] INFO:colcon.colcon_core.shell:Creating package script '/home/hungatec/rob499_ws/src/install/hw5/share/hw5/package.bash'
[2.530s] INFO:colcon.colcon_core.shell:Creating package script '/home/hungatec/rob499_ws/src/install/hw5/share/hw5/package.zsh'
[2.531s] Level 1:colcon.colcon_core.environment:create_file_with_runtime_dependencies(/home/hungatec/rob499_ws/src/install/hw5/share/colcon-core/packages/hw5)
[2.532s] DEBUG:colcon.colcon_parallel_executor.executor.parallel:closing loop
[2.532s] DEBUG:colcon.colcon_parallel_executor.executor.parallel:loop closed
[2.532s] DEBUG:colcon.colcon_parallel_executor.executor.parallel:run_until_complete finished with '0'
[2.532s] DEBUG:colcon.colcon_core.event_reactor:joining thread
[2.544s] INFO:colcon.colcon_core.plugin_system:Skipping extension 'colcon_notification.desktop_notification.terminal_notifier': Not used on non-Darwin systems
[2.544s] INFO:colcon.colcon_core.plugin_system:Skipping extension 'colcon_notification.desktop_notification.win32': Not used on non-Windows systems
[2.544s] INFO:colcon.colcon_notification.desktop_notification:Sending desktop notification using 'notify2'
[2.587s] DEBUG:colcon.colcon_core.event_reactor:joined thread
[2.588s] INFO:colcon.colcon_core.shell:Creating prefix script '/home/hungatec/rob499_ws/src/install/local_setup.sh'
[2.590s] INFO:colcon.colcon_core.shell:Creating prefix util module '/home/hungatec/rob499_ws/src/install/_local_setup_util_sh.py'
[2.592s] INFO:colcon.colcon_core.shell:Creating prefix chain script '/home/hungatec/rob499_ws/src/install/setup.sh'
[2.596s] INFO:colcon.colcon_core.shell:Creating prefix script '/home/hungatec/rob499_ws/src/install/local_setup.bash'
[2.598s] INFO:colcon.colcon_core.shell:Creating prefix chain script '/home/hungatec/rob499_ws/src/install/setup.bash'
[2.601s] INFO:colcon.colcon_core.shell:Creating prefix script '/home/hungatec/rob499_ws/src/install/local_setup.zsh'
[2.602s] INFO:colcon.colcon_core.shell:Creating prefix chain script '/home/hungatec/rob499_ws/src/install/setup.zsh'
