[0.103s] Invoking command in '/home/hungatec/rob499_ws/build/hw6': CMAKE_PREFIX_PATH=${CMAKE_PREFIX_PATH}:/home/hungatec/rob499_ws/install/rob599_more:/home/hungatec/rob499_ws/install/rob599_basic:/home/hungatec/rob499_ws/install/hw5:/home/hungatec/rob499_ws/install/hw4:/home/hungatec/rob499_ws/install/hw3:/home/hungatec/rob499_ws/install/hw2:/opt/ros/jazzy DEBUGINFOD_URLS=https://debuginfod.ubuntu.com /usr/bin/cmake --build /home/hungatec/rob499_ws/build/hw6 -- -j4 -l4
[0.898s] [ 12%] [32mBuilding CXX object CMakeFiles/data_sender.dir/src/data_sender.cpp.o[0m
[0.910s] [ 37%] Built target data_receiver
[0.913s] [ 62%] Built target oscope
[0.913s] [ 87%] Built target limiter
[10.999s] [100%] [32m[1mLinking CXX executable data_sender[0m
[11.569s] [100%] Built target data_sender
[11.615s] Invoked command in '/home/hungatec/rob499_ws/build/hw6' returned '0': CMAKE_PREFIX_PATH=${CMAKE_PREFIX_PATH}:/home/hungatec/rob499_ws/install/rob599_more:/home/hungatec/rob499_ws/install/rob599_basic:/home/hungatec/rob499_ws/install/hw5:/home/hungatec/rob499_ws/install/hw4:/home/hungatec/rob499_ws/install/hw3:/home/hungatec/rob499_ws/install/hw2:/opt/ros/jazzy DEBUGINFOD_URLS=https://debuginfod.ubuntu.com /usr/bin/cmake --build /home/hungatec/rob499_ws/build/hw6 -- -j4 -l4
[11.649s] Invoking command in '/home/hungatec/rob499_ws/build/hw6': CMAKE_PREFIX_PATH=${CMAKE_PREFIX_PATH}:/home/hungatec/rob499_ws/install/rob599_more:/home/hungatec/rob499_ws/install/rob599_basic:/home/hungatec/rob499_ws/install/hw5:/home/hungatec/rob499_ws/install/hw4:/home/hungatec/rob499_ws/install/hw3:/home/hungatec/rob499_ws/install/hw2:/opt/ros/jazzy DEBUGINFOD_URLS=https://debuginfod.ubuntu.com /usr/bin/cmake --install /home/hungatec/rob499_ws/build/hw6
[11.674s] -- Install configuration: ""
[11.685s] -- Up-to-date: /home/hungatec/rob499_ws/install/hw6/lib/hw6/oscope
[11.690s] -- Up-to-date: /home/hungatec/rob499_ws/install/hw6/lib/hw6/limiter
[11.692s] -- Installing: /home/hungatec/rob499_ws/install/hw6/lib/hw6/data_sender
[11.696s] -- Set non-toolchain portion of runtime path of "/home/hungatec/rob499_ws/install/hw6/lib/hw6/data_sender" to ""
[11.696s] -- Up-to-date: /home/hungatec/rob499_ws/install/hw6/lib/hw6/data_receiver
[11.701s] -- Up-to-date: /home/hungatec/rob499_ws/install/hw6/share/hw6/launch
[11.707s] -- Up-to-date: /home/hungatec/rob499_ws/install/hw6/share/hw6/launch/limited_oscope.py
[11.711s] -- Up-to-date: /home/hungatec/rob499_ws/install/hw6/share/hw6/launch/comparison_launch.py
[11.711s] -- Up-to-date: /home/hungatec/rob499_ws/install/hw6/share/ament_index/resource_index/package_run_dependencies/hw6
[11.711s] -- Up-to-date: /home/hungatec/rob499_ws/install/hw6/share/ament_index/resource_index/parent_prefix_path/hw6
[11.711s] -- Up-to-date: /home/hungatec/rob499_ws/install/hw6/share/hw6/environment/ament_prefix_path.sh
[11.712s] -- Up-to-date: /home/hungatec/rob499_ws/install/hw6/share/hw6/environment/ament_prefix_path.dsv
[11.713s] -- Up-to-date: /home/hungatec/rob499_ws/install/hw6/share/hw6/environment/path.sh
[11.713s] -- Up-to-date: /home/hungatec/rob499_ws/install/hw6/share/hw6/environment/path.dsv
[11.713s] -- Up-to-date: /home/hungatec/rob499_ws/install/hw6/share/hw6/local_setup.bash
[11.713s] -- Up-to-date: /home/hungatec/rob499_ws/install/hw6/share/hw6/local_setup.sh
[11.713s] -- Up-to-date: /home/hungatec/rob499_ws/install/hw6/share/hw6/local_setup.zsh
[11.713s] -- Up-to-date: /home/hungatec/rob499_ws/install/hw6/share/hw6/local_setup.dsv
[11.713s] -- Installing: /home/hungatec/rob499_ws/install/hw6/share/hw6/package.dsv
[11.714s] -- Up-to-date: /home/hungatec/rob499_ws/install/hw6/share/ament_index/resource_index/packages/hw6
[11.714s] -- Up-to-date: /home/hungatec/rob499_ws/install/hw6/share/hw6/cmake/hw6Config.cmake
[11.714s] -- Up-to-date: /home/hungatec/rob499_ws/install/hw6/share/hw6/cmake/hw6Config-version.cmake
[11.714s] -- Up-to-date: /home/hungatec/rob499_ws/install/hw6/share/hw6/package.xml
[11.720s] Invoked command in '/home/hungatec/rob499_ws/build/hw6' returned '0': CMAKE_PREFIX_PATH=${CMAKE_PREFIX_PATH}:/home/hungatec/rob499_ws/install/rob599_more:/home/hungatec/rob499_ws/install/rob599_basic:/home/hungatec/rob499_ws/install/hw5:/home/hungatec/rob499_ws/install/hw4:/home/hungatec/rob499_ws/install/hw3:/home/hungatec/rob499_ws/install/hw2:/opt/ros/jazzy DEBUGINFOD_URLS=https://debuginfod.ubuntu.com /usr/bin/cmake --install /home/hungatec/rob499_ws/build/hw6
