[1.189s] Invoking command in '/home/hungatec/rob499_ws/src/hw7_py': DEBUGINFOD_URLS=https://debuginfod.ubuntu.com PYTHONPATH=/home/hungatec/rob499_ws/build/hw7_py/prefix_override:/usr/lib/python3/dist-packages/colcon_core/task/python/colcon_distutils_commands:/home/hungatec/rob499_ws/install/hw7_py/lib/python3.12/site-packages:${PYTHONPATH} /usr/bin/python3 -W ignore:setup.py install is deprecated -W ignore:easy_install command is deprecated setup.py egg_info --egg-base ../../build/hw7_py build --build-base /home/hungatec/rob499_ws/build/hw7_py/build install --record /home/hungatec/rob499_ws/build/hw7_py/install.log --single-version-externally-managed install_data
[1.693s] running egg_info
[1.722s] writing ../../build/hw7_py/hw7_py.egg-info/PKG-INFO
[1.727s] writing dependency_links to ../../build/hw7_py/hw7_py.egg-info/dependency_links.txt
[1.727s] writing entry points to ../../build/hw7_py/hw7_py.egg-info/entry_points.txt
[1.727s] writing requirements to ../../build/hw7_py/hw7_py.egg-info/requires.txt
[1.727s] writing top-level names to ../../build/hw7_py/hw7_py.egg-info/top_level.txt
[1.806s] reading manifest file '../../build/hw7_py/hw7_py.egg-info/SOURCES.txt'
[1.807s] adding license file 'LICENSE'
[1.810s] writing manifest file '../../build/hw7_py/hw7_py.egg-info/SOURCES.txt'
[1.810s] running build
[1.811s] running build_py
[1.812s] copying hw7_py/object_detector.py -> /home/hungatec/rob499_ws/build/hw7_py/build/lib/hw7_py
[1.813s] running install
[1.828s] running install_lib
[1.870s] copying /home/hungatec/rob499_ws/build/hw7_py/build/lib/hw7_py/object_detector.py -> /home/hungatec/rob499_ws/install/hw7_py/lib/python3.12/site-packages/hw7_py
[1.872s] byte-compiling /home/hungatec/rob499_ws/install/hw7_py/lib/python3.12/site-packages/hw7_py/object_detector.py to object_detector.cpython-312.pyc
[1.876s] running install_data
[1.876s] running install_egg_info
[1.907s] removing '/home/hungatec/rob499_ws/install/hw7_py/lib/python3.12/site-packages/hw7_py-0.0.0-py3.12.egg-info' (and everything under it)
[1.916s] Copying ../../build/hw7_py/hw7_py.egg-info to /home/hungatec/rob499_ws/install/hw7_py/lib/python3.12/site-packages/hw7_py-0.0.0-py3.12.egg-info
[1.916s] running install_scripts
[2.095s] Installing object_detector script to /home/hungatec/rob499_ws/install/hw7_py/lib/hw7_py
[2.096s] writing list of installed files to '/home/hungatec/rob499_ws/build/hw7_py/install.log'
[2.134s] Invoked command in '/home/hungatec/rob499_ws/src/hw7_py' returned '0': DEBUGINFOD_URLS=https://debuginfod.ubuntu.com PYTHONPATH=/home/hungatec/rob499_ws/build/hw7_py/prefix_override:/usr/lib/python3/dist-packages/colcon_core/task/python/colcon_distutils_commands:/home/hungatec/rob499_ws/install/hw7_py/lib/python3.12/site-packages:${PYTHONPATH} /usr/bin/python3 -W ignore:setup.py install is deprecated -W ignore:easy_install command is deprecated setup.py egg_info --egg-base ../../build/hw7_py build --build-base /home/hungatec/rob499_ws/build/hw7_py/build install --record /home/hungatec/rob499_ws/build/hw7_py/install.log --single-version-externally-managed install_data
