-- The C compiler identification is GNU 13.3.0
-- The CXX compiler identification is GNU 13.3.0
-- Detecting C compiler ABI info
-- Detecting C compiler ABI info - done
-- Check for working C compiler: /usr/bin/cc - skipped
-- Detecting C compile features
-- Detecting C compile features - done
-- Detecting CXX compiler ABI info
-- Detecting CXX compiler ABI info - done
-- Check for working CXX compiler: /usr/bin/c++ - skipped
-- Detecting CXX compile features
-- Detecting CXX compile features - done
-- Found ament_cmake: 2.5.4 (/opt/ros/jazzy/share/ament_cmake/cmake)
-- Found Python3: /usr/bin/python3 (found version "3.12.3") found components: Interpreter 
-- Found ament_lint_auto: 0.17.2 (/opt/ros/jazzy/share/ament_lint_auto/cmake)
-- Found builtin_interfaces: 2.0.2 (/opt/ros/jazzy/share/builtin_interfaces/cmake)
-- Found rosidl_generator_c: 4.6.5 (/opt/ros/jazzy/share/rosidl_generator_c/cmake)
-- Found rosidl_generator_cpp: 4.6.5 (/opt/ros/jazzy/share/rosidl_generator_cpp/cmake)
-- Using all available rosidl_typesupport_c: rosidl_typesupport_fastrtps_c;rosidl_typesupport_introspection_c
-- Using all available rosidl_typesupport_cpp: rosidl_typesupport_fastrtps_cpp;rosidl_typesupport_introspection_cpp
-- Found rosidl_default_generators: 1.6.0 (/opt/ros/jazzy/share/rosidl_default_generators/cmake)
-- Found rosidl_adapter: 4.6.5 (/opt/ros/jazzy/share/rosidl_adapter/cmake)
-- Found ament_cmake_ros: 0.12.0 (/opt/ros/jazzy/share/ament_cmake_ros/cmake)
-- Using all available rosidl_typesupport_c: rosidl_typesupport_fastrtps_c;rosidl_typesupport_introspection_c
-- Using all available rosidl_typesupport_cpp: rosidl_typesupport_fastrtps_cpp;rosidl_typesupport_introspection_cpp
-- Found python_cmake_module: 0.11.1 (/opt/ros/jazzy/share/python_cmake_module/cmake)
-- Found PythonExtra: /usr/bin/python3  
-- Found Python3: /usr/bin/python3 (found version "3.12.3") found components: Interpreter Development NumPy Development.Module Development.Embed 
-- Added test 'lint_cmake' to check CMake code style
-- Added test 'xmllint' to check XML markup files
-- Configuring done (5.0s)
-- Generating done (0.1s)
-- Build files have been written to: /home/hungatec/rob499_ws/build/rob499_msgs
[  1%] [34m[1mGenerating type hashes for ROS interfaces[0m
[  1%] Built target ament_cmake_python_copy_rob499_msgs
[  1%] Built target rob499_msgs__rosidl_generator_type_description
running egg_info
creating rob499_msgs.egg-info
[  3%] [34m[1mGenerating C code for ROS interfaces[0m
[  4%] [34m[1mGenerating C++ code for ROS interfaces[0m
writing rob499_msgs.egg-info/PKG-INFO
writing dependency_links to rob499_msgs.egg-info/dependency_links.txt
writing top-level names to rob499_msgs.egg-info/top_level.txt
writing manifest file 'rob499_msgs.egg-info/SOURCES.txt'
reading manifest file 'rob499_msgs.egg-info/SOURCES.txt'
writing manifest file 'rob499_msgs.egg-info/SOURCES.txt'
[  4%] Built target ament_cmake_python_build_rob499_msgs_egg
[  4%] Built target rob499_msgs__cpp
[ 10%] [32mBuilding C object CMakeFiles/rob499_msgs__rosidl_generator_c.dir/rosidl_generator_c/rob499_msgs/msg/detail/test_packet__type_support.c.o[0m
[ 10%] [32mBuilding C object CMakeFiles/rob499_msgs__rosidl_generator_c.dir/rosidl_generator_c/rob499_msgs/msg/detail/test_packet__description.c.o[0m
[ 10%] [32mBuilding C object CMakeFiles/rob499_msgs__rosidl_generator_c.dir/rosidl_generator_c/rob499_msgs/srv/detail/send_data__description.c.o[0m
[ 10%] [32mBuilding C object CMakeFiles/rob499_msgs__rosidl_generator_c.dir/rosidl_generator_c/rob499_msgs/msg/detail/test_packet__functions.c.o[0m
[ 12%] [32mBuilding C object CMakeFiles/rob499_msgs__rosidl_generator_c.dir/rosidl_generator_c/rob499_msgs/srv/detail/send_data__functions.c.o[0m
[ 14%] [32mBuilding C object CMakeFiles/rob499_msgs__rosidl_generator_c.dir/rosidl_generator_c/rob499_msgs/srv/detail/send_data__type_support.c.o[0m
[ 15%] [32mBuilding C object CMakeFiles/rob499_msgs__rosidl_generator_c.dir/rosidl_generator_c/rob499_msgs/srv/detail/enable_logging__description.c.o[0m
[ 17%] [32mBuilding C object CMakeFiles/rob499_msgs__rosidl_generator_c.dir/rosidl_generator_c/rob499_msgs/srv/detail/enable_logging__functions.c.o[0m
[ 18%] [32mBuilding C object CMakeFiles/rob499_msgs__rosidl_generator_c.dir/rosidl_generator_c/rob499_msgs/srv/detail/enable_logging__type_support.c.o[0m
[ 20%] [32mBuilding C object CMakeFiles/rob499_msgs__rosidl_generator_c.dir/rosidl_generator_c/rob499_msgs/action/detail/launch_rocket__description.c.o[0m
[ 21%] [32mBuilding C object CMakeFiles/rob499_msgs__rosidl_generator_c.dir/rosidl_generator_c/rob499_msgs/action/detail/launch_rocket__functions.c.o[0m
[ 23%] [32mBuilding C object CMakeFiles/rob499_msgs__rosidl_generator_c.dir/rosidl_generator_c/rob499_msgs/action/detail/launch_rocket__type_support.c.o[0m
[ 25%] [32m[1mLinking C shared library librob499_msgs__rosidl_generator_c.so[0m
[ 25%] Built target rob499_msgs__rosidl_generator_c
[ 29%] [34m[1mGenerating C type support for eProsima Fast-RTPS[0m
[ 29%] [34m[1mGenerating C++ type support for eProsima Fast-RTPS[0m
[ 29%] [34m[1mGenerating C++ type support dispatch for ROS interfaces[0m
[ 31%] [34m[1mGenerating C introspection for ROS interfaces[0m
[ 32%] [32mBuilding CXX object CMakeFiles/rob499_msgs__rosidl_typesupport_cpp.dir/rosidl_typesupport_cpp/rob499_msgs/msg/test_packet__type_support.cpp.o[0m
[ 34%] [32mBuilding C object CMakeFiles/rob499_msgs__rosidl_typesupport_introspection_c.dir/rosidl_typesupport_introspection_c/rob499_msgs/msg/detail/test_packet__type_support.c.o[0m
[ 35%] [32mBuilding C object CMakeFiles/rob499_msgs__rosidl_typesupport_introspection_c.dir/rosidl_typesupport_introspection_c/rob499_msgs/srv/detail/send_data__type_support.c.o[0m
[ 37%] [32mBuilding C object CMakeFiles/rob499_msgs__rosidl_typesupport_introspection_c.dir/rosidl_typesupport_introspection_c/rob499_msgs/srv/detail/enable_logging__type_support.c.o[0m
[ 39%] [32mBuilding CXX object CMakeFiles/rob499_msgs__rosidl_typesupport_cpp.dir/rosidl_typesupport_cpp/rob499_msgs/srv/send_data__type_support.cpp.o[0m
[ 40%] [32mBuilding CXX object CMakeFiles/rob499_msgs__rosidl_typesupport_fastrtps_cpp.dir/rosidl_typesupport_fastrtps_cpp/rob499_msgs/msg/detail/dds_fastrtps/test_packet__type_support.cpp.o[0m
[ 42%] [32mBuilding C object CMakeFiles/rob499_msgs__rosidl_typesupport_introspection_c.dir/rosidl_typesupport_introspection_c/rob499_msgs/action/detail/launch_rocket__type_support.c.o[0m
[ 43%] [32mBuilding CXX object CMakeFiles/rob499_msgs__rosidl_typesupport_fastrtps_c.dir/rosidl_typesupport_fastrtps_c/rob499_msgs/msg/detail/test_packet__type_support_c.cpp.o[0m
[ 45%] [32m[1mLinking C shared library librob499_msgs__rosidl_typesupport_introspection_c.so[0m
[ 45%] Built target rob499_msgs__rosidl_typesupport_introspection_c
[ 46%] [34m[1mGenerating C type support dispatch for ROS interfaces[0m
[ 48%] [32mBuilding CXX object CMakeFiles/rob499_msgs__rosidl_typesupport_cpp.dir/rosidl_typesupport_cpp/rob499_msgs/srv/enable_logging__type_support.cpp.o[0m
[ 50%] [32mBuilding CXX object CMakeFiles/rob499_msgs__rosidl_typesupport_fastrtps_cpp.dir/rosidl_typesupport_fastrtps_cpp/rob499_msgs/srv/detail/dds_fastrtps/send_data__type_support.cpp.o[0m
[ 51%] [32mBuilding CXX object CMakeFiles/rob499_msgs__rosidl_typesupport_c.dir/rosidl_typesupport_c/rob499_msgs/msg/test_packet__type_support.cpp.o[0m
[ 53%] [32mBuilding CXX object CMakeFiles/rob499_msgs__rosidl_typesupport_fastrtps_c.dir/rosidl_typesupport_fastrtps_c/rob499_msgs/srv/detail/send_data__type_support_c.cpp.o[0m
[ 54%] [32mBuilding CXX object CMakeFiles/rob499_msgs__rosidl_typesupport_c.dir/rosidl_typesupport_c/rob499_msgs/srv/send_data__type_support.cpp.o[0m
[ 56%] [32mBuilding CXX object CMakeFiles/rob499_msgs__rosidl_typesupport_c.dir/rosidl_typesupport_c/rob499_msgs/srv/enable_logging__type_support.cpp.o[0m
[ 57%] [32mBuilding CXX object CMakeFiles/rob499_msgs__rosidl_typesupport_c.dir/rosidl_typesupport_c/rob499_msgs/action/launch_rocket__type_support.cpp.o[0m
[ 59%] [32mBuilding CXX object CMakeFiles/rob499_msgs__rosidl_typesupport_cpp.dir/rosidl_typesupport_cpp/rob499_msgs/action/launch_rocket__type_support.cpp.o[0m
[ 60%] [32m[1mLinking CXX shared library librob499_msgs__rosidl_typesupport_c.so[0m
[ 60%] Built target rob499_msgs__rosidl_typesupport_c
[ 62%] [32mBuilding CXX object CMakeFiles/rob499_msgs__rosidl_typesupport_fastrtps_cpp.dir/rosidl_typesupport_fastrtps_cpp/rob499_msgs/srv/detail/dds_fastrtps/enable_logging__type_support.cpp.o[0m
[ 64%] [32mBuilding CXX object CMakeFiles/rob499_msgs__rosidl_typesupport_fastrtps_c.dir/rosidl_typesupport_fastrtps_c/rob499_msgs/srv/detail/enable_logging__type_support_c.cpp.o[0m
[ 65%] [32mBuilding CXX object CMakeFiles/rob499_msgs__rosidl_typesupport_fastrtps_cpp.dir/rosidl_typesupport_fastrtps_cpp/rob499_msgs/action/detail/dds_fastrtps/launch_rocket__type_support.cpp.o[0m
[ 67%] [32m[1mLinking CXX shared library librob499_msgs__rosidl_typesupport_cpp.so[0m
[ 68%] [34m[1mGenerating C++ introspection for ROS interfaces[0m
[ 68%] Built target rob499_msgs__rosidl_typesupport_cpp
[ 70%] [32mBuilding CXX object CMakeFiles/rob499_msgs__rosidl_typesupport_fastrtps_c.dir/rosidl_typesupport_fastrtps_c/rob499_msgs/action/detail/launch_rocket__type_support_c.cpp.o[0m
[ 73%] [32mBuilding CXX object CMakeFiles/rob499_msgs__rosidl_typesupport_introspection_cpp.dir/rosidl_typesupport_introspection_cpp/rob499_msgs/srv/detail/send_data__type_support.cpp.o[0m
[ 73%] [32mBuilding CXX object CMakeFiles/rob499_msgs__rosidl_typesupport_introspection_cpp.dir/rosidl_typesupport_introspection_cpp/rob499_msgs/msg/detail/test_packet__type_support.cpp.o[0m
[ 75%] [32m[1mLinking CXX shared library librob499_msgs__rosidl_typesupport_fastrtps_cpp.so[0m
[ 76%] [32m[1mLinking CXX shared library librob499_msgs__rosidl_typesupport_fastrtps_c.so[0m
[ 76%] Built target rob499_msgs__rosidl_typesupport_fastrtps_cpp
[ 78%] [32mBuilding CXX object CMakeFiles/rob499_msgs__rosidl_typesupport_introspection_cpp.dir/rosidl_typesupport_introspection_cpp/rob499_msgs/srv/detail/enable_logging__type_support.cpp.o[0m
[ 78%] Built target rob499_msgs__rosidl_typesupport_fastrtps_c
[ 79%] [32mBuilding CXX object CMakeFiles/rob499_msgs__rosidl_typesupport_introspection_cpp.dir/rosidl_typesupport_introspection_cpp/rob499_msgs/action/detail/launch_rocket__type_support.cpp.o[0m
[ 81%] [32m[1mLinking CXX shared library librob499_msgs__rosidl_typesupport_introspection_cpp.so[0m
[ 81%] Built target rob499_msgs__rosidl_typesupport_introspection_cpp
[ 81%] Built target rob499_msgs
[ 82%] [34m[1mGenerating Python code for ROS interfaces[0m
[ 82%] Built target rob499_msgs__py
[ 87%] [32mBuilding C object CMakeFiles/rob499_msgs__rosidl_generator_py.dir/rosidl_generator_py/rob499_msgs/msg/_test_packet_s.c.o[0m
[ 87%] [32mBuilding C object CMakeFiles/rob499_msgs__rosidl_generator_py.dir/rosidl_generator_py/rob499_msgs/srv/_enable_logging_s.c.o[0m
[ 89%] [32mBuilding C object CMakeFiles/rob499_msgs__rosidl_generator_py.dir/rosidl_generator_py/rob499_msgs/action/_launch_rocket_s.c.o[0m
[ 89%] [32mBuilding C object CMakeFiles/rob499_msgs__rosidl_generator_py.dir/rosidl_generator_py/rob499_msgs/srv/_send_data_s.c.o[0m
[ 90%] [32m[1mLinking C shared library librob499_msgs__rosidl_generator_py.so[0m
[ 90%] Built target rob499_msgs__rosidl_generator_py
[ 95%] [32mBuilding C object CMakeFiles/rob499_msgs_s__rosidl_typesupport_fastrtps_c.dir/rosidl_generator_py/rob499_msgs/_rob499_msgs_s.ep.rosidl_typesupport_fastrtps_c.c.o[0m
[ 95%] [32mBuilding C object CMakeFiles/rob499_msgs_s__rosidl_typesupport_c.dir/rosidl_generator_py/rob499_msgs/_rob499_msgs_s.ep.rosidl_typesupport_c.c.o[0m
[ 95%] [32mBuilding C object CMakeFiles/rob499_msgs_s__rosidl_typesupport_introspection_c.dir/rosidl_generator_py/rob499_msgs/_rob499_msgs_s.ep.rosidl_typesupport_introspection_c.c.o[0m
[ 96%] [32m[1mLinking C shared module rosidl_generator_py/rob499_msgs/rob499_msgs_s__rosidl_typesupport_c.so[0m
[ 98%] [32m[1mLinking C shared module rosidl_generator_py/rob499_msgs/rob499_msgs_s__rosidl_typesupport_introspection_c.so[0m
[100%] [32m[1mLinking C shared module rosidl_generator_py/rob499_msgs/rob499_msgs_s__rosidl_typesupport_fastrtps_c.so[0m
[100%] Built target rob499_msgs_s__rosidl_typesupport_c
[100%] Built target rob499_msgs_s__rosidl_typesupport_introspection_c
[100%] Built target rob499_msgs_s__rosidl_typesupport_fastrtps_c
-- Install configuration: ""
-- Installing: /home/hungatec/rob499_ws/install/rob499_msgs/share/ament_index/resource_index/rosidl_interfaces/rob499_msgs
-- Installing: /home/hungatec/rob499_ws/install/rob499_msgs/share/rob499_msgs/msg/TestPacket.json
-- Installing: /home/hungatec/rob499_ws/install/rob499_msgs/share/rob499_msgs/srv/SendData.json
-- Installing: /home/hungatec/rob499_ws/install/rob499_msgs/share/rob499_msgs/srv/EnableLogging.json
-- Installing: /home/hungatec/rob499_ws/install/rob499_msgs/share/rob499_msgs/action/LaunchRocket.json
-- Installing: /home/hungatec/rob499_ws/install/rob499_msgs/include/rob499_msgs/rob499_msgs
-- Installing: /home/hungatec/rob499_ws/install/rob499_msgs/include/rob499_msgs/rob499_msgs/msg
-- Installing: /home/hungatec/rob499_ws/install/rob499_msgs/include/rob499_msgs/rob499_msgs/msg/detail
-- Installing: /home/hungatec/rob499_ws/install/rob499_msgs/include/rob499_msgs/rob499_msgs/msg/detail/test_packet__functions.c
-- Installing: /home/hungatec/rob499_ws/install/rob499_msgs/include/rob499_msgs/rob499_msgs/msg/detail/test_packet__description.c
-- Installing: /home/hungatec/rob499_ws/install/rob499_msgs/include/rob499_msgs/rob499_msgs/msg/detail/test_packet__struct.h
-- Installing: /home/hungatec/rob499_ws/install/rob499_msgs/include/rob499_msgs/rob499_msgs/msg/detail/test_packet__type_support.c
-- Installing: /home/hungatec/rob499_ws/install/rob499_msgs/include/rob499_msgs/rob499_msgs/msg/detail/test_packet__type_support.h
-- Installing: /home/hungatec/rob499_ws/install/rob499_msgs/include/rob499_msgs/rob499_msgs/msg/detail/test_packet__functions.h
-- Installing: /home/hungatec/rob499_ws/install/rob499_msgs/include/rob499_msgs/rob499_msgs/msg/test_packet.h
-- Installing: /home/hungatec/rob499_ws/install/rob499_msgs/include/rob499_msgs/rob499_msgs/msg/rosidl_generator_c__visibility_control.h
-- Installing: /home/hungatec/rob499_ws/install/rob499_msgs/include/rob499_msgs/rob499_msgs/srv
-- Installing: /home/hungatec/rob499_ws/install/rob499_msgs/include/rob499_msgs/rob499_msgs/srv/enable_logging.h
-- Installing: /home/hungatec/rob499_ws/install/rob499_msgs/include/rob499_msgs/rob499_msgs/srv/detail
-- Installing: /home/hungatec/rob499_ws/install/rob499_msgs/include/rob499_msgs/rob499_msgs/srv/detail/enable_logging__functions.h
-- Installing: /home/hungatec/rob499_ws/install/rob499_msgs/include/rob499_msgs/rob499_msgs/srv/detail/send_data__functions.c
-- Installing: /home/hungatec/rob499_ws/install/rob499_msgs/include/rob499_msgs/rob499_msgs/srv/detail/enable_logging__type_support.c
-- Installing: /home/hungatec/rob499_ws/install/rob499_msgs/include/rob499_msgs/rob499_msgs/srv/detail/send_data__struct.h
-- Installing: /home/hungatec/rob499_ws/install/rob499_msgs/include/rob499_msgs/rob499_msgs/srv/detail/send_data__type_support.h
-- Installing: /home/hungatec/rob499_ws/install/rob499_msgs/include/rob499_msgs/rob499_msgs/srv/detail/send_data__type_support.c
-- Installing: /home/hungatec/rob499_ws/install/rob499_msgs/include/rob499_msgs/rob499_msgs/srv/detail/enable_logging__struct.h
-- Installing: /home/hungatec/rob499_ws/install/rob499_msgs/include/rob499_msgs/rob499_msgs/srv/detail/enable_logging__type_support.h
-- Installing: /home/hungatec/rob499_ws/install/rob499_msgs/include/rob499_msgs/rob499_msgs/srv/detail/enable_logging__functions.c
-- Installing: /home/hungatec/rob499_ws/install/rob499_msgs/include/rob499_msgs/rob499_msgs/srv/detail/send_data__functions.h
-- Installing: /home/hungatec/rob499_ws/install/rob499_msgs/include/rob499_msgs/rob499_msgs/srv/detail/send_data__description.c
-- Installing: /home/hungatec/rob499_ws/install/rob499_msgs/include/rob499_msgs/rob499_msgs/srv/detail/enable_logging__description.c
-- Installing: /home/hungatec/rob499_ws/install/rob499_msgs/include/rob499_msgs/rob499_msgs/srv/send_data.h
-- Installing: /home/hungatec/rob499_ws/install/rob499_msgs/include/rob499_msgs/rob499_msgs/action
-- Installing: /home/hungatec/rob499_ws/install/rob499_msgs/include/rob499_msgs/rob499_msgs/action/launch_rocket.h
-- Installing: /home/hungatec/rob499_ws/install/rob499_msgs/include/rob499_msgs/rob499_msgs/action/detail
-- Installing: /home/hungatec/rob499_ws/install/rob499_msgs/include/rob499_msgs/rob499_msgs/action/detail/launch_rocket__functions.h
-- Installing: /home/hungatec/rob499_ws/install/rob499_msgs/include/rob499_msgs/rob499_msgs/action/detail/launch_rocket__description.c
-- Installing: /home/hungatec/rob499_ws/install/rob499_msgs/include/rob499_msgs/rob499_msgs/action/detail/launch_rocket__type_support.h
-- Installing: /home/hungatec/rob499_ws/install/rob499_msgs/include/rob499_msgs/rob499_msgs/action/detail/launch_rocket__type_support.c
-- Installing: /home/hungatec/rob499_ws/install/rob499_msgs/include/rob499_msgs/rob499_msgs/action/detail/launch_rocket__struct.h
-- Installing: /home/hungatec/rob499_ws/install/rob499_msgs/include/rob499_msgs/rob499_msgs/action/detail/launch_rocket__functions.c
-- Installing: /home/hungatec/rob499_ws/install/rob499_msgs/share/rob499_msgs/environment/library_path.sh
-- Installing: /home/hungatec/rob499_ws/install/rob499_msgs/share/rob499_msgs/environment/library_path.dsv
-- Installing: /home/hungatec/rob499_ws/install/rob499_msgs/lib/librob499_msgs__rosidl_generator_c.so
-- Set non-toolchain portion of runtime path of "/home/hungatec/rob499_ws/install/rob499_msgs/lib/librob499_msgs__rosidl_generator_c.so" to ""
-- Up-to-date: /home/hungatec/rob499_ws/install/rob499_msgs/include/rob499_msgs/rob499_msgs
-- Up-to-date: /home/hungatec/rob499_ws/install/rob499_msgs/include/rob499_msgs/rob499_msgs/msg
-- Up-to-date: /home/hungatec/rob499_ws/install/rob499_msgs/include/rob499_msgs/rob499_msgs/msg/detail
-- Installing: /home/hungatec/rob499_ws/install/rob499_msgs/include/rob499_msgs/rob499_msgs/msg/detail/test_packet__rosidl_typesupport_fastrtps_c.h
-- Installing: /home/hungatec/rob499_ws/install/rob499_msgs/include/rob499_msgs/rob499_msgs/msg/rosidl_typesupport_fastrtps_c__visibility_control.h
-- Up-to-date: /home/hungatec/rob499_ws/install/rob499_msgs/include/rob499_msgs/rob499_msgs/srv
-- Up-to-date: /home/hungatec/rob499_ws/install/rob499_msgs/include/rob499_msgs/rob499_msgs/srv/detail
-- Installing: /home/hungatec/rob499_ws/install/rob499_msgs/include/rob499_msgs/rob499_msgs/srv/detail/enable_logging__rosidl_typesupport_fastrtps_c.h
-- Installing: /home/hungatec/rob499_ws/install/rob499_msgs/include/rob499_msgs/rob499_msgs/srv/detail/send_data__rosidl_typesupport_fastrtps_c.h
-- Up-to-date: /home/hungatec/rob499_ws/install/rob499_msgs/include/rob499_msgs/rob499_msgs/action
-- Up-to-date: /home/hungatec/rob499_ws/install/rob499_msgs/include/rob499_msgs/rob499_msgs/action/detail
-- Installing: /home/hungatec/rob499_ws/install/rob499_msgs/include/rob499_msgs/rob499_msgs/action/detail/launch_rocket__rosidl_typesupport_fastrtps_c.h
-- Installing: /home/hungatec/rob499_ws/install/rob499_msgs/lib/librob499_msgs__rosidl_typesupport_fastrtps_c.so
-- Set non-toolchain portion of runtime path of "/home/hungatec/rob499_ws/install/rob499_msgs/lib/librob499_msgs__rosidl_typesupport_fastrtps_c.so" to ""
-- Up-to-date: /home/hungatec/rob499_ws/install/rob499_msgs/include/rob499_msgs/rob499_msgs
-- Up-to-date: /home/hungatec/rob499_ws/install/rob499_msgs/include/rob499_msgs/rob499_msgs/msg
-- Installing: /home/hungatec/rob499_ws/install/rob499_msgs/include/rob499_msgs/rob499_msgs/msg/rosidl_generator_cpp__visibility_control.hpp
-- Up-to-date: /home/hungatec/rob499_ws/install/rob499_msgs/include/rob499_msgs/rob499_msgs/msg/detail
-- Installing: /home/hungatec/rob499_ws/install/rob499_msgs/include/rob499_msgs/rob499_msgs/msg/detail/test_packet__builder.hpp
-- Installing: /home/hungatec/rob499_ws/install/rob499_msgs/include/rob499_msgs/rob499_msgs/msg/detail/test_packet__type_support.hpp
-- Installing: /home/hungatec/rob499_ws/install/rob499_msgs/include/rob499_msgs/rob499_msgs/msg/detail/test_packet__struct.hpp
-- Installing: /home/hungatec/rob499_ws/install/rob499_msgs/include/rob499_msgs/rob499_msgs/msg/detail/test_packet__traits.hpp
-- Installing: /home/hungatec/rob499_ws/install/rob499_msgs/include/rob499_msgs/rob499_msgs/msg/test_packet.hpp
-- Up-to-date: /home/hungatec/rob499_ws/install/rob499_msgs/include/rob499_msgs/rob499_msgs/srv
-- Up-to-date: /home/hungatec/rob499_ws/install/rob499_msgs/include/rob499_msgs/rob499_msgs/srv/detail
-- Installing: /home/hungatec/rob499_ws/install/rob499_msgs/include/rob499_msgs/rob499_msgs/srv/detail/enable_logging__type_support.hpp
-- Installing: /home/hungatec/rob499_ws/install/rob499_msgs/include/rob499_msgs/rob499_msgs/srv/detail/enable_logging__traits.hpp
-- Installing: /home/hungatec/rob499_ws/install/rob499_msgs/include/rob499_msgs/rob499_msgs/srv/detail/enable_logging__builder.hpp
-- Installing: /home/hungatec/rob499_ws/install/rob499_msgs/include/rob499_msgs/rob499_msgs/srv/detail/send_data__traits.hpp
-- Installing: /home/hungatec/rob499_ws/install/rob499_msgs/include/rob499_msgs/rob499_msgs/srv/detail/send_data__type_support.hpp
-- Installing: /home/hungatec/rob499_ws/install/rob499_msgs/include/rob499_msgs/rob499_msgs/srv/detail/send_data__struct.hpp
-- Installing: /home/hungatec/rob499_ws/install/rob499_msgs/include/rob499_msgs/rob499_msgs/srv/detail/send_data__builder.hpp
-- Installing: /home/hungatec/rob499_ws/install/rob499_msgs/include/rob499_msgs/rob499_msgs/srv/detail/enable_logging__struct.hpp
-- Installing: /home/hungatec/rob499_ws/install/rob499_msgs/include/rob499_msgs/rob499_msgs/srv/enable_logging.hpp
-- Installing: /home/hungatec/rob499_ws/install/rob499_msgs/include/rob499_msgs/rob499_msgs/srv/send_data.hpp
-- Up-to-date: /home/hungatec/rob499_ws/install/rob499_msgs/include/rob499_msgs/rob499_msgs/action
-- Installing: /home/hungatec/rob499_ws/install/rob499_msgs/include/rob499_msgs/rob499_msgs/action/launch_rocket.hpp
-- Up-to-date: /home/hungatec/rob499_ws/install/rob499_msgs/include/rob499_msgs/rob499_msgs/action/detail
-- Installing: /home/hungatec/rob499_ws/install/rob499_msgs/include/rob499_msgs/rob499_msgs/action/detail/launch_rocket__type_support.hpp
-- Installing: /home/hungatec/rob499_ws/install/rob499_msgs/include/rob499_msgs/rob499_msgs/action/detail/launch_rocket__traits.hpp
-- Installing: /home/hungatec/rob499_ws/install/rob499_msgs/include/rob499_msgs/rob499_msgs/action/detail/launch_rocket__struct.hpp
-- Installing: /home/hungatec/rob499_ws/install/rob499_msgs/include/rob499_msgs/rob499_msgs/action/detail/launch_rocket__builder.hpp
-- Up-to-date: /home/hungatec/rob499_ws/install/rob499_msgs/include/rob499_msgs/rob499_msgs
-- Up-to-date: /home/hungatec/rob499_ws/install/rob499_msgs/include/rob499_msgs/rob499_msgs/msg
-- Up-to-date: /home/hungatec/rob499_ws/install/rob499_msgs/include/rob499_msgs/rob499_msgs/msg/detail
-- Installing: /home/hungatec/rob499_ws/install/rob499_msgs/include/rob499_msgs/rob499_msgs/msg/detail/dds_fastrtps
-- Installing: /home/hungatec/rob499_ws/install/rob499_msgs/include/rob499_msgs/rob499_msgs/msg/detail/test_packet__rosidl_typesupport_fastrtps_cpp.hpp
-- Installing: /home/hungatec/rob499_ws/install/rob499_msgs/include/rob499_msgs/rob499_msgs/msg/rosidl_typesupport_fastrtps_cpp__visibility_control.h
-- Up-to-date: /home/hungatec/rob499_ws/install/rob499_msgs/include/rob499_msgs/rob499_msgs/srv
-- Up-to-date: /home/hungatec/rob499_ws/install/rob499_msgs/include/rob499_msgs/rob499_msgs/srv/detail
-- Installing: /home/hungatec/rob499_ws/install/rob499_msgs/include/rob499_msgs/rob499_msgs/srv/detail/dds_fastrtps
-- Installing: /home/hungatec/rob499_ws/install/rob499_msgs/include/rob499_msgs/rob499_msgs/srv/detail/enable_logging__rosidl_typesupport_fastrtps_cpp.hpp
-- Installing: /home/hungatec/rob499_ws/install/rob499_msgs/include/rob499_msgs/rob499_msgs/srv/detail/send_data__rosidl_typesupport_fastrtps_cpp.hpp
-- Up-to-date: /home/hungatec/rob499_ws/install/rob499_msgs/include/rob499_msgs/rob499_msgs/action
-- Up-to-date: /home/hungatec/rob499_ws/install/rob499_msgs/include/rob499_msgs/rob499_msgs/action/detail
-- Installing: /home/hungatec/rob499_ws/install/rob499_msgs/include/rob499_msgs/rob499_msgs/action/detail/dds_fastrtps
-- Installing: /home/hungatec/rob499_ws/install/rob499_msgs/include/rob499_msgs/rob499_msgs/action/detail/launch_rocket__rosidl_typesupport_fastrtps_cpp.hpp
-- Installing: /home/hungatec/rob499_ws/install/rob499_msgs/lib/librob499_msgs__rosidl_typesupport_fastrtps_cpp.so
-- Set non-toolchain portion of runtime path of "/home/hungatec/rob499_ws/install/rob499_msgs/lib/librob499_msgs__rosidl_typesupport_fastrtps_cpp.so" to ""
-- Up-to-date: /home/hungatec/rob499_ws/install/rob499_msgs/include/rob499_msgs/rob499_msgs
-- Up-to-date: /home/hungatec/rob499_ws/install/rob499_msgs/include/rob499_msgs/rob499_msgs/msg
-- Up-to-date: /home/hungatec/rob499_ws/install/rob499_msgs/include/rob499_msgs/rob499_msgs/msg/detail
-- Installing: /home/hungatec/rob499_ws/install/rob499_msgs/include/rob499_msgs/rob499_msgs/msg/detail/test_packet__type_support.c
-- Installing: /home/hungatec/rob499_ws/install/rob499_msgs/include/rob499_msgs/rob499_msgs/msg/detail/test_packet__rosidl_typesupport_introspection_c.h
-- Installing: /home/hungatec/rob499_ws/install/rob499_msgs/include/rob499_msgs/rob499_msgs/msg/rosidl_typesupport_introspection_c__visibility_control.h
-- Up-to-date: /home/hungatec/rob499_ws/install/rob499_msgs/include/rob499_msgs/rob499_msgs/srv
-- Up-to-date: /home/hungatec/rob499_ws/install/rob499_msgs/include/rob499_msgs/rob499_msgs/srv/detail
-- Installing: /home/hungatec/rob499_ws/install/rob499_msgs/include/rob499_msgs/rob499_msgs/srv/detail/enable_logging__type_support.c
-- Installing: /home/hungatec/rob499_ws/install/rob499_msgs/include/rob499_msgs/rob499_msgs/srv/detail/send_data__type_support.c
-- Installing: /home/hungatec/rob499_ws/install/rob499_msgs/include/rob499_msgs/rob499_msgs/srv/detail/send_data__rosidl_typesupport_introspection_c.h
-- Installing: /home/hungatec/rob499_ws/install/rob499_msgs/include/rob499_msgs/rob499_msgs/srv/detail/enable_logging__rosidl_typesupport_introspection_c.h
-- Up-to-date: /home/hungatec/rob499_ws/install/rob499_msgs/include/rob499_msgs/rob499_msgs/action
-- Up-to-date: /home/hungatec/rob499_ws/install/rob499_msgs/include/rob499_msgs/rob499_msgs/action/detail
-- Installing: /home/hungatec/rob499_ws/install/rob499_msgs/include/rob499_msgs/rob499_msgs/action/detail/launch_rocket__type_support.c
-- Installing: /home/hungatec/rob499_ws/install/rob499_msgs/include/rob499_msgs/rob499_msgs/action/detail/launch_rocket__rosidl_typesupport_introspection_c.h
-- Installing: /home/hungatec/rob499_ws/install/rob499_msgs/lib/librob499_msgs__rosidl_typesupport_introspection_c.so
-- Set non-toolchain portion of runtime path of "/home/hungatec/rob499_ws/install/rob499_msgs/lib/librob499_msgs__rosidl_typesupport_introspection_c.so" to ""
-- Installing: /home/hungatec/rob499_ws/install/rob499_msgs/lib/librob499_msgs__rosidl_typesupport_c.so
-- Set non-toolchain portion of runtime path of "/home/hungatec/rob499_ws/install/rob499_msgs/lib/librob499_msgs__rosidl_typesupport_c.so" to ""
-- Up-to-date: /home/hungatec/rob499_ws/install/rob499_msgs/include/rob499_msgs/rob499_msgs
-- Up-to-date: /home/hungatec/rob499_ws/install/rob499_msgs/include/rob499_msgs/rob499_msgs/msg
-- Up-to-date: /home/hungatec/rob499_ws/install/rob499_msgs/include/rob499_msgs/rob499_msgs/msg/detail
-- Installing: /home/hungatec/rob499_ws/install/rob499_msgs/include/rob499_msgs/rob499_msgs/msg/detail/test_packet__type_support.cpp
-- Installing: /home/hungatec/rob499_ws/install/rob499_msgs/include/rob499_msgs/rob499_msgs/msg/detail/test_packet__rosidl_typesupport_introspection_cpp.hpp
-- Up-to-date: /home/hungatec/rob499_ws/install/rob499_msgs/include/rob499_msgs/rob499_msgs/srv
-- Up-to-date: /home/hungatec/rob499_ws/install/rob499_msgs/include/rob499_msgs/rob499_msgs/srv/detail
-- Installing: /home/hungatec/rob499_ws/install/rob499_msgs/include/rob499_msgs/rob499_msgs/srv/detail/enable_logging__type_support.cpp
-- Installing: /home/hungatec/rob499_ws/install/rob499_msgs/include/rob499_msgs/rob499_msgs/srv/detail/enable_logging__rosidl_typesupport_introspection_cpp.hpp
-- Installing: /home/hungatec/rob499_ws/install/rob499_msgs/include/rob499_msgs/rob499_msgs/srv/detail/send_data__rosidl_typesupport_introspection_cpp.hpp
-- Installing: /home/hungatec/rob499_ws/install/rob499_msgs/include/rob499_msgs/rob499_msgs/srv/detail/send_data__type_support.cpp
-- Up-to-date: /home/hungatec/rob499_ws/install/rob499_msgs/include/rob499_msgs/rob499_msgs/action
-- Up-to-date: /home/hungatec/rob499_ws/install/rob499_msgs/include/rob499_msgs/rob499_msgs/action/detail
-- Installing: /home/hungatec/rob499_ws/install/rob499_msgs/include/rob499_msgs/rob499_msgs/action/detail/launch_rocket__rosidl_typesupport_introspection_cpp.hpp
-- Installing: /home/hungatec/rob499_ws/install/rob499_msgs/include/rob499_msgs/rob499_msgs/action/detail/launch_rocket__type_support.cpp
-- Installing: /home/hungatec/rob499_ws/install/rob499_msgs/lib/librob499_msgs__rosidl_typesupport_introspection_cpp.so
-- Set non-toolchain portion of runtime path of "/home/hungatec/rob499_ws/install/rob499_msgs/lib/librob499_msgs__rosidl_typesupport_introspection_cpp.so" to ""
-- Installing: /home/hungatec/rob499_ws/install/rob499_msgs/lib/librob499_msgs__rosidl_typesupport_cpp.so
-- Set non-toolchain portion of runtime path of "/home/hungatec/rob499_ws/install/rob499_msgs/lib/librob499_msgs__rosidl_typesupport_cpp.so" to ""
-- Installing: /home/hungatec/rob499_ws/install/rob499_msgs/share/rob499_msgs/environment/pythonpath.sh
-- Installing: /home/hungatec/rob499_ws/install/rob499_msgs/share/rob499_msgs/environment/pythonpath.dsv
-- Installing: /home/hungatec/rob499_ws/install/rob499_msgs/lib/python3.12/site-packages/rob499_msgs-0.0.0-py3.12.egg-info
-- Installing: /home/hungatec/rob499_ws/install/rob499_msgs/lib/python3.12/site-packages/rob499_msgs-0.0.0-py3.12.egg-info/top_level.txt
-- Installing: /home/hungatec/rob499_ws/install/rob499_msgs/lib/python3.12/site-packages/rob499_msgs-0.0.0-py3.12.egg-info/dependency_links.txt
-- Installing: /home/hungatec/rob499_ws/install/rob499_msgs/lib/python3.12/site-packages/rob499_msgs-0.0.0-py3.12.egg-info/PKG-INFO
-- Installing: /home/hungatec/rob499_ws/install/rob499_msgs/lib/python3.12/site-packages/rob499_msgs-0.0.0-py3.12.egg-info/SOURCES.txt
-- Installing: /home/hungatec/rob499_ws/install/rob499_msgs/lib/python3.12/site-packages/rob499_msgs
-- Installing: /home/hungatec/rob499_ws/install/rob499_msgs/lib/python3.12/site-packages/rob499_msgs/rob499_msgs_s__rosidl_typesupport_introspection_c.so
-- Installing: /home/hungatec/rob499_ws/install/rob499_msgs/lib/python3.12/site-packages/rob499_msgs/_rob499_msgs_s.ep.rosidl_typesupport_c.c
-- Installing: /home/hungatec/rob499_ws/install/rob499_msgs/lib/python3.12/site-packages/rob499_msgs/__init__.py
-- Installing: /home/hungatec/rob499_ws/install/rob499_msgs/lib/python3.12/site-packages/rob499_msgs/rob499_msgs_s__rosidl_typesupport_fastrtps_c.so
-- Installing: /home/hungatec/rob499_ws/install/rob499_msgs/lib/python3.12/site-packages/rob499_msgs/rob499_msgs_s__rosidl_typesupport_c.so
-- Installing: /home/hungatec/rob499_ws/install/rob499_msgs/lib/python3.12/site-packages/rob499_msgs/msg
-- Installing: /home/hungatec/rob499_ws/install/rob499_msgs/lib/python3.12/site-packages/rob499_msgs/msg/__init__.py
-- Installing: /home/hungatec/rob499_ws/install/rob499_msgs/lib/python3.12/site-packages/rob499_msgs/msg/_test_packet.py
-- Installing: /home/hungatec/rob499_ws/install/rob499_msgs/lib/python3.12/site-packages/rob499_msgs/msg/_test_packet_s.c
-- Installing: /home/hungatec/rob499_ws/install/rob499_msgs/lib/python3.12/site-packages/rob499_msgs/srv
-- Installing: /home/hungatec/rob499_ws/install/rob499_msgs/lib/python3.12/site-packages/rob499_msgs/srv/_send_data_s.c
-- Installing: /home/hungatec/rob499_ws/install/rob499_msgs/lib/python3.12/site-packages/rob499_msgs/srv/_enable_logging_s.c
-- Installing: /home/hungatec/rob499_ws/install/rob499_msgs/lib/python3.12/site-packages/rob499_msgs/srv/_enable_logging.py
-- Installing: /home/hungatec/rob499_ws/install/rob499_msgs/lib/python3.12/site-packages/rob499_msgs/srv/__init__.py
-- Installing: /home/hungatec/rob499_ws/install/rob499_msgs/lib/python3.12/site-packages/rob499_msgs/srv/_send_data.py
-- Installing: /home/hungatec/rob499_ws/install/rob499_msgs/lib/python3.12/site-packages/rob499_msgs/action
-- Installing: /home/hungatec/rob499_ws/install/rob499_msgs/lib/python3.12/site-packages/rob499_msgs/action/__init__.py
-- Installing: /home/hungatec/rob499_ws/install/rob499_msgs/lib/python3.12/site-packages/rob499_msgs/action/_launch_rocket_s.c
-- Installing: /home/hungatec/rob499_ws/install/rob499_msgs/lib/python3.12/site-packages/rob499_msgs/action/_launch_rocket.py
-- Installing: /home/hungatec/rob499_ws/install/rob499_msgs/lib/python3.12/site-packages/rob499_msgs/_rob499_msgs_s.ep.rosidl_typesupport_introspection_c.c
-- Installing: /home/hungatec/rob499_ws/install/rob499_msgs/lib/python3.12/site-packages/rob499_msgs/_rob499_msgs_s.ep.rosidl_typesupport_fastrtps_c.c
Listing '/home/hungatec/rob499_ws/install/rob499_msgs/lib/python3.12/site-packages/rob499_msgs'...
Compiling '/home/hungatec/rob499_ws/install/rob499_msgs/lib/python3.12/site-packages/rob499_msgs/__init__.py'...
Listing '/home/hungatec/rob499_ws/install/rob499_msgs/lib/python3.12/site-packages/rob499_msgs/action'...
Compiling '/home/hungatec/rob499_ws/install/rob499_msgs/lib/python3.12/site-packages/rob499_msgs/action/__init__.py'...
Compiling '/home/hungatec/rob499_ws/install/rob499_msgs/lib/python3.12/site-packages/rob499_msgs/action/_launch_rocket.py'...
Listing '/home/hungatec/rob499_ws/install/rob499_msgs/lib/python3.12/site-packages/rob499_msgs/msg'...
Compiling '/home/hungatec/rob499_ws/install/rob499_msgs/lib/python3.12/site-packages/rob499_msgs/msg/__init__.py'...
Compiling '/home/hungatec/rob499_ws/install/rob499_msgs/lib/python3.12/site-packages/rob499_msgs/msg/_test_packet.py'...
Listing '/home/hungatec/rob499_ws/install/rob499_msgs/lib/python3.12/site-packages/rob499_msgs/srv'...
Compiling '/home/hungatec/rob499_ws/install/rob499_msgs/lib/python3.12/site-packages/rob499_msgs/srv/__init__.py'...
Compiling '/home/hungatec/rob499_ws/install/rob499_msgs/lib/python3.12/site-packages/rob499_msgs/srv/_enable_logging.py'...
Compiling '/home/hungatec/rob499_ws/install/rob499_msgs/lib/python3.12/site-packages/rob499_msgs/srv/_send_data.py'...
-- Installing: /home/hungatec/rob499_ws/install/rob499_msgs/lib/python3.12/site-packages/rob499_msgs/rob499_msgs_s__rosidl_typesupport_fastrtps_c.so
-- Set non-toolchain portion of runtime path of "/home/hungatec/rob499_ws/install/rob499_msgs/lib/python3.12/site-packages/rob499_msgs/rob499_msgs_s__rosidl_typesupport_fastrtps_c.so" to ""
-- Installing: /home/hungatec/rob499_ws/install/rob499_msgs/lib/python3.12/site-packages/rob499_msgs/rob499_msgs_s__rosidl_typesupport_introspection_c.so
-- Set non-toolchain portion of runtime path of "/home/hungatec/rob499_ws/install/rob499_msgs/lib/python3.12/site-packages/rob499_msgs/rob499_msgs_s__rosidl_typesupport_introspection_c.so" to ""
-- Installing: /home/hungatec/rob499_ws/install/rob499_msgs/lib/python3.12/site-packages/rob499_msgs/rob499_msgs_s__rosidl_typesupport_c.so
-- Set non-toolchain portion of runtime path of "/home/hungatec/rob499_ws/install/rob499_msgs/lib/python3.12/site-packages/rob499_msgs/rob499_msgs_s__rosidl_typesupport_c.so" to ""
-- Installing: /home/hungatec/rob499_ws/install/rob499_msgs/lib/librob499_msgs__rosidl_generator_py.so
-- Set non-toolchain portion of runtime path of "/home/hungatec/rob499_ws/install/rob499_msgs/lib/librob499_msgs__rosidl_generator_py.so" to ""
-- Installing: /home/hungatec/rob499_ws/install/rob499_msgs/share/rob499_msgs/msg/TestPacket.idl
-- Installing: /home/hungatec/rob499_ws/install/rob499_msgs/share/rob499_msgs/srv/SendData.idl
-- Installing: /home/hungatec/rob499_ws/install/rob499_msgs/share/rob499_msgs/srv/EnableLogging.idl
-- Installing: /home/hungatec/rob499_ws/install/rob499_msgs/share/rob499_msgs/action/LaunchRocket.idl
-- Installing: /home/hungatec/rob499_ws/install/rob499_msgs/share/rob499_msgs/msg/TestPacket.msg
-- Installing: /home/hungatec/rob499_ws/install/rob499_msgs/share/rob499_msgs/srv/SendData.srv
-- Installing: /home/hungatec/rob499_ws/install/rob499_msgs/share/rob499_msgs/srv/EnableLogging.srv
-- Installing: /home/hungatec/rob499_ws/install/rob499_msgs/share/rob499_msgs/action/LaunchRocket.action
-- Installing: /home/hungatec/rob499_ws/install/rob499_msgs/share/ament_index/resource_index/package_run_dependencies/rob499_msgs
-- Installing: /home/hungatec/rob499_ws/install/rob499_msgs/share/ament_index/resource_index/parent_prefix_path/rob499_msgs
-- Installing: /home/hungatec/rob499_ws/install/rob499_msgs/share/rob499_msgs/environment/ament_prefix_path.sh
-- Installing: /home/hungatec/rob499_ws/install/rob499_msgs/share/rob499_msgs/environment/ament_prefix_path.dsv
-- Installing: /home/hungatec/rob499_ws/install/rob499_msgs/share/rob499_msgs/environment/path.sh
-- Installing: /home/hungatec/rob499_ws/install/rob499_msgs/share/rob499_msgs/environment/path.dsv
-- Installing: /home/hungatec/rob499_ws/install/rob499_msgs/share/rob499_msgs/local_setup.bash
-- Installing: /home/hungatec/rob499_ws/install/rob499_msgs/share/rob499_msgs/local_setup.sh
-- Installing: /home/hungatec/rob499_ws/install/rob499_msgs/share/rob499_msgs/local_setup.zsh
-- Installing: /home/hungatec/rob499_ws/install/rob499_msgs/share/rob499_msgs/local_setup.dsv
-- Installing: /home/hungatec/rob499_ws/install/rob499_msgs/share/rob499_msgs/package.dsv
-- Installing: /home/hungatec/rob499_ws/install/rob499_msgs/share/ament_index/resource_index/packages/rob499_msgs
-- Installing: /home/hungatec/rob499_ws/install/rob499_msgs/share/rob499_msgs/cmake/export_rob499_msgs__rosidl_generator_cExport.cmake
-- Installing: /home/hungatec/rob499_ws/install/rob499_msgs/share/rob499_msgs/cmake/export_rob499_msgs__rosidl_generator_cExport-noconfig.cmake
-- Installing: /home/hungatec/rob499_ws/install/rob499_msgs/share/rob499_msgs/cmake/export_rob499_msgs__rosidl_typesupport_fastrtps_cExport.cmake
-- Installing: /home/hungatec/rob499_ws/install/rob499_msgs/share/rob499_msgs/cmake/export_rob499_msgs__rosidl_typesupport_fastrtps_cExport-noconfig.cmake
-- Installing: /home/hungatec/rob499_ws/install/rob499_msgs/share/rob499_msgs/cmake/export_rob499_msgs__rosidl_generator_cppExport.cmake
-- Installing: /home/hungatec/rob499_ws/install/rob499_msgs/share/rob499_msgs/cmake/export_rob499_msgs__rosidl_typesupport_fastrtps_cppExport.cmake
-- Installing: /home/hungatec/rob499_ws/install/rob499_msgs/share/rob499_msgs/cmake/export_rob499_msgs__rosidl_typesupport_fastrtps_cppExport-noconfig.cmake
-- Installing: /home/hungatec/rob499_ws/install/rob499_msgs/share/rob499_msgs/cmake/rob499_msgs__rosidl_typesupport_introspection_cExport.cmake
-- Installing: /home/hungatec/rob499_ws/install/rob499_msgs/share/rob499_msgs/cmake/rob499_msgs__rosidl_typesupport_introspection_cExport-noconfig.cmake
-- Installing: /home/hungatec/rob499_ws/install/rob499_msgs/share/rob499_msgs/cmake/rob499_msgs__rosidl_typesupport_cExport.cmake
-- Installing: /home/hungatec/rob499_ws/install/rob499_msgs/share/rob499_msgs/cmake/rob499_msgs__rosidl_typesupport_cExport-noconfig.cmake
-- Installing: /home/hungatec/rob499_ws/install/rob499_msgs/share/rob499_msgs/cmake/rob499_msgs__rosidl_typesupport_introspection_cppExport.cmake
-- Installing: /home/hungatec/rob499_ws/install/rob499_msgs/share/rob499_msgs/cmake/rob499_msgs__rosidl_typesupport_introspection_cppExport-noconfig.cmake
-- Installing: /home/hungatec/rob499_ws/install/rob499_msgs/share/rob499_msgs/cmake/rob499_msgs__rosidl_typesupport_cppExport.cmake
-- Installing: /home/hungatec/rob499_ws/install/rob499_msgs/share/rob499_msgs/cmake/rob499_msgs__rosidl_typesupport_cppExport-noconfig.cmake
-- Installing: /home/hungatec/rob499_ws/install/rob499_msgs/share/rob499_msgs/cmake/export_rob499_msgs__rosidl_generator_pyExport.cmake
-- Installing: /home/hungatec/rob499_ws/install/rob499_msgs/share/rob499_msgs/cmake/export_rob499_msgs__rosidl_generator_pyExport-noconfig.cmake
-- Installing: /home/hungatec/rob499_ws/install/rob499_msgs/share/rob499_msgs/cmake/rosidl_cmake-extras.cmake
-- Installing: /home/hungatec/rob499_ws/install/rob499_msgs/share/rob499_msgs/cmake/ament_cmake_export_dependencies-extras.cmake
-- Installing: /home/hungatec/rob499_ws/install/rob499_msgs/share/rob499_msgs/cmake/ament_cmake_export_include_directories-extras.cmake
-- Installing: /home/hungatec/rob499_ws/install/rob499_msgs/share/rob499_msgs/cmake/ament_cmake_export_libraries-extras.cmake
-- Installing: /home/hungatec/rob499_ws/install/rob499_msgs/share/rob499_msgs/cmake/ament_cmake_export_targets-extras.cmake
-- Installing: /home/hungatec/rob499_ws/install/rob499_msgs/share/rob499_msgs/cmake/rosidl_cmake_export_typesupport_targets-extras.cmake
-- Installing: /home/hungatec/rob499_ws/install/rob499_msgs/share/rob499_msgs/cmake/rosidl_cmake_export_typesupport_libraries-extras.cmake
-- Installing: /home/hungatec/rob499_ws/install/rob499_msgs/share/rob499_msgs/cmake/rob499_msgsConfig.cmake
-- Installing: /home/hungatec/rob499_ws/install/rob499_msgs/share/rob499_msgs/cmake/rob499_msgsConfig-version.cmake
-- Installing: /home/hungatec/rob499_ws/install/rob499_msgs/share/rob499_msgs/package.xml
