[0.042s] Invoking command in '/home/hungatec/rob499_ws/build/rob499_msgs': CMAKE_PREFIX_PATH=${CMAKE_PREFIX_PATH}:/home/hungatec/rob499_ws/install/rob599_more:/home/hungatec/rob499_ws/install/rob599_basic:/home/hungatec/rob499_ws/install/hw5:/home/hungatec/rob499_ws/install/hw4:/home/hungatec/rob499_ws/install/hw3:/home/hungatec/rob499_ws/install/hw2:/opt/ros/jazzy DEBUGINFOD_URLS=https://debuginfod.ubuntu.com /usr/bin/cmake /home/hungatec/rob499_ws/src/rob499_msgs -DCMAKE_INSTALL_PREFIX=/home/hungatec/rob499_ws/install/rob499_msgs
[0.142s] -- The C compiler identification is GNU 13.3.0
[0.232s] -- The CXX compiler identification is GNU 13.3.0
[0.261s] -- Detecting C compiler ABI info
[0.422s] -- Detecting C compiler ABI info - done
[0.434s] -- Check for working C compiler: /usr/bin/cc - skipped
[0.434s] -- Detecting C compile features
[0.436s] -- Detecting C compile features - done
[0.461s] -- Detecting CXX compiler ABI info
[0.676s] -- Detecting CXX compiler ABI info - done
[0.678s] -- Check for working CXX compiler: /usr/bin/c++ - skipped
[0.679s] -- Detecting CXX compile features
[0.684s] -- Detecting CXX compile features - done
[0.686s] -- Found ament_cmake: 2.5.4 (/opt/ros/jazzy/share/ament_cmake/cmake)
[0.925s] -- Found Python3: /usr/bin/python3 (found version "3.12.3") found components: Interpreter 
[1.105s] -- Found ament_lint_auto: 0.17.2 (/opt/ros/jazzy/share/ament_lint_auto/cmake)
[1.276s] -- Found builtin_interfaces: 2.0.2 (/opt/ros/jazzy/share/builtin_interfaces/cmake)
[1.323s] -- Found rosidl_generator_c: 4.6.5 (/opt/ros/jazzy/share/rosidl_generator_c/cmake)
[1.347s] -- Found rosidl_generator_cpp: 4.6.5 (/opt/ros/jazzy/share/rosidl_generator_cpp/cmake)
[1.374s] -- Using all available rosidl_typesupport_c: rosidl_typesupport_fastrtps_c;rosidl_typesupport_introspection_c
[1.405s] -- Using all available rosidl_typesupport_cpp: rosidl_typesupport_fastrtps_cpp;rosidl_typesupport_introspection_cpp
[1.439s] -- Found rosidl_default_generators: 1.6.0 (/opt/ros/jazzy/share/rosidl_default_generators/cmake)
[1.484s] -- Found rosidl_adapter: 4.6.5 (/opt/ros/jazzy/share/rosidl_adapter/cmake)
[2.416s] -- Found ament_cmake_ros: 0.12.0 (/opt/ros/jazzy/share/ament_cmake_ros/cmake)
[3.586s] -- Using all available rosidl_typesupport_c: rosidl_typesupport_fastrtps_c;rosidl_typesupport_introspection_c
[4.064s] -- Using all available rosidl_typesupport_cpp: rosidl_typesupport_fastrtps_cpp;rosidl_typesupport_introspection_cpp
[4.074s] -- Found python_cmake_module: 0.11.1 (/opt/ros/jazzy/share/python_cmake_module/cmake)
[4.281s] -- Found PythonExtra: /usr/bin/python3  
[4.981s] -- Found Python3: /usr/bin/python3 (found version "3.12.3") found components: Interpreter Development NumPy Development.Module Development.Embed 
[5.064s] -- Added test 'lint_cmake' to check CMake code style
[5.071s] -- Added test 'xmllint' to check XML markup files
[5.101s] -- Configuring done (5.0s)
[5.219s] -- Generating done (0.1s)
[5.241s] -- Build files have been written to: /home/hungatec/rob499_ws/build/rob499_msgs
[5.266s] Invoked command in '/home/hungatec/rob499_ws/build/rob499_msgs' returned '0': CMAKE_PREFIX_PATH=${CMAKE_PREFIX_PATH}:/home/hungatec/rob499_ws/install/rob599_more:/home/hungatec/rob499_ws/install/rob599_basic:/home/hungatec/rob499_ws/install/hw5:/home/hungatec/rob499_ws/install/hw4:/home/hungatec/rob499_ws/install/hw3:/home/hungatec/rob499_ws/install/hw2:/opt/ros/jazzy DEBUGINFOD_URLS=https://debuginfod.ubuntu.com /usr/bin/cmake /home/hungatec/rob499_ws/src/rob499_msgs -DCMAKE_INSTALL_PREFIX=/home/hungatec/rob499_ws/install/rob499_msgs
[5.267s] Invoking command in '/home/hungatec/rob499_ws/build/rob499_msgs': CMAKE_PREFIX_PATH=${CMAKE_PREFIX_PATH}:/home/hungatec/rob499_ws/install/rob599_more:/home/hungatec/rob499_ws/install/rob599_basic:/home/hungatec/rob499_ws/install/hw5:/home/hungatec/rob499_ws/install/hw4:/home/hungatec/rob499_ws/install/hw3:/home/hungatec/rob499_ws/install/hw2:/opt/ros/jazzy DEBUGINFOD_URLS=https://debuginfod.ubuntu.com /usr/bin/cmake --build /home/hungatec/rob499_ws/build/rob499_msgs -- -j4 -l4
[5.441s] [  1%] [34m[1mGenerating type hashes for ROS interfaces[0m
[5.456s] [  1%] Built target ament_cmake_python_copy_rob499_msgs
[5.988s] [  1%] Built target rob499_msgs__rosidl_generator_type_description
[6.004s] running egg_info
[6.004s] creating rob499_msgs.egg-info
[6.032s] [  3%] [34m[1mGenerating C code for ROS interfaces[0m
[6.068s] [  4%] [34m[1mGenerating C++ code for ROS interfaces[0m
[6.068s] writing rob499_msgs.egg-info/PKG-INFO
[6.069s] writing dependency_links to rob499_msgs.egg-info/dependency_links.txt
[6.072s] writing top-level names to rob499_msgs.egg-info/top_level.txt
[6.073s] writing manifest file 'rob499_msgs.egg-info/SOURCES.txt'
[6.177s] reading manifest file 'rob499_msgs.egg-info/SOURCES.txt'
[6.178s] writing manifest file 'rob499_msgs.egg-info/SOURCES.txt'
[6.284s] [  4%] Built target ament_cmake_python_build_rob499_msgs_egg
[7.188s] [  4%] Built target rob499_msgs__cpp
[7.350s] [ 10%] [32mBuilding C object CMakeFiles/rob499_msgs__rosidl_generator_c.dir/rosidl_generator_c/rob499_msgs/msg/detail/test_packet__type_support.c.o[0m
[7.351s] [ 10%] [32mBuilding C object CMakeFiles/rob499_msgs__rosidl_generator_c.dir/rosidl_generator_c/rob499_msgs/msg/detail/test_packet__description.c.o[0m
[7.351s] [ 10%] [32mBuilding C object CMakeFiles/rob499_msgs__rosidl_generator_c.dir/rosidl_generator_c/rob499_msgs/srv/detail/send_data__description.c.o[0m
[7.353s] [ 10%] [32mBuilding C object CMakeFiles/rob499_msgs__rosidl_generator_c.dir/rosidl_generator_c/rob499_msgs/msg/detail/test_packet__functions.c.o[0m
[7.437s] [ 12%] [32mBuilding C object CMakeFiles/rob499_msgs__rosidl_generator_c.dir/rosidl_generator_c/rob499_msgs/srv/detail/send_data__functions.c.o[0m
[7.476s] [ 14%] [32mBuilding C object CMakeFiles/rob499_msgs__rosidl_generator_c.dir/rosidl_generator_c/rob499_msgs/srv/detail/send_data__type_support.c.o[0m
[7.501s] [ 15%] [32mBuilding C object CMakeFiles/rob499_msgs__rosidl_generator_c.dir/rosidl_generator_c/rob499_msgs/srv/detail/enable_logging__description.c.o[0m
[7.516s] [ 17%] [32mBuilding C object CMakeFiles/rob499_msgs__rosidl_generator_c.dir/rosidl_generator_c/rob499_msgs/srv/detail/enable_logging__functions.c.o[0m
[7.555s] [ 18%] [32mBuilding C object CMakeFiles/rob499_msgs__rosidl_generator_c.dir/rosidl_generator_c/rob499_msgs/srv/detail/enable_logging__type_support.c.o[0m
[7.602s] [ 20%] [32mBuilding C object CMakeFiles/rob499_msgs__rosidl_generator_c.dir/rosidl_generator_c/rob499_msgs/action/detail/launch_rocket__description.c.o[0m
[7.644s] [ 21%] [32mBuilding C object CMakeFiles/rob499_msgs__rosidl_generator_c.dir/rosidl_generator_c/rob499_msgs/action/detail/launch_rocket__functions.c.o[0m
[7.654s] [ 23%] [32mBuilding C object CMakeFiles/rob499_msgs__rosidl_generator_c.dir/rosidl_generator_c/rob499_msgs/action/detail/launch_rocket__type_support.c.o[0m
[7.918s] [ 25%] [32m[1mLinking C shared library librob499_msgs__rosidl_generator_c.so[0m
[7.995s] [ 25%] Built target rob499_msgs__rosidl_generator_c
[8.023s] [ 29%] [34m[1mGenerating C type support for eProsima Fast-RTPS[0m
[8.024s] [ 29%] [34m[1mGenerating C++ type support for eProsima Fast-RTPS[0m
[8.029s] [ 29%] [34m[1mGenerating C++ type support dispatch for ROS interfaces[0m
[8.029s] [ 31%] [34m[1mGenerating C introspection for ROS interfaces[0m
[8.696s] [ 32%] [32mBuilding CXX object CMakeFiles/rob499_msgs__rosidl_typesupport_cpp.dir/rosidl_typesupport_cpp/rob499_msgs/msg/test_packet__type_support.cpp.o[0m
[9.113s] [ 34%] [32mBuilding C object CMakeFiles/rob499_msgs__rosidl_typesupport_introspection_c.dir/rosidl_typesupport_introspection_c/rob499_msgs/msg/detail/test_packet__type_support.c.o[0m
[9.224s] [ 35%] [32mBuilding C object CMakeFiles/rob499_msgs__rosidl_typesupport_introspection_c.dir/rosidl_typesupport_introspection_c/rob499_msgs/srv/detail/send_data__type_support.c.o[0m
[9.351s] [ 37%] [32mBuilding C object CMakeFiles/rob499_msgs__rosidl_typesupport_introspection_c.dir/rosidl_typesupport_introspection_c/rob499_msgs/srv/detail/enable_logging__type_support.c.o[0m
[9.398s] [ 39%] [32mBuilding CXX object CMakeFiles/rob499_msgs__rosidl_typesupport_cpp.dir/rosidl_typesupport_cpp/rob499_msgs/srv/send_data__type_support.cpp.o[0m
[9.464s] [ 40%] [32mBuilding CXX object CMakeFiles/rob499_msgs__rosidl_typesupport_fastrtps_cpp.dir/rosidl_typesupport_fastrtps_cpp/rob499_msgs/msg/detail/dds_fastrtps/test_packet__type_support.cpp.o[0m
[9.484s] [ 42%] [32mBuilding C object CMakeFiles/rob499_msgs__rosidl_typesupport_introspection_c.dir/rosidl_typesupport_introspection_c/rob499_msgs/action/detail/launch_rocket__type_support.c.o[0m
[9.619s] [ 43%] [32mBuilding CXX object CMakeFiles/rob499_msgs__rosidl_typesupport_fastrtps_c.dir/rosidl_typesupport_fastrtps_c/rob499_msgs/msg/detail/test_packet__type_support_c.cpp.o[0m
[9.712s] [ 45%] [32m[1mLinking C shared library librob499_msgs__rosidl_typesupport_introspection_c.so[0m
[9.830s] [ 45%] Built target rob499_msgs__rosidl_typesupport_introspection_c
[9.899s] [ 46%] [34m[1mGenerating C type support dispatch for ROS interfaces[0m
[10.881s] [ 48%] [32mBuilding CXX object CMakeFiles/rob499_msgs__rosidl_typesupport_cpp.dir/rosidl_typesupport_cpp/rob499_msgs/srv/enable_logging__type_support.cpp.o[0m
[11.539s] [ 50%] [32mBuilding CXX object CMakeFiles/rob499_msgs__rosidl_typesupport_fastrtps_cpp.dir/rosidl_typesupport_fastrtps_cpp/rob499_msgs/srv/detail/dds_fastrtps/send_data__type_support.cpp.o[0m
[11.547s] [ 51%] [32mBuilding CXX object CMakeFiles/rob499_msgs__rosidl_typesupport_c.dir/rosidl_typesupport_c/rob499_msgs/msg/test_packet__type_support.cpp.o[0m
[11.548s] [ 53%] [32mBuilding CXX object CMakeFiles/rob499_msgs__rosidl_typesupport_fastrtps_c.dir/rosidl_typesupport_fastrtps_c/rob499_msgs/srv/detail/send_data__type_support_c.cpp.o[0m
[11.647s] [ 54%] [32mBuilding CXX object CMakeFiles/rob499_msgs__rosidl_typesupport_c.dir/rosidl_typesupport_c/rob499_msgs/srv/send_data__type_support.cpp.o[0m
[11.789s] [ 56%] [32mBuilding CXX object CMakeFiles/rob499_msgs__rosidl_typesupport_c.dir/rosidl_typesupport_c/rob499_msgs/srv/enable_logging__type_support.cpp.o[0m
[11.897s] [ 57%] [32mBuilding CXX object CMakeFiles/rob499_msgs__rosidl_typesupport_c.dir/rosidl_typesupport_c/rob499_msgs/action/launch_rocket__type_support.cpp.o[0m
[11.995s] [ 59%] [32mBuilding CXX object CMakeFiles/rob499_msgs__rosidl_typesupport_cpp.dir/rosidl_typesupport_cpp/rob499_msgs/action/launch_rocket__type_support.cpp.o[0m
[12.076s] [ 60%] [32m[1mLinking CXX shared library librob499_msgs__rosidl_typesupport_c.so[0m
[12.194s] [ 60%] Built target rob499_msgs__rosidl_typesupport_c
[12.225s] [ 62%] [32mBuilding CXX object CMakeFiles/rob499_msgs__rosidl_typesupport_fastrtps_cpp.dir/rosidl_typesupport_fastrtps_cpp/rob499_msgs/srv/detail/dds_fastrtps/enable_logging__type_support.cpp.o[0m
[12.597s] [ 64%] [32mBuilding CXX object CMakeFiles/rob499_msgs__rosidl_typesupport_fastrtps_c.dir/rosidl_typesupport_fastrtps_c/rob499_msgs/srv/detail/enable_logging__type_support_c.cpp.o[0m
[12.708s] [ 65%] [32mBuilding CXX object CMakeFiles/rob499_msgs__rosidl_typesupport_fastrtps_cpp.dir/rosidl_typesupport_fastrtps_cpp/rob499_msgs/action/detail/dds_fastrtps/launch_rocket__type_support.cpp.o[0m
[13.493s] [ 67%] [32m[1mLinking CXX shared library librob499_msgs__rosidl_typesupport_cpp.so[0m
[13.598s] [ 68%] [34m[1mGenerating C++ introspection for ROS interfaces[0m
[13.648s] [ 68%] Built target rob499_msgs__rosidl_typesupport_cpp
[13.680s] [ 70%] [32mBuilding CXX object CMakeFiles/rob499_msgs__rosidl_typesupport_fastrtps_c.dir/rosidl_typesupport_fastrtps_c/rob499_msgs/action/detail/launch_rocket__type_support_c.cpp.o[0m
[14.497s] [ 73%] [32mBuilding CXX object CMakeFiles/rob499_msgs__rosidl_typesupport_introspection_cpp.dir/rosidl_typesupport_introspection_cpp/rob499_msgs/srv/detail/send_data__type_support.cpp.o[0m
[14.499s] [ 73%] [32mBuilding CXX object CMakeFiles/rob499_msgs__rosidl_typesupport_introspection_cpp.dir/rosidl_typesupport_introspection_cpp/rob499_msgs/msg/detail/test_packet__type_support.cpp.o[0m
[14.704s] [ 75%] [32m[1mLinking CXX shared library librob499_msgs__rosidl_typesupport_fastrtps_cpp.so[0m
[14.761s] [ 76%] [32m[1mLinking CXX shared library librob499_msgs__rosidl_typesupport_fastrtps_c.so[0m
[14.908s] [ 76%] Built target rob499_msgs__rosidl_typesupport_fastrtps_cpp
[14.930s] [ 78%] [32mBuilding CXX object CMakeFiles/rob499_msgs__rosidl_typesupport_introspection_cpp.dir/rosidl_typesupport_introspection_cpp/rob499_msgs/srv/detail/enable_logging__type_support.cpp.o[0m
[14.957s] [ 78%] Built target rob499_msgs__rosidl_typesupport_fastrtps_c
[14.984s] [ 79%] [32mBuilding CXX object CMakeFiles/rob499_msgs__rosidl_typesupport_introspection_cpp.dir/rosidl_typesupport_introspection_cpp/rob499_msgs/action/detail/launch_rocket__type_support.cpp.o[0m
[16.196s] [ 81%] [32m[1mLinking CXX shared library librob499_msgs__rosidl_typesupport_introspection_cpp.so[0m
[16.329s] [ 81%] Built target rob499_msgs__rosidl_typesupport_introspection_cpp
[16.370s] [ 81%] Built target rob499_msgs
[16.422s] [ 82%] [34m[1mGenerating Python code for ROS interfaces[0m
[17.822s] [ 82%] Built target rob499_msgs__py
[17.867s] [ 87%] [32mBuilding C object CMakeFiles/rob499_msgs__rosidl_generator_py.dir/rosidl_generator_py/rob499_msgs/msg/_test_packet_s.c.o[0m
[17.868s] [ 87%] [32mBuilding C object CMakeFiles/rob499_msgs__rosidl_generator_py.dir/rosidl_generator_py/rob499_msgs/srv/_enable_logging_s.c.o[0m
[17.868s] [ 89%] [32mBuilding C object CMakeFiles/rob499_msgs__rosidl_generator_py.dir/rosidl_generator_py/rob499_msgs/action/_launch_rocket_s.c.o[0m
[17.868s] [ 89%] [32mBuilding C object CMakeFiles/rob499_msgs__rosidl_generator_py.dir/rosidl_generator_py/rob499_msgs/srv/_send_data_s.c.o[0m
[18.336s] [ 90%] [32m[1mLinking C shared library librob499_msgs__rosidl_generator_py.so[0m
[18.426s] [ 90%] Built target rob499_msgs__rosidl_generator_py
[18.477s] [ 95%] [32mBuilding C object CMakeFiles/rob499_msgs_s__rosidl_typesupport_fastrtps_c.dir/rosidl_generator_py/rob499_msgs/_rob499_msgs_s.ep.rosidl_typesupport_fastrtps_c.c.o[0m
[18.478s] [ 95%] [32mBuilding C object CMakeFiles/rob499_msgs_s__rosidl_typesupport_c.dir/rosidl_generator_py/rob499_msgs/_rob499_msgs_s.ep.rosidl_typesupport_c.c.o[0m
[18.478s] [ 95%] [32mBuilding C object CMakeFiles/rob499_msgs_s__rosidl_typesupport_introspection_c.dir/rosidl_generator_py/rob499_msgs/_rob499_msgs_s.ep.rosidl_typesupport_introspection_c.c.o[0m
[18.722s] [ 96%] [32m[1mLinking C shared module rosidl_generator_py/rob499_msgs/rob499_msgs_s__rosidl_typesupport_c.so[0m
[18.725s] [ 98%] [32m[1mLinking C shared module rosidl_generator_py/rob499_msgs/rob499_msgs_s__rosidl_typesupport_introspection_c.so[0m
[18.739s] [100%] [32m[1mLinking C shared module rosidl_generator_py/rob499_msgs/rob499_msgs_s__rosidl_typesupport_fastrtps_c.so[0m
[18.803s] [100%] Built target rob499_msgs_s__rosidl_typesupport_c
[18.806s] [100%] Built target rob499_msgs_s__rosidl_typesupport_introspection_c
[18.824s] [100%] Built target rob499_msgs_s__rosidl_typesupport_fastrtps_c
[18.847s] Invoked command in '/home/hungatec/rob499_ws/build/rob499_msgs' returned '0': CMAKE_PREFIX_PATH=${CMAKE_PREFIX_PATH}:/home/hungatec/rob499_ws/install/rob599_more:/home/hungatec/rob499_ws/install/rob599_basic:/home/hungatec/rob499_ws/install/hw5:/home/hungatec/rob499_ws/install/hw4:/home/hungatec/rob499_ws/install/hw3:/home/hungatec/rob499_ws/install/hw2:/opt/ros/jazzy DEBUGINFOD_URLS=https://debuginfod.ubuntu.com /usr/bin/cmake --build /home/hungatec/rob499_ws/build/rob499_msgs -- -j4 -l4
[18.868s] Invoking command in '/home/hungatec/rob499_ws/build/rob499_msgs': CMAKE_PREFIX_PATH=${CMAKE_PREFIX_PATH}:/home/hungatec/rob499_ws/install/rob599_more:/home/hungatec/rob499_ws/install/rob599_basic:/home/hungatec/rob499_ws/install/hw5:/home/hungatec/rob499_ws/install/hw4:/home/hungatec/rob499_ws/install/hw3:/home/hungatec/rob499_ws/install/hw2:/opt/ros/jazzy DEBUGINFOD_URLS=https://debuginfod.ubuntu.com /usr/bin/cmake --install /home/hungatec/rob499_ws/build/rob499_msgs
[18.894s] -- Install configuration: ""
[18.894s] -- Installing: /home/hungatec/rob499_ws/install/rob499_msgs/share/ament_index/resource_index/rosidl_interfaces/rob499_msgs
[18.894s] -- Installing: /home/hungatec/rob499_ws/install/rob499_msgs/share/rob499_msgs/msg/TestPacket.json
[18.894s] -- Installing: /home/hungatec/rob499_ws/install/rob499_msgs/share/rob499_msgs/srv/SendData.json
[18.894s] -- Installing: /home/hungatec/rob499_ws/install/rob499_msgs/share/rob499_msgs/srv/EnableLogging.json
[18.894s] -- Installing: /home/hungatec/rob499_ws/install/rob499_msgs/share/rob499_msgs/action/LaunchRocket.json
[18.894s] -- Installing: /home/hungatec/rob499_ws/install/rob499_msgs/include/rob499_msgs/rob499_msgs
[18.894s] -- Installing: /home/hungatec/rob499_ws/install/rob499_msgs/include/rob499_msgs/rob499_msgs/msg
[18.894s] -- Installing: /home/hungatec/rob499_ws/install/rob499_msgs/include/rob499_msgs/rob499_msgs/msg/detail
[18.894s] -- Installing: /home/hungatec/rob499_ws/install/rob499_msgs/include/rob499_msgs/rob499_msgs/msg/detail/test_packet__functions.c
[18.895s] -- Installing: /home/hungatec/rob499_ws/install/rob499_msgs/include/rob499_msgs/rob499_msgs/msg/detail/test_packet__description.c
[18.895s] -- Installing: /home/hungatec/rob499_ws/install/rob499_msgs/include/rob499_msgs/rob499_msgs/msg/detail/test_packet__struct.h
[18.895s] -- Installing: /home/hungatec/rob499_ws/install/rob499_msgs/include/rob499_msgs/rob499_msgs/msg/detail/test_packet__type_support.c
[18.895s] -- Installing: /home/hungatec/rob499_ws/install/rob499_msgs/include/rob499_msgs/rob499_msgs/msg/detail/test_packet__type_support.h
[18.895s] -- Installing: /home/hungatec/rob499_ws/install/rob499_msgs/include/rob499_msgs/rob499_msgs/msg/detail/test_packet__functions.h
[18.895s] -- Installing: /home/hungatec/rob499_ws/install/rob499_msgs/include/rob499_msgs/rob499_msgs/msg/test_packet.h
[18.895s] -- Installing: /home/hungatec/rob499_ws/install/rob499_msgs/include/rob499_msgs/rob499_msgs/msg/rosidl_generator_c__visibility_control.h
[18.895s] -- Installing: /home/hungatec/rob499_ws/install/rob499_msgs/include/rob499_msgs/rob499_msgs/srv
[18.895s] -- Installing: /home/hungatec/rob499_ws/install/rob499_msgs/include/rob499_msgs/rob499_msgs/srv/enable_logging.h
[18.895s] -- Installing: /home/hungatec/rob499_ws/install/rob499_msgs/include/rob499_msgs/rob499_msgs/srv/detail
[18.895s] -- Installing: /home/hungatec/rob499_ws/install/rob499_msgs/include/rob499_msgs/rob499_msgs/srv/detail/enable_logging__functions.h
[18.895s] -- Installing: /home/hungatec/rob499_ws/install/rob499_msgs/include/rob499_msgs/rob499_msgs/srv/detail/send_data__functions.c
[18.896s] -- Installing: /home/hungatec/rob499_ws/install/rob499_msgs/include/rob499_msgs/rob499_msgs/srv/detail/enable_logging__type_support.c
[18.896s] -- Installing: /home/hungatec/rob499_ws/install/rob499_msgs/include/rob499_msgs/rob499_msgs/srv/detail/send_data__struct.h
[18.896s] -- Installing: /home/hungatec/rob499_ws/install/rob499_msgs/include/rob499_msgs/rob499_msgs/srv/detail/send_data__type_support.h
[18.896s] -- Installing: /home/hungatec/rob499_ws/install/rob499_msgs/include/rob499_msgs/rob499_msgs/srv/detail/send_data__type_support.c
[18.896s] -- Installing: /home/hungatec/rob499_ws/install/rob499_msgs/include/rob499_msgs/rob499_msgs/srv/detail/enable_logging__struct.h
[18.896s] -- Installing: /home/hungatec/rob499_ws/install/rob499_msgs/include/rob499_msgs/rob499_msgs/srv/detail/enable_logging__type_support.h
[18.896s] -- Installing: /home/hungatec/rob499_ws/install/rob499_msgs/include/rob499_msgs/rob499_msgs/srv/detail/enable_logging__functions.c
[18.896s] -- Installing: /home/hungatec/rob499_ws/install/rob499_msgs/include/rob499_msgs/rob499_msgs/srv/detail/send_data__functions.h
[18.896s] -- Installing: /home/hungatec/rob499_ws/install/rob499_msgs/include/rob499_msgs/rob499_msgs/srv/detail/send_data__description.c
[18.896s] -- Installing: /home/hungatec/rob499_ws/install/rob499_msgs/include/rob499_msgs/rob499_msgs/srv/detail/enable_logging__description.c
[18.896s] -- Installing: /home/hungatec/rob499_ws/install/rob499_msgs/include/rob499_msgs/rob499_msgs/srv/send_data.h
[18.896s] -- Installing: /home/hungatec/rob499_ws/install/rob499_msgs/include/rob499_msgs/rob499_msgs/action
[18.903s] -- Installing: /home/hungatec/rob499_ws/install/rob499_msgs/include/rob499_msgs/rob499_msgs/action/launch_rocket.h
[18.903s] -- Installing: /home/hungatec/rob499_ws/install/rob499_msgs/include/rob499_msgs/rob499_msgs/action/detail
[18.903s] -- Installing: /home/hungatec/rob499_ws/install/rob499_msgs/include/rob499_msgs/rob499_msgs/action/detail/launch_rocket__functions.h
[18.903s] -- Installing: /home/hungatec/rob499_ws/install/rob499_msgs/include/rob499_msgs/rob499_msgs/action/detail/launch_rocket__description.c
[18.903s] -- Installing: /home/hungatec/rob499_ws/install/rob499_msgs/include/rob499_msgs/rob499_msgs/action/detail/launch_rocket__type_support.h
[18.903s] -- Installing: /home/hungatec/rob499_ws/install/rob499_msgs/include/rob499_msgs/rob499_msgs/action/detail/launch_rocket__type_support.c
[18.903s] -- Installing: /home/hungatec/rob499_ws/install/rob499_msgs/include/rob499_msgs/rob499_msgs/action/detail/launch_rocket__struct.h
[18.903s] -- Installing: /home/hungatec/rob499_ws/install/rob499_msgs/include/rob499_msgs/rob499_msgs/action/detail/launch_rocket__functions.c
[18.903s] -- Installing: /home/hungatec/rob499_ws/install/rob499_msgs/share/rob499_msgs/environment/library_path.sh
[18.903s] -- Installing: /home/hungatec/rob499_ws/install/rob499_msgs/share/rob499_msgs/environment/library_path.dsv
[18.903s] -- Installing: /home/hungatec/rob499_ws/install/rob499_msgs/lib/librob499_msgs__rosidl_generator_c.so
[18.903s] -- Set non-toolchain portion of runtime path of "/home/hungatec/rob499_ws/install/rob499_msgs/lib/librob499_msgs__rosidl_generator_c.so" to ""
[18.903s] -- Up-to-date: /home/hungatec/rob499_ws/install/rob499_msgs/include/rob499_msgs/rob499_msgs
[18.904s] -- Up-to-date: /home/hungatec/rob499_ws/install/rob499_msgs/include/rob499_msgs/rob499_msgs/msg
[18.904s] -- Up-to-date: /home/hungatec/rob499_ws/install/rob499_msgs/include/rob499_msgs/rob499_msgs/msg/detail
[18.904s] -- Installing: /home/hungatec/rob499_ws/install/rob499_msgs/include/rob499_msgs/rob499_msgs/msg/detail/test_packet__rosidl_typesupport_fastrtps_c.h
[18.904s] -- Installing: /home/hungatec/rob499_ws/install/rob499_msgs/include/rob499_msgs/rob499_msgs/msg/rosidl_typesupport_fastrtps_c__visibility_control.h
[18.904s] -- Up-to-date: /home/hungatec/rob499_ws/install/rob499_msgs/include/rob499_msgs/rob499_msgs/srv
[18.904s] -- Up-to-date: /home/hungatec/rob499_ws/install/rob499_msgs/include/rob499_msgs/rob499_msgs/srv/detail
[18.904s] -- Installing: /home/hungatec/rob499_ws/install/rob499_msgs/include/rob499_msgs/rob499_msgs/srv/detail/enable_logging__rosidl_typesupport_fastrtps_c.h
[18.904s] -- Installing: /home/hungatec/rob499_ws/install/rob499_msgs/include/rob499_msgs/rob499_msgs/srv/detail/send_data__rosidl_typesupport_fastrtps_c.h
[18.904s] -- Up-to-date: /home/hungatec/rob499_ws/install/rob499_msgs/include/rob499_msgs/rob499_msgs/action
[18.904s] -- Up-to-date: /home/hungatec/rob499_ws/install/rob499_msgs/include/rob499_msgs/rob499_msgs/action/detail
[18.904s] -- Installing: /home/hungatec/rob499_ws/install/rob499_msgs/include/rob499_msgs/rob499_msgs/action/detail/launch_rocket__rosidl_typesupport_fastrtps_c.h
[18.904s] -- Installing: /home/hungatec/rob499_ws/install/rob499_msgs/lib/librob499_msgs__rosidl_typesupport_fastrtps_c.so
[18.904s] -- Set non-toolchain portion of runtime path of "/home/hungatec/rob499_ws/install/rob499_msgs/lib/librob499_msgs__rosidl_typesupport_fastrtps_c.so" to ""
[18.904s] -- Up-to-date: /home/hungatec/rob499_ws/install/rob499_msgs/include/rob499_msgs/rob499_msgs
[18.904s] -- Up-to-date: /home/hungatec/rob499_ws/install/rob499_msgs/include/rob499_msgs/rob499_msgs/msg
[18.904s] -- Installing: /home/hungatec/rob499_ws/install/rob499_msgs/include/rob499_msgs/rob499_msgs/msg/rosidl_generator_cpp__visibility_control.hpp
[18.904s] -- Up-to-date: /home/hungatec/rob499_ws/install/rob499_msgs/include/rob499_msgs/rob499_msgs/msg/detail
[18.905s] -- Installing: /home/hungatec/rob499_ws/install/rob499_msgs/include/rob499_msgs/rob499_msgs/msg/detail/test_packet__builder.hpp
[18.905s] -- Installing: /home/hungatec/rob499_ws/install/rob499_msgs/include/rob499_msgs/rob499_msgs/msg/detail/test_packet__type_support.hpp
[18.905s] -- Installing: /home/hungatec/rob499_ws/install/rob499_msgs/include/rob499_msgs/rob499_msgs/msg/detail/test_packet__struct.hpp
[18.905s] -- Installing: /home/hungatec/rob499_ws/install/rob499_msgs/include/rob499_msgs/rob499_msgs/msg/detail/test_packet__traits.hpp
[18.905s] -- Installing: /home/hungatec/rob499_ws/install/rob499_msgs/include/rob499_msgs/rob499_msgs/msg/test_packet.hpp
[18.905s] -- Up-to-date: /home/hungatec/rob499_ws/install/rob499_msgs/include/rob499_msgs/rob499_msgs/srv
[18.905s] -- Up-to-date: /home/hungatec/rob499_ws/install/rob499_msgs/include/rob499_msgs/rob499_msgs/srv/detail
[18.905s] -- Installing: /home/hungatec/rob499_ws/install/rob499_msgs/include/rob499_msgs/rob499_msgs/srv/detail/enable_logging__type_support.hpp
[18.905s] -- Installing: /home/hungatec/rob499_ws/install/rob499_msgs/include/rob499_msgs/rob499_msgs/srv/detail/enable_logging__traits.hpp
[18.905s] -- Installing: /home/hungatec/rob499_ws/install/rob499_msgs/include/rob499_msgs/rob499_msgs/srv/detail/enable_logging__builder.hpp
[18.905s] -- Installing: /home/hungatec/rob499_ws/install/rob499_msgs/include/rob499_msgs/rob499_msgs/srv/detail/send_data__traits.hpp
[18.905s] -- Installing: /home/hungatec/rob499_ws/install/rob499_msgs/include/rob499_msgs/rob499_msgs/srv/detail/send_data__type_support.hpp
[18.905s] -- Installing: /home/hungatec/rob499_ws/install/rob499_msgs/include/rob499_msgs/rob499_msgs/srv/detail/send_data__struct.hpp
[18.906s] -- Installing: /home/hungatec/rob499_ws/install/rob499_msgs/include/rob499_msgs/rob499_msgs/srv/detail/send_data__builder.hpp
[18.906s] -- Installing: /home/hungatec/rob499_ws/install/rob499_msgs/include/rob499_msgs/rob499_msgs/srv/detail/enable_logging__struct.hpp
[18.906s] -- Installing: /home/hungatec/rob499_ws/install/rob499_msgs/include/rob499_msgs/rob499_msgs/srv/enable_logging.hpp
[18.906s] -- Installing: /home/hungatec/rob499_ws/install/rob499_msgs/include/rob499_msgs/rob499_msgs/srv/send_data.hpp
[18.906s] -- Up-to-date: /home/hungatec/rob499_ws/install/rob499_msgs/include/rob499_msgs/rob499_msgs/action
[18.906s] -- Installing: /home/hungatec/rob499_ws/install/rob499_msgs/include/rob499_msgs/rob499_msgs/action/launch_rocket.hpp
[18.906s] -- Up-to-date: /home/hungatec/rob499_ws/install/rob499_msgs/include/rob499_msgs/rob499_msgs/action/detail
[18.906s] -- Installing: /home/hungatec/rob499_ws/install/rob499_msgs/include/rob499_msgs/rob499_msgs/action/detail/launch_rocket__type_support.hpp
[18.906s] -- Installing: /home/hungatec/rob499_ws/install/rob499_msgs/include/rob499_msgs/rob499_msgs/action/detail/launch_rocket__traits.hpp
[18.906s] -- Installing: /home/hungatec/rob499_ws/install/rob499_msgs/include/rob499_msgs/rob499_msgs/action/detail/launch_rocket__struct.hpp
[18.906s] -- Installing: /home/hungatec/rob499_ws/install/rob499_msgs/include/rob499_msgs/rob499_msgs/action/detail/launch_rocket__builder.hpp
[18.906s] -- Up-to-date: /home/hungatec/rob499_ws/install/rob499_msgs/include/rob499_msgs/rob499_msgs
[18.906s] -- Up-to-date: /home/hungatec/rob499_ws/install/rob499_msgs/include/rob499_msgs/rob499_msgs/msg
[18.906s] -- Up-to-date: /home/hungatec/rob499_ws/install/rob499_msgs/include/rob499_msgs/rob499_msgs/msg/detail
[18.907s] -- Installing: /home/hungatec/rob499_ws/install/rob499_msgs/include/rob499_msgs/rob499_msgs/msg/detail/dds_fastrtps
[18.907s] -- Installing: /home/hungatec/rob499_ws/install/rob499_msgs/include/rob499_msgs/rob499_msgs/msg/detail/test_packet__rosidl_typesupport_fastrtps_cpp.hpp
[18.907s] -- Installing: /home/hungatec/rob499_ws/install/rob499_msgs/include/rob499_msgs/rob499_msgs/msg/rosidl_typesupport_fastrtps_cpp__visibility_control.h
[18.907s] -- Up-to-date: /home/hungatec/rob499_ws/install/rob499_msgs/include/rob499_msgs/rob499_msgs/srv
[18.907s] -- Up-to-date: /home/hungatec/rob499_ws/install/rob499_msgs/include/rob499_msgs/rob499_msgs/srv/detail
[18.907s] -- Installing: /home/hungatec/rob499_ws/install/rob499_msgs/include/rob499_msgs/rob499_msgs/srv/detail/dds_fastrtps
[18.907s] -- Installing: /home/hungatec/rob499_ws/install/rob499_msgs/include/rob499_msgs/rob499_msgs/srv/detail/enable_logging__rosidl_typesupport_fastrtps_cpp.hpp
[18.907s] -- Installing: /home/hungatec/rob499_ws/install/rob499_msgs/include/rob499_msgs/rob499_msgs/srv/detail/send_data__rosidl_typesupport_fastrtps_cpp.hpp
[18.907s] -- Up-to-date: /home/hungatec/rob499_ws/install/rob499_msgs/include/rob499_msgs/rob499_msgs/action
[18.907s] -- Up-to-date: /home/hungatec/rob499_ws/install/rob499_msgs/include/rob499_msgs/rob499_msgs/action/detail
[18.907s] -- Installing: /home/hungatec/rob499_ws/install/rob499_msgs/include/rob499_msgs/rob499_msgs/action/detail/dds_fastrtps
[18.909s] -- Installing: /home/hungatec/rob499_ws/install/rob499_msgs/include/rob499_msgs/rob499_msgs/action/detail/launch_rocket__rosidl_typesupport_fastrtps_cpp.hpp
[18.910s] -- Installing: /home/hungatec/rob499_ws/install/rob499_msgs/lib/librob499_msgs__rosidl_typesupport_fastrtps_cpp.so
[18.910s] -- Set non-toolchain portion of runtime path of "/home/hungatec/rob499_ws/install/rob499_msgs/lib/librob499_msgs__rosidl_typesupport_fastrtps_cpp.so" to ""
[18.910s] -- Up-to-date: /home/hungatec/rob499_ws/install/rob499_msgs/include/rob499_msgs/rob499_msgs
[18.911s] -- Up-to-date: /home/hungatec/rob499_ws/install/rob499_msgs/include/rob499_msgs/rob499_msgs/msg
[18.911s] -- Up-to-date: /home/hungatec/rob499_ws/install/rob499_msgs/include/rob499_msgs/rob499_msgs/msg/detail
[18.911s] -- Installing: /home/hungatec/rob499_ws/install/rob499_msgs/include/rob499_msgs/rob499_msgs/msg/detail/test_packet__type_support.c
[18.912s] -- Installing: /home/hungatec/rob499_ws/install/rob499_msgs/include/rob499_msgs/rob499_msgs/msg/detail/test_packet__rosidl_typesupport_introspection_c.h
[18.912s] -- Installing: /home/hungatec/rob499_ws/install/rob499_msgs/include/rob499_msgs/rob499_msgs/msg/rosidl_typesupport_introspection_c__visibility_control.h
[18.912s] -- Up-to-date: /home/hungatec/rob499_ws/install/rob499_msgs/include/rob499_msgs/rob499_msgs/srv
[18.912s] -- Up-to-date: /home/hungatec/rob499_ws/install/rob499_msgs/include/rob499_msgs/rob499_msgs/srv/detail
[18.912s] -- Installing: /home/hungatec/rob499_ws/install/rob499_msgs/include/rob499_msgs/rob499_msgs/srv/detail/enable_logging__type_support.c
[18.912s] -- Installing: /home/hungatec/rob499_ws/install/rob499_msgs/include/rob499_msgs/rob499_msgs/srv/detail/send_data__type_support.c
[18.913s] -- Installing: /home/hungatec/rob499_ws/install/rob499_msgs/include/rob499_msgs/rob499_msgs/srv/detail/send_data__rosidl_typesupport_introspection_c.h
[18.913s] -- Installing: /home/hungatec/rob499_ws/install/rob499_msgs/include/rob499_msgs/rob499_msgs/srv/detail/enable_logging__rosidl_typesupport_introspection_c.h
[18.913s] -- Up-to-date: /home/hungatec/rob499_ws/install/rob499_msgs/include/rob499_msgs/rob499_msgs/action
[18.913s] -- Up-to-date: /home/hungatec/rob499_ws/install/rob499_msgs/include/rob499_msgs/rob499_msgs/action/detail
[18.914s] -- Installing: /home/hungatec/rob499_ws/install/rob499_msgs/include/rob499_msgs/rob499_msgs/action/detail/launch_rocket__type_support.c
[18.914s] -- Installing: /home/hungatec/rob499_ws/install/rob499_msgs/include/rob499_msgs/rob499_msgs/action/detail/launch_rocket__rosidl_typesupport_introspection_c.h
[18.915s] -- Installing: /home/hungatec/rob499_ws/install/rob499_msgs/lib/librob499_msgs__rosidl_typesupport_introspection_c.so
[18.915s] -- Set non-toolchain portion of runtime path of "/home/hungatec/rob499_ws/install/rob499_msgs/lib/librob499_msgs__rosidl_typesupport_introspection_c.so" to ""
[18.916s] -- Installing: /home/hungatec/rob499_ws/install/rob499_msgs/lib/librob499_msgs__rosidl_typesupport_c.so
[18.916s] -- Set non-toolchain portion of runtime path of "/home/hungatec/rob499_ws/install/rob499_msgs/lib/librob499_msgs__rosidl_typesupport_c.so" to ""
[18.916s] -- Up-to-date: /home/hungatec/rob499_ws/install/rob499_msgs/include/rob499_msgs/rob499_msgs
[18.916s] -- Up-to-date: /home/hungatec/rob499_ws/install/rob499_msgs/include/rob499_msgs/rob499_msgs/msg
[18.917s] -- Up-to-date: /home/hungatec/rob499_ws/install/rob499_msgs/include/rob499_msgs/rob499_msgs/msg/detail
[18.917s] -- Installing: /home/hungatec/rob499_ws/install/rob499_msgs/include/rob499_msgs/rob499_msgs/msg/detail/test_packet__type_support.cpp
[18.917s] -- Installing: /home/hungatec/rob499_ws/install/rob499_msgs/include/rob499_msgs/rob499_msgs/msg/detail/test_packet__rosidl_typesupport_introspection_cpp.hpp
[18.917s] -- Up-to-date: /home/hungatec/rob499_ws/install/rob499_msgs/include/rob499_msgs/rob499_msgs/srv
[18.917s] -- Up-to-date: /home/hungatec/rob499_ws/install/rob499_msgs/include/rob499_msgs/rob499_msgs/srv/detail
[18.917s] -- Installing: /home/hungatec/rob499_ws/install/rob499_msgs/include/rob499_msgs/rob499_msgs/srv/detail/enable_logging__type_support.cpp
[18.917s] -- Installing: /home/hungatec/rob499_ws/install/rob499_msgs/include/rob499_msgs/rob499_msgs/srv/detail/enable_logging__rosidl_typesupport_introspection_cpp.hpp
[18.918s] -- Installing: /home/hungatec/rob499_ws/install/rob499_msgs/include/rob499_msgs/rob499_msgs/srv/detail/send_data__rosidl_typesupport_introspection_cpp.hpp
[18.918s] -- Installing: /home/hungatec/rob499_ws/install/rob499_msgs/include/rob499_msgs/rob499_msgs/srv/detail/send_data__type_support.cpp
[18.919s] -- Up-to-date: /home/hungatec/rob499_ws/install/rob499_msgs/include/rob499_msgs/rob499_msgs/action
[18.920s] -- Up-to-date: /home/hungatec/rob499_ws/install/rob499_msgs/include/rob499_msgs/rob499_msgs/action/detail
[18.921s] -- Installing: /home/hungatec/rob499_ws/install/rob499_msgs/include/rob499_msgs/rob499_msgs/action/detail/launch_rocket__rosidl_typesupport_introspection_cpp.hpp
[18.921s] -- Installing: /home/hungatec/rob499_ws/install/rob499_msgs/include/rob499_msgs/rob499_msgs/action/detail/launch_rocket__type_support.cpp
[18.921s] -- Installing: /home/hungatec/rob499_ws/install/rob499_msgs/lib/librob499_msgs__rosidl_typesupport_introspection_cpp.so
[18.922s] -- Set non-toolchain portion of runtime path of "/home/hungatec/rob499_ws/install/rob499_msgs/lib/librob499_msgs__rosidl_typesupport_introspection_cpp.so" to ""
[18.923s] -- Installing: /home/hungatec/rob499_ws/install/rob499_msgs/lib/librob499_msgs__rosidl_typesupport_cpp.so
[18.923s] -- Set non-toolchain portion of runtime path of "/home/hungatec/rob499_ws/install/rob499_msgs/lib/librob499_msgs__rosidl_typesupport_cpp.so" to ""
[18.923s] -- Installing: /home/hungatec/rob499_ws/install/rob499_msgs/share/rob499_msgs/environment/pythonpath.sh
[18.923s] -- Installing: /home/hungatec/rob499_ws/install/rob499_msgs/share/rob499_msgs/environment/pythonpath.dsv
[18.923s] -- Installing: /home/hungatec/rob499_ws/install/rob499_msgs/lib/python3.12/site-packages/rob499_msgs-0.0.0-py3.12.egg-info
[18.923s] -- Installing: /home/hungatec/rob499_ws/install/rob499_msgs/lib/python3.12/site-packages/rob499_msgs-0.0.0-py3.12.egg-info/top_level.txt
[18.923s] -- Installing: /home/hungatec/rob499_ws/install/rob499_msgs/lib/python3.12/site-packages/rob499_msgs-0.0.0-py3.12.egg-info/dependency_links.txt
[18.924s] -- Installing: /home/hungatec/rob499_ws/install/rob499_msgs/lib/python3.12/site-packages/rob499_msgs-0.0.0-py3.12.egg-info/PKG-INFO
[18.924s] -- Installing: /home/hungatec/rob499_ws/install/rob499_msgs/lib/python3.12/site-packages/rob499_msgs-0.0.0-py3.12.egg-info/SOURCES.txt
[18.924s] -- Installing: /home/hungatec/rob499_ws/install/rob499_msgs/lib/python3.12/site-packages/rob499_msgs
[18.925s] -- Installing: /home/hungatec/rob499_ws/install/rob499_msgs/lib/python3.12/site-packages/rob499_msgs/rob499_msgs_s__rosidl_typesupport_introspection_c.so
[18.926s] -- Installing: /home/hungatec/rob499_ws/install/rob499_msgs/lib/python3.12/site-packages/rob499_msgs/_rob499_msgs_s.ep.rosidl_typesupport_c.c
[18.926s] -- Installing: /home/hungatec/rob499_ws/install/rob499_msgs/lib/python3.12/site-packages/rob499_msgs/__init__.py
[18.926s] -- Installing: /home/hungatec/rob499_ws/install/rob499_msgs/lib/python3.12/site-packages/rob499_msgs/rob499_msgs_s__rosidl_typesupport_fastrtps_c.so
[18.927s] -- Installing: /home/hungatec/rob499_ws/install/rob499_msgs/lib/python3.12/site-packages/rob499_msgs/rob499_msgs_s__rosidl_typesupport_c.so
[18.927s] -- Installing: /home/hungatec/rob499_ws/install/rob499_msgs/lib/python3.12/site-packages/rob499_msgs/msg
[18.928s] -- Installing: /home/hungatec/rob499_ws/install/rob499_msgs/lib/python3.12/site-packages/rob499_msgs/msg/__init__.py
[18.928s] -- Installing: /home/hungatec/rob499_ws/install/rob499_msgs/lib/python3.12/site-packages/rob499_msgs/msg/_test_packet.py
[18.928s] -- Installing: /home/hungatec/rob499_ws/install/rob499_msgs/lib/python3.12/site-packages/rob499_msgs/msg/_test_packet_s.c
[18.928s] -- Installing: /home/hungatec/rob499_ws/install/rob499_msgs/lib/python3.12/site-packages/rob499_msgs/srv
[18.929s] -- Installing: /home/hungatec/rob499_ws/install/rob499_msgs/lib/python3.12/site-packages/rob499_msgs/srv/_send_data_s.c
[18.929s] -- Installing: /home/hungatec/rob499_ws/install/rob499_msgs/lib/python3.12/site-packages/rob499_msgs/srv/_enable_logging_s.c
[18.930s] -- Installing: /home/hungatec/rob499_ws/install/rob499_msgs/lib/python3.12/site-packages/rob499_msgs/srv/_enable_logging.py
[18.932s] -- Installing: /home/hungatec/rob499_ws/install/rob499_msgs/lib/python3.12/site-packages/rob499_msgs/srv/__init__.py
[18.932s] -- Installing: /home/hungatec/rob499_ws/install/rob499_msgs/lib/python3.12/site-packages/rob499_msgs/srv/_send_data.py
[18.933s] -- Installing: /home/hungatec/rob499_ws/install/rob499_msgs/lib/python3.12/site-packages/rob499_msgs/action
[18.933s] -- Installing: /home/hungatec/rob499_ws/install/rob499_msgs/lib/python3.12/site-packages/rob499_msgs/action/__init__.py
[18.933s] -- Installing: /home/hungatec/rob499_ws/install/rob499_msgs/lib/python3.12/site-packages/rob499_msgs/action/_launch_rocket_s.c
[18.933s] -- Installing: /home/hungatec/rob499_ws/install/rob499_msgs/lib/python3.12/site-packages/rob499_msgs/action/_launch_rocket.py
[18.934s] -- Installing: /home/hungatec/rob499_ws/install/rob499_msgs/lib/python3.12/site-packages/rob499_msgs/_rob499_msgs_s.ep.rosidl_typesupport_introspection_c.c
[18.935s] -- Installing: /home/hungatec/rob499_ws/install/rob499_msgs/lib/python3.12/site-packages/rob499_msgs/_rob499_msgs_s.ep.rosidl_typesupport_fastrtps_c.c
[19.042s] Listing '/home/hungatec/rob499_ws/install/rob499_msgs/lib/python3.12/site-packages/rob499_msgs'...
[19.042s] Compiling '/home/hungatec/rob499_ws/install/rob499_msgs/lib/python3.12/site-packages/rob499_msgs/__init__.py'...
[19.042s] Listing '/home/hungatec/rob499_ws/install/rob499_msgs/lib/python3.12/site-packages/rob499_msgs/action'...
[19.042s] Compiling '/home/hungatec/rob499_ws/install/rob499_msgs/lib/python3.12/site-packages/rob499_msgs/action/__init__.py'...
[19.042s] Compiling '/home/hungatec/rob499_ws/install/rob499_msgs/lib/python3.12/site-packages/rob499_msgs/action/_launch_rocket.py'...
[19.042s] Listing '/home/hungatec/rob499_ws/install/rob499_msgs/lib/python3.12/site-packages/rob499_msgs/msg'...
[19.042s] Compiling '/home/hungatec/rob499_ws/install/rob499_msgs/lib/python3.12/site-packages/rob499_msgs/msg/__init__.py'...
[19.042s] Compiling '/home/hungatec/rob499_ws/install/rob499_msgs/lib/python3.12/site-packages/rob499_msgs/msg/_test_packet.py'...
[19.042s] Listing '/home/hungatec/rob499_ws/install/rob499_msgs/lib/python3.12/site-packages/rob499_msgs/srv'...
[19.042s] Compiling '/home/hungatec/rob499_ws/install/rob499_msgs/lib/python3.12/site-packages/rob499_msgs/srv/__init__.py'...
[19.042s] Compiling '/home/hungatec/rob499_ws/install/rob499_msgs/lib/python3.12/site-packages/rob499_msgs/srv/_enable_logging.py'...
[19.042s] Compiling '/home/hungatec/rob499_ws/install/rob499_msgs/lib/python3.12/site-packages/rob499_msgs/srv/_send_data.py'...
[19.057s] -- Installing: /home/hungatec/rob499_ws/install/rob499_msgs/lib/python3.12/site-packages/rob499_msgs/rob499_msgs_s__rosidl_typesupport_fastrtps_c.so
[19.057s] -- Set non-toolchain portion of runtime path of "/home/hungatec/rob499_ws/install/rob499_msgs/lib/python3.12/site-packages/rob499_msgs/rob499_msgs_s__rosidl_typesupport_fastrtps_c.so" to ""
[19.057s] -- Installing: /home/hungatec/rob499_ws/install/rob499_msgs/lib/python3.12/site-packages/rob499_msgs/rob499_msgs_s__rosidl_typesupport_introspection_c.so
[19.057s] -- Set non-toolchain portion of runtime path of "/home/hungatec/rob499_ws/install/rob499_msgs/lib/python3.12/site-packages/rob499_msgs/rob499_msgs_s__rosidl_typesupport_introspection_c.so" to ""
[19.058s] -- Installing: /home/hungatec/rob499_ws/install/rob499_msgs/lib/python3.12/site-packages/rob499_msgs/rob499_msgs_s__rosidl_typesupport_c.so
[19.058s] -- Set non-toolchain portion of runtime path of "/home/hungatec/rob499_ws/install/rob499_msgs/lib/python3.12/site-packages/rob499_msgs/rob499_msgs_s__rosidl_typesupport_c.so" to ""
[19.058s] -- Installing: /home/hungatec/rob499_ws/install/rob499_msgs/lib/librob499_msgs__rosidl_generator_py.so
[19.058s] -- Set non-toolchain portion of runtime path of "/home/hungatec/rob499_ws/install/rob499_msgs/lib/librob499_msgs__rosidl_generator_py.so" to ""
[19.058s] -- Installing: /home/hungatec/rob499_ws/install/rob499_msgs/share/rob499_msgs/msg/TestPacket.idl
[19.058s] -- Installing: /home/hungatec/rob499_ws/install/rob499_msgs/share/rob499_msgs/srv/SendData.idl
[19.058s] -- Installing: /home/hungatec/rob499_ws/install/rob499_msgs/share/rob499_msgs/srv/EnableLogging.idl
[19.059s] -- Installing: /home/hungatec/rob499_ws/install/rob499_msgs/share/rob499_msgs/action/LaunchRocket.idl
[19.060s] -- Installing: /home/hungatec/rob499_ws/install/rob499_msgs/share/rob499_msgs/msg/TestPacket.msg
[19.061s] -- Installing: /home/hungatec/rob499_ws/install/rob499_msgs/share/rob499_msgs/srv/SendData.srv
[19.063s] -- Installing: /home/hungatec/rob499_ws/install/rob499_msgs/share/rob499_msgs/srv/EnableLogging.srv
[19.063s] -- Installing: /home/hungatec/rob499_ws/install/rob499_msgs/share/rob499_msgs/action/LaunchRocket.action
[19.064s] -- Installing: /home/hungatec/rob499_ws/install/rob499_msgs/share/ament_index/resource_index/package_run_dependencies/rob499_msgs
[19.064s] -- Installing: /home/hungatec/rob499_ws/install/rob499_msgs/share/ament_index/resource_index/parent_prefix_path/rob499_msgs
[19.065s] -- Installing: /home/hungatec/rob499_ws/install/rob499_msgs/share/rob499_msgs/environment/ament_prefix_path.sh
[19.065s] -- Installing: /home/hungatec/rob499_ws/install/rob499_msgs/share/rob499_msgs/environment/ament_prefix_path.dsv
[19.065s] -- Installing: /home/hungatec/rob499_ws/install/rob499_msgs/share/rob499_msgs/environment/path.sh
[19.067s] -- Installing: /home/hungatec/rob499_ws/install/rob499_msgs/share/rob499_msgs/environment/path.dsv
[19.068s] -- Installing: /home/hungatec/rob499_ws/install/rob499_msgs/share/rob499_msgs/local_setup.bash
[19.068s] -- Installing: /home/hungatec/rob499_ws/install/rob499_msgs/share/rob499_msgs/local_setup.sh
[19.068s] -- Installing: /home/hungatec/rob499_ws/install/rob499_msgs/share/rob499_msgs/local_setup.zsh
[19.068s] -- Installing: /home/hungatec/rob499_ws/install/rob499_msgs/share/rob499_msgs/local_setup.dsv
[19.068s] -- Installing: /home/hungatec/rob499_ws/install/rob499_msgs/share/rob499_msgs/package.dsv
[19.068s] -- Installing: /home/hungatec/rob499_ws/install/rob499_msgs/share/ament_index/resource_index/packages/rob499_msgs
[19.068s] -- Installing: /home/hungatec/rob499_ws/install/rob499_msgs/share/rob499_msgs/cmake/export_rob499_msgs__rosidl_generator_cExport.cmake
[19.068s] -- Installing: /home/hungatec/rob499_ws/install/rob499_msgs/share/rob499_msgs/cmake/export_rob499_msgs__rosidl_generator_cExport-noconfig.cmake
[19.068s] -- Installing: /home/hungatec/rob499_ws/install/rob499_msgs/share/rob499_msgs/cmake/export_rob499_msgs__rosidl_typesupport_fastrtps_cExport.cmake
[19.068s] -- Installing: /home/hungatec/rob499_ws/install/rob499_msgs/share/rob499_msgs/cmake/export_rob499_msgs__rosidl_typesupport_fastrtps_cExport-noconfig.cmake
[19.069s] -- Installing: /home/hungatec/rob499_ws/install/rob499_msgs/share/rob499_msgs/cmake/export_rob499_msgs__rosidl_generator_cppExport.cmake
[19.070s] -- Installing: /home/hungatec/rob499_ws/install/rob499_msgs/share/rob499_msgs/cmake/export_rob499_msgs__rosidl_typesupport_fastrtps_cppExport.cmake
[19.070s] -- Installing: /home/hungatec/rob499_ws/install/rob499_msgs/share/rob499_msgs/cmake/export_rob499_msgs__rosidl_typesupport_fastrtps_cppExport-noconfig.cmake
[19.070s] -- Installing: /home/hungatec/rob499_ws/install/rob499_msgs/share/rob499_msgs/cmake/rob499_msgs__rosidl_typesupport_introspection_cExport.cmake
[19.073s] -- Installing: /home/hungatec/rob499_ws/install/rob499_msgs/share/rob499_msgs/cmake/rob499_msgs__rosidl_typesupport_introspection_cExport-noconfig.cmake
[19.074s] -- Installing: /home/hungatec/rob499_ws/install/rob499_msgs/share/rob499_msgs/cmake/rob499_msgs__rosidl_typesupport_cExport.cmake
[19.079s] -- Installing: /home/hungatec/rob499_ws/install/rob499_msgs/share/rob499_msgs/cmake/rob499_msgs__rosidl_typesupport_cExport-noconfig.cmake
[19.079s] -- Installing: /home/hungatec/rob499_ws/install/rob499_msgs/share/rob499_msgs/cmake/rob499_msgs__rosidl_typesupport_introspection_cppExport.cmake
[19.079s] -- Installing: /home/hungatec/rob499_ws/install/rob499_msgs/share/rob499_msgs/cmake/rob499_msgs__rosidl_typesupport_introspection_cppExport-noconfig.cmake
[19.079s] -- Installing: /home/hungatec/rob499_ws/install/rob499_msgs/share/rob499_msgs/cmake/rob499_msgs__rosidl_typesupport_cppExport.cmake
[19.079s] -- Installing: /home/hungatec/rob499_ws/install/rob499_msgs/share/rob499_msgs/cmake/rob499_msgs__rosidl_typesupport_cppExport-noconfig.cmake
[19.079s] -- Installing: /home/hungatec/rob499_ws/install/rob499_msgs/share/rob499_msgs/cmake/export_rob499_msgs__rosidl_generator_pyExport.cmake
[19.079s] -- Installing: /home/hungatec/rob499_ws/install/rob499_msgs/share/rob499_msgs/cmake/export_rob499_msgs__rosidl_generator_pyExport-noconfig.cmake
[19.079s] -- Installing: /home/hungatec/rob499_ws/install/rob499_msgs/share/rob499_msgs/cmake/rosidl_cmake-extras.cmake
[19.079s] -- Installing: /home/hungatec/rob499_ws/install/rob499_msgs/share/rob499_msgs/cmake/ament_cmake_export_dependencies-extras.cmake
[19.079s] -- Installing: /home/hungatec/rob499_ws/install/rob499_msgs/share/rob499_msgs/cmake/ament_cmake_export_include_directories-extras.cmake
[19.079s] -- Installing: /home/hungatec/rob499_ws/install/rob499_msgs/share/rob499_msgs/cmake/ament_cmake_export_libraries-extras.cmake
[19.080s] -- Installing: /home/hungatec/rob499_ws/install/rob499_msgs/share/rob499_msgs/cmake/ament_cmake_export_targets-extras.cmake
[19.080s] -- Installing: /home/hungatec/rob499_ws/install/rob499_msgs/share/rob499_msgs/cmake/rosidl_cmake_export_typesupport_targets-extras.cmake
[19.080s] -- Installing: /home/hungatec/rob499_ws/install/rob499_msgs/share/rob499_msgs/cmake/rosidl_cmake_export_typesupport_libraries-extras.cmake
[19.080s] -- Installing: /home/hungatec/rob499_ws/install/rob499_msgs/share/rob499_msgs/cmake/rob499_msgsConfig.cmake
[19.080s] -- Installing: /home/hungatec/rob499_ws/install/rob499_msgs/share/rob499_msgs/cmake/rob499_msgsConfig-version.cmake
[19.080s] -- Installing: /home/hungatec/rob499_ws/install/rob499_msgs/share/rob499_msgs/package.xml
[19.083s] Invoked command in '/home/hungatec/rob499_ws/build/rob499_msgs' returned '0': CMAKE_PREFIX_PATH=${CMAKE_PREFIX_PATH}:/home/hungatec/rob499_ws/install/rob599_more:/home/hungatec/rob499_ws/install/rob599_basic:/home/hungatec/rob499_ws/install/hw5:/home/hungatec/rob499_ws/install/hw4:/home/hungatec/rob499_ws/install/hw3:/home/hungatec/rob499_ws/install/hw2:/opt/ros/jazzy DEBUGINFOD_URLS=https://debuginfod.ubuntu.com /usr/bin/cmake --install /home/hungatec/rob499_ws/build/rob499_msgs
