[2.099s] Invoking command in '/home/hungatec/rob499_ws/src/hw7_py': DEBUGINFOD_URLS=https://debuginfod.ubuntu.com PYTHONPATH=/home/hungatec/rob499_ws/build/hw7_py/prefix_override:/usr/lib/python3/dist-packages/colcon_core/task/python/colcon_distutils_commands:/home/hungatec/rob499_ws/install/hw7_py/lib/python3.12/site-packages:${PYTHONPATH} /usr/bin/python3 -W ignore:setup.py install is deprecated -W ignore:easy_install command is deprecated setup.py egg_info --egg-base ../../build/hw7_py build --build-base /home/hungatec/rob499_ws/build/hw7_py/build install --record /home/hungatec/rob499_ws/build/hw7_py/install.log --single-version-externally-managed install_data
[2.694s] running egg_info
[2.740s] writing ../../build/hw7_py/hw7_py.egg-info/PKG-INFO
[2.740s] writing dependency_links to ../../build/hw7_py/hw7_py.egg-info/dependency_links.txt
[2.743s] writing entry points to ../../build/hw7_py/hw7_py.egg-info/entry_points.txt
[2.743s] writing requirements to ../../build/hw7_py/hw7_py.egg-info/requires.txt
[2.744s] writing top-level names to ../../build/hw7_py/hw7_py.egg-info/top_level.txt
[2.858s] reading manifest file '../../build/hw7_py/hw7_py.egg-info/SOURCES.txt'
[2.862s] adding license file 'LICENSE'
[2.862s] writing manifest file '../../build/hw7_py/hw7_py.egg-info/SOURCES.txt'
[2.866s] running build
[2.866s] running build_py
[2.866s] copying hw7_py/object_detector.py -> /home/hungatec/rob499_ws/build/hw7_py/build/lib/hw7_py
[2.866s] running install
[2.875s] running install_lib
[2.937s] copying /home/hungatec/rob499_ws/build/hw7_py/build/lib/hw7_py/object_detector.py -> /home/hungatec/rob499_ws/install/hw7_py/lib/python3.12/site-packages/hw7_py
[2.939s] byte-compiling /home/hungatec/rob499_ws/install/hw7_py/lib/python3.12/site-packages/hw7_py/object_detector.py to object_detector.cpython-312.pyc
[2.944s] running install_data
[2.944s] creating /home/hungatec/rob499_ws/install/hw7_py/share/hw7_py/launch
[2.945s] copying launch/bartender_launch.py -> /home/hungatec/rob499_ws/install/hw7_py/share/hw7_py/launch
[2.946s] running install_egg_info
[2.997s] removing '/home/hungatec/rob499_ws/install/hw7_py/lib/python3.12/site-packages/hw7_py-0.0.0-py3.12.egg-info' (and everything under it)
[2.999s] Copying ../../build/hw7_py/hw7_py.egg-info to /home/hungatec/rob499_ws/install/hw7_py/lib/python3.12/site-packages/hw7_py-0.0.0-py3.12.egg-info
[3.005s] running install_scripts
[3.263s] Installing object_identifier script to /home/hungatec/rob499_ws/install/hw7_py/lib/hw7_py
[3.265s] writing list of installed files to '/home/hungatec/rob499_ws/build/hw7_py/install.log'
[3.359s] Invoked command in '/home/hungatec/rob499_ws/src/hw7_py' returned '0': DEBUGINFOD_URLS=https://debuginfod.ubuntu.com PYTHONPATH=/home/hungatec/rob499_ws/build/hw7_py/prefix_override:/usr/lib/python3/dist-packages/colcon_core/task/python/colcon_distutils_commands:/home/hungatec/rob499_ws/install/hw7_py/lib/python3.12/site-packages:${PYTHONPATH} /usr/bin/python3 -W ignore:setup.py install is deprecated -W ignore:easy_install command is deprecated setup.py egg_info --egg-base ../../build/hw7_py build --build-base /home/hungatec/rob499_ws/build/hw7_py/build install --record /home/hungatec/rob499_ws/build/hw7_py/install.log --single-version-externally-managed install_data
