[0.064s] Invoking command in '/home/hungatec/rob499_ws/build/hw7': CMAKE_PREFIX_PATH=${CMAKE_PREFIX_PATH}:/opt/ros/jazzy DEBUGINFOD_URLS=https://debuginfod.ubuntu.com /usr/bin/cmake --build /home/hungatec/rob499_ws/build/hw7 -- -j4 -l4
[1.130s] [ 50%] [32mBuilding CXX object CMakeFiles/background_remover.dir/src/background_remover.cpp.o[0m
[26.998s] [100%] [32m[1mLinking CXX executable background_remover[0m
[31.930s] [100%] Built target background_remover
[31.961s] Invoked command in '/home/hungatec/rob499_ws/build/hw7' returned '0': CMAKE_PREFIX_PATH=${CMAKE_PREFIX_PATH}:/opt/ros/jazzy DEBUGINFOD_URLS=https://debuginfod.ubuntu.com /usr/bin/cmake --build /home/hungatec/rob499_ws/build/hw7 -- -j4 -l4
[31.995s] Invoking command in '/home/hungatec/rob499_ws/build/hw7': CMAKE_PREFIX_PATH=${CMAKE_PREFIX_PATH}:/opt/ros/jazzy DEBUGINFOD_URLS=https://debuginfod.ubuntu.com /usr/bin/cmake --install /home/hungatec/rob499_ws/build/hw7
[32.016s] -- Install configuration: ""
[32.021s] -- Installing: /home/hungatec/rob499_ws/install/hw7/lib/hw7/background_remover
[32.032s] -- Set non-toolchain portion of runtime path of "/home/hungatec/rob499_ws/install/hw7/lib/hw7/background_remover" to ""
[32.036s] -- Up-to-date: /home/hungatec/rob499_ws/install/hw7/include/hw7/include
[32.037s] -- Up-to-date: /home/hungatec/rob499_ws/install/hw7/include/hw7/include/hw7
[32.041s] -- Up-to-date: /home/hungatec/rob499_ws/install/hw7/share/ament_index/resource_index/package_run_dependencies/hw7
[32.042s] -- Up-to-date: /home/hungatec/rob499_ws/install/hw7/share/ament_index/resource_index/parent_prefix_path/hw7
[32.045s] -- Up-to-date: /home/hungatec/rob499_ws/install/hw7/share/hw7/environment/ament_prefix_path.sh
[32.046s] -- Up-to-date: /home/hungatec/rob499_ws/install/hw7/share/hw7/environment/ament_prefix_path.dsv
[32.046s] -- Up-to-date: /home/hungatec/rob499_ws/install/hw7/share/hw7/environment/path.sh
[32.046s] -- Up-to-date: /home/hungatec/rob499_ws/install/hw7/share/hw7/environment/path.dsv
[32.046s] -- Up-to-date: /home/hungatec/rob499_ws/install/hw7/share/hw7/local_setup.bash
[32.046s] -- Up-to-date: /home/hungatec/rob499_ws/install/hw7/share/hw7/local_setup.sh
[32.047s] -- Up-to-date: /home/hungatec/rob499_ws/install/hw7/share/hw7/local_setup.zsh
[32.047s] -- Up-to-date: /home/hungatec/rob499_ws/install/hw7/share/hw7/local_setup.dsv
[32.047s] -- Installing: /home/hungatec/rob499_ws/install/hw7/share/hw7/package.dsv
[32.047s] -- Up-to-date: /home/hungatec/rob499_ws/install/hw7/share/ament_index/resource_index/packages/hw7
[32.048s] -- Up-to-date: /home/hungatec/rob499_ws/install/hw7/share/hw7/cmake/hw7Config.cmake
[32.048s] -- Up-to-date: /home/hungatec/rob499_ws/install/hw7/share/hw7/cmake/hw7Config-version.cmake
[32.048s] -- Up-to-date: /home/hungatec/rob499_ws/install/hw7/share/hw7/package.xml
[32.056s] Invoked command in '/home/hungatec/rob499_ws/build/hw7' returned '0': CMAKE_PREFIX_PATH=${CMAKE_PREFIX_PATH}:/opt/ros/jazzy DEBUGINFOD_URLS=https://debuginfod.ubuntu.com /usr/bin/cmake --install /home/hungatec/rob499_ws/build/hw7
