[1.405s] Invoking command in '/home/hungatec/rob499_ws/src/hw5': DEBUGINFOD_URLS=https://debuginfod.ubuntu.com PYTHONPATH=/home/hungatec/rob499_ws/src/build/hw5/prefix_override:/usr/lib/python3/dist-packages/colcon_core/task/python/colcon_distutils_commands:/home/hungatec/rob499_ws/src/install/hw5/lib/python3.12/site-packages:${PYTHONPATH} /usr/bin/python3 -W ignore:setup.py install is deprecated -W ignore:easy_install command is deprecated setup.py egg_info --egg-base ../build/hw5 build --build-base /home/hungatec/rob499_ws/src/build/hw5/build install --record /home/hungatec/rob499_ws/src/build/hw5/install.log --single-version-externally-managed install_data
[1.852s] running egg_info
[1.854s] creating ../build/hw5/hw5.egg-info
[1.889s] writing ../build/hw5/hw5.egg-info/PKG-INFO
[1.890s] writing dependency_links to ../build/hw5/hw5.egg-info/dependency_links.txt
[1.892s] writing requirements to ../build/hw5/hw5.egg-info/requires.txt
[1.892s] writing top-level names to ../build/hw5/hw5.egg-info/top_level.txt
[1.893s] writing manifest file '../build/hw5/hw5.egg-info/SOURCES.txt'
[1.959s] reading manifest file '../build/hw5/hw5.egg-info/SOURCES.txt'
[1.959s] adding license file 'LICENSE'
[1.959s] writing manifest file '../build/hw5/hw5.egg-info/SOURCES.txt'
[1.960s] running build
[1.960s] running build_py
[1.960s] creating /home/hungatec/rob499_ws/src/build/hw5/build
[1.960s] creating /home/hungatec/rob499_ws/src/build/hw5/build/lib
[1.961s] creating /home/hungatec/rob499_ws/src/build/hw5/build/lib/hw5
[1.961s] copying hw5/__init__.py -> /home/hungatec/rob499_ws/src/build/hw5/build/lib/hw5
[1.961s] running install
[1.972s] running install_lib
[2.001s] creating /home/hungatec/rob499_ws/src/install/hw5/lib/python3.12/site-packages/hw5
[2.002s] copying /home/hungatec/rob499_ws/src/build/hw5/build/lib/hw5/__init__.py -> /home/hungatec/rob499_ws/src/install/hw5/lib/python3.12/site-packages/hw5
[2.004s] byte-compiling /home/hungatec/rob499_ws/src/install/hw5/lib/python3.12/site-packages/hw5/__init__.py to __init__.cpython-312.pyc
[2.004s] running install_data
[2.005s] creating /home/hungatec/rob499_ws/src/install/hw5/share/ament_index
[2.005s] creating /home/hungatec/rob499_ws/src/install/hw5/share/ament_index/resource_index
[2.006s] creating /home/hungatec/rob499_ws/src/install/hw5/share/ament_index/resource_index/packages
[2.006s] copying resource/hw5 -> /home/hungatec/rob499_ws/src/install/hw5/share/ament_index/resource_index/packages
[2.006s] copying package.xml -> /home/hungatec/rob499_ws/src/install/hw5/share/hw5
[2.006s] running install_egg_info
[2.032s] Copying ../build/hw5/hw5.egg-info to /home/hungatec/rob499_ws/src/install/hw5/lib/python3.12/site-packages/hw5-0.0.0-py3.12.egg-info
[2.036s] running install_scripts
[2.232s] writing list of installed files to '/home/hungatec/rob499_ws/src/build/hw5/install.log'
[2.271s] Invoked command in '/home/hungatec/rob499_ws/src/hw5' returned '0': DEBUGINFOD_URLS=https://debuginfod.ubuntu.com PYTHONPATH=/home/hungatec/rob499_ws/src/build/hw5/prefix_override:/usr/lib/python3/dist-packages/colcon_core/task/python/colcon_distutils_commands:/home/hungatec/rob499_ws/src/install/hw5/lib/python3.12/site-packages:${PYTHONPATH} /usr/bin/python3 -W ignore:setup.py install is deprecated -W ignore:easy_install command is deprecated setup.py egg_info --egg-base ../build/hw5 build --build-base /home/hungatec/rob499_ws/src/build/hw5/build install --record /home/hungatec/rob499_ws/src/build/hw5/install.log --single-version-externally-managed install_data
