[1.751s] Invoking command in '/home/hungatec/rob499_ws/src/rob499_project': DEBUGINFOD_URLS=https://debuginfod.ubuntu.com PYTHONPATH=/home/hungatec/rob499_ws/build/rob499_project/prefix_override:/usr/lib/python3/dist-packages/colcon_core/task/python/colcon_distutils_commands:/home/hungatec/rob499_ws/install/rob499_project/lib/python3.12/site-packages:${PYTHONPATH} /usr/bin/python3 -W ignore:setup.py install is deprecated -W ignore:easy_install command is deprecated setup.py egg_info --egg-base ../../build/rob499_project build --build-base /home/hungatec/rob499_ws/build/rob499_project/build install --record /home/hungatec/rob499_ws/build/rob499_project/install.log --single-version-externally-managed install_data
[2.602s] running egg_info
[2.640s] writing ../../build/rob499_project/rob499_project.egg-info/PKG-INFO
[2.641s] writing dependency_links to ../../build/rob499_project/rob499_project.egg-info/dependency_links.txt
[2.641s] writing entry points to ../../build/rob499_project/rob499_project.egg-info/entry_points.txt
[2.641s] writing requirements to ../../build/rob499_project/rob499_project.egg-info/requires.txt
[2.641s] writing top-level names to ../../build/rob499_project/rob499_project.egg-info/top_level.txt
[2.704s] reading manifest file '../../build/rob499_project/rob499_project.egg-info/SOURCES.txt'
[2.704s] adding license file 'LICENSE'
[2.704s] writing manifest file '../../build/rob499_project/rob499_project.egg-info/SOURCES.txt'
[2.705s] running build
[2.705s] running build_py
[2.705s] copying rob499_project/x_vel_node.py -> /home/hungatec/rob499_ws/build/rob499_project/build/lib/rob499_project
[2.707s] running install
[2.715s] running install_lib
[2.788s] copying /home/hungatec/rob499_ws/build/rob499_project/build/lib/rob499_project/x_vel_node.py -> /home/hungatec/rob499_ws/install/rob499_project/lib/python3.12/site-packages/rob499_project
[2.793s] byte-compiling /home/hungatec/rob499_ws/install/rob499_project/lib/python3.12/site-packages/rob499_project/x_vel_node.py to x_vel_node.cpython-312.pyc
[2.794s] running install_data
[2.795s] running install_egg_info
[2.838s] removing '/home/hungatec/rob499_ws/install/rob499_project/lib/python3.12/site-packages/rob499_project-0.0.0-py3.12.egg-info' (and everything under it)
[2.839s] Copying ../../build/rob499_project/rob499_project.egg-info to /home/hungatec/rob499_ws/install/rob499_project/lib/python3.12/site-packages/rob499_project-0.0.0-py3.12.egg-info
[2.843s] running install_scripts
[3.204s] Installing dummy_parameter script to /home/hungatec/rob499_ws/install/rob499_project/lib/rob499_project
[3.205s] Installing serial_data script to /home/hungatec/rob499_ws/install/rob499_project/lib/rob499_project
[3.205s] Installing virtual_serial_data script to /home/hungatec/rob499_ws/install/rob499_project/lib/rob499_project
[3.205s] Installing x_vel script to /home/hungatec/rob499_ws/install/rob499_project/lib/rob499_project
[3.210s] writing list of installed files to '/home/hungatec/rob499_ws/build/rob499_project/install.log'
[3.271s] Invoked command in '/home/hungatec/rob499_ws/src/rob499_project' returned '0': DEBUGINFOD_URLS=https://debuginfod.ubuntu.com PYTHONPATH=/home/hungatec/rob499_ws/build/rob499_project/prefix_override:/usr/lib/python3/dist-packages/colcon_core/task/python/colcon_distutils_commands:/home/hungatec/rob499_ws/install/rob499_project/lib/python3.12/site-packages:${PYTHONPATH} /usr/bin/python3 -W ignore:setup.py install is deprecated -W ignore:easy_install command is deprecated setup.py egg_info --egg-base ../../build/rob499_project build --build-base /home/hungatec/rob499_ws/build/rob499_project/build install --record /home/hungatec/rob499_ws/build/rob499_project/install.log --single-version-externally-managed install_data
