[2.070s] Invoking command in '/home/hungatec/rob499_ws/src/rob499_project': DEBUGINFOD_URLS=https://debuginfod.ubuntu.com PYTHONPATH=/home/hungatec/rob499_ws/build/rob499_project/prefix_override:/usr/lib/python3/dist-packages/colcon_core/task/python/colcon_distutils_commands:/home/hungatec/rob499_ws/install/rob499_project/lib/python3.12/site-packages:${PYTHONPATH} /usr/bin/python3 -W ignore:setup.py install is deprecated -W ignore:easy_install command is deprecated setup.py egg_info --egg-base ../../build/rob499_project build --build-base /home/hungatec/rob499_ws/build/rob499_project/build install --record /home/hungatec/rob499_ws/build/rob499_project/install.log --single-version-externally-managed install_data
[2.586s] running egg_info
[2.664s] writing ../../build/rob499_project/rob499_project.egg-info/PKG-INFO
[2.664s] writing dependency_links to ../../build/rob499_project/rob499_project.egg-info/dependency_links.txt
[2.667s] writing entry points to ../../build/rob499_project/rob499_project.egg-info/entry_points.txt
[2.674s] writing requirements to ../../build/rob499_project/rob499_project.egg-info/requires.txt
[2.674s] writing top-level names to ../../build/rob499_project/rob499_project.egg-info/top_level.txt
[2.785s] reading manifest file '../../build/rob499_project/rob499_project.egg-info/SOURCES.txt'
[2.785s] adding license file 'LICENSE'
[2.786s] writing manifest file '../../build/rob499_project/rob499_project.egg-info/SOURCES.txt'
[2.787s] running build
[2.788s] running build_py
[2.788s] running install
[2.795s] running install_lib
[2.820s] running install_data
[2.821s] running install_egg_info
[2.848s] removing '/home/hungatec/rob499_ws/install/rob499_project/lib/python3.12/site-packages/rob499_project-0.0.0-py3.12.egg-info' (and everything under it)
[2.849s] Copying ../../build/rob499_project/rob499_project.egg-info to /home/hungatec/rob499_ws/install/rob499_project/lib/python3.12/site-packages/rob499_project-0.0.0-py3.12.egg-info
[2.856s] running install_scripts
[3.075s] Installing dummy_parameter script to /home/hungatec/rob499_ws/install/rob499_project/lib/rob499_project
[3.076s] Installing knob1 script to /home/hungatec/rob499_ws/install/rob499_project/lib/rob499_project
[3.079s] Installing knob2 script to /home/hungatec/rob499_ws/install/rob499_project/lib/rob499_project
[3.080s] Installing serial_data script to /home/hungatec/rob499_ws/install/rob499_project/lib/rob499_project
[3.081s] Installing turtle_movement script to /home/hungatec/rob499_ws/install/rob499_project/lib/rob499_project
[3.081s] Installing virtual_serial_data script to /home/hungatec/rob499_ws/install/rob499_project/lib/rob499_project
[3.082s] writing list of installed files to '/home/hungatec/rob499_ws/build/rob499_project/install.log'
[3.173s] Invoked command in '/home/hungatec/rob499_ws/src/rob499_project' returned '0': DEBUGINFOD_URLS=https://debuginfod.ubuntu.com PYTHONPATH=/home/hungatec/rob499_ws/build/rob499_project/prefix_override:/usr/lib/python3/dist-packages/colcon_core/task/python/colcon_distutils_commands:/home/hungatec/rob499_ws/install/rob499_project/lib/python3.12/site-packages:${PYTHONPATH} /usr/bin/python3 -W ignore:setup.py install is deprecated -W ignore:easy_install command is deprecated setup.py egg_info --egg-base ../../build/rob499_project build --build-base /home/hungatec/rob499_ws/build/rob499_project/build install --record /home/hungatec/rob499_ws/build/rob499_project/install.log --single-version-externally-managed install_data
