[1.227s] Invoking command in '/home/hungatec/rob499_ws/src/rob499_project': DEBUGINFOD_URLS=https://debuginfod.ubuntu.com PYTHONPATH=/home/hungatec/rob499_ws/build/rob499_project/prefix_override:/usr/lib/python3/dist-packages/colcon_core/task/python/colcon_distutils_commands:/home/hungatec/rob499_ws/install/rob499_project/lib/python3.12/site-packages:${PYTHONPATH} /usr/bin/python3 -W ignore:setup.py install is deprecated -W ignore:easy_install command is deprecated setup.py egg_info --egg-base ../../build/rob499_project build --build-base /home/hungatec/rob499_ws/build/rob499_project/build install --record /home/hungatec/rob499_ws/build/rob499_project/install.log --single-version-externally-managed install_data
[1.600s] running egg_info
[1.626s] writing ../../build/rob499_project/rob499_project.egg-info/PKG-INFO
[1.626s] writing dependency_links to ../../build/rob499_project/rob499_project.egg-info/dependency_links.txt
[1.627s] writing requirements to ../../build/rob499_project/rob499_project.egg-info/requires.txt
[1.627s] writing top-level names to ../../build/rob499_project/rob499_project.egg-info/top_level.txt
[1.687s] reading manifest file '../../build/rob499_project/rob499_project.egg-info/SOURCES.txt'
[1.689s] adding license file 'LICENSE'
[1.690s] writing manifest file '../../build/rob499_project/rob499_project.egg-info/SOURCES.txt'
[1.691s] running build
[1.691s] running build_py
[1.691s] copying rob499_project/test.py -> /home/hungatec/rob499_ws/build/rob499_project/build/lib/rob499_project
[1.692s] running install
[1.700s] running install_lib
[1.722s] copying /home/hungatec/rob499_ws/build/rob499_project/build/lib/rob499_project/test.py -> /home/hungatec/rob499_ws/install/rob499_project/lib/python3.12/site-packages/rob499_project
[1.725s] byte-compiling /home/hungatec/rob499_ws/install/rob499_project/lib/python3.12/site-packages/rob499_project/test.py to test.cpython-312.pyc
[1.726s] running install_data
[1.727s] running install_egg_info
[1.756s] removing '/home/hungatec/rob499_ws/install/rob499_project/lib/python3.12/site-packages/rob499_project-0.0.0-py3.12.egg-info' (and everything under it)
[1.763s] Copying ../../build/rob499_project/rob499_project.egg-info to /home/hungatec/rob499_ws/install/rob499_project/lib/python3.12/site-packages/rob499_project-0.0.0-py3.12.egg-info
[1.763s] running install_scripts
[1.969s] writing list of installed files to '/home/hungatec/rob499_ws/build/rob499_project/install.log'
[2.044s] Invoked command in '/home/hungatec/rob499_ws/src/rob499_project' returned '0': DEBUGINFOD_URLS=https://debuginfod.ubuntu.com PYTHONPATH=/home/hungatec/rob499_ws/build/rob499_project/prefix_override:/usr/lib/python3/dist-packages/colcon_core/task/python/colcon_distutils_commands:/home/hungatec/rob499_ws/install/rob499_project/lib/python3.12/site-packages:${PYTHONPATH} /usr/bin/python3 -W ignore:setup.py install is deprecated -W ignore:easy_install command is deprecated setup.py egg_info --egg-base ../../build/rob499_project build --build-base /home/hungatec/rob499_ws/build/rob499_project/build install --record /home/hungatec/rob499_ws/build/rob499_project/install.log --single-version-externally-managed install_data
