[3.328s] Invoking command in '/home/hungatec/rob499_ws/src/hw7_py': DEBUGINFOD_URLS=https://debuginfod.ubuntu.com PYTHONPATH=/home/hungatec/rob499_ws/build/hw7_py/prefix_override:/usr/lib/python3/dist-packages/colcon_core/task/python/colcon_distutils_commands:/home/hungatec/rob499_ws/install/hw7_py/lib/python3.12/site-packages:${PYTHONPATH} /usr/bin/python3 -W ignore:setup.py install is deprecated -W ignore:easy_install command is deprecated setup.py egg_info --egg-base ../../build/hw7_py build --build-base /home/hungatec/rob499_ws/build/hw7_py/build install --record /home/hungatec/rob499_ws/build/hw7_py/install.log --single-version-externally-managed install_data
[4.235s] running egg_info
[4.293s] writing ../../build/hw7_py/hw7_py.egg-info/PKG-INFO
[4.301s] writing dependency_links to ../../build/hw7_py/hw7_py.egg-info/dependency_links.txt
[4.303s] writing entry points to ../../build/hw7_py/hw7_py.egg-info/entry_points.txt
[4.304s] writing requirements to ../../build/hw7_py/hw7_py.egg-info/requires.txt
[4.304s] writing top-level names to ../../build/hw7_py/hw7_py.egg-info/top_level.txt
[4.539s] reading manifest file '../../build/hw7_py/hw7_py.egg-info/SOURCES.txt'
[4.542s] adding license file 'LICENSE'
[4.542s] writing manifest file '../../build/hw7_py/hw7_py.egg-info/SOURCES.txt'
[4.543s] running build
[4.546s] running build_py
[4.547s] running install
[4.573s] running install_lib
[4.637s] running install_data
[4.637s] running install_egg_info
[4.733s] removing '/home/hungatec/rob499_ws/install/hw7_py/lib/python3.12/site-packages/hw7_py-0.0.0-py3.12.egg-info' (and everything under it)
[4.748s] Copying ../../build/hw7_py/hw7_py.egg-info to /home/hungatec/rob499_ws/install/hw7_py/lib/python3.12/site-packages/hw7_py-0.0.0-py3.12.egg-info
[4.748s] running install_scripts
[5.480s] Installing object_detector script to /home/hungatec/rob499_ws/install/hw7_py/lib/hw7_py
[5.488s] writing list of installed files to '/home/hungatec/rob499_ws/build/hw7_py/install.log'
[5.733s] Invoked command in '/home/hungatec/rob499_ws/src/hw7_py' returned '0': DEBUGINFOD_URLS=https://debuginfod.ubuntu.com PYTHONPATH=/home/hungatec/rob499_ws/build/hw7_py/prefix_override:/usr/lib/python3/dist-packages/colcon_core/task/python/colcon_distutils_commands:/home/hungatec/rob499_ws/install/hw7_py/lib/python3.12/site-packages:${PYTHONPATH} /usr/bin/python3 -W ignore:setup.py install is deprecated -W ignore:easy_install command is deprecated setup.py egg_info --egg-base ../../build/hw7_py build --build-base /home/hungatec/rob499_ws/build/hw7_py/build install --record /home/hungatec/rob499_ws/build/hw7_py/install.log --single-version-externally-managed install_data
