[  1%] Built target rob499_msgs__rosidl_generator_type_description
[  1%] Built target ament_cmake_python_copy_rob499_msgs
[  3%] Built target rob499_msgs__cpp
[ 25%] Built target rob499_msgs__rosidl_generator_c
[ 34%] Built target rob499_msgs__rosidl_typesupport_cpp
[ 43%] Built target rob499_msgs__rosidl_typesupport_fastrtps_cpp
[ 53%] Built target rob499_msgs__rosidl_typesupport_fastrtps_c
[ 62%] Built target rob499_msgs__rosidl_typesupport_introspection_c
[ 71%] Built target rob499_msgs__rosidl_typesupport_c
[ 81%] Built target rob499_msgs__rosidl_typesupport_introspection_cpp
[ 81%] Built target rob499_msgs
[ 82%] Built target rob499_msgs__py
[ 90%] Built target rob499_msgs__rosidl_generator_py
running egg_info
[ 93%] Built target rob499_msgs_s__rosidl_typesupport_fastrtps_c
[ 96%] Built target rob499_msgs_s__rosidl_typesupport_introspection_c
[100%] Built target rob499_msgs_s__rosidl_typesupport_c
writing rob499_msgs.egg-info/PKG-INFO
writing dependency_links to rob499_msgs.egg-info/dependency_links.txt
writing top-level names to rob499_msgs.egg-info/top_level.txt
reading manifest file 'rob499_msgs.egg-info/SOURCES.txt'
writing manifest file 'rob499_msgs.egg-info/SOURCES.txt'
[100%] Built target ament_cmake_python_build_rob499_msgs_egg
-- Install configuration: ""
-- Up-to-date: /home/hungatec/rob499_ws/install/rob499_msgs/share/ament_index/resource_index/rosidl_interfaces/rob499_msgs
-- Up-to-date: /home/hungatec/rob499_ws/install/rob499_msgs/share/rob499_msgs/msg/TestPacket.json
-- Up-to-date: /home/hungatec/rob499_ws/install/rob499_msgs/share/rob499_msgs/srv/SendData.json
-- Up-to-date: /home/hungatec/rob499_ws/install/rob499_msgs/share/rob499_msgs/srv/EnableLogging.json
-- Up-to-date: /home/hungatec/rob499_ws/install/rob499_msgs/share/rob499_msgs/action/LaunchRocket.json
-- Up-to-date: /home/hungatec/rob499_ws/install/rob499_msgs/include/rob499_msgs/rob499_msgs
-- Up-to-date: /home/hungatec/rob499_ws/install/rob499_msgs/include/rob499_msgs/rob499_msgs/msg
-- Up-to-date: /home/hungatec/rob499_ws/install/rob499_msgs/include/rob499_msgs/rob499_msgs/msg/detail
-- Up-to-date: /home/hungatec/rob499_ws/install/rob499_msgs/include/rob499_msgs/rob499_msgs/msg/detail/test_packet__functions.c
-- Up-to-date: /home/hungatec/rob499_ws/install/rob499_msgs/include/rob499_msgs/rob499_msgs/msg/detail/test_packet__description.c
-- Up-to-date: /home/hungatec/rob499_ws/install/rob499_msgs/include/rob499_msgs/rob499_msgs/msg/detail/test_packet__struct.h
-- Installing: /home/hungatec/rob499_ws/install/rob499_msgs/include/rob499_msgs/rob499_msgs/msg/detail/test_packet__type_support.c
-- Up-to-date: /home/hungatec/rob499_ws/install/rob499_msgs/include/rob499_msgs/rob499_msgs/msg/detail/test_packet__type_support.h
-- Up-to-date: /home/hungatec/rob499_ws/install/rob499_msgs/include/rob499_msgs/rob499_msgs/msg/detail/test_packet__functions.h
-- Up-to-date: /home/hungatec/rob499_ws/install/rob499_msgs/include/rob499_msgs/rob499_msgs/msg/test_packet.h
-- Up-to-date: /home/hungatec/rob499_ws/install/rob499_msgs/include/rob499_msgs/rob499_msgs/msg/rosidl_generator_c__visibility_control.h
-- Up-to-date: /home/hungatec/rob499_ws/install/rob499_msgs/include/rob499_msgs/rob499_msgs/srv
-- Up-to-date: /home/hungatec/rob499_ws/install/rob499_msgs/include/rob499_msgs/rob499_msgs/srv/enable_logging.h
-- Up-to-date: /home/hungatec/rob499_ws/install/rob499_msgs/include/rob499_msgs/rob499_msgs/srv/detail
-- Up-to-date: /home/hungatec/rob499_ws/install/rob499_msgs/include/rob499_msgs/rob499_msgs/srv/detail/enable_logging__functions.h
-- Up-to-date: /home/hungatec/rob499_ws/install/rob499_msgs/include/rob499_msgs/rob499_msgs/srv/detail/send_data__functions.c
-- Installing: /home/hungatec/rob499_ws/install/rob499_msgs/include/rob499_msgs/rob499_msgs/srv/detail/enable_logging__type_support.c
-- Up-to-date: /home/hungatec/rob499_ws/install/rob499_msgs/include/rob499_msgs/rob499_msgs/srv/detail/send_data__struct.h
-- Up-to-date: /home/hungatec/rob499_ws/install/rob499_msgs/include/rob499_msgs/rob499_msgs/srv/detail/send_data__type_support.h
-- Up-to-date: /home/hungatec/rob499_ws/install/rob499_msgs/include/rob499_msgs/rob499_msgs/srv/detail/send_data__type_support.c
-- Up-to-date: /home/hungatec/rob499_ws/install/rob499_msgs/include/rob499_msgs/rob499_msgs/srv/detail/enable_logging__struct.h
-- Up-to-date: /home/hungatec/rob499_ws/install/rob499_msgs/include/rob499_msgs/rob499_msgs/srv/detail/enable_logging__type_support.h
-- Up-to-date: /home/hungatec/rob499_ws/install/rob499_msgs/include/rob499_msgs/rob499_msgs/srv/detail/enable_logging__functions.c
-- Up-to-date: /home/hungatec/rob499_ws/install/rob499_msgs/include/rob499_msgs/rob499_msgs/srv/detail/send_data__functions.h
-- Up-to-date: /home/hungatec/rob499_ws/install/rob499_msgs/include/rob499_msgs/rob499_msgs/srv/detail/send_data__description.c
-- Up-to-date: /home/hungatec/rob499_ws/install/rob499_msgs/include/rob499_msgs/rob499_msgs/srv/detail/enable_logging__description.c
-- Up-to-date: /home/hungatec/rob499_ws/install/rob499_msgs/include/rob499_msgs/rob499_msgs/srv/send_data.h
-- Up-to-date: /home/hungatec/rob499_ws/install/rob499_msgs/include/rob499_msgs/rob499_msgs/action
-- Up-to-date: /home/hungatec/rob499_ws/install/rob499_msgs/include/rob499_msgs/rob499_msgs/action/launch_rocket.h
-- Up-to-date: /home/hungatec/rob499_ws/install/rob499_msgs/include/rob499_msgs/rob499_msgs/action/detail
-- Up-to-date: /home/hungatec/rob499_ws/install/rob499_msgs/include/rob499_msgs/rob499_msgs/action/detail/launch_rocket__functions.h
-- Up-to-date: /home/hungatec/rob499_ws/install/rob499_msgs/include/rob499_msgs/rob499_msgs/action/detail/launch_rocket__description.c
-- Up-to-date: /home/hungatec/rob499_ws/install/rob499_msgs/include/rob499_msgs/rob499_msgs/action/detail/launch_rocket__type_support.h
-- Installing: /home/hungatec/rob499_ws/install/rob499_msgs/include/rob499_msgs/rob499_msgs/action/detail/launch_rocket__type_support.c
-- Up-to-date: /home/hungatec/rob499_ws/install/rob499_msgs/include/rob499_msgs/rob499_msgs/action/detail/launch_rocket__struct.h
-- Up-to-date: /home/hungatec/rob499_ws/install/rob499_msgs/include/rob499_msgs/rob499_msgs/action/detail/launch_rocket__functions.c
-- Up-to-date: /home/hungatec/rob499_ws/install/rob499_msgs/share/rob499_msgs/environment/library_path.sh
-- Up-to-date: /home/hungatec/rob499_ws/install/rob499_msgs/share/rob499_msgs/environment/library_path.dsv
-- Up-to-date: /home/hungatec/rob499_ws/install/rob499_msgs/lib/librob499_msgs__rosidl_generator_c.so
-- Up-to-date: /home/hungatec/rob499_ws/install/rob499_msgs/include/rob499_msgs/rob499_msgs
-- Up-to-date: /home/hungatec/rob499_ws/install/rob499_msgs/include/rob499_msgs/rob499_msgs/msg
-- Up-to-date: /home/hungatec/rob499_ws/install/rob499_msgs/include/rob499_msgs/rob499_msgs/msg/detail
-- Up-to-date: /home/hungatec/rob499_ws/install/rob499_msgs/include/rob499_msgs/rob499_msgs/msg/detail/test_packet__rosidl_typesupport_fastrtps_c.h
-- Up-to-date: /home/hungatec/rob499_ws/install/rob499_msgs/include/rob499_msgs/rob499_msgs/msg/rosidl_typesupport_fastrtps_c__visibility_control.h
-- Up-to-date: /home/hungatec/rob499_ws/install/rob499_msgs/include/rob499_msgs/rob499_msgs/srv
-- Up-to-date: /home/hungatec/rob499_ws/install/rob499_msgs/include/rob499_msgs/rob499_msgs/srv/detail
-- Up-to-date: /home/hungatec/rob499_ws/install/rob499_msgs/include/rob499_msgs/rob499_msgs/srv/detail/enable_logging__rosidl_typesupport_fastrtps_c.h
-- Up-to-date: /home/hungatec/rob499_ws/install/rob499_msgs/include/rob499_msgs/rob499_msgs/srv/detail/send_data__rosidl_typesupport_fastrtps_c.h
-- Up-to-date: /home/hungatec/rob499_ws/install/rob499_msgs/include/rob499_msgs/rob499_msgs/action
-- Up-to-date: /home/hungatec/rob499_ws/install/rob499_msgs/include/rob499_msgs/rob499_msgs/action/detail
-- Up-to-date: /home/hungatec/rob499_ws/install/rob499_msgs/include/rob499_msgs/rob499_msgs/action/detail/launch_rocket__rosidl_typesupport_fastrtps_c.h
-- Up-to-date: /home/hungatec/rob499_ws/install/rob499_msgs/lib/librob499_msgs__rosidl_typesupport_fastrtps_c.so
-- Up-to-date: /home/hungatec/rob499_ws/install/rob499_msgs/include/rob499_msgs/rob499_msgs
-- Up-to-date: /home/hungatec/rob499_ws/install/rob499_msgs/include/rob499_msgs/rob499_msgs/msg
-- Up-to-date: /home/hungatec/rob499_ws/install/rob499_msgs/include/rob499_msgs/rob499_msgs/msg/rosidl_generator_cpp__visibility_control.hpp
-- Up-to-date: /home/hungatec/rob499_ws/install/rob499_msgs/include/rob499_msgs/rob499_msgs/msg/detail
-- Up-to-date: /home/hungatec/rob499_ws/install/rob499_msgs/include/rob499_msgs/rob499_msgs/msg/detail/test_packet__builder.hpp
-- Up-to-date: /home/hungatec/rob499_ws/install/rob499_msgs/include/rob499_msgs/rob499_msgs/msg/detail/test_packet__type_support.hpp
-- Up-to-date: /home/hungatec/rob499_ws/install/rob499_msgs/include/rob499_msgs/rob499_msgs/msg/detail/test_packet__struct.hpp
-- Up-to-date: /home/hungatec/rob499_ws/install/rob499_msgs/include/rob499_msgs/rob499_msgs/msg/detail/test_packet__traits.hpp
-- Up-to-date: /home/hungatec/rob499_ws/install/rob499_msgs/include/rob499_msgs/rob499_msgs/msg/test_packet.hpp
-- Up-to-date: /home/hungatec/rob499_ws/install/rob499_msgs/include/rob499_msgs/rob499_msgs/srv
-- Up-to-date: /home/hungatec/rob499_ws/install/rob499_msgs/include/rob499_msgs/rob499_msgs/srv/detail
-- Up-to-date: /home/hungatec/rob499_ws/install/rob499_msgs/include/rob499_msgs/rob499_msgs/srv/detail/enable_logging__type_support.hpp
-- Up-to-date: /home/hungatec/rob499_ws/install/rob499_msgs/include/rob499_msgs/rob499_msgs/srv/detail/enable_logging__traits.hpp
-- Up-to-date: /home/hungatec/rob499_ws/install/rob499_msgs/include/rob499_msgs/rob499_msgs/srv/detail/enable_logging__builder.hpp
-- Up-to-date: /home/hungatec/rob499_ws/install/rob499_msgs/include/rob499_msgs/rob499_msgs/srv/detail/send_data__traits.hpp
-- Up-to-date: /home/hungatec/rob499_ws/install/rob499_msgs/include/rob499_msgs/rob499_msgs/srv/detail/send_data__type_support.hpp
-- Up-to-date: /home/hungatec/rob499_ws/install/rob499_msgs/include/rob499_msgs/rob499_msgs/srv/detail/send_data__struct.hpp
-- Up-to-date: /home/hungatec/rob499_ws/install/rob499_msgs/include/rob499_msgs/rob499_msgs/srv/detail/send_data__builder.hpp
-- Up-to-date: /home/hungatec/rob499_ws/install/rob499_msgs/include/rob499_msgs/rob499_msgs/srv/detail/enable_logging__struct.hpp
-- Up-to-date: /home/hungatec/rob499_ws/install/rob499_msgs/include/rob499_msgs/rob499_msgs/srv/enable_logging.hpp
-- Up-to-date: /home/hungatec/rob499_ws/install/rob499_msgs/include/rob499_msgs/rob499_msgs/srv/send_data.hpp
-- Up-to-date: /home/hungatec/rob499_ws/install/rob499_msgs/include/rob499_msgs/rob499_msgs/action
-- Up-to-date: /home/hungatec/rob499_ws/install/rob499_msgs/include/rob499_msgs/rob499_msgs/action/launch_rocket.hpp
-- Up-to-date: /home/hungatec/rob499_ws/install/rob499_msgs/include/rob499_msgs/rob499_msgs/action/detail
-- Up-to-date: /home/hungatec/rob499_ws/install/rob499_msgs/include/rob499_msgs/rob499_msgs/action/detail/launch_rocket__type_support.hpp
-- Up-to-date: /home/hungatec/rob499_ws/install/rob499_msgs/include/rob499_msgs/rob499_msgs/action/detail/launch_rocket__traits.hpp
-- Up-to-date: /home/hungatec/rob499_ws/install/rob499_msgs/include/rob499_msgs/rob499_msgs/action/detail/launch_rocket__struct.hpp
-- Up-to-date: /home/hungatec/rob499_ws/install/rob499_msgs/include/rob499_msgs/rob499_msgs/action/detail/launch_rocket__builder.hpp
-- Up-to-date: /home/hungatec/rob499_ws/install/rob499_msgs/include/rob499_msgs/rob499_msgs
-- Up-to-date: /home/hungatec/rob499_ws/install/rob499_msgs/include/rob499_msgs/rob499_msgs/msg
-- Up-to-date: /home/hungatec/rob499_ws/install/rob499_msgs/include/rob499_msgs/rob499_msgs/msg/detail
-- Up-to-date: /home/hungatec/rob499_ws/install/rob499_msgs/include/rob499_msgs/rob499_msgs/msg/detail/dds_fastrtps
-- Up-to-date: /home/hungatec/rob499_ws/install/rob499_msgs/include/rob499_msgs/rob499_msgs/msg/detail/test_packet__rosidl_typesupport_fastrtps_cpp.hpp
-- Up-to-date: /home/hungatec/rob499_ws/install/rob499_msgs/include/rob499_msgs/rob499_msgs/msg/rosidl_typesupport_fastrtps_cpp__visibility_control.h
-- Up-to-date: /home/hungatec/rob499_ws/install/rob499_msgs/include/rob499_msgs/rob499_msgs/srv
-- Up-to-date: /home/hungatec/rob499_ws/install/rob499_msgs/include/rob499_msgs/rob499_msgs/srv/detail
-- Up-to-date: /home/hungatec/rob499_ws/install/rob499_msgs/include/rob499_msgs/rob499_msgs/srv/detail/dds_fastrtps
-- Up-to-date: /home/hungatec/rob499_ws/install/rob499_msgs/include/rob499_msgs/rob499_msgs/srv/detail/enable_logging__rosidl_typesupport_fastrtps_cpp.hpp
-- Up-to-date: /home/hungatec/rob499_ws/install/rob499_msgs/include/rob499_msgs/rob499_msgs/srv/detail/send_data__rosidl_typesupport_fastrtps_cpp.hpp
-- Up-to-date: /home/hungatec/rob499_ws/install/rob499_msgs/include/rob499_msgs/rob499_msgs/action
-- Up-to-date: /home/hungatec/rob499_ws/install/rob499_msgs/include/rob499_msgs/rob499_msgs/action/detail
-- Up-to-date: /home/hungatec/rob499_ws/install/rob499_msgs/include/rob499_msgs/rob499_msgs/action/detail/dds_fastrtps
-- Up-to-date: /home/hungatec/rob499_ws/install/rob499_msgs/include/rob499_msgs/rob499_msgs/action/detail/launch_rocket__rosidl_typesupport_fastrtps_cpp.hpp
-- Up-to-date: /home/hungatec/rob499_ws/install/rob499_msgs/lib/librob499_msgs__rosidl_typesupport_fastrtps_cpp.so
-- Up-to-date: /home/hungatec/rob499_ws/install/rob499_msgs/include/rob499_msgs/rob499_msgs
-- Up-to-date: /home/hungatec/rob499_ws/install/rob499_msgs/include/rob499_msgs/rob499_msgs/msg
-- Up-to-date: /home/hungatec/rob499_ws/install/rob499_msgs/include/rob499_msgs/rob499_msgs/msg/detail
-- Installing: /home/hungatec/rob499_ws/install/rob499_msgs/include/rob499_msgs/rob499_msgs/msg/detail/test_packet__type_support.c
-- Up-to-date: /home/hungatec/rob499_ws/install/rob499_msgs/include/rob499_msgs/rob499_msgs/msg/detail/test_packet__rosidl_typesupport_introspection_c.h
-- Up-to-date: /home/hungatec/rob499_ws/install/rob499_msgs/include/rob499_msgs/rob499_msgs/msg/rosidl_typesupport_introspection_c__visibility_control.h
-- Up-to-date: /home/hungatec/rob499_ws/install/rob499_msgs/include/rob499_msgs/rob499_msgs/srv
-- Up-to-date: /home/hungatec/rob499_ws/install/rob499_msgs/include/rob499_msgs/rob499_msgs/srv/detail
-- Installing: /home/hungatec/rob499_ws/install/rob499_msgs/include/rob499_msgs/rob499_msgs/srv/detail/enable_logging__type_support.c
-- Up-to-date: /home/hungatec/rob499_ws/install/rob499_msgs/include/rob499_msgs/rob499_msgs/srv/detail/send_data__type_support.c
-- Up-to-date: /home/hungatec/rob499_ws/install/rob499_msgs/include/rob499_msgs/rob499_msgs/srv/detail/send_data__rosidl_typesupport_introspection_c.h
-- Up-to-date: /home/hungatec/rob499_ws/install/rob499_msgs/include/rob499_msgs/rob499_msgs/srv/detail/enable_logging__rosidl_typesupport_introspection_c.h
-- Up-to-date: /home/hungatec/rob499_ws/install/rob499_msgs/include/rob499_msgs/rob499_msgs/action
-- Up-to-date: /home/hungatec/rob499_ws/install/rob499_msgs/include/rob499_msgs/rob499_msgs/action/detail
-- Installing: /home/hungatec/rob499_ws/install/rob499_msgs/include/rob499_msgs/rob499_msgs/action/detail/launch_rocket__type_support.c
-- Up-to-date: /home/hungatec/rob499_ws/install/rob499_msgs/include/rob499_msgs/rob499_msgs/action/detail/launch_rocket__rosidl_typesupport_introspection_c.h
-- Up-to-date: /home/hungatec/rob499_ws/install/rob499_msgs/lib/librob499_msgs__rosidl_typesupport_introspection_c.so
-- Up-to-date: /home/hungatec/rob499_ws/install/rob499_msgs/lib/librob499_msgs__rosidl_typesupport_c.so
-- Up-to-date: /home/hungatec/rob499_ws/install/rob499_msgs/include/rob499_msgs/rob499_msgs
-- Up-to-date: /home/hungatec/rob499_ws/install/rob499_msgs/include/rob499_msgs/rob499_msgs/msg
-- Up-to-date: /home/hungatec/rob499_ws/install/rob499_msgs/include/rob499_msgs/rob499_msgs/msg/detail
-- Up-to-date: /home/hungatec/rob499_ws/install/rob499_msgs/include/rob499_msgs/rob499_msgs/msg/detail/test_packet__type_support.cpp
-- Up-to-date: /home/hungatec/rob499_ws/install/rob499_msgs/include/rob499_msgs/rob499_msgs/msg/detail/test_packet__rosidl_typesupport_introspection_cpp.hpp
-- Up-to-date: /home/hungatec/rob499_ws/install/rob499_msgs/include/rob499_msgs/rob499_msgs/srv
-- Up-to-date: /home/hungatec/rob499_ws/install/rob499_msgs/include/rob499_msgs/rob499_msgs/srv/detail
-- Up-to-date: /home/hungatec/rob499_ws/install/rob499_msgs/include/rob499_msgs/rob499_msgs/srv/detail/enable_logging__type_support.cpp
-- Up-to-date: /home/hungatec/rob499_ws/install/rob499_msgs/include/rob499_msgs/rob499_msgs/srv/detail/enable_logging__rosidl_typesupport_introspection_cpp.hpp
-- Up-to-date: /home/hungatec/rob499_ws/install/rob499_msgs/include/rob499_msgs/rob499_msgs/srv/detail/send_data__rosidl_typesupport_introspection_cpp.hpp
-- Up-to-date: /home/hungatec/rob499_ws/install/rob499_msgs/include/rob499_msgs/rob499_msgs/srv/detail/send_data__type_support.cpp
-- Up-to-date: /home/hungatec/rob499_ws/install/rob499_msgs/include/rob499_msgs/rob499_msgs/action
-- Up-to-date: /home/hungatec/rob499_ws/install/rob499_msgs/include/rob499_msgs/rob499_msgs/action/detail
-- Up-to-date: /home/hungatec/rob499_ws/install/rob499_msgs/include/rob499_msgs/rob499_msgs/action/detail/launch_rocket__rosidl_typesupport_introspection_cpp.hpp
-- Up-to-date: /home/hungatec/rob499_ws/install/rob499_msgs/include/rob499_msgs/rob499_msgs/action/detail/launch_rocket__type_support.cpp
-- Up-to-date: /home/hungatec/rob499_ws/install/rob499_msgs/lib/librob499_msgs__rosidl_typesupport_introspection_cpp.so
-- Up-to-date: /home/hungatec/rob499_ws/install/rob499_msgs/lib/librob499_msgs__rosidl_typesupport_cpp.so
-- Up-to-date: /home/hungatec/rob499_ws/install/rob499_msgs/share/rob499_msgs/environment/pythonpath.sh
-- Up-to-date: /home/hungatec/rob499_ws/install/rob499_msgs/share/rob499_msgs/environment/pythonpath.dsv
-- Up-to-date: /home/hungatec/rob499_ws/install/rob499_msgs/lib/python3.12/site-packages/rob499_msgs-0.0.0-py3.12.egg-info
-- Installing: /home/hungatec/rob499_ws/install/rob499_msgs/lib/python3.12/site-packages/rob499_msgs-0.0.0-py3.12.egg-info/top_level.txt
-- Installing: /home/hungatec/rob499_ws/install/rob499_msgs/lib/python3.12/site-packages/rob499_msgs-0.0.0-py3.12.egg-info/dependency_links.txt
-- Installing: /home/hungatec/rob499_ws/install/rob499_msgs/lib/python3.12/site-packages/rob499_msgs-0.0.0-py3.12.egg-info/PKG-INFO
-- Installing: /home/hungatec/rob499_ws/install/rob499_msgs/lib/python3.12/site-packages/rob499_msgs-0.0.0-py3.12.egg-info/SOURCES.txt
-- Up-to-date: /home/hungatec/rob499_ws/install/rob499_msgs/lib/python3.12/site-packages/rob499_msgs
-- Up-to-date: /home/hungatec/rob499_ws/install/rob499_msgs/lib/python3.12/site-packages/rob499_msgs/rob499_msgs_s__rosidl_typesupport_introspection_c.so
-- Up-to-date: /home/hungatec/rob499_ws/install/rob499_msgs/lib/python3.12/site-packages/rob499_msgs/_rob499_msgs_s.ep.rosidl_typesupport_c.c
-- Up-to-date: /home/hungatec/rob499_ws/install/rob499_msgs/lib/python3.12/site-packages/rob499_msgs/__init__.py
-- Up-to-date: /home/hungatec/rob499_ws/install/rob499_msgs/lib/python3.12/site-packages/rob499_msgs/rob499_msgs_s__rosidl_typesupport_fastrtps_c.so
-- Up-to-date: /home/hungatec/rob499_ws/install/rob499_msgs/lib/python3.12/site-packages/rob499_msgs/rob499_msgs_s__rosidl_typesupport_c.so
-- Up-to-date: /home/hungatec/rob499_ws/install/rob499_msgs/lib/python3.12/site-packages/rob499_msgs/msg
-- Up-to-date: /home/hungatec/rob499_ws/install/rob499_msgs/lib/python3.12/site-packages/rob499_msgs/msg/__init__.py
-- Up-to-date: /home/hungatec/rob499_ws/install/rob499_msgs/lib/python3.12/site-packages/rob499_msgs/msg/_test_packet.py
-- Up-to-date: /home/hungatec/rob499_ws/install/rob499_msgs/lib/python3.12/site-packages/rob499_msgs/msg/_test_packet_s.c
-- Up-to-date: /home/hungatec/rob499_ws/install/rob499_msgs/lib/python3.12/site-packages/rob499_msgs/srv
-- Up-to-date: /home/hungatec/rob499_ws/install/rob499_msgs/lib/python3.12/site-packages/rob499_msgs/srv/_send_data_s.c
-- Up-to-date: /home/hungatec/rob499_ws/install/rob499_msgs/lib/python3.12/site-packages/rob499_msgs/srv/_enable_logging_s.c
-- Up-to-date: /home/hungatec/rob499_ws/install/rob499_msgs/lib/python3.12/site-packages/rob499_msgs/srv/_enable_logging.py
-- Up-to-date: /home/hungatec/rob499_ws/install/rob499_msgs/lib/python3.12/site-packages/rob499_msgs/srv/__init__.py
-- Up-to-date: /home/hungatec/rob499_ws/install/rob499_msgs/lib/python3.12/site-packages/rob499_msgs/srv/_send_data.py
-- Up-to-date: /home/hungatec/rob499_ws/install/rob499_msgs/lib/python3.12/site-packages/rob499_msgs/action
-- Up-to-date: /home/hungatec/rob499_ws/install/rob499_msgs/lib/python3.12/site-packages/rob499_msgs/action/__init__.py
-- Up-to-date: /home/hungatec/rob499_ws/install/rob499_msgs/lib/python3.12/site-packages/rob499_msgs/action/_launch_rocket_s.c
-- Up-to-date: /home/hungatec/rob499_ws/install/rob499_msgs/lib/python3.12/site-packages/rob499_msgs/action/_launch_rocket.py
-- Up-to-date: /home/hungatec/rob499_ws/install/rob499_msgs/lib/python3.12/site-packages/rob499_msgs/_rob499_msgs_s.ep.rosidl_typesupport_introspection_c.c
-- Up-to-date: /home/hungatec/rob499_ws/install/rob499_msgs/lib/python3.12/site-packages/rob499_msgs/_rob499_msgs_s.ep.rosidl_typesupport_fastrtps_c.c
Listing '/home/hungatec/rob499_ws/install/rob499_msgs/lib/python3.12/site-packages/rob499_msgs'...
Listing '/home/hungatec/rob499_ws/install/rob499_msgs/lib/python3.12/site-packages/rob499_msgs/action'...
Listing '/home/hungatec/rob499_ws/install/rob499_msgs/lib/python3.12/site-packages/rob499_msgs/msg'...
Listing '/home/hungatec/rob499_ws/install/rob499_msgs/lib/python3.12/site-packages/rob499_msgs/srv'...
-- Up-to-date: /home/hungatec/rob499_ws/install/rob499_msgs/lib/python3.12/site-packages/rob499_msgs/rob499_msgs_s__rosidl_typesupport_fastrtps_c.so
-- Up-to-date: /home/hungatec/rob499_ws/install/rob499_msgs/lib/python3.12/site-packages/rob499_msgs/rob499_msgs_s__rosidl_typesupport_introspection_c.so
-- Up-to-date: /home/hungatec/rob499_ws/install/rob499_msgs/lib/python3.12/site-packages/rob499_msgs/rob499_msgs_s__rosidl_typesupport_c.so
-- Up-to-date: /home/hungatec/rob499_ws/install/rob499_msgs/lib/librob499_msgs__rosidl_generator_py.so
-- Up-to-date: /home/hungatec/rob499_ws/install/rob499_msgs/share/rob499_msgs/msg/TestPacket.idl
-- Up-to-date: /home/hungatec/rob499_ws/install/rob499_msgs/share/rob499_msgs/srv/SendData.idl
-- Up-to-date: /home/hungatec/rob499_ws/install/rob499_msgs/share/rob499_msgs/srv/EnableLogging.idl
-- Up-to-date: /home/hungatec/rob499_ws/install/rob499_msgs/share/rob499_msgs/action/LaunchRocket.idl
-- Up-to-date: /home/hungatec/rob499_ws/install/rob499_msgs/share/rob499_msgs/msg/TestPacket.msg
-- Up-to-date: /home/hungatec/rob499_ws/install/rob499_msgs/share/rob499_msgs/srv/SendData.srv
-- Up-to-date: /home/hungatec/rob499_ws/install/rob499_msgs/share/rob499_msgs/srv/EnableLogging.srv
-- Up-to-date: /home/hungatec/rob499_ws/install/rob499_msgs/share/rob499_msgs/action/LaunchRocket.action
-- Up-to-date: /home/hungatec/rob499_ws/install/rob499_msgs/share/ament_index/resource_index/package_run_dependencies/rob499_msgs
-- Up-to-date: /home/hungatec/rob499_ws/install/rob499_msgs/share/ament_index/resource_index/parent_prefix_path/rob499_msgs
-- Up-to-date: /home/hungatec/rob499_ws/install/rob499_msgs/share/rob499_msgs/environment/ament_prefix_path.sh
-- Up-to-date: /home/hungatec/rob499_ws/install/rob499_msgs/share/rob499_msgs/environment/ament_prefix_path.dsv
-- Up-to-date: /home/hungatec/rob499_ws/install/rob499_msgs/share/rob499_msgs/environment/path.sh
-- Up-to-date: /home/hungatec/rob499_ws/install/rob499_msgs/share/rob499_msgs/environment/path.dsv
-- Up-to-date: /home/hungatec/rob499_ws/install/rob499_msgs/share/rob499_msgs/local_setup.bash
-- Up-to-date: /home/hungatec/rob499_ws/install/rob499_msgs/share/rob499_msgs/local_setup.sh
-- Up-to-date: /home/hungatec/rob499_ws/install/rob499_msgs/share/rob499_msgs/local_setup.zsh
-- Up-to-date: /home/hungatec/rob499_ws/install/rob499_msgs/share/rob499_msgs/local_setup.dsv
-- Installing: /home/hungatec/rob499_ws/install/rob499_msgs/share/rob499_msgs/package.dsv
-- Up-to-date: /home/hungatec/rob499_ws/install/rob499_msgs/share/ament_index/resource_index/packages/rob499_msgs
-- Up-to-date: /home/hungatec/rob499_ws/install/rob499_msgs/share/rob499_msgs/cmake/export_rob499_msgs__rosidl_generator_cExport.cmake
-- Up-to-date: /home/hungatec/rob499_ws/install/rob499_msgs/share/rob499_msgs/cmake/export_rob499_msgs__rosidl_generator_cExport-noconfig.cmake
-- Up-to-date: /home/hungatec/rob499_ws/install/rob499_msgs/share/rob499_msgs/cmake/export_rob499_msgs__rosidl_typesupport_fastrtps_cExport.cmake
-- Up-to-date: /home/hungatec/rob499_ws/install/rob499_msgs/share/rob499_msgs/cmake/export_rob499_msgs__rosidl_typesupport_fastrtps_cExport-noconfig.cmake
-- Up-to-date: /home/hungatec/rob499_ws/install/rob499_msgs/share/rob499_msgs/cmake/export_rob499_msgs__rosidl_generator_cppExport.cmake
-- Up-to-date: /home/hungatec/rob499_ws/install/rob499_msgs/share/rob499_msgs/cmake/export_rob499_msgs__rosidl_typesupport_fastrtps_cppExport.cmake
-- Up-to-date: /home/hungatec/rob499_ws/install/rob499_msgs/share/rob499_msgs/cmake/export_rob499_msgs__rosidl_typesupport_fastrtps_cppExport-noconfig.cmake
-- Up-to-date: /home/hungatec/rob499_ws/install/rob499_msgs/share/rob499_msgs/cmake/rob499_msgs__rosidl_typesupport_introspection_cExport.cmake
-- Up-to-date: /home/hungatec/rob499_ws/install/rob499_msgs/share/rob499_msgs/cmake/rob499_msgs__rosidl_typesupport_introspection_cExport-noconfig.cmake
-- Up-to-date: /home/hungatec/rob499_ws/install/rob499_msgs/share/rob499_msgs/cmake/rob499_msgs__rosidl_typesupport_cExport.cmake
-- Up-to-date: /home/hungatec/rob499_ws/install/rob499_msgs/share/rob499_msgs/cmake/rob499_msgs__rosidl_typesupport_cExport-noconfig.cmake
-- Up-to-date: /home/hungatec/rob499_ws/install/rob499_msgs/share/rob499_msgs/cmake/rob499_msgs__rosidl_typesupport_introspection_cppExport.cmake
-- Up-to-date: /home/hungatec/rob499_ws/install/rob499_msgs/share/rob499_msgs/cmake/rob499_msgs__rosidl_typesupport_introspection_cppExport-noconfig.cmake
-- Up-to-date: /home/hungatec/rob499_ws/install/rob499_msgs/share/rob499_msgs/cmake/rob499_msgs__rosidl_typesupport_cppExport.cmake
-- Up-to-date: /home/hungatec/rob499_ws/install/rob499_msgs/share/rob499_msgs/cmake/rob499_msgs__rosidl_typesupport_cppExport-noconfig.cmake
-- Up-to-date: /home/hungatec/rob499_ws/install/rob499_msgs/share/rob499_msgs/cmake/export_rob499_msgs__rosidl_generator_pyExport.cmake
-- Up-to-date: /home/hungatec/rob499_ws/install/rob499_msgs/share/rob499_msgs/cmake/export_rob499_msgs__rosidl_generator_pyExport-noconfig.cmake
-- Up-to-date: /home/hungatec/rob499_ws/install/rob499_msgs/share/rob499_msgs/cmake/rosidl_cmake-extras.cmake
-- Up-to-date: /home/hungatec/rob499_ws/install/rob499_msgs/share/rob499_msgs/cmake/ament_cmake_export_dependencies-extras.cmake
-- Up-to-date: /home/hungatec/rob499_ws/install/rob499_msgs/share/rob499_msgs/cmake/ament_cmake_export_include_directories-extras.cmake
-- Up-to-date: /home/hungatec/rob499_ws/install/rob499_msgs/share/rob499_msgs/cmake/ament_cmake_export_libraries-extras.cmake
-- Up-to-date: /home/hungatec/rob499_ws/install/rob499_msgs/share/rob499_msgs/cmake/ament_cmake_export_targets-extras.cmake
-- Up-to-date: /home/hungatec/rob499_ws/install/rob499_msgs/share/rob499_msgs/cmake/rosidl_cmake_export_typesupport_targets-extras.cmake
-- Up-to-date: /home/hungatec/rob499_ws/install/rob499_msgs/share/rob499_msgs/cmake/rosidl_cmake_export_typesupport_libraries-extras.cmake
-- Up-to-date: /home/hungatec/rob499_ws/install/rob499_msgs/share/rob499_msgs/cmake/rob499_msgsConfig.cmake
-- Up-to-date: /home/hungatec/rob499_ws/install/rob499_msgs/share/rob499_msgs/cmake/rob499_msgsConfig-version.cmake
-- Up-to-date: /home/hungatec/rob499_ws/install/rob499_msgs/share/rob499_msgs/package.xml
