[0.034s] Invoking command in '/home/hungatec/rob499_ws/build/rob499_msgs': CMAKE_PREFIX_PATH=${CMAKE_PREFIX_PATH}:/home/hungatec/rob499_ws/install/rob599_more:/home/hungatec/rob499_ws/install/rob599_basic:/home/hungatec/rob499_ws/install/hw5:/home/hungatec/rob499_ws/install/hw4:/home/hungatec/rob499_ws/install/hw3:/home/hungatec/rob499_ws/install/hw2:/opt/ros/jazzy DEBUGINFOD_URLS=https://debuginfod.ubuntu.com /usr/bin/cmake --build /home/hungatec/rob499_ws/build/rob499_msgs -- -j4 -l4
[0.317s] [  1%] Built target rob499_msgs__rosidl_generator_type_description
[0.389s] [  1%] Built target ament_cmake_python_copy_rob499_msgs
[0.418s] [  3%] Built target rob499_msgs__cpp
[0.455s] [ 25%] Built target rob499_msgs__rosidl_generator_c
[0.576s] [ 34%] Built target rob499_msgs__rosidl_typesupport_cpp
[0.608s] [ 43%] Built target rob499_msgs__rosidl_typesupport_fastrtps_cpp
[0.636s] [ 53%] Built target rob499_msgs__rosidl_typesupport_fastrtps_c
[0.707s] [ 62%] Built target rob499_msgs__rosidl_typesupport_introspection_c
[0.741s] [ 71%] Built target rob499_msgs__rosidl_typesupport_c
[0.764s] [ 81%] Built target rob499_msgs__rosidl_typesupport_introspection_cpp
[0.851s] [ 81%] Built target rob499_msgs
[0.948s] [ 82%] Built target rob499_msgs__py
[1.108s] [ 90%] Built target rob499_msgs__rosidl_generator_py
[1.174s] running egg_info
[1.319s] [ 93%] Built target rob499_msgs_s__rosidl_typesupport_fastrtps_c
[1.362s] [ 96%] Built target rob499_msgs_s__rosidl_typesupport_introspection_c
[1.374s] [100%] Built target rob499_msgs_s__rosidl_typesupport_c
[1.431s] writing rob499_msgs.egg-info/PKG-INFO
[1.432s] writing dependency_links to rob499_msgs.egg-info/dependency_links.txt
[1.435s] writing top-level names to rob499_msgs.egg-info/top_level.txt
[1.911s] reading manifest file 'rob499_msgs.egg-info/SOURCES.txt'
[1.931s] writing manifest file 'rob499_msgs.egg-info/SOURCES.txt'
[2.277s] [100%] Built target ament_cmake_python_build_rob499_msgs_egg
[2.922s] Invoked command in '/home/hungatec/rob499_ws/build/rob499_msgs' returned '0': CMAKE_PREFIX_PATH=${CMAKE_PREFIX_PATH}:/home/hungatec/rob499_ws/install/rob599_more:/home/hungatec/rob499_ws/install/rob599_basic:/home/hungatec/rob499_ws/install/hw5:/home/hungatec/rob499_ws/install/hw4:/home/hungatec/rob499_ws/install/hw3:/home/hungatec/rob499_ws/install/hw2:/opt/ros/jazzy DEBUGINFOD_URLS=https://debuginfod.ubuntu.com /usr/bin/cmake --build /home/hungatec/rob499_ws/build/rob499_msgs -- -j4 -l4
[2.927s] Invoking command in '/home/hungatec/rob499_ws/build/rob499_msgs': CMAKE_PREFIX_PATH=${CMAKE_PREFIX_PATH}:/home/hungatec/rob499_ws/install/rob599_more:/home/hungatec/rob499_ws/install/rob599_basic:/home/hungatec/rob499_ws/install/hw5:/home/hungatec/rob499_ws/install/hw4:/home/hungatec/rob499_ws/install/hw3:/home/hungatec/rob499_ws/install/hw2:/opt/ros/jazzy DEBUGINFOD_URLS=https://debuginfod.ubuntu.com /usr/bin/cmake --install /home/hungatec/rob499_ws/build/rob499_msgs
[2.974s] -- Install configuration: ""
[2.975s] -- Up-to-date: /home/hungatec/rob499_ws/install/rob499_msgs/share/ament_index/resource_index/rosidl_interfaces/rob499_msgs
[2.975s] -- Up-to-date: /home/hungatec/rob499_ws/install/rob499_msgs/share/rob499_msgs/msg/TestPacket.json
[2.975s] -- Up-to-date: /home/hungatec/rob499_ws/install/rob499_msgs/share/rob499_msgs/srv/SendData.json
[2.975s] -- Up-to-date: /home/hungatec/rob499_ws/install/rob499_msgs/share/rob499_msgs/srv/EnableLogging.json
[2.975s] -- Up-to-date: /home/hungatec/rob499_ws/install/rob499_msgs/share/rob499_msgs/action/LaunchRocket.json
[2.976s] -- Up-to-date: /home/hungatec/rob499_ws/install/rob499_msgs/include/rob499_msgs/rob499_msgs
[2.976s] -- Up-to-date: /home/hungatec/rob499_ws/install/rob499_msgs/include/rob499_msgs/rob499_msgs/msg
[2.976s] -- Up-to-date: /home/hungatec/rob499_ws/install/rob499_msgs/include/rob499_msgs/rob499_msgs/msg/detail
[2.976s] -- Up-to-date: /home/hungatec/rob499_ws/install/rob499_msgs/include/rob499_msgs/rob499_msgs/msg/detail/test_packet__functions.c
[2.977s] -- Up-to-date: /home/hungatec/rob499_ws/install/rob499_msgs/include/rob499_msgs/rob499_msgs/msg/detail/test_packet__description.c
[2.977s] -- Up-to-date: /home/hungatec/rob499_ws/install/rob499_msgs/include/rob499_msgs/rob499_msgs/msg/detail/test_packet__struct.h
[2.977s] -- Installing: /home/hungatec/rob499_ws/install/rob499_msgs/include/rob499_msgs/rob499_msgs/msg/detail/test_packet__type_support.c
[2.997s] -- Up-to-date: /home/hungatec/rob499_ws/install/rob499_msgs/include/rob499_msgs/rob499_msgs/msg/detail/test_packet__type_support.h
[2.997s] -- Up-to-date: /home/hungatec/rob499_ws/install/rob499_msgs/include/rob499_msgs/rob499_msgs/msg/detail/test_packet__functions.h
[2.997s] -- Up-to-date: /home/hungatec/rob499_ws/install/rob499_msgs/include/rob499_msgs/rob499_msgs/msg/test_packet.h
[2.997s] -- Up-to-date: /home/hungatec/rob499_ws/install/rob499_msgs/include/rob499_msgs/rob499_msgs/msg/rosidl_generator_c__visibility_control.h
[2.997s] -- Up-to-date: /home/hungatec/rob499_ws/install/rob499_msgs/include/rob499_msgs/rob499_msgs/srv
[2.997s] -- Up-to-date: /home/hungatec/rob499_ws/install/rob499_msgs/include/rob499_msgs/rob499_msgs/srv/enable_logging.h
[2.997s] -- Up-to-date: /home/hungatec/rob499_ws/install/rob499_msgs/include/rob499_msgs/rob499_msgs/srv/detail
[2.997s] -- Up-to-date: /home/hungatec/rob499_ws/install/rob499_msgs/include/rob499_msgs/rob499_msgs/srv/detail/enable_logging__functions.h
[2.997s] -- Up-to-date: /home/hungatec/rob499_ws/install/rob499_msgs/include/rob499_msgs/rob499_msgs/srv/detail/send_data__functions.c
[2.998s] -- Installing: /home/hungatec/rob499_ws/install/rob499_msgs/include/rob499_msgs/rob499_msgs/srv/detail/enable_logging__type_support.c
[2.998s] -- Up-to-date: /home/hungatec/rob499_ws/install/rob499_msgs/include/rob499_msgs/rob499_msgs/srv/detail/send_data__struct.h
[2.998s] -- Up-to-date: /home/hungatec/rob499_ws/install/rob499_msgs/include/rob499_msgs/rob499_msgs/srv/detail/send_data__type_support.h
[2.998s] -- Up-to-date: /home/hungatec/rob499_ws/install/rob499_msgs/include/rob499_msgs/rob499_msgs/srv/detail/send_data__type_support.c
[2.998s] -- Up-to-date: /home/hungatec/rob499_ws/install/rob499_msgs/include/rob499_msgs/rob499_msgs/srv/detail/enable_logging__struct.h
[2.998s] -- Up-to-date: /home/hungatec/rob499_ws/install/rob499_msgs/include/rob499_msgs/rob499_msgs/srv/detail/enable_logging__type_support.h
[2.999s] -- Up-to-date: /home/hungatec/rob499_ws/install/rob499_msgs/include/rob499_msgs/rob499_msgs/srv/detail/enable_logging__functions.c
[2.999s] -- Up-to-date: /home/hungatec/rob499_ws/install/rob499_msgs/include/rob499_msgs/rob499_msgs/srv/detail/send_data__functions.h
[2.999s] -- Up-to-date: /home/hungatec/rob499_ws/install/rob499_msgs/include/rob499_msgs/rob499_msgs/srv/detail/send_data__description.c
[2.999s] -- Up-to-date: /home/hungatec/rob499_ws/install/rob499_msgs/include/rob499_msgs/rob499_msgs/srv/detail/enable_logging__description.c
[2.999s] -- Up-to-date: /home/hungatec/rob499_ws/install/rob499_msgs/include/rob499_msgs/rob499_msgs/srv/send_data.h
[2.999s] -- Up-to-date: /home/hungatec/rob499_ws/install/rob499_msgs/include/rob499_msgs/rob499_msgs/action
[2.999s] -- Up-to-date: /home/hungatec/rob499_ws/install/rob499_msgs/include/rob499_msgs/rob499_msgs/action/launch_rocket.h
[3.000s] -- Up-to-date: /home/hungatec/rob499_ws/install/rob499_msgs/include/rob499_msgs/rob499_msgs/action/detail
[3.000s] -- Up-to-date: /home/hungatec/rob499_ws/install/rob499_msgs/include/rob499_msgs/rob499_msgs/action/detail/launch_rocket__functions.h
[3.000s] -- Up-to-date: /home/hungatec/rob499_ws/install/rob499_msgs/include/rob499_msgs/rob499_msgs/action/detail/launch_rocket__description.c
[3.000s] -- Up-to-date: /home/hungatec/rob499_ws/install/rob499_msgs/include/rob499_msgs/rob499_msgs/action/detail/launch_rocket__type_support.h
[3.000s] -- Installing: /home/hungatec/rob499_ws/install/rob499_msgs/include/rob499_msgs/rob499_msgs/action/detail/launch_rocket__type_support.c
[3.001s] -- Up-to-date: /home/hungatec/rob499_ws/install/rob499_msgs/include/rob499_msgs/rob499_msgs/action/detail/launch_rocket__struct.h
[3.012s] -- Up-to-date: /home/hungatec/rob499_ws/install/rob499_msgs/include/rob499_msgs/rob499_msgs/action/detail/launch_rocket__functions.c
[3.013s] -- Up-to-date: /home/hungatec/rob499_ws/install/rob499_msgs/share/rob499_msgs/environment/library_path.sh
[3.013s] -- Up-to-date: /home/hungatec/rob499_ws/install/rob499_msgs/share/rob499_msgs/environment/library_path.dsv
[3.014s] -- Up-to-date: /home/hungatec/rob499_ws/install/rob499_msgs/lib/librob499_msgs__rosidl_generator_c.so
[3.014s] -- Up-to-date: /home/hungatec/rob499_ws/install/rob499_msgs/include/rob499_msgs/rob499_msgs
[3.014s] -- Up-to-date: /home/hungatec/rob499_ws/install/rob499_msgs/include/rob499_msgs/rob499_msgs/msg
[3.014s] -- Up-to-date: /home/hungatec/rob499_ws/install/rob499_msgs/include/rob499_msgs/rob499_msgs/msg/detail
[3.014s] -- Up-to-date: /home/hungatec/rob499_ws/install/rob499_msgs/include/rob499_msgs/rob499_msgs/msg/detail/test_packet__rosidl_typesupport_fastrtps_c.h
[3.014s] -- Up-to-date: /home/hungatec/rob499_ws/install/rob499_msgs/include/rob499_msgs/rob499_msgs/msg/rosidl_typesupport_fastrtps_c__visibility_control.h
[3.015s] -- Up-to-date: /home/hungatec/rob499_ws/install/rob499_msgs/include/rob499_msgs/rob499_msgs/srv
[3.015s] -- Up-to-date: /home/hungatec/rob499_ws/install/rob499_msgs/include/rob499_msgs/rob499_msgs/srv/detail
[3.015s] -- Up-to-date: /home/hungatec/rob499_ws/install/rob499_msgs/include/rob499_msgs/rob499_msgs/srv/detail/enable_logging__rosidl_typesupport_fastrtps_c.h
[3.015s] -- Up-to-date: /home/hungatec/rob499_ws/install/rob499_msgs/include/rob499_msgs/rob499_msgs/srv/detail/send_data__rosidl_typesupport_fastrtps_c.h
[3.015s] -- Up-to-date: /home/hungatec/rob499_ws/install/rob499_msgs/include/rob499_msgs/rob499_msgs/action
[3.015s] -- Up-to-date: /home/hungatec/rob499_ws/install/rob499_msgs/include/rob499_msgs/rob499_msgs/action/detail
[3.015s] -- Up-to-date: /home/hungatec/rob499_ws/install/rob499_msgs/include/rob499_msgs/rob499_msgs/action/detail/launch_rocket__rosidl_typesupport_fastrtps_c.h
[3.015s] -- Up-to-date: /home/hungatec/rob499_ws/install/rob499_msgs/lib/librob499_msgs__rosidl_typesupport_fastrtps_c.so
[3.016s] -- Up-to-date: /home/hungatec/rob499_ws/install/rob499_msgs/include/rob499_msgs/rob499_msgs
[3.016s] -- Up-to-date: /home/hungatec/rob499_ws/install/rob499_msgs/include/rob499_msgs/rob499_msgs/msg
[3.016s] -- Up-to-date: /home/hungatec/rob499_ws/install/rob499_msgs/include/rob499_msgs/rob499_msgs/msg/rosidl_generator_cpp__visibility_control.hpp
[3.016s] -- Up-to-date: /home/hungatec/rob499_ws/install/rob499_msgs/include/rob499_msgs/rob499_msgs/msg/detail
[3.016s] -- Up-to-date: /home/hungatec/rob499_ws/install/rob499_msgs/include/rob499_msgs/rob499_msgs/msg/detail/test_packet__builder.hpp
[3.017s] -- Up-to-date: /home/hungatec/rob499_ws/install/rob499_msgs/include/rob499_msgs/rob499_msgs/msg/detail/test_packet__type_support.hpp
[3.017s] -- Up-to-date: /home/hungatec/rob499_ws/install/rob499_msgs/include/rob499_msgs/rob499_msgs/msg/detail/test_packet__struct.hpp
[3.017s] -- Up-to-date: /home/hungatec/rob499_ws/install/rob499_msgs/include/rob499_msgs/rob499_msgs/msg/detail/test_packet__traits.hpp
[3.017s] -- Up-to-date: /home/hungatec/rob499_ws/install/rob499_msgs/include/rob499_msgs/rob499_msgs/msg/test_packet.hpp
[3.017s] -- Up-to-date: /home/hungatec/rob499_ws/install/rob499_msgs/include/rob499_msgs/rob499_msgs/srv
[3.044s] -- Up-to-date: /home/hungatec/rob499_ws/install/rob499_msgs/include/rob499_msgs/rob499_msgs/srv/detail
[3.049s] -- Up-to-date: /home/hungatec/rob499_ws/install/rob499_msgs/include/rob499_msgs/rob499_msgs/srv/detail/enable_logging__type_support.hpp
[3.050s] -- Up-to-date: /home/hungatec/rob499_ws/install/rob499_msgs/include/rob499_msgs/rob499_msgs/srv/detail/enable_logging__traits.hpp
[3.050s] -- Up-to-date: /home/hungatec/rob499_ws/install/rob499_msgs/include/rob499_msgs/rob499_msgs/srv/detail/enable_logging__builder.hpp
[3.050s] -- Up-to-date: /home/hungatec/rob499_ws/install/rob499_msgs/include/rob499_msgs/rob499_msgs/srv/detail/send_data__traits.hpp
[3.050s] -- Up-to-date: /home/hungatec/rob499_ws/install/rob499_msgs/include/rob499_msgs/rob499_msgs/srv/detail/send_data__type_support.hpp
[3.051s] -- Up-to-date: /home/hungatec/rob499_ws/install/rob499_msgs/include/rob499_msgs/rob499_msgs/srv/detail/send_data__struct.hpp
[3.051s] -- Up-to-date: /home/hungatec/rob499_ws/install/rob499_msgs/include/rob499_msgs/rob499_msgs/srv/detail/send_data__builder.hpp
[3.051s] -- Up-to-date: /home/hungatec/rob499_ws/install/rob499_msgs/include/rob499_msgs/rob499_msgs/srv/detail/enable_logging__struct.hpp
[3.051s] -- Up-to-date: /home/hungatec/rob499_ws/install/rob499_msgs/include/rob499_msgs/rob499_msgs/srv/enable_logging.hpp
[3.051s] -- Up-to-date: /home/hungatec/rob499_ws/install/rob499_msgs/include/rob499_msgs/rob499_msgs/srv/send_data.hpp
[3.051s] -- Up-to-date: /home/hungatec/rob499_ws/install/rob499_msgs/include/rob499_msgs/rob499_msgs/action
[3.074s] -- Up-to-date: /home/hungatec/rob499_ws/install/rob499_msgs/include/rob499_msgs/rob499_msgs/action/launch_rocket.hpp
[3.074s] -- Up-to-date: /home/hungatec/rob499_ws/install/rob499_msgs/include/rob499_msgs/rob499_msgs/action/detail
[3.074s] -- Up-to-date: /home/hungatec/rob499_ws/install/rob499_msgs/include/rob499_msgs/rob499_msgs/action/detail/launch_rocket__type_support.hpp
[3.074s] -- Up-to-date: /home/hungatec/rob499_ws/install/rob499_msgs/include/rob499_msgs/rob499_msgs/action/detail/launch_rocket__traits.hpp
[3.074s] -- Up-to-date: /home/hungatec/rob499_ws/install/rob499_msgs/include/rob499_msgs/rob499_msgs/action/detail/launch_rocket__struct.hpp
[3.075s] -- Up-to-date: /home/hungatec/rob499_ws/install/rob499_msgs/include/rob499_msgs/rob499_msgs/action/detail/launch_rocket__builder.hpp
[3.075s] -- Up-to-date: /home/hungatec/rob499_ws/install/rob499_msgs/include/rob499_msgs/rob499_msgs
[3.076s] -- Up-to-date: /home/hungatec/rob499_ws/install/rob499_msgs/include/rob499_msgs/rob499_msgs/msg
[3.076s] -- Up-to-date: /home/hungatec/rob499_ws/install/rob499_msgs/include/rob499_msgs/rob499_msgs/msg/detail
[3.076s] -- Up-to-date: /home/hungatec/rob499_ws/install/rob499_msgs/include/rob499_msgs/rob499_msgs/msg/detail/dds_fastrtps
[3.076s] -- Up-to-date: /home/hungatec/rob499_ws/install/rob499_msgs/include/rob499_msgs/rob499_msgs/msg/detail/test_packet__rosidl_typesupport_fastrtps_cpp.hpp
[3.077s] -- Up-to-date: /home/hungatec/rob499_ws/install/rob499_msgs/include/rob499_msgs/rob499_msgs/msg/rosidl_typesupport_fastrtps_cpp__visibility_control.h
[3.077s] -- Up-to-date: /home/hungatec/rob499_ws/install/rob499_msgs/include/rob499_msgs/rob499_msgs/srv
[3.077s] -- Up-to-date: /home/hungatec/rob499_ws/install/rob499_msgs/include/rob499_msgs/rob499_msgs/srv/detail
[3.077s] -- Up-to-date: /home/hungatec/rob499_ws/install/rob499_msgs/include/rob499_msgs/rob499_msgs/srv/detail/dds_fastrtps
[3.077s] -- Up-to-date: /home/hungatec/rob499_ws/install/rob499_msgs/include/rob499_msgs/rob499_msgs/srv/detail/enable_logging__rosidl_typesupport_fastrtps_cpp.hpp
[3.077s] -- Up-to-date: /home/hungatec/rob499_ws/install/rob499_msgs/include/rob499_msgs/rob499_msgs/srv/detail/send_data__rosidl_typesupport_fastrtps_cpp.hpp
[3.078s] -- Up-to-date: /home/hungatec/rob499_ws/install/rob499_msgs/include/rob499_msgs/rob499_msgs/action
[3.078s] -- Up-to-date: /home/hungatec/rob499_ws/install/rob499_msgs/include/rob499_msgs/rob499_msgs/action/detail
[3.078s] -- Up-to-date: /home/hungatec/rob499_ws/install/rob499_msgs/include/rob499_msgs/rob499_msgs/action/detail/dds_fastrtps
[3.078s] -- Up-to-date: /home/hungatec/rob499_ws/install/rob499_msgs/include/rob499_msgs/rob499_msgs/action/detail/launch_rocket__rosidl_typesupport_fastrtps_cpp.hpp
[3.078s] -- Up-to-date: /home/hungatec/rob499_ws/install/rob499_msgs/lib/librob499_msgs__rosidl_typesupport_fastrtps_cpp.so
[3.078s] -- Up-to-date: /home/hungatec/rob499_ws/install/rob499_msgs/include/rob499_msgs/rob499_msgs
[3.079s] -- Up-to-date: /home/hungatec/rob499_ws/install/rob499_msgs/include/rob499_msgs/rob499_msgs/msg
[3.079s] -- Up-to-date: /home/hungatec/rob499_ws/install/rob499_msgs/include/rob499_msgs/rob499_msgs/msg/detail
[3.079s] -- Installing: /home/hungatec/rob499_ws/install/rob499_msgs/include/rob499_msgs/rob499_msgs/msg/detail/test_packet__type_support.c
[3.079s] -- Up-to-date: /home/hungatec/rob499_ws/install/rob499_msgs/include/rob499_msgs/rob499_msgs/msg/detail/test_packet__rosidl_typesupport_introspection_c.h
[3.079s] -- Up-to-date: /home/hungatec/rob499_ws/install/rob499_msgs/include/rob499_msgs/rob499_msgs/msg/rosidl_typesupport_introspection_c__visibility_control.h
[3.079s] -- Up-to-date: /home/hungatec/rob499_ws/install/rob499_msgs/include/rob499_msgs/rob499_msgs/srv
[3.079s] -- Up-to-date: /home/hungatec/rob499_ws/install/rob499_msgs/include/rob499_msgs/rob499_msgs/srv/detail
[3.080s] -- Installing: /home/hungatec/rob499_ws/install/rob499_msgs/include/rob499_msgs/rob499_msgs/srv/detail/enable_logging__type_support.c
[3.080s] -- Up-to-date: /home/hungatec/rob499_ws/install/rob499_msgs/include/rob499_msgs/rob499_msgs/srv/detail/send_data__type_support.c
[3.080s] -- Up-to-date: /home/hungatec/rob499_ws/install/rob499_msgs/include/rob499_msgs/rob499_msgs/srv/detail/send_data__rosidl_typesupport_introspection_c.h
[3.080s] -- Up-to-date: /home/hungatec/rob499_ws/install/rob499_msgs/include/rob499_msgs/rob499_msgs/srv/detail/enable_logging__rosidl_typesupport_introspection_c.h
[3.080s] -- Up-to-date: /home/hungatec/rob499_ws/install/rob499_msgs/include/rob499_msgs/rob499_msgs/action
[3.080s] -- Up-to-date: /home/hungatec/rob499_ws/install/rob499_msgs/include/rob499_msgs/rob499_msgs/action/detail
[3.080s] -- Installing: /home/hungatec/rob499_ws/install/rob499_msgs/include/rob499_msgs/rob499_msgs/action/detail/launch_rocket__type_support.c
[3.081s] -- Up-to-date: /home/hungatec/rob499_ws/install/rob499_msgs/include/rob499_msgs/rob499_msgs/action/detail/launch_rocket__rosidl_typesupport_introspection_c.h
[3.081s] -- Up-to-date: /home/hungatec/rob499_ws/install/rob499_msgs/lib/librob499_msgs__rosidl_typesupport_introspection_c.so
[3.081s] -- Up-to-date: /home/hungatec/rob499_ws/install/rob499_msgs/lib/librob499_msgs__rosidl_typesupport_c.so
[3.081s] -- Up-to-date: /home/hungatec/rob499_ws/install/rob499_msgs/include/rob499_msgs/rob499_msgs
[3.081s] -- Up-to-date: /home/hungatec/rob499_ws/install/rob499_msgs/include/rob499_msgs/rob499_msgs/msg
[3.125s] -- Up-to-date: /home/hungatec/rob499_ws/install/rob499_msgs/include/rob499_msgs/rob499_msgs/msg/detail
[3.125s] -- Up-to-date: /home/hungatec/rob499_ws/install/rob499_msgs/include/rob499_msgs/rob499_msgs/msg/detail/test_packet__type_support.cpp
[3.125s] -- Up-to-date: /home/hungatec/rob499_ws/install/rob499_msgs/include/rob499_msgs/rob499_msgs/msg/detail/test_packet__rosidl_typesupport_introspection_cpp.hpp
[3.125s] -- Up-to-date: /home/hungatec/rob499_ws/install/rob499_msgs/include/rob499_msgs/rob499_msgs/srv
[3.126s] -- Up-to-date: /home/hungatec/rob499_ws/install/rob499_msgs/include/rob499_msgs/rob499_msgs/srv/detail
[3.126s] -- Up-to-date: /home/hungatec/rob499_ws/install/rob499_msgs/include/rob499_msgs/rob499_msgs/srv/detail/enable_logging__type_support.cpp
[3.126s] -- Up-to-date: /home/hungatec/rob499_ws/install/rob499_msgs/include/rob499_msgs/rob499_msgs/srv/detail/enable_logging__rosidl_typesupport_introspection_cpp.hpp
[3.126s] -- Up-to-date: /home/hungatec/rob499_ws/install/rob499_msgs/include/rob499_msgs/rob499_msgs/srv/detail/send_data__rosidl_typesupport_introspection_cpp.hpp
[3.127s] -- Up-to-date: /home/hungatec/rob499_ws/install/rob499_msgs/include/rob499_msgs/rob499_msgs/srv/detail/send_data__type_support.cpp
[3.127s] -- Up-to-date: /home/hungatec/rob499_ws/install/rob499_msgs/include/rob499_msgs/rob499_msgs/action
[3.127s] -- Up-to-date: /home/hungatec/rob499_ws/install/rob499_msgs/include/rob499_msgs/rob499_msgs/action/detail
[3.127s] -- Up-to-date: /home/hungatec/rob499_ws/install/rob499_msgs/include/rob499_msgs/rob499_msgs/action/detail/launch_rocket__rosidl_typesupport_introspection_cpp.hpp
[3.127s] -- Up-to-date: /home/hungatec/rob499_ws/install/rob499_msgs/include/rob499_msgs/rob499_msgs/action/detail/launch_rocket__type_support.cpp
[3.127s] -- Up-to-date: /home/hungatec/rob499_ws/install/rob499_msgs/lib/librob499_msgs__rosidl_typesupport_introspection_cpp.so
[3.127s] -- Up-to-date: /home/hungatec/rob499_ws/install/rob499_msgs/lib/librob499_msgs__rosidl_typesupport_cpp.so
[3.128s] -- Up-to-date: /home/hungatec/rob499_ws/install/rob499_msgs/share/rob499_msgs/environment/pythonpath.sh
[3.128s] -- Up-to-date: /home/hungatec/rob499_ws/install/rob499_msgs/share/rob499_msgs/environment/pythonpath.dsv
[3.128s] -- Up-to-date: /home/hungatec/rob499_ws/install/rob499_msgs/lib/python3.12/site-packages/rob499_msgs-0.0.0-py3.12.egg-info
[3.128s] -- Installing: /home/hungatec/rob499_ws/install/rob499_msgs/lib/python3.12/site-packages/rob499_msgs-0.0.0-py3.12.egg-info/top_level.txt
[3.128s] -- Installing: /home/hungatec/rob499_ws/install/rob499_msgs/lib/python3.12/site-packages/rob499_msgs-0.0.0-py3.12.egg-info/dependency_links.txt
[3.128s] -- Installing: /home/hungatec/rob499_ws/install/rob499_msgs/lib/python3.12/site-packages/rob499_msgs-0.0.0-py3.12.egg-info/PKG-INFO
[3.128s] -- Installing: /home/hungatec/rob499_ws/install/rob499_msgs/lib/python3.12/site-packages/rob499_msgs-0.0.0-py3.12.egg-info/SOURCES.txt
[3.128s] -- Up-to-date: /home/hungatec/rob499_ws/install/rob499_msgs/lib/python3.12/site-packages/rob499_msgs
[3.128s] -- Up-to-date: /home/hungatec/rob499_ws/install/rob499_msgs/lib/python3.12/site-packages/rob499_msgs/rob499_msgs_s__rosidl_typesupport_introspection_c.so
[3.128s] -- Up-to-date: /home/hungatec/rob499_ws/install/rob499_msgs/lib/python3.12/site-packages/rob499_msgs/_rob499_msgs_s.ep.rosidl_typesupport_c.c
[3.128s] -- Up-to-date: /home/hungatec/rob499_ws/install/rob499_msgs/lib/python3.12/site-packages/rob499_msgs/__init__.py
[3.128s] -- Up-to-date: /home/hungatec/rob499_ws/install/rob499_msgs/lib/python3.12/site-packages/rob499_msgs/rob499_msgs_s__rosidl_typesupport_fastrtps_c.so
[3.128s] -- Up-to-date: /home/hungatec/rob499_ws/install/rob499_msgs/lib/python3.12/site-packages/rob499_msgs/rob499_msgs_s__rosidl_typesupport_c.so
[3.128s] -- Up-to-date: /home/hungatec/rob499_ws/install/rob499_msgs/lib/python3.12/site-packages/rob499_msgs/msg
[3.128s] -- Up-to-date: /home/hungatec/rob499_ws/install/rob499_msgs/lib/python3.12/site-packages/rob499_msgs/msg/__init__.py
[3.128s] -- Up-to-date: /home/hungatec/rob499_ws/install/rob499_msgs/lib/python3.12/site-packages/rob499_msgs/msg/_test_packet.py
[3.129s] -- Up-to-date: /home/hungatec/rob499_ws/install/rob499_msgs/lib/python3.12/site-packages/rob499_msgs/msg/_test_packet_s.c
[3.129s] -- Up-to-date: /home/hungatec/rob499_ws/install/rob499_msgs/lib/python3.12/site-packages/rob499_msgs/srv
[3.129s] -- Up-to-date: /home/hungatec/rob499_ws/install/rob499_msgs/lib/python3.12/site-packages/rob499_msgs/srv/_send_data_s.c
[3.129s] -- Up-to-date: /home/hungatec/rob499_ws/install/rob499_msgs/lib/python3.12/site-packages/rob499_msgs/srv/_enable_logging_s.c
[3.129s] -- Up-to-date: /home/hungatec/rob499_ws/install/rob499_msgs/lib/python3.12/site-packages/rob499_msgs/srv/_enable_logging.py
[3.129s] -- Up-to-date: /home/hungatec/rob499_ws/install/rob499_msgs/lib/python3.12/site-packages/rob499_msgs/srv/__init__.py
[3.129s] -- Up-to-date: /home/hungatec/rob499_ws/install/rob499_msgs/lib/python3.12/site-packages/rob499_msgs/srv/_send_data.py
[3.129s] -- Up-to-date: /home/hungatec/rob499_ws/install/rob499_msgs/lib/python3.12/site-packages/rob499_msgs/action
[3.130s] -- Up-to-date: /home/hungatec/rob499_ws/install/rob499_msgs/lib/python3.12/site-packages/rob499_msgs/action/__init__.py
[3.130s] -- Up-to-date: /home/hungatec/rob499_ws/install/rob499_msgs/lib/python3.12/site-packages/rob499_msgs/action/_launch_rocket_s.c
[3.130s] -- Up-to-date: /home/hungatec/rob499_ws/install/rob499_msgs/lib/python3.12/site-packages/rob499_msgs/action/_launch_rocket.py
[3.130s] -- Up-to-date: /home/hungatec/rob499_ws/install/rob499_msgs/lib/python3.12/site-packages/rob499_msgs/_rob499_msgs_s.ep.rosidl_typesupport_introspection_c.c
[3.130s] -- Up-to-date: /home/hungatec/rob499_ws/install/rob499_msgs/lib/python3.12/site-packages/rob499_msgs/_rob499_msgs_s.ep.rosidl_typesupport_fastrtps_c.c
[3.329s] Listing '/home/hungatec/rob499_ws/install/rob499_msgs/lib/python3.12/site-packages/rob499_msgs'...
[3.329s] Listing '/home/hungatec/rob499_ws/install/rob499_msgs/lib/python3.12/site-packages/rob499_msgs/action'...
[3.329s] Listing '/home/hungatec/rob499_ws/install/rob499_msgs/lib/python3.12/site-packages/rob499_msgs/msg'...
[3.330s] Listing '/home/hungatec/rob499_ws/install/rob499_msgs/lib/python3.12/site-packages/rob499_msgs/srv'...
[3.358s] -- Up-to-date: /home/hungatec/rob499_ws/install/rob499_msgs/lib/python3.12/site-packages/rob499_msgs/rob499_msgs_s__rosidl_typesupport_fastrtps_c.so
[3.365s] -- Up-to-date: /home/hungatec/rob499_ws/install/rob499_msgs/lib/python3.12/site-packages/rob499_msgs/rob499_msgs_s__rosidl_typesupport_introspection_c.so
[3.381s] -- Up-to-date: /home/hungatec/rob499_ws/install/rob499_msgs/lib/python3.12/site-packages/rob499_msgs/rob499_msgs_s__rosidl_typesupport_c.so
[3.382s] -- Up-to-date: /home/hungatec/rob499_ws/install/rob499_msgs/lib/librob499_msgs__rosidl_generator_py.so
[3.382s] -- Up-to-date: /home/hungatec/rob499_ws/install/rob499_msgs/share/rob499_msgs/msg/TestPacket.idl
[3.382s] -- Up-to-date: /home/hungatec/rob499_ws/install/rob499_msgs/share/rob499_msgs/srv/SendData.idl
[3.382s] -- Up-to-date: /home/hungatec/rob499_ws/install/rob499_msgs/share/rob499_msgs/srv/EnableLogging.idl
[3.382s] -- Up-to-date: /home/hungatec/rob499_ws/install/rob499_msgs/share/rob499_msgs/action/LaunchRocket.idl
[3.382s] -- Up-to-date: /home/hungatec/rob499_ws/install/rob499_msgs/share/rob499_msgs/msg/TestPacket.msg
[3.383s] -- Up-to-date: /home/hungatec/rob499_ws/install/rob499_msgs/share/rob499_msgs/srv/SendData.srv
[3.383s] -- Up-to-date: /home/hungatec/rob499_ws/install/rob499_msgs/share/rob499_msgs/srv/EnableLogging.srv
[3.383s] -- Up-to-date: /home/hungatec/rob499_ws/install/rob499_msgs/share/rob499_msgs/action/LaunchRocket.action
[3.383s] -- Up-to-date: /home/hungatec/rob499_ws/install/rob499_msgs/share/ament_index/resource_index/package_run_dependencies/rob499_msgs
[3.389s] -- Up-to-date: /home/hungatec/rob499_ws/install/rob499_msgs/share/ament_index/resource_index/parent_prefix_path/rob499_msgs
[3.391s] -- Up-to-date: /home/hungatec/rob499_ws/install/rob499_msgs/share/rob499_msgs/environment/ament_prefix_path.sh
[3.392s] -- Up-to-date: /home/hungatec/rob499_ws/install/rob499_msgs/share/rob499_msgs/environment/ament_prefix_path.dsv
[3.392s] -- Up-to-date: /home/hungatec/rob499_ws/install/rob499_msgs/share/rob499_msgs/environment/path.sh
[3.395s] -- Up-to-date: /home/hungatec/rob499_ws/install/rob499_msgs/share/rob499_msgs/environment/path.dsv
[3.395s] -- Up-to-date: /home/hungatec/rob499_ws/install/rob499_msgs/share/rob499_msgs/local_setup.bash
[3.395s] -- Up-to-date: /home/hungatec/rob499_ws/install/rob499_msgs/share/rob499_msgs/local_setup.sh
[3.395s] -- Up-to-date: /home/hungatec/rob499_ws/install/rob499_msgs/share/rob499_msgs/local_setup.zsh
[3.395s] -- Up-to-date: /home/hungatec/rob499_ws/install/rob499_msgs/share/rob499_msgs/local_setup.dsv
[3.395s] -- Installing: /home/hungatec/rob499_ws/install/rob499_msgs/share/rob499_msgs/package.dsv
[3.395s] -- Up-to-date: /home/hungatec/rob499_ws/install/rob499_msgs/share/ament_index/resource_index/packages/rob499_msgs
[3.395s] -- Up-to-date: /home/hungatec/rob499_ws/install/rob499_msgs/share/rob499_msgs/cmake/export_rob499_msgs__rosidl_generator_cExport.cmake
[3.396s] -- Up-to-date: /home/hungatec/rob499_ws/install/rob499_msgs/share/rob499_msgs/cmake/export_rob499_msgs__rosidl_generator_cExport-noconfig.cmake
[3.396s] -- Up-to-date: /home/hungatec/rob499_ws/install/rob499_msgs/share/rob499_msgs/cmake/export_rob499_msgs__rosidl_typesupport_fastrtps_cExport.cmake
[3.396s] -- Up-to-date: /home/hungatec/rob499_ws/install/rob499_msgs/share/rob499_msgs/cmake/export_rob499_msgs__rosidl_typesupport_fastrtps_cExport-noconfig.cmake
[3.403s] -- Up-to-date: /home/hungatec/rob499_ws/install/rob499_msgs/share/rob499_msgs/cmake/export_rob499_msgs__rosidl_generator_cppExport.cmake
[3.410s] -- Up-to-date: /home/hungatec/rob499_ws/install/rob499_msgs/share/rob499_msgs/cmake/export_rob499_msgs__rosidl_typesupport_fastrtps_cppExport.cmake
[3.410s] -- Up-to-date: /home/hungatec/rob499_ws/install/rob499_msgs/share/rob499_msgs/cmake/export_rob499_msgs__rosidl_typesupport_fastrtps_cppExport-noconfig.cmake
[3.410s] -- Up-to-date: /home/hungatec/rob499_ws/install/rob499_msgs/share/rob499_msgs/cmake/rob499_msgs__rosidl_typesupport_introspection_cExport.cmake
[3.411s] -- Up-to-date: /home/hungatec/rob499_ws/install/rob499_msgs/share/rob499_msgs/cmake/rob499_msgs__rosidl_typesupport_introspection_cExport-noconfig.cmake
[3.411s] -- Up-to-date: /home/hungatec/rob499_ws/install/rob499_msgs/share/rob499_msgs/cmake/rob499_msgs__rosidl_typesupport_cExport.cmake
[3.411s] -- Up-to-date: /home/hungatec/rob499_ws/install/rob499_msgs/share/rob499_msgs/cmake/rob499_msgs__rosidl_typesupport_cExport-noconfig.cmake
[3.417s] -- Up-to-date: /home/hungatec/rob499_ws/install/rob499_msgs/share/rob499_msgs/cmake/rob499_msgs__rosidl_typesupport_introspection_cppExport.cmake
[3.419s] -- Up-to-date: /home/hungatec/rob499_ws/install/rob499_msgs/share/rob499_msgs/cmake/rob499_msgs__rosidl_typesupport_introspection_cppExport-noconfig.cmake
[3.419s] -- Up-to-date: /home/hungatec/rob499_ws/install/rob499_msgs/share/rob499_msgs/cmake/rob499_msgs__rosidl_typesupport_cppExport.cmake
[3.419s] -- Up-to-date: /home/hungatec/rob499_ws/install/rob499_msgs/share/rob499_msgs/cmake/rob499_msgs__rosidl_typesupport_cppExport-noconfig.cmake
[3.429s] -- Up-to-date: /home/hungatec/rob499_ws/install/rob499_msgs/share/rob499_msgs/cmake/export_rob499_msgs__rosidl_generator_pyExport.cmake
[3.430s] -- Up-to-date: /home/hungatec/rob499_ws/install/rob499_msgs/share/rob499_msgs/cmake/export_rob499_msgs__rosidl_generator_pyExport-noconfig.cmake
[3.430s] -- Up-to-date: /home/hungatec/rob499_ws/install/rob499_msgs/share/rob499_msgs/cmake/rosidl_cmake-extras.cmake
[3.431s] -- Up-to-date: /home/hungatec/rob499_ws/install/rob499_msgs/share/rob499_msgs/cmake/ament_cmake_export_dependencies-extras.cmake
[3.431s] -- Up-to-date: /home/hungatec/rob499_ws/install/rob499_msgs/share/rob499_msgs/cmake/ament_cmake_export_include_directories-extras.cmake
[3.431s] -- Up-to-date: /home/hungatec/rob499_ws/install/rob499_msgs/share/rob499_msgs/cmake/ament_cmake_export_libraries-extras.cmake
[3.434s] -- Up-to-date: /home/hungatec/rob499_ws/install/rob499_msgs/share/rob499_msgs/cmake/ament_cmake_export_targets-extras.cmake
[3.434s] -- Up-to-date: /home/hungatec/rob499_ws/install/rob499_msgs/share/rob499_msgs/cmake/rosidl_cmake_export_typesupport_targets-extras.cmake
[3.434s] -- Up-to-date: /home/hungatec/rob499_ws/install/rob499_msgs/share/rob499_msgs/cmake/rosidl_cmake_export_typesupport_libraries-extras.cmake
[3.438s] -- Up-to-date: /home/hungatec/rob499_ws/install/rob499_msgs/share/rob499_msgs/cmake/rob499_msgsConfig.cmake
[3.438s] -- Up-to-date: /home/hungatec/rob499_ws/install/rob499_msgs/share/rob499_msgs/cmake/rob499_msgsConfig-version.cmake
[3.438s] -- Up-to-date: /home/hungatec/rob499_ws/install/rob499_msgs/share/rob499_msgs/package.xml
[3.470s] Invoked command in '/home/hungatec/rob499_ws/build/rob499_msgs' returned '0': CMAKE_PREFIX_PATH=${CMAKE_PREFIX_PATH}:/home/hungatec/rob499_ws/install/rob599_more:/home/hungatec/rob499_ws/install/rob599_basic:/home/hungatec/rob499_ws/install/hw5:/home/hungatec/rob499_ws/install/hw4:/home/hungatec/rob499_ws/install/hw3:/home/hungatec/rob499_ws/install/hw2:/opt/ros/jazzy DEBUGINFOD_URLS=https://debuginfod.ubuntu.com /usr/bin/cmake --install /home/hungatec/rob499_ws/build/rob499_msgs
