running egg_info
creating ../../build/rob499_project/rob499_project.egg-info
writing ../../build/rob499_project/rob499_project.egg-info/PKG-INFO
writing dependency_links to ../../build/rob499_project/rob499_project.egg-info/dependency_links.txt
writing requirements to ../../build/rob499_project/rob499_project.egg-info/requires.txt
writing top-level names to ../../build/rob499_project/rob499_project.egg-info/top_level.txt
writing manifest file '../../build/rob499_project/rob499_project.egg-info/SOURCES.txt'
reading manifest file '../../build/rob499_project/rob499_project.egg-info/SOURCES.txt'
adding license file 'LICENSE'
writing manifest file '../../build/rob499_project/rob499_project.egg-info/SOURCES.txt'
running build
running build_py
creating /home/hungatec/rob499_ws/build/rob499_project/build
creating /home/hungatec/rob499_ws/build/rob499_project/build/lib
creating /home/hungatec/rob499_ws/build/rob499_project/build/lib/rob499_project
copying rob499_project/__init__.py -> /home/hungatec/rob499_ws/build/rob499_project/build/lib/rob499_project
running install
running install_lib
creating /home/hungatec/rob499_ws/install/rob499_project/lib/python3.12/site-packages/rob499_project
copying /home/hungatec/rob499_ws/build/rob499_project/build/lib/rob499_project/__init__.py -> /home/hungatec/rob499_ws/install/rob499_project/lib/python3.12/site-packages/rob499_project
byte-compiling /home/hungatec/rob499_ws/install/rob499_project/lib/python3.12/site-packages/rob499_project/__init__.py to __init__.cpython-312.pyc
running install_data
creating /home/hungatec/rob499_ws/install/rob499_project/share/ament_index
creating /home/hungatec/rob499_ws/install/rob499_project/share/ament_index/resource_index
creating /home/hungatec/rob499_ws/install/rob499_project/share/ament_index/resource_index/packages
copying resource/rob499_project -> /home/hungatec/rob499_ws/install/rob499_project/share/ament_index/resource_index/packages
copying package.xml -> /home/hungatec/rob499_ws/install/rob499_project/share/rob499_project
running install_egg_info
Copying ../../build/rob499_project/rob499_project.egg-info to /home/hungatec/rob499_ws/install/rob499_project/lib/python3.12/site-packages/rob499_project-0.0.0-py3.12.egg-info
running install_scripts
writing list of installed files to '/home/hungatec/rob499_ws/build/rob499_project/install.log'
