[2.317s] Invoking command in '/home/hungatec/rob499_ws/src/hw2': DEBUGINFOD_URLS=https://debuginfod.ubuntu.com PYTHONPATH=/home/hungatec/rob499_ws/build/hw2/prefix_override:/usr/lib/python3/dist-packages/colcon_core/task/python/colcon_distutils_commands:/home/hungatec/rob499_ws/install/hw2/lib/python3.12/site-packages:${PYTHONPATH} /usr/bin/python3 -W ignore:setup.py install is deprecated -W ignore:easy_install command is deprecated setup.py egg_info --egg-base ../../build/hw2 build --build-base /home/hungatec/rob499_ws/build/hw2/build install --record /home/hungatec/rob499_ws/build/hw2/install.log --single-version-externally-managed install_data
[2.931s] running egg_info
[2.964s] writing ../../build/hw2/hw2.egg-info/PKG-INFO
[2.967s] writing dependency_links to ../../build/hw2/hw2.egg-info/dependency_links.txt
[2.968s] writing entry points to ../../build/hw2/hw2.egg-info/entry_points.txt
[2.968s] writing requirements to ../../build/hw2/hw2.egg-info/requires.txt
[2.969s] writing top-level names to ../../build/hw2/hw2.egg-info/top_level.txt
[3.021s] reading manifest file '../../build/hw2/hw2.egg-info/SOURCES.txt'
[3.025s] adding license file 'LICENSE'
[3.025s] writing manifest file '../../build/hw2/hw2.egg-info/SOURCES.txt'
[3.025s] running build
[3.025s] running build_py
[3.025s] running install
[3.036s] running install_lib
[3.069s] running install_data
[3.069s] running install_egg_info
[3.105s] removing '/home/hungatec/rob499_ws/install/hw2/lib/python3.12/site-packages/hw2-0.0.0-py3.12.egg-info' (and everything under it)
[3.106s] Copying ../../build/hw2/hw2.egg-info to /home/hungatec/rob499_ws/install/hw2/lib/python3.12/site-packages/hw2-0.0.0-py3.12.egg-info
[3.109s] running install_scripts
[3.330s] Installing fast_wave script to /home/hungatec/rob499_ws/install/hw2/lib/hw2
[3.331s] Installing limiter script to /home/hungatec/rob499_ws/install/hw2/lib/hw2
[3.333s] Installing oscope script to /home/hungatec/rob499_ws/install/hw2/lib/hw2
[3.334s] Installing slow_wave script to /home/hungatec/rob499_ws/install/hw2/lib/hw2
[3.336s] writing list of installed files to '/home/hungatec/rob499_ws/build/hw2/install.log'
[3.473s] Invoked command in '/home/hungatec/rob499_ws/src/hw2' returned '0': DEBUGINFOD_URLS=https://debuginfod.ubuntu.com PYTHONPATH=/home/hungatec/rob499_ws/build/hw2/prefix_override:/usr/lib/python3/dist-packages/colcon_core/task/python/colcon_distutils_commands:/home/hungatec/rob499_ws/install/hw2/lib/python3.12/site-packages:${PYTHONPATH} /usr/bin/python3 -W ignore:setup.py install is deprecated -W ignore:easy_install command is deprecated setup.py egg_info --egg-base ../../build/hw2 build --build-base /home/hungatec/rob499_ws/build/hw2/build install --record /home/hungatec/rob499_ws/build/hw2/install.log --single-version-externally-managed install_data
