[0.039s] Invoking command in '/home/hungatec/rob499_ws/build/rob599_msgs': CMAKE_PREFIX_PATH=${CMAKE_PREFIX_PATH}:/home/hungatec/rob499_ws/install/rob599_more:/home/hungatec/rob499_ws/install/rob599_basic:/home/hungatec/rob499_ws/install/hw5:/home/hungatec/rob499_ws/install/hw4:/home/hungatec/rob499_ws/install/hw3:/home/hungatec/rob499_ws/install/hw2:/opt/ros/jazzy DEBUGINFOD_URLS=https://debuginfod.ubuntu.com /usr/bin/cmake /home/hungatec/rob499_ws/src/rob599/rob599_msgs -DCMAKE_INSTALL_PREFIX=/home/hungatec/rob499_ws/install/rob599_msgs
[0.480s] -- The C compiler identification is GNU 13.3.0
[0.781s] -- The CXX compiler identification is GNU 13.3.0
[0.907s] -- Detecting C compiler ABI info
[1.573s] -- Detecting C compiler ABI info - done
[1.600s] -- Check for working C compiler: /usr/bin/cc - skipped
[1.608s] -- Detecting C compile features
[1.608s] -- Detecting C compile features - done
[1.668s] -- Detecting CXX compiler ABI info
[2.382s] -- Detecting CXX compiler ABI info - done
[2.394s] -- Check for working CXX compiler: /usr/bin/c++ - skipped
[2.394s] -- Detecting CXX compile features
[2.394s] -- Detecting CXX compile features - done
[2.398s] -- Found ament_cmake: 2.5.4 (/opt/ros/jazzy/share/ament_cmake/cmake)
[3.086s] -- Found Python3: /usr/bin/python3 (found version "3.12.3") found components: Interpreter 
[3.291s] -- Found ament_lint_auto: 0.17.2 (/opt/ros/jazzy/share/ament_lint_auto/cmake)
[3.887s] -- Found rosidl_default_generators: 1.6.0 (/opt/ros/jazzy/share/rosidl_default_generators/cmake)
[3.914s] -- Using all available rosidl_typesupport_c: rosidl_typesupport_fastrtps_c;rosidl_typesupport_introspection_c
[4.038s] -- Using all available rosidl_typesupport_cpp: rosidl_typesupport_fastrtps_cpp;rosidl_typesupport_introspection_cpp
[4.174s] -- Found rosidl_adapter: 4.6.5 (/opt/ros/jazzy/share/rosidl_adapter/cmake)
[5.648s] -- Found ament_cmake_ros: 0.12.0 (/opt/ros/jazzy/share/ament_cmake_ros/cmake)
[6.383s] -- Using all available rosidl_typesupport_c: rosidl_typesupport_fastrtps_c;rosidl_typesupport_introspection_c
[7.982s] -- Using all available rosidl_typesupport_cpp: rosidl_typesupport_fastrtps_cpp;rosidl_typesupport_introspection_cpp
[7.994s] -- Found python_cmake_module: 0.11.1 (/opt/ros/jazzy/share/python_cmake_module/cmake)
[8.416s] -- Found PythonExtra: /usr/bin/python3  
[9.354s] -- Found Python3: /usr/bin/python3 (found version "3.12.3") found components: Interpreter Development NumPy Development.Module Development.Embed 
[9.434s] -- Added test 'copyright' to check source files copyright and LICENSE
[9.441s] -- Added test 'flake8' to check Python code syntax and style conventions
[9.441s] -- Configured 'flake8' exclude dirs and/or files: 
[9.443s] -- Added test 'lint_cmake' to check CMake code style
[9.446s] -- Added test 'pep257' to check Python code against some of the docstring style conventions in PEP 257
[9.450s] -- Added test 'xmllint' to check XML markup files
[9.469s] -- Configuring done (9.4s)
[9.571s] -- Generating done (0.1s)
[9.603s] -- Build files have been written to: /home/hungatec/rob499_ws/build/rob599_msgs
