[1.093s] Invoking command in '/home/hungatec/rob499_ws/src/rob499_project': DEBUGINFOD_URLS=https://debuginfod.ubuntu.com PYTHONPATH=/home/hungatec/rob499_ws/build/rob499_project/prefix_override:/usr/lib/python3/dist-packages/colcon_core/task/python/colcon_distutils_commands:/home/hungatec/rob499_ws/install/rob499_project/lib/python3.12/site-packages:${PYTHONPATH} /usr/bin/python3 -W ignore:setup.py install is deprecated -W ignore:easy_install command is deprecated setup.py egg_info --egg-base ../../build/rob499_project build --build-base /home/hungatec/rob499_ws/build/rob499_project/build install --record /home/hungatec/rob499_ws/build/rob499_project/install.log --single-version-externally-managed install_data
[1.464s] running egg_info
[1.496s] writing ../../build/rob499_project/rob499_project.egg-info/PKG-INFO
[1.497s] writing dependency_links to ../../build/rob499_project/rob499_project.egg-info/dependency_links.txt
[1.497s] writing entry points to ../../build/rob499_project/rob499_project.egg-info/entry_points.txt
[1.500s] writing requirements to ../../build/rob499_project/rob499_project.egg-info/requires.txt
[1.500s] writing top-level names to ../../build/rob499_project/rob499_project.egg-info/top_level.txt
[1.549s] reading manifest file '../../build/rob499_project/rob499_project.egg-info/SOURCES.txt'
[1.549s] adding license file 'LICENSE'
[1.549s] writing manifest file '../../build/rob499_project/rob499_project.egg-info/SOURCES.txt'
[1.549s] running build
[1.549s] running build_py
[1.549s] running install
[1.559s] running install_lib
[1.588s] running install_data
[1.588s] copying package.xml -> /home/hungatec/rob499_ws/install/rob499_project/share/rob499_project
[1.592s] running install_egg_info
[1.623s] removing '/home/hungatec/rob499_ws/install/rob499_project/lib/python3.12/site-packages/rob499_project-0.0.0-py3.12.egg-info' (and everything under it)
[1.627s] Copying ../../build/rob499_project/rob499_project.egg-info to /home/hungatec/rob499_ws/install/rob499_project/lib/python3.12/site-packages/rob499_project-0.0.0-py3.12.egg-info
[1.627s] running install_scripts
[1.806s] Installing serial_test script to /home/hungatec/rob499_ws/install/rob499_project/lib/rob499_project
[1.810s] writing list of installed files to '/home/hungatec/rob499_ws/build/rob499_project/install.log'
[1.874s] Invoked command in '/home/hungatec/rob499_ws/src/rob499_project' returned '0': DEBUGINFOD_URLS=https://debuginfod.ubuntu.com PYTHONPATH=/home/hungatec/rob499_ws/build/rob499_project/prefix_override:/usr/lib/python3/dist-packages/colcon_core/task/python/colcon_distutils_commands:/home/hungatec/rob499_ws/install/rob499_project/lib/python3.12/site-packages:${PYTHONPATH} /usr/bin/python3 -W ignore:setup.py install is deprecated -W ignore:easy_install command is deprecated setup.py egg_info --egg-base ../../build/rob499_project build --build-base /home/hungatec/rob499_ws/build/rob499_project/build install --record /home/hungatec/rob499_ws/build/rob499_project/install.log --single-version-externally-managed install_data
