[2.172s] Invoking command in '/home/hungatec/rob499_ws/src/hw3': DEBUGINFOD_URLS=https://debuginfod.ubuntu.com PYTHONPATH=/home/hungatec/rob499_ws/build/hw3/prefix_override:/usr/lib/python3/dist-packages/colcon_core/task/python/colcon_distutils_commands:/home/hungatec/rob499_ws/install/hw3/lib/python3.12/site-packages:${PYTHONPATH} /usr/bin/python3 -W ignore:setup.py install is deprecated -W ignore:easy_install command is deprecated setup.py egg_info --egg-base ../../build/hw3 build --build-base /home/hungatec/rob499_ws/build/hw3/build install --record /home/hungatec/rob499_ws/build/hw3/install.log --single-version-externally-managed install_data
[2.768s] running egg_info
[2.822s] writing ../../build/hw3/hw3.egg-info/PKG-INFO
[2.825s] writing dependency_links to ../../build/hw3/hw3.egg-info/dependency_links.txt
[2.828s] writing entry points to ../../build/hw3/hw3.egg-info/entry_points.txt
[2.829s] writing requirements to ../../build/hw3/hw3.egg-info/requires.txt
[2.831s] writing top-level names to ../../build/hw3/hw3.egg-info/top_level.txt
[3.025s] reading manifest file '../../build/hw3/hw3.egg-info/SOURCES.txt'
[3.026s] adding license file 'LICENSE'
[3.030s] writing manifest file '../../build/hw3/hw3.egg-info/SOURCES.txt'
[3.031s] running build
[3.032s] running build_py
[3.032s] copying hw3/data_receiver.py -> /home/hungatec/rob499_ws/build/hw3/build/lib/hw3
[3.035s] copying hw3/data_sender.py -> /home/hungatec/rob499_ws/build/hw3/build/lib/hw3
[3.035s] running install
[3.059s] running install_lib
[3.129s] copying /home/hungatec/rob499_ws/build/hw3/build/lib/hw3/data_receiver.py -> /home/hungatec/rob499_ws/install/hw3/lib/python3.12/site-packages/hw3
[3.131s] copying /home/hungatec/rob499_ws/build/hw3/build/lib/hw3/data_sender.py -> /home/hungatec/rob499_ws/install/hw3/lib/python3.12/site-packages/hw3
[3.131s] byte-compiling /home/hungatec/rob499_ws/install/hw3/lib/python3.12/site-packages/hw3/data_receiver.py to data_receiver.cpython-312.pyc
[3.140s] byte-compiling /home/hungatec/rob499_ws/install/hw3/lib/python3.12/site-packages/hw3/data_sender.py to data_sender.cpython-312.pyc
[3.142s] running install_data
[3.142s] running install_egg_info
[3.215s] removing '/home/hungatec/rob499_ws/install/hw3/lib/python3.12/site-packages/hw3-0.0.0-py3.12.egg-info' (and everything under it)
[3.216s] Copying ../../build/hw3/hw3.egg-info to /home/hungatec/rob499_ws/install/hw3/lib/python3.12/site-packages/hw3-0.0.0-py3.12.egg-info
[3.216s] running install_scripts
[3.731s] Installing data_receiver script to /home/hungatec/rob499_ws/install/hw3/lib/hw3
[3.734s] Installing data_sender script to /home/hungatec/rob499_ws/install/hw3/lib/hw3
[3.735s] writing list of installed files to '/home/hungatec/rob499_ws/build/hw3/install.log'
[3.834s] Invoked command in '/home/hungatec/rob499_ws/src/hw3' returned '0': DEBUGINFOD_URLS=https://debuginfod.ubuntu.com PYTHONPATH=/home/hungatec/rob499_ws/build/hw3/prefix_override:/usr/lib/python3/dist-packages/colcon_core/task/python/colcon_distutils_commands:/home/hungatec/rob499_ws/install/hw3/lib/python3.12/site-packages:${PYTHONPATH} /usr/bin/python3 -W ignore:setup.py install is deprecated -W ignore:easy_install command is deprecated setup.py egg_info --egg-base ../../build/hw3 build --build-base /home/hungatec/rob499_ws/build/hw3/build install --record /home/hungatec/rob499_ws/build/hw3/install.log --single-version-externally-managed install_data
