[1.110s] Invoking command in '/home/hungatec/rob499_ws/src/rob499_project': DEBUGINFOD_URLS=https://debuginfod.ubuntu.com PYTHONPATH=/home/hungatec/rob499_ws/build/rob499_project/prefix_override:/usr/lib/python3/dist-packages/colcon_core/task/python/colcon_distutils_commands:/home/hungatec/rob499_ws/install/rob499_project/lib/python3.12/site-packages:${PYTHONPATH} /usr/bin/python3 -W ignore:setup.py install is deprecated -W ignore:easy_install command is deprecated setup.py egg_info --egg-base ../../build/rob499_project build --build-base /home/hungatec/rob499_ws/build/rob499_project/build install --record /home/hungatec/rob499_ws/build/rob499_project/install.log --single-version-externally-managed install_data
[1.423s] running egg_info
[1.479s] writing ../../build/rob499_project/rob499_project.egg-info/PKG-INFO
[1.479s] writing dependency_links to ../../build/rob499_project/rob499_project.egg-info/dependency_links.txt
[1.479s] writing entry points to ../../build/rob499_project/rob499_project.egg-info/entry_points.txt
[1.479s] writing requirements to ../../build/rob499_project/rob499_project.egg-info/requires.txt
[1.479s] writing top-level names to ../../build/rob499_project/rob499_project.egg-info/top_level.txt
[1.513s] reading manifest file '../../build/rob499_project/rob499_project.egg-info/SOURCES.txt'
[1.514s] adding license file 'LICENSE'
[1.515s] writing manifest file '../../build/rob499_project/rob499_project.egg-info/SOURCES.txt'
[1.516s] running build
[1.516s] running build_py
[1.517s] copying rob499_project/serial_data_publisher.py -> /home/hungatec/rob499_ws/build/rob499_project/build/lib/rob499_project
[1.523s] running install
[1.530s] running install_lib
[1.555s] copying /home/hungatec/rob499_ws/build/rob499_project/build/lib/rob499_project/serial_data_publisher.py -> /home/hungatec/rob499_ws/install/rob499_project/lib/python3.12/site-packages/rob499_project
[1.557s] byte-compiling /home/hungatec/rob499_ws/install/rob499_project/lib/python3.12/site-packages/rob499_project/serial_data_publisher.py to serial_data_publisher.cpython-312.pyc
[1.560s] running install_data
[1.560s] running install_egg_info
[1.586s] removing '/home/hungatec/rob499_ws/install/rob499_project/lib/python3.12/site-packages/rob499_project-0.0.0-py3.12.egg-info' (and everything under it)
[1.586s] Copying ../../build/rob499_project/rob499_project.egg-info to /home/hungatec/rob499_ws/install/rob499_project/lib/python3.12/site-packages/rob499_project-0.0.0-py3.12.egg-info
[1.588s] running install_scripts
[1.765s] Installing dummy_parameter script to /home/hungatec/rob499_ws/install/rob499_project/lib/rob499_project
[1.766s] Installing serial_data script to /home/hungatec/rob499_ws/install/rob499_project/lib/rob499_project
[1.766s] Installing virtual_serial_data script to /home/hungatec/rob499_ws/install/rob499_project/lib/rob499_project
[1.771s] writing list of installed files to '/home/hungatec/rob499_ws/build/rob499_project/install.log'
[1.823s] Invoked command in '/home/hungatec/rob499_ws/src/rob499_project' returned '0': DEBUGINFOD_URLS=https://debuginfod.ubuntu.com PYTHONPATH=/home/hungatec/rob499_ws/build/rob499_project/prefix_override:/usr/lib/python3/dist-packages/colcon_core/task/python/colcon_distutils_commands:/home/hungatec/rob499_ws/install/rob499_project/lib/python3.12/site-packages:${PYTHONPATH} /usr/bin/python3 -W ignore:setup.py install is deprecated -W ignore:easy_install command is deprecated setup.py egg_info --egg-base ../../build/rob499_project build --build-base /home/hungatec/rob499_ws/build/rob499_project/build install --record /home/hungatec/rob499_ws/build/rob499_project/install.log --single-version-externally-managed install_data
