[1.534s] Invoking command in '/home/hungatec/rob499_ws/src/rob499_project': DEBUGINFOD_URLS=https://debuginfod.ubuntu.com PYTHONPATH=/home/hungatec/rob499_ws/build/rob499_project/prefix_override:/usr/lib/python3/dist-packages/colcon_core/task/python/colcon_distutils_commands:/home/hungatec/rob499_ws/install/rob499_project/lib/python3.12/site-packages:${PYTHONPATH} /usr/bin/python3 -W ignore:setup.py install is deprecated -W ignore:easy_install command is deprecated setup.py egg_info --egg-base ../../build/rob499_project build --build-base /home/hungatec/rob499_ws/build/rob499_project/build install --record /home/hungatec/rob499_ws/build/rob499_project/install.log --single-version-externally-managed install_data
[1.896s] running egg_info
[1.908s] writing ../../build/rob499_project/rob499_project.egg-info/PKG-INFO
[1.910s] writing dependency_links to ../../build/rob499_project/rob499_project.egg-info/dependency_links.txt
[1.928s] writing entry points to ../../build/rob499_project/rob499_project.egg-info/entry_points.txt
[1.928s] writing requirements to ../../build/rob499_project/rob499_project.egg-info/requires.txt
[1.928s] writing top-level names to ../../build/rob499_project/rob499_project.egg-info/top_level.txt
[1.955s] reading manifest file '../../build/rob499_project/rob499_project.egg-info/SOURCES.txt'
[1.958s] adding license file 'LICENSE'
[1.961s] writing manifest file '../../build/rob499_project/rob499_project.egg-info/SOURCES.txt'
[1.962s] running build
[1.962s] running build_py
[1.965s] copying rob499_project/serial_data_publisher.py -> /home/hungatec/rob499_ws/build/rob499_project/build/lib/rob499_project
[1.970s] copying rob499_project/param_node.py -> /home/hungatec/rob499_ws/build/rob499_project/build/lib/rob499_project
[1.970s] copying rob499_project/virtual_serial_publisher.py -> /home/hungatec/rob499_ws/build/rob499_project/build/lib/rob499_project
[1.970s] running install
[1.980s] running install_lib
[2.001s] copying /home/hungatec/rob499_ws/build/rob499_project/build/lib/rob499_project/serial_data_publisher.py -> /home/hungatec/rob499_ws/install/rob499_project/lib/python3.12/site-packages/rob499_project
[2.001s] copying /home/hungatec/rob499_ws/build/rob499_project/build/lib/rob499_project/param_node.py -> /home/hungatec/rob499_ws/install/rob499_project/lib/python3.12/site-packages/rob499_project
[2.002s] copying /home/hungatec/rob499_ws/build/rob499_project/build/lib/rob499_project/virtual_serial_publisher.py -> /home/hungatec/rob499_ws/install/rob499_project/lib/python3.12/site-packages/rob499_project
[2.004s] byte-compiling /home/hungatec/rob499_ws/install/rob499_project/lib/python3.12/site-packages/rob499_project/serial_data_publisher.py to serial_data_publisher.cpython-312.pyc
[2.005s] byte-compiling /home/hungatec/rob499_ws/install/rob499_project/lib/python3.12/site-packages/rob499_project/param_node.py to param_node.cpython-312.pyc
[2.007s] byte-compiling /home/hungatec/rob499_ws/install/rob499_project/lib/python3.12/site-packages/rob499_project/virtual_serial_publisher.py to virtual_serial_publisher.cpython-312.pyc
[2.008s] running install_data
[2.010s] copying package.xml -> /home/hungatec/rob499_ws/install/rob499_project/share/rob499_project
[2.011s] running install_egg_info
[2.033s] removing '/home/hungatec/rob499_ws/install/rob499_project/lib/python3.12/site-packages/rob499_project-0.0.0-py3.12.egg-info' (and everything under it)
[2.034s] Copying ../../build/rob499_project/rob499_project.egg-info to /home/hungatec/rob499_ws/install/rob499_project/lib/python3.12/site-packages/rob499_project-0.0.0-py3.12.egg-info
[2.037s] running install_scripts
[2.205s] Installing dummy_parameter script to /home/hungatec/rob499_ws/install/rob499_project/lib/rob499_project
[2.222s] Installing serial_data script to /home/hungatec/rob499_ws/install/rob499_project/lib/rob499_project
[2.222s] Installing virtual_serial_data script to /home/hungatec/rob499_ws/install/rob499_project/lib/rob499_project
[2.222s] writing list of installed files to '/home/hungatec/rob499_ws/build/rob499_project/install.log'
[2.250s] Invoked command in '/home/hungatec/rob499_ws/src/rob499_project' returned '0': DEBUGINFOD_URLS=https://debuginfod.ubuntu.com PYTHONPATH=/home/hungatec/rob499_ws/build/rob499_project/prefix_override:/usr/lib/python3/dist-packages/colcon_core/task/python/colcon_distutils_commands:/home/hungatec/rob499_ws/install/rob499_project/lib/python3.12/site-packages:${PYTHONPATH} /usr/bin/python3 -W ignore:setup.py install is deprecated -W ignore:easy_install command is deprecated setup.py egg_info --egg-base ../../build/rob499_project build --build-base /home/hungatec/rob499_ws/build/rob499_project/build install --record /home/hungatec/rob499_ws/build/rob499_project/install.log --single-version-externally-managed install_data
