[1.121s] Invoking command in '/home/hungatec/rob499_ws/src/rob499_project': DEBUGINFOD_URLS=https://debuginfod.ubuntu.com PYTHONPATH=/home/hungatec/rob499_ws/build/rob499_project/prefix_override:/usr/lib/python3/dist-packages/colcon_core/task/python/colcon_distutils_commands:/home/hungatec/rob499_ws/install/rob499_project/lib/python3.12/site-packages:${PYTHONPATH} /usr/bin/python3 -W ignore:setup.py install is deprecated -W ignore:easy_install command is deprecated setup.py egg_info --egg-base ../../build/rob499_project build --build-base /home/hungatec/rob499_ws/build/rob499_project/build install --record /home/hungatec/rob499_ws/build/rob499_project/install.log --single-version-externally-managed install_data
[1.499s] running egg_info
[1.522s] writing ../../build/rob499_project/rob499_project.egg-info/PKG-INFO
[1.523s] writing dependency_links to ../../build/rob499_project/rob499_project.egg-info/dependency_links.txt
[1.524s] writing entry points to ../../build/rob499_project/rob499_project.egg-info/entry_points.txt
[1.525s] writing requirements to ../../build/rob499_project/rob499_project.egg-info/requires.txt
[1.526s] writing top-level names to ../../build/rob499_project/rob499_project.egg-info/top_level.txt
[1.581s] reading manifest file '../../build/rob499_project/rob499_project.egg-info/SOURCES.txt'
[1.582s] adding license file 'LICENSE'
[1.585s] writing manifest file '../../build/rob499_project/rob499_project.egg-info/SOURCES.txt'
[1.587s] running build
[1.587s] running build_py
[1.587s] copying rob499_project/x_vel_node.py -> /home/hungatec/rob499_ws/build/rob499_project/build/lib/rob499_project
[1.588s] running install
[1.597s] running install_lib
[1.633s] copying /home/hungatec/rob499_ws/build/rob499_project/build/lib/rob499_project/x_vel_node.py -> /home/hungatec/rob499_ws/install/rob499_project/lib/python3.12/site-packages/rob499_project
[1.635s] byte-compiling /home/hungatec/rob499_ws/install/rob499_project/lib/python3.12/site-packages/rob499_project/x_vel_node.py to x_vel_node.cpython-312.pyc
[1.637s] running install_data
[1.638s] running install_egg_info
[1.672s] removing '/home/hungatec/rob499_ws/install/rob499_project/lib/python3.12/site-packages/rob499_project-0.0.0-py3.12.egg-info' (and everything under it)
[1.674s] Copying ../../build/rob499_project/rob499_project.egg-info to /home/hungatec/rob499_ws/install/rob499_project/lib/python3.12/site-packages/rob499_project-0.0.0-py3.12.egg-info
[1.676s] running install_scripts
[1.869s] Installing dummy_parameter script to /home/hungatec/rob499_ws/install/rob499_project/lib/rob499_project
[1.871s] Installing serial_data script to /home/hungatec/rob499_ws/install/rob499_project/lib/rob499_project
[1.874s] Installing virtual_serial_data script to /home/hungatec/rob499_ws/install/rob499_project/lib/rob499_project
[1.876s] Installing x_vel script to /home/hungatec/rob499_ws/install/rob499_project/lib/rob499_project
[1.877s] writing list of installed files to '/home/hungatec/rob499_ws/build/rob499_project/install.log'
[1.922s] Invoked command in '/home/hungatec/rob499_ws/src/rob499_project' returned '0': DEBUGINFOD_URLS=https://debuginfod.ubuntu.com PYTHONPATH=/home/hungatec/rob499_ws/build/rob499_project/prefix_override:/usr/lib/python3/dist-packages/colcon_core/task/python/colcon_distutils_commands:/home/hungatec/rob499_ws/install/rob499_project/lib/python3.12/site-packages:${PYTHONPATH} /usr/bin/python3 -W ignore:setup.py install is deprecated -W ignore:easy_install command is deprecated setup.py egg_info --egg-base ../../build/rob499_project build --build-base /home/hungatec/rob499_ws/build/rob499_project/build install --record /home/hungatec/rob499_ws/build/rob499_project/install.log --single-version-externally-managed install_data
