[1.224s] Invoking command in '/home/hungatec/rob499_ws/src/rob499_project': DEBUGINFOD_URLS=https://debuginfod.ubuntu.com PYTHONPATH=/home/hungatec/rob499_ws/build/rob499_project/prefix_override:/usr/lib/python3/dist-packages/colcon_core/task/python/colcon_distutils_commands:/home/hungatec/rob499_ws/install/rob499_project/lib/python3.12/site-packages:${PYTHONPATH} /usr/bin/python3 -W ignore:setup.py install is deprecated -W ignore:easy_install command is deprecated setup.py egg_info --egg-base ../../build/rob499_project build --build-base /home/hungatec/rob499_ws/build/rob499_project/build install --record /home/hungatec/rob499_ws/build/rob499_project/install.log --single-version-externally-managed install_data
[1.608s] running egg_info
[1.652s] writing ../../build/rob499_project/rob499_project.egg-info/PKG-INFO
[1.654s] writing dependency_links to ../../build/rob499_project/rob499_project.egg-info/dependency_links.txt
[1.657s] writing entry points to ../../build/rob499_project/rob499_project.egg-info/entry_points.txt
[1.657s] writing requirements to ../../build/rob499_project/rob499_project.egg-info/requires.txt
[1.658s] writing top-level names to ../../build/rob499_project/rob499_project.egg-info/top_level.txt
[1.715s] reading manifest file '../../build/rob499_project/rob499_project.egg-info/SOURCES.txt'
[1.717s] adding license file 'LICENSE'
[1.719s] writing manifest file '../../build/rob499_project/rob499_project.egg-info/SOURCES.txt'
[1.720s] running build
[1.720s] running build_py
[1.721s] copying rob499_project/turtle_killer.py -> /home/hungatec/rob499_ws/build/rob499_project/build/lib/rob499_project
[1.721s] running install
[1.731s] running install_lib
[1.760s] copying /home/hungatec/rob499_ws/build/rob499_project/build/lib/rob499_project/turtle_killer.py -> /home/hungatec/rob499_ws/install/rob499_project/lib/python3.12/site-packages/rob499_project
[1.764s] byte-compiling /home/hungatec/rob499_ws/install/rob499_project/lib/python3.12/site-packages/rob499_project/turtle_killer.py to turtle_killer.cpython-312.pyc
[1.780s] running install_data
[1.781s] running install_egg_info
[1.791s] removing '/home/hungatec/rob499_ws/install/rob499_project/lib/python3.12/site-packages/rob499_project-0.0.0-py3.12.egg-info' (and everything under it)
[1.791s] Copying ../../build/rob499_project/rob499_project.egg-info to /home/hungatec/rob499_ws/install/rob499_project/lib/python3.12/site-packages/rob499_project-0.0.0-py3.12.egg-info
[1.797s] running install_scripts
[1.978s] Installing dummy_parameter script to /home/hungatec/rob499_ws/install/rob499_project/lib/rob499_project
[1.979s] Installing kill_turtle script to /home/hungatec/rob499_ws/install/rob499_project/lib/rob499_project
[1.979s] Installing knob1 script to /home/hungatec/rob499_ws/install/rob499_project/lib/rob499_project
[1.980s] Installing knob2 script to /home/hungatec/rob499_ws/install/rob499_project/lib/rob499_project
[1.980s] Installing serial_data script to /home/hungatec/rob499_ws/install/rob499_project/lib/rob499_project
[1.981s] Installing turtle_movement script to /home/hungatec/rob499_ws/install/rob499_project/lib/rob499_project
[1.982s] Installing virtual_serial_data script to /home/hungatec/rob499_ws/install/rob499_project/lib/rob499_project
[1.983s] writing list of installed files to '/home/hungatec/rob499_ws/build/rob499_project/install.log'
[2.042s] Invoked command in '/home/hungatec/rob499_ws/src/rob499_project' returned '0': DEBUGINFOD_URLS=https://debuginfod.ubuntu.com PYTHONPATH=/home/hungatec/rob499_ws/build/rob499_project/prefix_override:/usr/lib/python3/dist-packages/colcon_core/task/python/colcon_distutils_commands:/home/hungatec/rob499_ws/install/rob499_project/lib/python3.12/site-packages:${PYTHONPATH} /usr/bin/python3 -W ignore:setup.py install is deprecated -W ignore:easy_install command is deprecated setup.py egg_info --egg-base ../../build/rob499_project build --build-base /home/hungatec/rob499_ws/build/rob499_project/build install --record /home/hungatec/rob499_ws/build/rob499_project/install.log --single-version-externally-managed install_data
