[  1%] [34m[1mGenerating type hashes for ROS interfaces[0m
[  1%] Built target ament_cmake_python_copy_rob499_msgs
running egg_info
creating rob499_msgs.egg-info
writing rob499_msgs.egg-info/PKG-INFO
writing dependency_links to rob499_msgs.egg-info/dependency_links.txt
writing top-level names to rob499_msgs.egg-info/top_level.txt
writing manifest file 'rob499_msgs.egg-info/SOURCES.txt'
reading manifest file 'rob499_msgs.egg-info/SOURCES.txt'
writing manifest file 'rob499_msgs.egg-info/SOURCES.txt'
[  1%] Built target ament_cmake_python_build_rob499_msgs_egg
[  1%] Built target rob499_msgs__rosidl_generator_type_description
[  3%] [34m[1mGenerating C code for ROS interfaces[0m
[  4%] [34m[1mGenerating C++ code for ROS interfaces[0m
[  4%] Built target rob499_msgs__cpp
[  6%] [32mBuilding C object CMakeFiles/rob499_msgs__rosidl_generator_c.dir/rosidl_generator_c/rob499_msgs/msg/detail/test_packet__type_support.c.o[0m
[  7%] [32mBuilding C object CMakeFiles/rob499_msgs__rosidl_generator_c.dir/rosidl_generator_c/rob499_msgs/msg/detail/test_packet__functions.c.o[0m
[  9%] [32mBuilding C object CMakeFiles/rob499_msgs__rosidl_generator_c.dir/rosidl_generator_c/rob499_msgs/msg/detail/test_packet__description.c.o[0m
[ 10%] [32mBuilding C object CMakeFiles/rob499_msgs__rosidl_generator_c.dir/rosidl_generator_c/rob499_msgs/srv/detail/send_data__description.c.o[0m
[ 12%] [32mBuilding C object CMakeFiles/rob499_msgs__rosidl_generator_c.dir/rosidl_generator_c/rob499_msgs/srv/detail/send_data__functions.c.o[0m
[ 14%] [32mBuilding C object CMakeFiles/rob499_msgs__rosidl_generator_c.dir/rosidl_generator_c/rob499_msgs/srv/detail/send_data__type_support.c.o[0m
[ 15%] [32mBuilding C object CMakeFiles/rob499_msgs__rosidl_generator_c.dir/rosidl_generator_c/rob499_msgs/srv/detail/enable_logging__functions.c.o[0m
[ 17%] [32mBuilding C object CMakeFiles/rob499_msgs__rosidl_generator_c.dir/rosidl_generator_c/rob499_msgs/srv/detail/enable_logging__description.c.o[0m
[ 18%] [32mBuilding C object CMakeFiles/rob499_msgs__rosidl_generator_c.dir/rosidl_generator_c/rob499_msgs/srv/detail/enable_logging__type_support.c.o[0m
[ 20%] [32mBuilding C object CMakeFiles/rob499_msgs__rosidl_generator_c.dir/rosidl_generator_c/rob499_msgs/action/detail/launch_rocket__description.c.o[0m
[ 21%] [32mBuilding C object CMakeFiles/rob499_msgs__rosidl_generator_c.dir/rosidl_generator_c/rob499_msgs/action/detail/launch_rocket__functions.c.o[0m
[ 23%] [32mBuilding C object CMakeFiles/rob499_msgs__rosidl_generator_c.dir/rosidl_generator_c/rob499_msgs/action/detail/launch_rocket__type_support.c.o[0m
[ 25%] [32m[1mLinking C shared library librob499_msgs__rosidl_generator_c.so[0m
[ 25%] Built target rob499_msgs__rosidl_generator_c
[ 28%] [34m[1mGenerating C type support for eProsima Fast-RTPS[0m
[ 29%] [34m[1mGenerating C++ type support for eProsima Fast-RTPS[0m
[ 29%] [34m[1mGenerating C type support dispatch for ROS interfaces[0m
[ 31%] [34m[1mGenerating C introspection for ROS interfaces[0m
[ 32%] [32mBuilding CXX object CMakeFiles/rob499_msgs__rosidl_typesupport_c.dir/rosidl_typesupport_c/rob499_msgs/msg/test_packet__type_support.cpp.o[0m
[ 34%] [32mBuilding CXX object CMakeFiles/rob499_msgs__rosidl_typesupport_c.dir/rosidl_typesupport_c/rob499_msgs/srv/send_data__type_support.cpp.o[0m
[ 35%] [32mBuilding CXX object CMakeFiles/rob499_msgs__rosidl_typesupport_c.dir/rosidl_typesupport_c/rob499_msgs/srv/enable_logging__type_support.cpp.o[0m
[ 37%] [32mBuilding CXX object CMakeFiles/rob499_msgs__rosidl_typesupport_c.dir/rosidl_typesupport_c/rob499_msgs/action/launch_rocket__type_support.cpp.o[0m
[ 39%] [32mBuilding C object CMakeFiles/rob499_msgs__rosidl_typesupport_introspection_c.dir/rosidl_typesupport_introspection_c/rob499_msgs/msg/detail/test_packet__type_support.c.o[0m
[ 40%] [32m[1mLinking CXX shared library librob499_msgs__rosidl_typesupport_c.so[0m
[ 42%] [32mBuilding C object CMakeFiles/rob499_msgs__rosidl_typesupport_introspection_c.dir/rosidl_typesupport_introspection_c/rob499_msgs/srv/detail/send_data__type_support.c.o[0m
[ 42%] Built target rob499_msgs__rosidl_typesupport_c
[ 43%] [32mBuilding C object CMakeFiles/rob499_msgs__rosidl_typesupport_introspection_c.dir/rosidl_typesupport_introspection_c/rob499_msgs/srv/detail/enable_logging__type_support.c.o[0m
[ 45%] [32mBuilding C object CMakeFiles/rob499_msgs__rosidl_typesupport_introspection_c.dir/rosidl_typesupport_introspection_c/rob499_msgs/action/detail/launch_rocket__type_support.c.o[0m
[ 46%] [32mBuilding CXX object CMakeFiles/rob499_msgs__rosidl_typesupport_fastrtps_cpp.dir/rosidl_typesupport_fastrtps_cpp/rob499_msgs/msg/detail/dds_fastrtps/test_packet__type_support.cpp.o[0m
[ 48%] [32mBuilding CXX object CMakeFiles/rob499_msgs__rosidl_typesupport_fastrtps_cpp.dir/rosidl_typesupport_fastrtps_cpp/rob499_msgs/srv/detail/dds_fastrtps/send_data__type_support.cpp.o[0m
[ 50%] [32m[1mLinking C shared library librob499_msgs__rosidl_typesupport_introspection_c.so[0m
[ 51%] [32mBuilding CXX object CMakeFiles/rob499_msgs__rosidl_typesupport_fastrtps_c.dir/rosidl_typesupport_fastrtps_c/rob499_msgs/msg/detail/test_packet__type_support_c.cpp.o[0m
[ 51%] Built target rob499_msgs__rosidl_typesupport_introspection_c
[ 53%] [34m[1mGenerating C++ introspection for ROS interfaces[0m
[ 54%] [32mBuilding CXX object CMakeFiles/rob499_msgs__rosidl_typesupport_introspection_cpp.dir/rosidl_typesupport_introspection_cpp/rob499_msgs/msg/detail/test_packet__type_support.cpp.o[0m
[ 56%] [32mBuilding CXX object CMakeFiles/rob499_msgs__rosidl_typesupport_fastrtps_c.dir/rosidl_typesupport_fastrtps_c/rob499_msgs/srv/detail/send_data__type_support_c.cpp.o[0m
[ 57%] [32mBuilding CXX object CMakeFiles/rob499_msgs__rosidl_typesupport_fastrtps_c.dir/rosidl_typesupport_fastrtps_c/rob499_msgs/srv/detail/enable_logging__type_support_c.cpp.o[0m
[ 59%] [32mBuilding CXX object CMakeFiles/rob499_msgs__rosidl_typesupport_fastrtps_cpp.dir/rosidl_typesupport_fastrtps_cpp/rob499_msgs/srv/detail/dds_fastrtps/enable_logging__type_support.cpp.o[0m
[ 60%] [32mBuilding CXX object CMakeFiles/rob499_msgs__rosidl_typesupport_introspection_cpp.dir/rosidl_typesupport_introspection_cpp/rob499_msgs/srv/detail/send_data__type_support.cpp.o[0m
[ 62%] [32mBuilding CXX object CMakeFiles/rob499_msgs__rosidl_typesupport_fastrtps_cpp.dir/rosidl_typesupport_fastrtps_cpp/rob499_msgs/action/detail/dds_fastrtps/launch_rocket__type_support.cpp.o[0m
[ 64%] [32mBuilding CXX object CMakeFiles/rob499_msgs__rosidl_typesupport_fastrtps_c.dir/rosidl_typesupport_fastrtps_c/rob499_msgs/action/detail/launch_rocket__type_support_c.cpp.o[0m
[ 65%] [32mBuilding CXX object CMakeFiles/rob499_msgs__rosidl_typesupport_introspection_cpp.dir/rosidl_typesupport_introspection_cpp/rob499_msgs/srv/detail/enable_logging__type_support.cpp.o[0m
[ 67%] [32mBuilding CXX object CMakeFiles/rob499_msgs__rosidl_typesupport_introspection_cpp.dir/rosidl_typesupport_introspection_cpp/rob499_msgs/action/detail/launch_rocket__type_support.cpp.o[0m
[ 68%] [34m[1mGenerating C++ type support dispatch for ROS interfaces[0m
[ 70%] [32m[1mLinking CXX shared library librob499_msgs__rosidl_typesupport_fastrtps_c.so[0m
[ 70%] Built target rob499_msgs__rosidl_typesupport_fastrtps_c
[ 71%] [32mBuilding CXX object CMakeFiles/rob499_msgs__rosidl_typesupport_cpp.dir/rosidl_typesupport_cpp/rob499_msgs/srv/send_data__type_support.cpp.o[0m
[ 73%] [32mBuilding CXX object CMakeFiles/rob499_msgs__rosidl_typesupport_cpp.dir/rosidl_typesupport_cpp/rob499_msgs/msg/test_packet__type_support.cpp.o[0m
[ 75%] [32m[1mLinking CXX shared library librob499_msgs__rosidl_typesupport_introspection_cpp.so[0m
[ 76%] [32m[1mLinking CXX shared library librob499_msgs__rosidl_typesupport_fastrtps_cpp.so[0m
[ 76%] Built target rob499_msgs__rosidl_typesupport_introspection_cpp
[ 78%] [32mBuilding CXX object CMakeFiles/rob499_msgs__rosidl_typesupport_cpp.dir/rosidl_typesupport_cpp/rob499_msgs/srv/enable_logging__type_support.cpp.o[0m
[ 78%] Built target rob499_msgs__rosidl_typesupport_fastrtps_cpp
[ 79%] [32mBuilding CXX object CMakeFiles/rob499_msgs__rosidl_typesupport_cpp.dir/rosidl_typesupport_cpp/rob499_msgs/action/launch_rocket__type_support.cpp.o[0m
[ 81%] [32m[1mLinking CXX shared library librob499_msgs__rosidl_typesupport_cpp.so[0m
[ 81%] Built target rob499_msgs__rosidl_typesupport_cpp
[ 81%] Built target rob499_msgs
[ 82%] [34m[1mGenerating Python code for ROS interfaces[0m
[ 82%] Built target rob499_msgs__py
[ 89%] [32mBuilding C object CMakeFiles/rob499_msgs__rosidl_generator_py.dir/rosidl_generator_py/rob499_msgs/srv/_send_data_s.c.o[0m
[ 89%] [32mBuilding C object CMakeFiles/rob499_msgs__rosidl_generator_py.dir/rosidl_generator_py/rob499_msgs/action/_launch_rocket_s.c.o[0m
[ 89%] [32mBuilding C object CMakeFiles/rob499_msgs__rosidl_generator_py.dir/rosidl_generator_py/rob499_msgs/msg/_test_packet_s.c.o[0m
[ 89%] [32mBuilding C object CMakeFiles/rob499_msgs__rosidl_generator_py.dir/rosidl_generator_py/rob499_msgs/srv/_enable_logging_s.c.o[0m
[ 90%] [32m[1mLinking C shared library librob499_msgs__rosidl_generator_py.so[0m
[ 90%] Built target rob499_msgs__rosidl_generator_py
[ 93%] [32mBuilding C object CMakeFiles/rob499_msgs_s__rosidl_typesupport_introspection_c.dir/rosidl_generator_py/rob499_msgs/_rob499_msgs_s.ep.rosidl_typesupport_introspection_c.c.o[0m
[ 93%] [32mBuilding C object CMakeFiles/rob499_msgs_s__rosidl_typesupport_c.dir/rosidl_generator_py/rob499_msgs/_rob499_msgs_s.ep.rosidl_typesupport_c.c.o[0m
[ 95%] [32mBuilding C object CMakeFiles/rob499_msgs_s__rosidl_typesupport_fastrtps_c.dir/rosidl_generator_py/rob499_msgs/_rob499_msgs_s.ep.rosidl_typesupport_fastrtps_c.c.o[0m
[ 96%] [32m[1mLinking C shared module rosidl_generator_py/rob499_msgs/rob499_msgs_s__rosidl_typesupport_introspection_c.so[0m
[ 98%] [32m[1mLinking C shared module rosidl_generator_py/rob499_msgs/rob499_msgs_s__rosidl_typesupport_c.so[0m
[100%] [32m[1mLinking C shared module rosidl_generator_py/rob499_msgs/rob499_msgs_s__rosidl_typesupport_fastrtps_c.so[0m
[100%] Built target rob499_msgs_s__rosidl_typesupport_introspection_c
[100%] Built target rob499_msgs_s__rosidl_typesupport_c
[100%] Built target rob499_msgs_s__rosidl_typesupport_fastrtps_c
