running egg_info
creating ../../build/hw7_py/hw7_py.egg-info
writing ../../build/hw7_py/hw7_py.egg-info/PKG-INFO
writing dependency_links to ../../build/hw7_py/hw7_py.egg-info/dependency_links.txt
writing entry points to ../../build/hw7_py/hw7_py.egg-info/entry_points.txt
writing requirements to ../../build/hw7_py/hw7_py.egg-info/requires.txt
writing top-level names to ../../build/hw7_py/hw7_py.egg-info/top_level.txt
writing manifest file '../../build/hw7_py/hw7_py.egg-info/SOURCES.txt'
reading manifest file '../../build/hw7_py/hw7_py.egg-info/SOURCES.txt'
adding license file 'LICENSE'
writing manifest file '../../build/hw7_py/hw7_py.egg-info/SOURCES.txt'
running build
running build_py
creating /home/hungatec/rob499_ws/build/hw7_py/build
creating /home/hungatec/rob499_ws/build/hw7_py/build/lib
creating /home/hungatec/rob499_ws/build/hw7_py/build/lib/hw7_py
copying hw7_py/__init__.py -> /home/hungatec/rob499_ws/build/hw7_py/build/lib/hw7_py
copying hw7_py/object_detector.py -> /home/hungatec/rob499_ws/build/hw7_py/build/lib/hw7_py
running install
running install_lib
creating /home/hungatec/rob499_ws/install/hw7_py/lib/python3.12/site-packages/hw7_py
copying /home/hungatec/rob499_ws/build/hw7_py/build/lib/hw7_py/__init__.py -> /home/hungatec/rob499_ws/install/hw7_py/lib/python3.12/site-packages/hw7_py
copying /home/hungatec/rob499_ws/build/hw7_py/build/lib/hw7_py/object_detector.py -> /home/hungatec/rob499_ws/install/hw7_py/lib/python3.12/site-packages/hw7_py
byte-compiling /home/hungatec/rob499_ws/install/hw7_py/lib/python3.12/site-packages/hw7_py/__init__.py to __init__.cpython-312.pyc
byte-compiling /home/hungatec/rob499_ws/install/hw7_py/lib/python3.12/site-packages/hw7_py/object_detector.py to object_detector.cpython-312.pyc
running install_data
creating /home/hungatec/rob499_ws/install/hw7_py/share/ament_index
creating /home/hungatec/rob499_ws/install/hw7_py/share/ament_index/resource_index
creating /home/hungatec/rob499_ws/install/hw7_py/share/ament_index/resource_index/packages
copying resource/hw7_py -> /home/hungatec/rob499_ws/install/hw7_py/share/ament_index/resource_index/packages
copying package.xml -> /home/hungatec/rob499_ws/install/hw7_py/share/hw7_py
running install_egg_info
Copying ../../build/hw7_py/hw7_py.egg-info to /home/hungatec/rob499_ws/install/hw7_py/lib/python3.12/site-packages/hw7_py-0.0.0-py3.12.egg-info
running install_scripts
Installing object_identifier script to /home/hungatec/rob499_ws/install/hw7_py/lib/hw7_py
writing list of installed files to '/home/hungatec/rob499_ws/build/hw7_py/install.log'
