running egg_info
creating ../../../build/rob599_more/rob599_more.egg-info
writing ../../../build/rob599_more/rob599_more.egg-info/PKG-INFO
writing dependency_links to ../../../build/rob599_more/rob599_more.egg-info/dependency_links.txt
writing entry points to ../../../build/rob599_more/rob599_more.egg-info/entry_points.txt
writing requirements to ../../../build/rob599_more/rob599_more.egg-info/requires.txt
writing top-level names to ../../../build/rob599_more/rob599_more.egg-info/top_level.txt
writing manifest file '../../../build/rob599_more/rob599_more.egg-info/SOURCES.txt'
reading manifest file '../../../build/rob599_more/rob599_more.egg-info/SOURCES.txt'
adding license file 'LICENSE'
writing manifest file '../../../build/rob599_more/rob599_more.egg-info/SOURCES.txt'
running build
running build_py
creating /home/hungatec/rob499_ws/build/rob599_more/build
creating /home/hungatec/rob499_ws/build/rob599_more/build/lib
creating /home/hungatec/rob499_ws/build/rob599_more/build/lib/rob599_more
copying rob599_more/coordinator.py -> /home/hungatec/rob499_ws/build/rob599_more/build/lib/rob599_more
copying rob599_more/image_modifier.py -> /home/hungatec/rob499_ws/build/rob599_more/build/lib/rob599_more
copying rob599_more/lifecycle_manager.py -> /home/hungatec/rob499_ws/build/rob599_more/build/lib/rob599_more
copying rob599_more/lifecycle.py -> /home/hungatec/rob499_ws/build/rob599_more/build/lib/rob599_more
copying rob599_more/__init__.py -> /home/hungatec/rob499_ws/build/rob599_more/build/lib/rob599_more
copying rob599_more/point_cloud.py -> /home/hungatec/rob499_ws/build/rob599_more/build/lib/rob599_more
running install
running install_lib
creating /home/hungatec/rob499_ws/install/rob599_more/lib/python3.12/site-packages/rob599_more
copying /home/hungatec/rob499_ws/build/rob599_more/build/lib/rob599_more/coordinator.py -> /home/hungatec/rob499_ws/install/rob599_more/lib/python3.12/site-packages/rob599_more
copying /home/hungatec/rob499_ws/build/rob599_more/build/lib/rob599_more/image_modifier.py -> /home/hungatec/rob499_ws/install/rob599_more/lib/python3.12/site-packages/rob599_more
copying /home/hungatec/rob499_ws/build/rob599_more/build/lib/rob599_more/lifecycle_manager.py -> /home/hungatec/rob499_ws/install/rob599_more/lib/python3.12/site-packages/rob599_more
copying /home/hungatec/rob499_ws/build/rob599_more/build/lib/rob599_more/lifecycle.py -> /home/hungatec/rob499_ws/install/rob599_more/lib/python3.12/site-packages/rob599_more
copying /home/hungatec/rob499_ws/build/rob599_more/build/lib/rob599_more/__init__.py -> /home/hungatec/rob499_ws/install/rob599_more/lib/python3.12/site-packages/rob599_more
copying /home/hungatec/rob499_ws/build/rob599_more/build/lib/rob599_more/point_cloud.py -> /home/hungatec/rob499_ws/install/rob599_more/lib/python3.12/site-packages/rob599_more
byte-compiling /home/hungatec/rob499_ws/install/rob599_more/lib/python3.12/site-packages/rob599_more/coordinator.py to coordinator.cpython-312.pyc
byte-compiling /home/hungatec/rob499_ws/install/rob599_more/lib/python3.12/site-packages/rob599_more/image_modifier.py to image_modifier.cpython-312.pyc
byte-compiling /home/hungatec/rob499_ws/install/rob599_more/lib/python3.12/site-packages/rob599_more/lifecycle_manager.py to lifecycle_manager.cpython-312.pyc
byte-compiling /home/hungatec/rob499_ws/install/rob599_more/lib/python3.12/site-packages/rob599_more/lifecycle.py to lifecycle.cpython-312.pyc
byte-compiling /home/hungatec/rob499_ws/install/rob599_more/lib/python3.12/site-packages/rob599_more/__init__.py to __init__.cpython-312.pyc
byte-compiling /home/hungatec/rob499_ws/install/rob599_more/lib/python3.12/site-packages/rob599_more/point_cloud.py to point_cloud.cpython-312.pyc
running install_data
creating /home/hungatec/rob499_ws/install/rob599_more/share/ament_index
creating /home/hungatec/rob499_ws/install/rob599_more/share/ament_index/resource_index
creating /home/hungatec/rob499_ws/install/rob599_more/share/ament_index/resource_index/packages
copying resource/rob599_more -> /home/hungatec/rob499_ws/install/rob599_more/share/ament_index/resource_index/packages
copying package.xml -> /home/hungatec/rob499_ws/install/rob599_more/share/rob599_more
creating /home/hungatec/rob499_ws/install/rob599_more/share/rob599_more/launch
copying launch/lifecycle_coordated_launch.xml -> /home/hungatec/rob499_ws/install/rob599_more/share/rob599_more/launch
copying launch/image_example_launch.xml -> /home/hungatec/rob499_ws/install/rob599_more/share/rob599_more/launch
running install_egg_info
Copying ../../../build/rob599_more/rob599_more.egg-info to /home/hungatec/rob499_ws/install/rob599_more/lib/python3.12/site-packages/rob599_more-0.1.0-py3.12.egg-info
running install_scripts
Installing coordinator script to /home/hungatec/rob499_ws/install/rob599_more/lib/rob599_more
Installing image_modifier script to /home/hungatec/rob499_ws/install/rob599_more/lib/rob599_more
Installing lifecycle script to /home/hungatec/rob499_ws/install/rob599_more/lib/rob599_more
Installing lifecycle_manager script to /home/hungatec/rob499_ws/install/rob599_more/lib/rob599_more
Installing point_cloud_generator script to /home/hungatec/rob499_ws/install/rob599_more/lib/rob599_more
Installing point_cloud_reader script to /home/hungatec/rob499_ws/install/rob599_more/lib/rob599_more
writing list of installed files to '/home/hungatec/rob499_ws/build/rob599_more/install.log'
