[5.275s] Invoking command in '/home/hungatec/rob499_ws/src/rob599/rob599_more': DEBUGINFOD_URLS=https://debuginfod.ubuntu.com PYTHONPATH=/home/hungatec/rob499_ws/build/rob599_more/prefix_override:/usr/lib/python3/dist-packages/colcon_core/task/python/colcon_distutils_commands:/home/hungatec/rob499_ws/install/rob599_more/lib/python3.12/site-packages:${PYTHONPATH} /usr/bin/python3 -W ignore:setup.py install is deprecated -W ignore:easy_install command is deprecated setup.py egg_info --egg-base ../../../build/rob599_more build --build-base /home/hungatec/rob499_ws/build/rob599_more/build install --record /home/hungatec/rob499_ws/build/rob599_more/install.log --single-version-externally-managed install_data
[5.950s] running egg_info
[5.950s] creating ../../../build/rob599_more/rob599_more.egg-info
[5.993s] writing ../../../build/rob599_more/rob599_more.egg-info/PKG-INFO
[5.993s] writing dependency_links to ../../../build/rob599_more/rob599_more.egg-info/dependency_links.txt
[5.993s] writing entry points to ../../../build/rob599_more/rob599_more.egg-info/entry_points.txt
[5.994s] writing requirements to ../../../build/rob599_more/rob599_more.egg-info/requires.txt
[5.994s] writing top-level names to ../../../build/rob599_more/rob599_more.egg-info/top_level.txt
[5.994s] writing manifest file '../../../build/rob599_more/rob599_more.egg-info/SOURCES.txt'
[6.058s] reading manifest file '../../../build/rob599_more/rob599_more.egg-info/SOURCES.txt'
[6.059s] adding license file 'LICENSE'
[6.060s] writing manifest file '../../../build/rob599_more/rob599_more.egg-info/SOURCES.txt'
[6.060s] running build
[6.060s] running build_py
[6.060s] creating /home/hungatec/rob499_ws/build/rob599_more/build
[6.060s] creating /home/hungatec/rob499_ws/build/rob599_more/build/lib
[6.072s] creating /home/hungatec/rob499_ws/build/rob599_more/build/lib/rob599_more
[6.073s] copying rob599_more/coordinator.py -> /home/hungatec/rob499_ws/build/rob599_more/build/lib/rob599_more
[6.073s] copying rob599_more/image_modifier.py -> /home/hungatec/rob499_ws/build/rob599_more/build/lib/rob599_more
[6.073s] copying rob599_more/lifecycle_manager.py -> /home/hungatec/rob499_ws/build/rob599_more/build/lib/rob599_more
[6.074s] copying rob599_more/lifecycle.py -> /home/hungatec/rob499_ws/build/rob599_more/build/lib/rob599_more
[6.081s] copying rob599_more/__init__.py -> /home/hungatec/rob499_ws/build/rob599_more/build/lib/rob599_more
[6.081s] copying rob599_more/point_cloud.py -> /home/hungatec/rob499_ws/build/rob599_more/build/lib/rob599_more
[6.081s] running install
[6.087s] running install_lib
[6.159s] creating /home/hungatec/rob499_ws/install/rob599_more/lib/python3.12/site-packages/rob599_more
[6.159s] copying /home/hungatec/rob499_ws/build/rob599_more/build/lib/rob599_more/coordinator.py -> /home/hungatec/rob499_ws/install/rob599_more/lib/python3.12/site-packages/rob599_more
[6.160s] copying /home/hungatec/rob499_ws/build/rob599_more/build/lib/rob599_more/image_modifier.py -> /home/hungatec/rob499_ws/install/rob599_more/lib/python3.12/site-packages/rob599_more
[6.160s] copying /home/hungatec/rob499_ws/build/rob599_more/build/lib/rob599_more/lifecycle_manager.py -> /home/hungatec/rob499_ws/install/rob599_more/lib/python3.12/site-packages/rob599_more
[6.160s] copying /home/hungatec/rob499_ws/build/rob599_more/build/lib/rob599_more/lifecycle.py -> /home/hungatec/rob499_ws/install/rob599_more/lib/python3.12/site-packages/rob599_more
[6.161s] copying /home/hungatec/rob499_ws/build/rob599_more/build/lib/rob599_more/__init__.py -> /home/hungatec/rob499_ws/install/rob599_more/lib/python3.12/site-packages/rob599_more
[6.161s] copying /home/hungatec/rob499_ws/build/rob599_more/build/lib/rob599_more/point_cloud.py -> /home/hungatec/rob499_ws/install/rob599_more/lib/python3.12/site-packages/rob599_more
[6.162s] byte-compiling /home/hungatec/rob499_ws/install/rob599_more/lib/python3.12/site-packages/rob599_more/coordinator.py to coordinator.cpython-312.pyc
[6.165s] byte-compiling /home/hungatec/rob499_ws/install/rob599_more/lib/python3.12/site-packages/rob599_more/image_modifier.py to image_modifier.cpython-312.pyc
[6.166s] byte-compiling /home/hungatec/rob499_ws/install/rob599_more/lib/python3.12/site-packages/rob599_more/lifecycle_manager.py to lifecycle_manager.cpython-312.pyc
[6.169s] byte-compiling /home/hungatec/rob499_ws/install/rob599_more/lib/python3.12/site-packages/rob599_more/lifecycle.py to lifecycle.cpython-312.pyc
[6.173s] byte-compiling /home/hungatec/rob499_ws/install/rob599_more/lib/python3.12/site-packages/rob599_more/__init__.py to __init__.cpython-312.pyc
[6.178s] byte-compiling /home/hungatec/rob499_ws/install/rob599_more/lib/python3.12/site-packages/rob599_more/point_cloud.py to point_cloud.cpython-312.pyc
[6.184s] running install_data
[6.184s] creating /home/hungatec/rob499_ws/install/rob599_more/share/ament_index
[6.184s] creating /home/hungatec/rob499_ws/install/rob599_more/share/ament_index/resource_index
[6.185s] creating /home/hungatec/rob499_ws/install/rob599_more/share/ament_index/resource_index/packages
[6.185s] copying resource/rob599_more -> /home/hungatec/rob499_ws/install/rob599_more/share/ament_index/resource_index/packages
[6.186s] copying package.xml -> /home/hungatec/rob499_ws/install/rob599_more/share/rob599_more
[6.192s] creating /home/hungatec/rob499_ws/install/rob599_more/share/rob599_more/launch
[6.192s] copying launch/lifecycle_coordated_launch.xml -> /home/hungatec/rob499_ws/install/rob599_more/share/rob599_more/launch
[6.193s] copying launch/image_example_launch.xml -> /home/hungatec/rob499_ws/install/rob599_more/share/rob599_more/launch
[6.198s] running install_egg_info
[6.268s] Copying ../../../build/rob599_more/rob599_more.egg-info to /home/hungatec/rob499_ws/install/rob599_more/lib/python3.12/site-packages/rob599_more-0.1.0-py3.12.egg-info
[6.278s] running install_scripts
[6.549s] Installing coordinator script to /home/hungatec/rob499_ws/install/rob599_more/lib/rob599_more
[6.549s] Installing image_modifier script to /home/hungatec/rob499_ws/install/rob599_more/lib/rob599_more
[6.550s] Installing lifecycle script to /home/hungatec/rob499_ws/install/rob599_more/lib/rob599_more
[6.550s] Installing lifecycle_manager script to /home/hungatec/rob499_ws/install/rob599_more/lib/rob599_more
[6.550s] Installing point_cloud_generator script to /home/hungatec/rob499_ws/install/rob599_more/lib/rob599_more
[6.550s] Installing point_cloud_reader script to /home/hungatec/rob499_ws/install/rob599_more/lib/rob599_more
[6.550s] writing list of installed files to '/home/hungatec/rob499_ws/build/rob599_more/install.log'
[6.887s] Invoked command in '/home/hungatec/rob499_ws/src/rob599/rob599_more' returned '0': DEBUGINFOD_URLS=https://debuginfod.ubuntu.com PYTHONPATH=/home/hungatec/rob499_ws/build/rob599_more/prefix_override:/usr/lib/python3/dist-packages/colcon_core/task/python/colcon_distutils_commands:/home/hungatec/rob499_ws/install/rob599_more/lib/python3.12/site-packages:${PYTHONPATH} /usr/bin/python3 -W ignore:setup.py install is deprecated -W ignore:easy_install command is deprecated setup.py egg_info --egg-base ../../../build/rob599_more build --build-base /home/hungatec/rob499_ws/build/rob599_more/build install --record /home/hungatec/rob499_ws/build/rob599_more/install.log --single-version-externally-managed install_data
